ARM GAS  C:\Users\Zbigniew\AppData\Local\Temp\ccXUelPR.s 			page 1


   1              		.cpu cortex-m3
   2              		.arch armv7-m
   3              		.fpu softvfp
   4              		.eabi_attribute 20, 1
   5              		.eabi_attribute 21, 1
   6              		.eabi_attribute 23, 3
   7              		.eabi_attribute 24, 1
   8              		.eabi_attribute 25, 1
   9              		.eabi_attribute 26, 1
  10              		.eabi_attribute 30, 1
  11              		.eabi_attribute 34, 1
  12              		.eabi_attribute 18, 4
  13              		.file	"can.c"
  14              		.text
  15              	.Ltext0:
  16              		.cfi_sections	.debug_frame
  17              		.section	.text.MX_CAN_Init,"ax",%progbits
  18              		.align	1
  19              		.global	MX_CAN_Init
  20              		.syntax unified
  21              		.thumb
  22              		.thumb_func
  24              	MX_CAN_Init:
  25              	.LFB65:
  26              		.file 1 "Src/can.c"
   1:Src/can.c     **** /**
   2:Src/can.c     ****   ******************************************************************************
   3:Src/can.c     ****   * @file    can.c
   4:Src/can.c     ****   * @brief   This file provides code for the configuration
   5:Src/can.c     ****   *          of the CAN instances.
   6:Src/can.c     ****   ******************************************************************************
   7:Src/can.c     ****   * @attention
   8:Src/can.c     ****   *
   9:Src/can.c     ****   * <h2><center>&copy; Copyright (c) 2021 STMicroelectronics.
  10:Src/can.c     ****   * All rights reserved.</center></h2>
  11:Src/can.c     ****   *
  12:Src/can.c     ****   * This software component is licensed by ST under BSD 3-Clause license,
  13:Src/can.c     ****   * the "License"; You may not use this file except in compliance with the
  14:Src/can.c     ****   * License. You may obtain a copy of the License at:
  15:Src/can.c     ****   *                        opensource.org/licenses/BSD-3-Clause
  16:Src/can.c     ****   *
  17:Src/can.c     ****   ******************************************************************************
  18:Src/can.c     ****   */
  19:Src/can.c     **** 
  20:Src/can.c     **** /* Includes ------------------------------------------------------------------*/
  21:Src/can.c     **** #include "can.h"
  22:Src/can.c     **** 
  23:Src/can.c     **** /* USER CODE BEGIN 0 */
  24:Src/can.c     **** 
  25:Src/can.c     **** /* USER CODE END 0 */
  26:Src/can.c     **** 
  27:Src/can.c     **** CAN_HandleTypeDef hcan;
  28:Src/can.c     **** 
  29:Src/can.c     **** /* CAN init function */
  30:Src/can.c     **** void MX_CAN_Init(void)
  31:Src/can.c     **** {
  27              		.loc 1 31 1 view -0
ARM GAS  C:\Users\Zbigniew\AppData\Local\Temp\ccXUelPR.s 			page 2


  28              		.cfi_startproc
  29              		@ args = 0, pretend = 0, frame = 0
  30              		@ frame_needed = 0, uses_anonymous_args = 0
  31 0000 08B5     		push	{r3, lr}
  32              	.LCFI0:
  33              		.cfi_def_cfa_offset 8
  34              		.cfi_offset 3, -8
  35              		.cfi_offset 14, -4
  32:Src/can.c     **** 
  33:Src/can.c     ****   /* USER CODE BEGIN CAN_Init 0 */
  34:Src/can.c     **** 
  35:Src/can.c     ****   /* USER CODE END CAN_Init 0 */
  36:Src/can.c     **** 
  37:Src/can.c     ****   /* USER CODE BEGIN CAN_Init 1 */
  38:Src/can.c     **** 
  39:Src/can.c     ****   /* USER CODE END CAN_Init 1 */
  40:Src/can.c     ****   hcan.Instance = CAN1;
  36              		.loc 1 40 3 view .LVU1
  37              		.loc 1 40 17 is_stmt 0 view .LVU2
  38 0002 0D48     		ldr	r0, .L5
  39 0004 0D4B     		ldr	r3, .L5+4
  40 0006 0360     		str	r3, [r0]
  41:Src/can.c     ****   hcan.Init.Prescaler = 9;
  41              		.loc 1 41 3 is_stmt 1 view .LVU3
  42              		.loc 1 41 23 is_stmt 0 view .LVU4
  43 0008 0923     		movs	r3, #9
  44 000a 4360     		str	r3, [r0, #4]
  42:Src/can.c     ****   hcan.Init.Mode = CAN_MODE_NORMAL;
  45              		.loc 1 42 3 is_stmt 1 view .LVU5
  46              		.loc 1 42 18 is_stmt 0 view .LVU6
  47 000c 0023     		movs	r3, #0
  48 000e 8360     		str	r3, [r0, #8]
  43:Src/can.c     ****   hcan.Init.SyncJumpWidth = CAN_SJW_1TQ;
  49              		.loc 1 43 3 is_stmt 1 view .LVU7
  50              		.loc 1 43 27 is_stmt 0 view .LVU8
  51 0010 C360     		str	r3, [r0, #12]
  44:Src/can.c     ****   hcan.Init.TimeSeg1 = CAN_BS1_13TQ;
  52              		.loc 1 44 3 is_stmt 1 view .LVU9
  53              		.loc 1 44 22 is_stmt 0 view .LVU10
  54 0012 4FF44022 		mov	r2, #786432
  55 0016 0261     		str	r2, [r0, #16]
  45:Src/can.c     ****   hcan.Init.TimeSeg2 = CAN_BS2_2TQ;
  56              		.loc 1 45 3 is_stmt 1 view .LVU11
  57              		.loc 1 45 22 is_stmt 0 view .LVU12
  58 0018 4FF48012 		mov	r2, #1048576
  59 001c 4261     		str	r2, [r0, #20]
  46:Src/can.c     ****   hcan.Init.TimeTriggeredMode = DISABLE;
  60              		.loc 1 46 3 is_stmt 1 view .LVU13
  61              		.loc 1 46 31 is_stmt 0 view .LVU14
  62 001e 0376     		strb	r3, [r0, #24]
  47:Src/can.c     ****   hcan.Init.AutoBusOff = DISABLE;
  63              		.loc 1 47 3 is_stmt 1 view .LVU15
  64              		.loc 1 47 24 is_stmt 0 view .LVU16
  65 0020 4376     		strb	r3, [r0, #25]
  48:Src/can.c     ****   hcan.Init.AutoWakeUp = DISABLE;
  66              		.loc 1 48 3 is_stmt 1 view .LVU17
  67              		.loc 1 48 24 is_stmt 0 view .LVU18
ARM GAS  C:\Users\Zbigniew\AppData\Local\Temp\ccXUelPR.s 			page 3


  68 0022 8376     		strb	r3, [r0, #26]
  49:Src/can.c     ****   hcan.Init.AutoRetransmission = DISABLE;
  69              		.loc 1 49 3 is_stmt 1 view .LVU19
  70              		.loc 1 49 32 is_stmt 0 view .LVU20
  71 0024 C376     		strb	r3, [r0, #27]
  50:Src/can.c     ****   hcan.Init.ReceiveFifoLocked = DISABLE;
  72              		.loc 1 50 3 is_stmt 1 view .LVU21
  73              		.loc 1 50 31 is_stmt 0 view .LVU22
  74 0026 0377     		strb	r3, [r0, #28]
  51:Src/can.c     ****   hcan.Init.TransmitFifoPriority = DISABLE;
  75              		.loc 1 51 3 is_stmt 1 view .LVU23
  76              		.loc 1 51 34 is_stmt 0 view .LVU24
  77 0028 4377     		strb	r3, [r0, #29]
  52:Src/can.c     ****   if (HAL_CAN_Init(&hcan) != HAL_OK)
  78              		.loc 1 52 3 is_stmt 1 view .LVU25
  79              		.loc 1 52 7 is_stmt 0 view .LVU26
  80 002a FFF7FEFF 		bl	HAL_CAN_Init
  81              	.LVL0:
  82              		.loc 1 52 6 view .LVU27
  83 002e 00B9     		cbnz	r0, .L4
  84              	.L1:
  53:Src/can.c     ****   {
  54:Src/can.c     ****     Error_Handler();
  55:Src/can.c     ****   }
  56:Src/can.c     ****   /* USER CODE BEGIN CAN_Init 2 */
  57:Src/can.c     **** 
  58:Src/can.c     ****   /* USER CODE END CAN_Init 2 */
  59:Src/can.c     **** 
  60:Src/can.c     **** }
  85              		.loc 1 60 1 view .LVU28
  86 0030 08BD     		pop	{r3, pc}
  87              	.L4:
  54:Src/can.c     ****   }
  88              		.loc 1 54 5 is_stmt 1 view .LVU29
  89 0032 FFF7FEFF 		bl	Error_Handler
  90              	.LVL1:
  91              		.loc 1 60 1 is_stmt 0 view .LVU30
  92 0036 FBE7     		b	.L1
  93              	.L6:
  94              		.align	2
  95              	.L5:
  96 0038 00000000 		.word	.LANCHOR0
  97 003c 00640040 		.word	1073767424
  98              		.cfi_endproc
  99              	.LFE65:
 101              		.section	.text.HAL_CAN_MspInit,"ax",%progbits
 102              		.align	1
 103              		.global	HAL_CAN_MspInit
 104              		.syntax unified
 105              		.thumb
 106              		.thumb_func
 108              	HAL_CAN_MspInit:
 109              	.LVL2:
 110              	.LFB66:
  61:Src/can.c     **** 
  62:Src/can.c     **** void HAL_CAN_MspInit(CAN_HandleTypeDef* canHandle)
  63:Src/can.c     **** {
ARM GAS  C:\Users\Zbigniew\AppData\Local\Temp\ccXUelPR.s 			page 4


 111              		.loc 1 63 1 is_stmt 1 view -0
 112              		.cfi_startproc
 113              		@ args = 0, pretend = 0, frame = 24
 114              		@ frame_needed = 0, uses_anonymous_args = 0
 115              		.loc 1 63 1 is_stmt 0 view .LVU32
 116 0000 10B5     		push	{r4, lr}
 117              	.LCFI1:
 118              		.cfi_def_cfa_offset 8
 119              		.cfi_offset 4, -8
 120              		.cfi_offset 14, -4
 121 0002 86B0     		sub	sp, sp, #24
 122              	.LCFI2:
 123              		.cfi_def_cfa_offset 32
  64:Src/can.c     **** 
  65:Src/can.c     ****   GPIO_InitTypeDef GPIO_InitStruct = {0};
 124              		.loc 1 65 3 is_stmt 1 view .LVU33
 125              		.loc 1 65 20 is_stmt 0 view .LVU34
 126 0004 0023     		movs	r3, #0
 127 0006 0293     		str	r3, [sp, #8]
 128 0008 0393     		str	r3, [sp, #12]
 129 000a 0493     		str	r3, [sp, #16]
 130 000c 0593     		str	r3, [sp, #20]
  66:Src/can.c     ****   if(canHandle->Instance==CAN1)
 131              		.loc 1 66 3 is_stmt 1 view .LVU35
 132              		.loc 1 66 15 is_stmt 0 view .LVU36
 133 000e 0268     		ldr	r2, [r0]
 134              		.loc 1 66 5 view .LVU37
 135 0010 1A4B     		ldr	r3, .L11
 136 0012 9A42     		cmp	r2, r3
 137 0014 01D0     		beq	.L10
 138              	.LVL3:
 139              	.L7:
  67:Src/can.c     ****   {
  68:Src/can.c     ****   /* USER CODE BEGIN CAN1_MspInit 0 */
  69:Src/can.c     **** 
  70:Src/can.c     ****   /* USER CODE END CAN1_MspInit 0 */
  71:Src/can.c     ****     /* CAN1 clock enable */
  72:Src/can.c     ****     __HAL_RCC_CAN1_CLK_ENABLE();
  73:Src/can.c     **** 
  74:Src/can.c     ****     __HAL_RCC_GPIOA_CLK_ENABLE();
  75:Src/can.c     ****     /**CAN GPIO Configuration
  76:Src/can.c     ****     PA11     ------> CAN_RX
  77:Src/can.c     ****     PA12     ------> CAN_TX
  78:Src/can.c     ****     */
  79:Src/can.c     ****     GPIO_InitStruct.Pin = GPIO_PIN_11;
  80:Src/can.c     ****     GPIO_InitStruct.Mode = GPIO_MODE_INPUT;
  81:Src/can.c     ****     GPIO_InitStruct.Pull = GPIO_NOPULL;
  82:Src/can.c     ****     HAL_GPIO_Init(GPIOA, &GPIO_InitStruct);
  83:Src/can.c     **** 
  84:Src/can.c     ****     GPIO_InitStruct.Pin = GPIO_PIN_12;
  85:Src/can.c     ****     GPIO_InitStruct.Mode = GPIO_MODE_AF_PP;
  86:Src/can.c     ****     GPIO_InitStruct.Speed = GPIO_SPEED_FREQ_HIGH;
  87:Src/can.c     ****     HAL_GPIO_Init(GPIOA, &GPIO_InitStruct);
  88:Src/can.c     **** 
  89:Src/can.c     ****     /* CAN1 interrupt Init */
  90:Src/can.c     ****     HAL_NVIC_SetPriority(CAN1_RX1_IRQn, 0, 0);
  91:Src/can.c     ****     HAL_NVIC_EnableIRQ(CAN1_RX1_IRQn);
ARM GAS  C:\Users\Zbigniew\AppData\Local\Temp\ccXUelPR.s 			page 5


  92:Src/can.c     ****   /* USER CODE BEGIN CAN1_MspInit 1 */
  93:Src/can.c     **** 
  94:Src/can.c     **** 
  95:Src/can.c     **** 
  96:Src/can.c     **** 
  97:Src/can.c     ****   /* USER CODE END CAN1_MspInit 1 */
  98:Src/can.c     ****   }
  99:Src/can.c     **** }
 140              		.loc 1 99 1 view .LVU38
 141 0016 06B0     		add	sp, sp, #24
 142              	.LCFI3:
 143              		.cfi_remember_state
 144              		.cfi_def_cfa_offset 8
 145              		@ sp needed
 146 0018 10BD     		pop	{r4, pc}
 147              	.LVL4:
 148              	.L10:
 149              	.LCFI4:
 150              		.cfi_restore_state
  72:Src/can.c     **** 
 151              		.loc 1 72 5 is_stmt 1 view .LVU39
 152              	.LBB2:
  72:Src/can.c     **** 
 153              		.loc 1 72 5 view .LVU40
  72:Src/can.c     **** 
 154              		.loc 1 72 5 view .LVU41
 155 001a 03F5D633 		add	r3, r3, #109568
 156 001e DA69     		ldr	r2, [r3, #28]
 157 0020 42F00072 		orr	r2, r2, #33554432
 158 0024 DA61     		str	r2, [r3, #28]
  72:Src/can.c     **** 
 159              		.loc 1 72 5 view .LVU42
 160 0026 DA69     		ldr	r2, [r3, #28]
 161 0028 02F00072 		and	r2, r2, #33554432
 162 002c 0092     		str	r2, [sp]
  72:Src/can.c     **** 
 163              		.loc 1 72 5 view .LVU43
 164 002e 009A     		ldr	r2, [sp]
 165              	.LBE2:
  72:Src/can.c     **** 
 166              		.loc 1 72 5 view .LVU44
  74:Src/can.c     ****     /**CAN GPIO Configuration
 167              		.loc 1 74 5 view .LVU45
 168              	.LBB3:
  74:Src/can.c     ****     /**CAN GPIO Configuration
 169              		.loc 1 74 5 view .LVU46
  74:Src/can.c     ****     /**CAN GPIO Configuration
 170              		.loc 1 74 5 view .LVU47
 171 0030 9A69     		ldr	r2, [r3, #24]
 172 0032 42F00402 		orr	r2, r2, #4
 173 0036 9A61     		str	r2, [r3, #24]
  74:Src/can.c     ****     /**CAN GPIO Configuration
 174              		.loc 1 74 5 view .LVU48
 175 0038 9B69     		ldr	r3, [r3, #24]
 176 003a 03F00403 		and	r3, r3, #4
 177 003e 0193     		str	r3, [sp, #4]
  74:Src/can.c     ****     /**CAN GPIO Configuration
ARM GAS  C:\Users\Zbigniew\AppData\Local\Temp\ccXUelPR.s 			page 6


 178              		.loc 1 74 5 view .LVU49
 179 0040 019B     		ldr	r3, [sp, #4]
 180              	.LBE3:
  74:Src/can.c     ****     /**CAN GPIO Configuration
 181              		.loc 1 74 5 view .LVU50
  79:Src/can.c     ****     GPIO_InitStruct.Mode = GPIO_MODE_INPUT;
 182              		.loc 1 79 5 view .LVU51
  79:Src/can.c     ****     GPIO_InitStruct.Mode = GPIO_MODE_INPUT;
 183              		.loc 1 79 25 is_stmt 0 view .LVU52
 184 0042 4FF40063 		mov	r3, #2048
 185 0046 0293     		str	r3, [sp, #8]
  80:Src/can.c     ****     GPIO_InitStruct.Pull = GPIO_NOPULL;
 186              		.loc 1 80 5 is_stmt 1 view .LVU53
  81:Src/can.c     ****     HAL_GPIO_Init(GPIOA, &GPIO_InitStruct);
 187              		.loc 1 81 5 view .LVU54
  82:Src/can.c     **** 
 188              		.loc 1 82 5 view .LVU55
 189 0048 0D4C     		ldr	r4, .L11+4
 190 004a 02A9     		add	r1, sp, #8
 191 004c 2046     		mov	r0, r4
 192              	.LVL5:
  82:Src/can.c     **** 
 193              		.loc 1 82 5 is_stmt 0 view .LVU56
 194 004e FFF7FEFF 		bl	HAL_GPIO_Init
 195              	.LVL6:
  84:Src/can.c     ****     GPIO_InitStruct.Mode = GPIO_MODE_AF_PP;
 196              		.loc 1 84 5 is_stmt 1 view .LVU57
  84:Src/can.c     ****     GPIO_InitStruct.Mode = GPIO_MODE_AF_PP;
 197              		.loc 1 84 25 is_stmt 0 view .LVU58
 198 0052 4FF48053 		mov	r3, #4096
 199 0056 0293     		str	r3, [sp, #8]
  85:Src/can.c     ****     GPIO_InitStruct.Speed = GPIO_SPEED_FREQ_HIGH;
 200              		.loc 1 85 5 is_stmt 1 view .LVU59
  85:Src/can.c     ****     GPIO_InitStruct.Speed = GPIO_SPEED_FREQ_HIGH;
 201              		.loc 1 85 26 is_stmt 0 view .LVU60
 202 0058 0223     		movs	r3, #2
 203 005a 0393     		str	r3, [sp, #12]
  86:Src/can.c     ****     HAL_GPIO_Init(GPIOA, &GPIO_InitStruct);
 204              		.loc 1 86 5 is_stmt 1 view .LVU61
  86:Src/can.c     ****     HAL_GPIO_Init(GPIOA, &GPIO_InitStruct);
 205              		.loc 1 86 27 is_stmt 0 view .LVU62
 206 005c 0323     		movs	r3, #3
 207 005e 0593     		str	r3, [sp, #20]
  87:Src/can.c     **** 
 208              		.loc 1 87 5 is_stmt 1 view .LVU63
 209 0060 02A9     		add	r1, sp, #8
 210 0062 2046     		mov	r0, r4
 211 0064 FFF7FEFF 		bl	HAL_GPIO_Init
 212              	.LVL7:
  90:Src/can.c     ****     HAL_NVIC_EnableIRQ(CAN1_RX1_IRQn);
 213              		.loc 1 90 5 view .LVU64
 214 0068 0022     		movs	r2, #0
 215 006a 1146     		mov	r1, r2
 216 006c 1520     		movs	r0, #21
 217 006e FFF7FEFF 		bl	HAL_NVIC_SetPriority
 218              	.LVL8:
  91:Src/can.c     ****   /* USER CODE BEGIN CAN1_MspInit 1 */
ARM GAS  C:\Users\Zbigniew\AppData\Local\Temp\ccXUelPR.s 			page 7


 219              		.loc 1 91 5 view .LVU65
 220 0072 1520     		movs	r0, #21
 221 0074 FFF7FEFF 		bl	HAL_NVIC_EnableIRQ
 222              	.LVL9:
 223              		.loc 1 99 1 is_stmt 0 view .LVU66
 224 0078 CDE7     		b	.L7
 225              	.L12:
 226 007a 00BF     		.align	2
 227              	.L11:
 228 007c 00640040 		.word	1073767424
 229 0080 00080140 		.word	1073809408
 230              		.cfi_endproc
 231              	.LFE66:
 233              		.section	.text.HAL_CAN_MspDeInit,"ax",%progbits
 234              		.align	1
 235              		.global	HAL_CAN_MspDeInit
 236              		.syntax unified
 237              		.thumb
 238              		.thumb_func
 240              	HAL_CAN_MspDeInit:
 241              	.LVL10:
 242              	.LFB67:
 100:Src/can.c     **** 
 101:Src/can.c     **** void HAL_CAN_MspDeInit(CAN_HandleTypeDef* canHandle)
 102:Src/can.c     **** {
 243              		.loc 1 102 1 is_stmt 1 view -0
 244              		.cfi_startproc
 245              		@ args = 0, pretend = 0, frame = 0
 246              		@ frame_needed = 0, uses_anonymous_args = 0
 247              		.loc 1 102 1 is_stmt 0 view .LVU68
 248 0000 08B5     		push	{r3, lr}
 249              	.LCFI5:
 250              		.cfi_def_cfa_offset 8
 251              		.cfi_offset 3, -8
 252              		.cfi_offset 14, -4
 103:Src/can.c     **** 
 104:Src/can.c     ****   if(canHandle->Instance==CAN1)
 253              		.loc 1 104 3 is_stmt 1 view .LVU69
 254              		.loc 1 104 15 is_stmt 0 view .LVU70
 255 0002 0268     		ldr	r2, [r0]
 256              		.loc 1 104 5 view .LVU71
 257 0004 084B     		ldr	r3, .L17
 258 0006 9A42     		cmp	r2, r3
 259 0008 00D0     		beq	.L16
 260              	.LVL11:
 261              	.L13:
 105:Src/can.c     ****   {
 106:Src/can.c     ****   /* USER CODE BEGIN CAN1_MspDeInit 0 */
 107:Src/can.c     **** 
 108:Src/can.c     ****   /* USER CODE END CAN1_MspDeInit 0 */
 109:Src/can.c     ****     /* Peripheral clock disable */
 110:Src/can.c     ****     __HAL_RCC_CAN1_CLK_DISABLE();
 111:Src/can.c     **** 
 112:Src/can.c     ****     /**CAN GPIO Configuration
 113:Src/can.c     ****     PA11     ------> CAN_RX
 114:Src/can.c     ****     PA12     ------> CAN_TX
 115:Src/can.c     ****     */
ARM GAS  C:\Users\Zbigniew\AppData\Local\Temp\ccXUelPR.s 			page 8


 116:Src/can.c     ****     HAL_GPIO_DeInit(GPIOA, GPIO_PIN_11|GPIO_PIN_12);
 117:Src/can.c     **** 
 118:Src/can.c     ****     /* CAN1 interrupt Deinit */
 119:Src/can.c     ****     HAL_NVIC_DisableIRQ(CAN1_RX1_IRQn);
 120:Src/can.c     ****   /* USER CODE BEGIN CAN1_MspDeInit 1 */
 121:Src/can.c     **** 
 122:Src/can.c     ****   /* USER CODE END CAN1_MspDeInit 1 */
 123:Src/can.c     ****   }
 124:Src/can.c     **** }
 262              		.loc 1 124 1 view .LVU72
 263 000a 08BD     		pop	{r3, pc}
 264              	.LVL12:
 265              	.L16:
 110:Src/can.c     **** 
 266              		.loc 1 110 5 is_stmt 1 view .LVU73
 267 000c 074A     		ldr	r2, .L17+4
 268 000e D369     		ldr	r3, [r2, #28]
 269 0010 23F00073 		bic	r3, r3, #33554432
 270 0014 D361     		str	r3, [r2, #28]
 116:Src/can.c     **** 
 271              		.loc 1 116 5 view .LVU74
 272 0016 4FF4C051 		mov	r1, #6144
 273 001a 0548     		ldr	r0, .L17+8
 274              	.LVL13:
 116:Src/can.c     **** 
 275              		.loc 1 116 5 is_stmt 0 view .LVU75
 276 001c FFF7FEFF 		bl	HAL_GPIO_DeInit
 277              	.LVL14:
 119:Src/can.c     ****   /* USER CODE BEGIN CAN1_MspDeInit 1 */
 278              		.loc 1 119 5 is_stmt 1 view .LVU76
 279 0020 1520     		movs	r0, #21
 280 0022 FFF7FEFF 		bl	HAL_NVIC_DisableIRQ
 281              	.LVL15:
 282              		.loc 1 124 1 is_stmt 0 view .LVU77
 283 0026 F0E7     		b	.L13
 284              	.L18:
 285              		.align	2
 286              	.L17:
 287 0028 00640040 		.word	1073767424
 288 002c 00100240 		.word	1073876992
 289 0030 00080140 		.word	1073809408
 290              		.cfi_endproc
 291              	.LFE67:
 293              		.global	hcan
 294              		.section	.bss.hcan,"aw",%nobits
 295              		.align	2
 296              		.set	.LANCHOR0,. + 0
 299              	hcan:
 300 0000 00000000 		.space	40
 300      00000000 
 300      00000000 
 300      00000000 
 300      00000000 
 301              		.text
 302              	.Letext0:
 303              		.file 2 "c:\\users\\zbigniew\\appdata\\roaming\\code\\user\\globalstorage\\bmd.stm32-for-vscode\\@
 304              		.file 3 "c:\\users\\zbigniew\\appdata\\roaming\\code\\user\\globalstorage\\bmd.stm32-for-vscode\\@
ARM GAS  C:\Users\Zbigniew\AppData\Local\Temp\ccXUelPR.s 			page 9


 305              		.file 4 "Drivers/CMSIS/Device/ST/STM32F1xx/Include/stm32f103xe.h"
 306              		.file 5 "Drivers/CMSIS/Device/ST/STM32F1xx/Include/stm32f1xx.h"
 307              		.file 6 "Drivers/STM32F1xx_HAL_Driver/Inc/stm32f1xx_hal_def.h"
 308              		.file 7 "Drivers/STM32F1xx_HAL_Driver/Inc/stm32f1xx_hal_gpio.h"
 309              		.file 8 "Drivers/STM32F1xx_HAL_Driver/Inc/stm32f1xx_hal_can.h"
 310              		.file 9 "Drivers/STM32F1xx_HAL_Driver/Inc/stm32f1xx_hal_cortex.h"
 311              		.file 10 "Inc/main.h"
 312              		.file 11 "Inc/can.h"
ARM GAS  C:\Users\Zbigniew\AppData\Local\Temp\ccXUelPR.s 			page 10


DEFINED SYMBOLS
                            *ABS*:0000000000000000 can.c
C:\Users\Zbigniew\AppData\Local\Temp\ccXUelPR.s:18     .text.MX_CAN_Init:0000000000000000 $t
C:\Users\Zbigniew\AppData\Local\Temp\ccXUelPR.s:24     .text.MX_CAN_Init:0000000000000000 MX_CAN_Init
C:\Users\Zbigniew\AppData\Local\Temp\ccXUelPR.s:96     .text.MX_CAN_Init:0000000000000038 $d
C:\Users\Zbigniew\AppData\Local\Temp\ccXUelPR.s:102    .text.HAL_CAN_MspInit:0000000000000000 $t
C:\Users\Zbigniew\AppData\Local\Temp\ccXUelPR.s:108    .text.HAL_CAN_MspInit:0000000000000000 HAL_CAN_MspInit
C:\Users\Zbigniew\AppData\Local\Temp\ccXUelPR.s:228    .text.HAL_CAN_MspInit:000000000000007c $d
C:\Users\Zbigniew\AppData\Local\Temp\ccXUelPR.s:234    .text.HAL_CAN_MspDeInit:0000000000000000 $t
C:\Users\Zbigniew\AppData\Local\Temp\ccXUelPR.s:240    .text.HAL_CAN_MspDeInit:0000000000000000 HAL_CAN_MspDeInit
C:\Users\Zbigniew\AppData\Local\Temp\ccXUelPR.s:287    .text.HAL_CAN_MspDeInit:0000000000000028 $d
C:\Users\Zbigniew\AppData\Local\Temp\ccXUelPR.s:299    .bss.hcan:0000000000000000 hcan
C:\Users\Zbigniew\AppData\Local\Temp\ccXUelPR.s:295    .bss.hcan:0000000000000000 $d

UNDEFINED SYMBOLS
HAL_CAN_Init
Error_Handler
HAL_GPIO_Init
HAL_NVIC_SetPriority
HAL_NVIC_EnableIRQ
HAL_GPIO_DeInit
HAL_NVIC_DisableIRQ
