ARM GAS  C:\Users\Zbigniew\AppData\Local\Temp\ccdHx6yj.s 			page 1


   1              		.cpu cortex-m3
   2              		.eabi_attribute 20, 1
   3              		.eabi_attribute 21, 1
   4              		.eabi_attribute 23, 3
   5              		.eabi_attribute 24, 1
   6              		.eabi_attribute 25, 1
   7              		.eabi_attribute 26, 1
   8              		.eabi_attribute 30, 1
   9              		.eabi_attribute 34, 1
  10              		.eabi_attribute 18, 4
  11              		.file	"main.c"
  12              		.text
  13              	.Ltext0:
  14              		.cfi_sections	.debug_frame
  15              		.section	.text.Error_Handler,"ax",%progbits
  16              		.align	1
  17              		.global	Error_Handler
  18              		.arch armv7-m
  19              		.syntax unified
  20              		.thumb
  21              		.thumb_func
  22              		.fpu softvfp
  24              	Error_Handler:
  25              	.LFB67:
  26              		.file 1 "Src/main.c"
   1:Src/main.c    **** /* USER CODE BEGIN Header */
   2:Src/main.c    **** /**
   3:Src/main.c    ****   ******************************************************************************
   4:Src/main.c    ****   * @file           : main.c
   5:Src/main.c    ****   * @brief          : Main program body
   6:Src/main.c    ****   ******************************************************************************
   7:Src/main.c    ****   * @attention
   8:Src/main.c    ****   *
   9:Src/main.c    ****   * Copyright (c) 2021 STMicroelectronics.
  10:Src/main.c    ****   * All rights reserved.
  11:Src/main.c    ****   *
  12:Src/main.c    ****   * This software is licensed under terms that can be found in the LICENSE file
  13:Src/main.c    ****   * in the root directory of this software component.
  14:Src/main.c    ****   * If no LICENSE file comes with this software, it is provided AS-IS.
  15:Src/main.c    ****   *
  16:Src/main.c    ****   ******************************************************************************
  17:Src/main.c    ****   */
  18:Src/main.c    **** /* USER CODE END Header */
  19:Src/main.c    **** /* Includes ------------------------------------------------------------------*/
  20:Src/main.c    **** #include "main.h"
  21:Src/main.c    **** #include "can.h"
  22:Src/main.c    **** #include "i2c.h"
  23:Src/main.c    **** #include "spi.h"
  24:Src/main.c    **** #include "tim.h"
  25:Src/main.c    **** #include "usart.h"
  26:Src/main.c    **** #include "gpio.h"
  27:Src/main.c    **** 
  28:Src/main.c    **** /* Private includes ----------------------------------------------------------*/
  29:Src/main.c    **** /* USER CODE BEGIN Includes */
  30:Src/main.c    **** 
  31:Src/main.c    **** /* USER CODE END Includes */
  32:Src/main.c    **** 
ARM GAS  C:\Users\Zbigniew\AppData\Local\Temp\ccdHx6yj.s 			page 2


  33:Src/main.c    **** /* Private typedef -----------------------------------------------------------*/
  34:Src/main.c    **** /* USER CODE BEGIN PTD */
  35:Src/main.c    **** 
  36:Src/main.c    **** /* USER CODE END PTD */
  37:Src/main.c    **** 
  38:Src/main.c    **** /* Private define ------------------------------------------------------------*/
  39:Src/main.c    **** /* USER CODE BEGIN PD */
  40:Src/main.c    **** /* USER CODE END PD */
  41:Src/main.c    **** 
  42:Src/main.c    **** /* Private macro -------------------------------------------------------------*/
  43:Src/main.c    **** /* USER CODE BEGIN PM */
  44:Src/main.c    **** 
  45:Src/main.c    **** /* USER CODE END PM */
  46:Src/main.c    **** 
  47:Src/main.c    **** /* Private variables ---------------------------------------------------------*/
  48:Src/main.c    **** 
  49:Src/main.c    **** /* USER CODE BEGIN PV */
  50:Src/main.c    **** 
  51:Src/main.c    **** /* USER CODE END PV */
  52:Src/main.c    **** 
  53:Src/main.c    **** /* Private function prototypes -----------------------------------------------*/
  54:Src/main.c    **** void SystemClock_Config(void);
  55:Src/main.c    **** /* USER CODE BEGIN PFP */
  56:Src/main.c    **** 
  57:Src/main.c    **** /* USER CODE END PFP */
  58:Src/main.c    **** 
  59:Src/main.c    **** /* Private user code ---------------------------------------------------------*/
  60:Src/main.c    **** /* USER CODE BEGIN 0 */
  61:Src/main.c    **** 
  62:Src/main.c    **** /* USER CODE END 0 */
  63:Src/main.c    **** 
  64:Src/main.c    **** /**
  65:Src/main.c    ****   * @brief  The application entry point.
  66:Src/main.c    ****   * @retval int
  67:Src/main.c    ****   */
  68:Src/main.c    **** int main(void)
  69:Src/main.c    **** {
  70:Src/main.c    ****   /* USER CODE BEGIN 1 */
  71:Src/main.c    **** 
  72:Src/main.c    ****   /* USER CODE END 1 */
  73:Src/main.c    **** 
  74:Src/main.c    ****   /* MCU Configuration--------------------------------------------------------*/
  75:Src/main.c    **** 
  76:Src/main.c    ****   /* Reset of all peripherals, Initializes the Flash interface and the Systick. */
  77:Src/main.c    ****   HAL_Init();
  78:Src/main.c    **** 
  79:Src/main.c    ****   /* USER CODE BEGIN Init */
  80:Src/main.c    **** 
  81:Src/main.c    ****   /* USER CODE END Init */
  82:Src/main.c    **** 
  83:Src/main.c    ****   /* Configure the system clock */
  84:Src/main.c    ****   SystemClock_Config();
  85:Src/main.c    **** 
  86:Src/main.c    ****   /* USER CODE BEGIN SysInit */
  87:Src/main.c    **** 
  88:Src/main.c    ****   /* USER CODE END SysInit */
  89:Src/main.c    **** 
ARM GAS  C:\Users\Zbigniew\AppData\Local\Temp\ccdHx6yj.s 			page 3


  90:Src/main.c    ****   /* Initialize all configured peripherals */
  91:Src/main.c    ****   MX_GPIO_Init();
  92:Src/main.c    ****   MX_CAN_Init();
  93:Src/main.c    ****   MX_I2C1_Init();
  94:Src/main.c    ****   MX_SPI2_Init();
  95:Src/main.c    ****   MX_SPI3_Init();
  96:Src/main.c    ****   MX_TIM3_Init();
  97:Src/main.c    ****   MX_USART1_UART_Init();
  98:Src/main.c    ****   MX_USART2_UART_Init();
  99:Src/main.c    ****   /* USER CODE BEGIN 2 */
 100:Src/main.c    **** 
 101:Src/main.c    ****   /* USER CODE END 2 */
 102:Src/main.c    **** 
 103:Src/main.c    ****   /* Infinite loop */
 104:Src/main.c    ****   /* USER CODE BEGIN WHILE */
 105:Src/main.c    ****   while (1)
 106:Src/main.c    ****   {
 107:Src/main.c    ****     /* USER CODE END WHILE */
 108:Src/main.c    **** 
 109:Src/main.c    ****     /* USER CODE BEGIN 3 */
 110:Src/main.c    ****   }
 111:Src/main.c    ****   /* USER CODE END 3 */
 112:Src/main.c    **** }
 113:Src/main.c    **** 
 114:Src/main.c    **** /**
 115:Src/main.c    ****   * @brief System Clock Configuration
 116:Src/main.c    ****   * @retval None
 117:Src/main.c    ****   */
 118:Src/main.c    **** void SystemClock_Config(void)
 119:Src/main.c    **** {
 120:Src/main.c    ****   RCC_OscInitTypeDef RCC_OscInitStruct = {0};
 121:Src/main.c    ****   RCC_ClkInitTypeDef RCC_ClkInitStruct = {0};
 122:Src/main.c    **** 
 123:Src/main.c    ****   /** Initializes the RCC Oscillators according to the specified parameters
 124:Src/main.c    ****   * in the RCC_OscInitTypeDef structure.
 125:Src/main.c    ****   */
 126:Src/main.c    ****   RCC_OscInitStruct.OscillatorType = RCC_OSCILLATORTYPE_HSE;
 127:Src/main.c    ****   RCC_OscInitStruct.HSEState = RCC_HSE_ON;
 128:Src/main.c    ****   RCC_OscInitStruct.HSEPredivValue = RCC_HSE_PREDIV_DIV2;
 129:Src/main.c    ****   RCC_OscInitStruct.HSIState = RCC_HSI_ON;
 130:Src/main.c    ****   RCC_OscInitStruct.PLL.PLLState = RCC_PLL_ON;
 131:Src/main.c    ****   RCC_OscInitStruct.PLL.PLLSource = RCC_PLLSOURCE_HSE;
 132:Src/main.c    ****   RCC_OscInitStruct.PLL.PLLMUL = RCC_PLL_MUL9;
 133:Src/main.c    ****   if (HAL_RCC_OscConfig(&RCC_OscInitStruct) != HAL_OK)
 134:Src/main.c    ****   {
 135:Src/main.c    ****     Error_Handler();
 136:Src/main.c    ****   }
 137:Src/main.c    ****   /** Initializes the CPU, AHB and APB buses clocks
 138:Src/main.c    ****   */
 139:Src/main.c    ****   RCC_ClkInitStruct.ClockType = RCC_CLOCKTYPE_HCLK|RCC_CLOCKTYPE_SYSCLK
 140:Src/main.c    ****                               |RCC_CLOCKTYPE_PCLK1|RCC_CLOCKTYPE_PCLK2;
 141:Src/main.c    ****   RCC_ClkInitStruct.SYSCLKSource = RCC_SYSCLKSOURCE_PLLCLK;
 142:Src/main.c    ****   RCC_ClkInitStruct.AHBCLKDivider = RCC_SYSCLK_DIV1;
 143:Src/main.c    ****   RCC_ClkInitStruct.APB1CLKDivider = RCC_HCLK_DIV2;
 144:Src/main.c    ****   RCC_ClkInitStruct.APB2CLKDivider = RCC_HCLK_DIV1;
 145:Src/main.c    **** 
 146:Src/main.c    ****   if (HAL_RCC_ClockConfig(&RCC_ClkInitStruct, FLASH_LATENCY_2) != HAL_OK)
ARM GAS  C:\Users\Zbigniew\AppData\Local\Temp\ccdHx6yj.s 			page 4


 147:Src/main.c    ****   {
 148:Src/main.c    ****     Error_Handler();
 149:Src/main.c    ****   }
 150:Src/main.c    **** }
 151:Src/main.c    **** 
 152:Src/main.c    **** /* USER CODE BEGIN 4 */
 153:Src/main.c    **** 
 154:Src/main.c    **** /* USER CODE END 4 */
 155:Src/main.c    **** 
 156:Src/main.c    **** /**
 157:Src/main.c    ****   * @brief  This function is executed in case of error occurrence.
 158:Src/main.c    ****   * @retval None
 159:Src/main.c    ****   */
 160:Src/main.c    **** void Error_Handler(void)
 161:Src/main.c    **** {
  27              		.loc 1 161 1 view -0
  28              		.cfi_startproc
  29              		@ Volatile: function does not return.
  30              		@ args = 0, pretend = 0, frame = 0
  31              		@ frame_needed = 0, uses_anonymous_args = 0
  32              		@ link register save eliminated.
 162:Src/main.c    ****   /* USER CODE BEGIN Error_Handler_Debug */
 163:Src/main.c    ****   /* User can add his own implementation to report the HAL error return state */
 164:Src/main.c    ****   __disable_irq();
  33              		.loc 1 164 3 view .LVU1
  34              	.LBB4:
  35              	.LBI4:
  36              		.file 2 "Drivers/CMSIS/Include/cmsis_gcc.h"
   1:Drivers/CMSIS/Include/cmsis_gcc.h **** /**************************************************************************//**
   2:Drivers/CMSIS/Include/cmsis_gcc.h ****  * @file     cmsis_gcc.h
   3:Drivers/CMSIS/Include/cmsis_gcc.h ****  * @brief    CMSIS compiler GCC header file
   4:Drivers/CMSIS/Include/cmsis_gcc.h ****  * @version  V5.0.4
   5:Drivers/CMSIS/Include/cmsis_gcc.h ****  * @date     09. April 2018
   6:Drivers/CMSIS/Include/cmsis_gcc.h ****  ******************************************************************************/
   7:Drivers/CMSIS/Include/cmsis_gcc.h **** /*
   8:Drivers/CMSIS/Include/cmsis_gcc.h ****  * Copyright (c) 2009-2018 Arm Limited. All rights reserved.
   9:Drivers/CMSIS/Include/cmsis_gcc.h ****  *
  10:Drivers/CMSIS/Include/cmsis_gcc.h ****  * SPDX-License-Identifier: Apache-2.0
  11:Drivers/CMSIS/Include/cmsis_gcc.h ****  *
  12:Drivers/CMSIS/Include/cmsis_gcc.h ****  * Licensed under the Apache License, Version 2.0 (the License); you may
  13:Drivers/CMSIS/Include/cmsis_gcc.h ****  * not use this file except in compliance with the License.
  14:Drivers/CMSIS/Include/cmsis_gcc.h ****  * You may obtain a copy of the License at
  15:Drivers/CMSIS/Include/cmsis_gcc.h ****  *
  16:Drivers/CMSIS/Include/cmsis_gcc.h ****  * www.apache.org/licenses/LICENSE-2.0
  17:Drivers/CMSIS/Include/cmsis_gcc.h ****  *
  18:Drivers/CMSIS/Include/cmsis_gcc.h ****  * Unless required by applicable law or agreed to in writing, software
  19:Drivers/CMSIS/Include/cmsis_gcc.h ****  * distributed under the License is distributed on an AS IS BASIS, WITHOUT
  20:Drivers/CMSIS/Include/cmsis_gcc.h ****  * WARRANTIES OR CONDITIONS OF ANY KIND, either express or implied.
  21:Drivers/CMSIS/Include/cmsis_gcc.h ****  * See the License for the specific language governing permissions and
  22:Drivers/CMSIS/Include/cmsis_gcc.h ****  * limitations under the License.
  23:Drivers/CMSIS/Include/cmsis_gcc.h ****  */
  24:Drivers/CMSIS/Include/cmsis_gcc.h **** 
  25:Drivers/CMSIS/Include/cmsis_gcc.h **** #ifndef __CMSIS_GCC_H
  26:Drivers/CMSIS/Include/cmsis_gcc.h **** #define __CMSIS_GCC_H
  27:Drivers/CMSIS/Include/cmsis_gcc.h **** 
  28:Drivers/CMSIS/Include/cmsis_gcc.h **** /* ignore some GCC warnings */
  29:Drivers/CMSIS/Include/cmsis_gcc.h **** #pragma GCC diagnostic push
ARM GAS  C:\Users\Zbigniew\AppData\Local\Temp\ccdHx6yj.s 			page 5


  30:Drivers/CMSIS/Include/cmsis_gcc.h **** #pragma GCC diagnostic ignored "-Wsign-conversion"
  31:Drivers/CMSIS/Include/cmsis_gcc.h **** #pragma GCC diagnostic ignored "-Wconversion"
  32:Drivers/CMSIS/Include/cmsis_gcc.h **** #pragma GCC diagnostic ignored "-Wunused-parameter"
  33:Drivers/CMSIS/Include/cmsis_gcc.h **** 
  34:Drivers/CMSIS/Include/cmsis_gcc.h **** /* Fallback for __has_builtin */
  35:Drivers/CMSIS/Include/cmsis_gcc.h **** #ifndef __has_builtin
  36:Drivers/CMSIS/Include/cmsis_gcc.h ****   #define __has_builtin(x) (0)
  37:Drivers/CMSIS/Include/cmsis_gcc.h **** #endif
  38:Drivers/CMSIS/Include/cmsis_gcc.h **** 
  39:Drivers/CMSIS/Include/cmsis_gcc.h **** /* CMSIS compiler specific defines */
  40:Drivers/CMSIS/Include/cmsis_gcc.h **** #ifndef   __ASM
  41:Drivers/CMSIS/Include/cmsis_gcc.h ****   #define __ASM                                  __asm
  42:Drivers/CMSIS/Include/cmsis_gcc.h **** #endif
  43:Drivers/CMSIS/Include/cmsis_gcc.h **** #ifndef   __INLINE
  44:Drivers/CMSIS/Include/cmsis_gcc.h ****   #define __INLINE                               inline
  45:Drivers/CMSIS/Include/cmsis_gcc.h **** #endif
  46:Drivers/CMSIS/Include/cmsis_gcc.h **** #ifndef   __STATIC_INLINE
  47:Drivers/CMSIS/Include/cmsis_gcc.h ****   #define __STATIC_INLINE                        static inline
  48:Drivers/CMSIS/Include/cmsis_gcc.h **** #endif
  49:Drivers/CMSIS/Include/cmsis_gcc.h **** #ifndef   __STATIC_FORCEINLINE                 
  50:Drivers/CMSIS/Include/cmsis_gcc.h ****   #define __STATIC_FORCEINLINE                   __attribute__((always_inline)) static inline
  51:Drivers/CMSIS/Include/cmsis_gcc.h **** #endif                                           
  52:Drivers/CMSIS/Include/cmsis_gcc.h **** #ifndef   __NO_RETURN
  53:Drivers/CMSIS/Include/cmsis_gcc.h ****   #define __NO_RETURN                            __attribute__((__noreturn__))
  54:Drivers/CMSIS/Include/cmsis_gcc.h **** #endif
  55:Drivers/CMSIS/Include/cmsis_gcc.h **** #ifndef   __USED
  56:Drivers/CMSIS/Include/cmsis_gcc.h ****   #define __USED                                 __attribute__((used))
  57:Drivers/CMSIS/Include/cmsis_gcc.h **** #endif
  58:Drivers/CMSIS/Include/cmsis_gcc.h **** #ifndef   __WEAK
  59:Drivers/CMSIS/Include/cmsis_gcc.h ****   #define __WEAK                                 __attribute__((weak))
  60:Drivers/CMSIS/Include/cmsis_gcc.h **** #endif
  61:Drivers/CMSIS/Include/cmsis_gcc.h **** #ifndef   __PACKED
  62:Drivers/CMSIS/Include/cmsis_gcc.h ****   #define __PACKED                               __attribute__((packed, aligned(1)))
  63:Drivers/CMSIS/Include/cmsis_gcc.h **** #endif
  64:Drivers/CMSIS/Include/cmsis_gcc.h **** #ifndef   __PACKED_STRUCT
  65:Drivers/CMSIS/Include/cmsis_gcc.h ****   #define __PACKED_STRUCT                        struct __attribute__((packed, aligned(1)))
  66:Drivers/CMSIS/Include/cmsis_gcc.h **** #endif
  67:Drivers/CMSIS/Include/cmsis_gcc.h **** #ifndef   __PACKED_UNION
  68:Drivers/CMSIS/Include/cmsis_gcc.h ****   #define __PACKED_UNION                         union __attribute__((packed, aligned(1)))
  69:Drivers/CMSIS/Include/cmsis_gcc.h **** #endif
  70:Drivers/CMSIS/Include/cmsis_gcc.h **** #ifndef   __UNALIGNED_UINT32        /* deprecated */
  71:Drivers/CMSIS/Include/cmsis_gcc.h ****   #pragma GCC diagnostic push
  72:Drivers/CMSIS/Include/cmsis_gcc.h ****   #pragma GCC diagnostic ignored "-Wpacked"
  73:Drivers/CMSIS/Include/cmsis_gcc.h ****   #pragma GCC diagnostic ignored "-Wattributes"
  74:Drivers/CMSIS/Include/cmsis_gcc.h ****   struct __attribute__((packed)) T_UINT32 { uint32_t v; };
  75:Drivers/CMSIS/Include/cmsis_gcc.h ****   #pragma GCC diagnostic pop
  76:Drivers/CMSIS/Include/cmsis_gcc.h ****   #define __UNALIGNED_UINT32(x)                  (((struct T_UINT32 *)(x))->v)
  77:Drivers/CMSIS/Include/cmsis_gcc.h **** #endif
  78:Drivers/CMSIS/Include/cmsis_gcc.h **** #ifndef   __UNALIGNED_UINT16_WRITE
  79:Drivers/CMSIS/Include/cmsis_gcc.h ****   #pragma GCC diagnostic push
  80:Drivers/CMSIS/Include/cmsis_gcc.h ****   #pragma GCC diagnostic ignored "-Wpacked"
  81:Drivers/CMSIS/Include/cmsis_gcc.h ****   #pragma GCC diagnostic ignored "-Wattributes"
  82:Drivers/CMSIS/Include/cmsis_gcc.h ****   __PACKED_STRUCT T_UINT16_WRITE { uint16_t v; };
  83:Drivers/CMSIS/Include/cmsis_gcc.h ****   #pragma GCC diagnostic pop
  84:Drivers/CMSIS/Include/cmsis_gcc.h ****   #define __UNALIGNED_UINT16_WRITE(addr, val)    (void)((((struct T_UINT16_WRITE *)(void *)(addr))-
  85:Drivers/CMSIS/Include/cmsis_gcc.h **** #endif
  86:Drivers/CMSIS/Include/cmsis_gcc.h **** #ifndef   __UNALIGNED_UINT16_READ
ARM GAS  C:\Users\Zbigniew\AppData\Local\Temp\ccdHx6yj.s 			page 6


  87:Drivers/CMSIS/Include/cmsis_gcc.h ****   #pragma GCC diagnostic push
  88:Drivers/CMSIS/Include/cmsis_gcc.h ****   #pragma GCC diagnostic ignored "-Wpacked"
  89:Drivers/CMSIS/Include/cmsis_gcc.h ****   #pragma GCC diagnostic ignored "-Wattributes"
  90:Drivers/CMSIS/Include/cmsis_gcc.h ****   __PACKED_STRUCT T_UINT16_READ { uint16_t v; };
  91:Drivers/CMSIS/Include/cmsis_gcc.h ****   #pragma GCC diagnostic pop
  92:Drivers/CMSIS/Include/cmsis_gcc.h ****   #define __UNALIGNED_UINT16_READ(addr)          (((const struct T_UINT16_READ *)(const void *)(add
  93:Drivers/CMSIS/Include/cmsis_gcc.h **** #endif
  94:Drivers/CMSIS/Include/cmsis_gcc.h **** #ifndef   __UNALIGNED_UINT32_WRITE
  95:Drivers/CMSIS/Include/cmsis_gcc.h ****   #pragma GCC diagnostic push
  96:Drivers/CMSIS/Include/cmsis_gcc.h ****   #pragma GCC diagnostic ignored "-Wpacked"
  97:Drivers/CMSIS/Include/cmsis_gcc.h ****   #pragma GCC diagnostic ignored "-Wattributes"
  98:Drivers/CMSIS/Include/cmsis_gcc.h ****   __PACKED_STRUCT T_UINT32_WRITE { uint32_t v; };
  99:Drivers/CMSIS/Include/cmsis_gcc.h ****   #pragma GCC diagnostic pop
 100:Drivers/CMSIS/Include/cmsis_gcc.h ****   #define __UNALIGNED_UINT32_WRITE(addr, val)    (void)((((struct T_UINT32_WRITE *)(void *)(addr))-
 101:Drivers/CMSIS/Include/cmsis_gcc.h **** #endif
 102:Drivers/CMSIS/Include/cmsis_gcc.h **** #ifndef   __UNALIGNED_UINT32_READ
 103:Drivers/CMSIS/Include/cmsis_gcc.h ****   #pragma GCC diagnostic push
 104:Drivers/CMSIS/Include/cmsis_gcc.h ****   #pragma GCC diagnostic ignored "-Wpacked"
 105:Drivers/CMSIS/Include/cmsis_gcc.h ****   #pragma GCC diagnostic ignored "-Wattributes"
 106:Drivers/CMSIS/Include/cmsis_gcc.h ****   __PACKED_STRUCT T_UINT32_READ { uint32_t v; };
 107:Drivers/CMSIS/Include/cmsis_gcc.h ****   #pragma GCC diagnostic pop
 108:Drivers/CMSIS/Include/cmsis_gcc.h ****   #define __UNALIGNED_UINT32_READ(addr)          (((const struct T_UINT32_READ *)(const void *)(add
 109:Drivers/CMSIS/Include/cmsis_gcc.h **** #endif
 110:Drivers/CMSIS/Include/cmsis_gcc.h **** #ifndef   __ALIGNED
 111:Drivers/CMSIS/Include/cmsis_gcc.h ****   #define __ALIGNED(x)                           __attribute__((aligned(x)))
 112:Drivers/CMSIS/Include/cmsis_gcc.h **** #endif
 113:Drivers/CMSIS/Include/cmsis_gcc.h **** #ifndef   __RESTRICT
 114:Drivers/CMSIS/Include/cmsis_gcc.h ****   #define __RESTRICT                             __restrict
 115:Drivers/CMSIS/Include/cmsis_gcc.h **** #endif
 116:Drivers/CMSIS/Include/cmsis_gcc.h **** 
 117:Drivers/CMSIS/Include/cmsis_gcc.h **** 
 118:Drivers/CMSIS/Include/cmsis_gcc.h **** /* ###########################  Core Function Access  ########################### */
 119:Drivers/CMSIS/Include/cmsis_gcc.h **** /** \ingroup  CMSIS_Core_FunctionInterface
 120:Drivers/CMSIS/Include/cmsis_gcc.h ****     \defgroup CMSIS_Core_RegAccFunctions CMSIS Core Register Access Functions
 121:Drivers/CMSIS/Include/cmsis_gcc.h ****   @{
 122:Drivers/CMSIS/Include/cmsis_gcc.h ****  */
 123:Drivers/CMSIS/Include/cmsis_gcc.h **** 
 124:Drivers/CMSIS/Include/cmsis_gcc.h **** /**
 125:Drivers/CMSIS/Include/cmsis_gcc.h ****   \brief   Enable IRQ Interrupts
 126:Drivers/CMSIS/Include/cmsis_gcc.h ****   \details Enables IRQ interrupts by clearing the I-bit in the CPSR.
 127:Drivers/CMSIS/Include/cmsis_gcc.h ****            Can only be executed in Privileged modes.
 128:Drivers/CMSIS/Include/cmsis_gcc.h ****  */
 129:Drivers/CMSIS/Include/cmsis_gcc.h **** __STATIC_FORCEINLINE void __enable_irq(void)
 130:Drivers/CMSIS/Include/cmsis_gcc.h **** {
 131:Drivers/CMSIS/Include/cmsis_gcc.h ****   __ASM volatile ("cpsie i" : : : "memory");
 132:Drivers/CMSIS/Include/cmsis_gcc.h **** }
 133:Drivers/CMSIS/Include/cmsis_gcc.h **** 
 134:Drivers/CMSIS/Include/cmsis_gcc.h **** 
 135:Drivers/CMSIS/Include/cmsis_gcc.h **** /**
 136:Drivers/CMSIS/Include/cmsis_gcc.h ****   \brief   Disable IRQ Interrupts
 137:Drivers/CMSIS/Include/cmsis_gcc.h ****   \details Disables IRQ interrupts by setting the I-bit in the CPSR.
 138:Drivers/CMSIS/Include/cmsis_gcc.h ****            Can only be executed in Privileged modes.
 139:Drivers/CMSIS/Include/cmsis_gcc.h ****  */
 140:Drivers/CMSIS/Include/cmsis_gcc.h **** __STATIC_FORCEINLINE void __disable_irq(void)
  37              		.loc 2 140 27 view .LVU2
  38              	.LBB5:
 141:Drivers/CMSIS/Include/cmsis_gcc.h **** {
ARM GAS  C:\Users\Zbigniew\AppData\Local\Temp\ccdHx6yj.s 			page 7


 142:Drivers/CMSIS/Include/cmsis_gcc.h ****   __ASM volatile ("cpsid i" : : : "memory");
  39              		.loc 2 142 3 view .LVU3
  40              		.syntax unified
  41              	@ 142 "Drivers/CMSIS/Include/cmsis_gcc.h" 1
  42 0000 72B6     		cpsid i
  43              	@ 0 "" 2
  44              		.thumb
  45              		.syntax unified
  46              	.L2:
  47              	.LBE5:
  48              	.LBE4:
 165:Src/main.c    ****   while (1)
  49              		.loc 1 165 3 discriminator 1 view .LVU4
 166:Src/main.c    ****   {
 167:Src/main.c    ****   }
  50              		.loc 1 167 3 discriminator 1 view .LVU5
 165:Src/main.c    ****   while (1)
  51              		.loc 1 165 9 discriminator 1 view .LVU6
  52 0002 FEE7     		b	.L2
  53              		.cfi_endproc
  54              	.LFE67:
  56              		.section	.text.SystemClock_Config,"ax",%progbits
  57              		.align	1
  58              		.global	SystemClock_Config
  59              		.syntax unified
  60              		.thumb
  61              		.thumb_func
  62              		.fpu softvfp
  64              	SystemClock_Config:
  65              	.LFB66:
 119:Src/main.c    ****   RCC_OscInitTypeDef RCC_OscInitStruct = {0};
  66              		.loc 1 119 1 view -0
  67              		.cfi_startproc
  68              		@ args = 0, pretend = 0, frame = 64
  69              		@ frame_needed = 0, uses_anonymous_args = 0
  70 0000 00B5     		push	{lr}
  71              	.LCFI0:
  72              		.cfi_def_cfa_offset 4
  73              		.cfi_offset 14, -4
  74 0002 91B0     		sub	sp, sp, #68
  75              	.LCFI1:
  76              		.cfi_def_cfa_offset 72
 120:Src/main.c    ****   RCC_ClkInitTypeDef RCC_ClkInitStruct = {0};
  77              		.loc 1 120 3 view .LVU8
 120:Src/main.c    ****   RCC_ClkInitTypeDef RCC_ClkInitStruct = {0};
  78              		.loc 1 120 22 is_stmt 0 view .LVU9
  79 0004 2822     		movs	r2, #40
  80 0006 0021     		movs	r1, #0
  81 0008 06A8     		add	r0, sp, #24
  82 000a FFF7FEFF 		bl	memset
  83              	.LVL0:
 121:Src/main.c    **** 
  84              		.loc 1 121 3 is_stmt 1 view .LVU10
 121:Src/main.c    **** 
  85              		.loc 1 121 22 is_stmt 0 view .LVU11
  86 000e 0023     		movs	r3, #0
  87 0010 0193     		str	r3, [sp, #4]
ARM GAS  C:\Users\Zbigniew\AppData\Local\Temp\ccdHx6yj.s 			page 8


  88 0012 0293     		str	r3, [sp, #8]
  89 0014 0393     		str	r3, [sp, #12]
  90 0016 0493     		str	r3, [sp, #16]
  91 0018 0593     		str	r3, [sp, #20]
 126:Src/main.c    ****   RCC_OscInitStruct.HSEState = RCC_HSE_ON;
  92              		.loc 1 126 3 is_stmt 1 view .LVU12
 126:Src/main.c    ****   RCC_OscInitStruct.HSEState = RCC_HSE_ON;
  93              		.loc 1 126 36 is_stmt 0 view .LVU13
  94 001a 0122     		movs	r2, #1
  95 001c 0692     		str	r2, [sp, #24]
 127:Src/main.c    ****   RCC_OscInitStruct.HSEPredivValue = RCC_HSE_PREDIV_DIV2;
  96              		.loc 1 127 3 is_stmt 1 view .LVU14
 127:Src/main.c    ****   RCC_OscInitStruct.HSEPredivValue = RCC_HSE_PREDIV_DIV2;
  97              		.loc 1 127 30 is_stmt 0 view .LVU15
  98 001e 4FF48033 		mov	r3, #65536
  99 0022 0793     		str	r3, [sp, #28]
 128:Src/main.c    ****   RCC_OscInitStruct.HSIState = RCC_HSI_ON;
 100              		.loc 1 128 3 is_stmt 1 view .LVU16
 128:Src/main.c    ****   RCC_OscInitStruct.HSIState = RCC_HSI_ON;
 101              		.loc 1 128 36 is_stmt 0 view .LVU17
 102 0024 4FF40031 		mov	r1, #131072
 103 0028 0891     		str	r1, [sp, #32]
 129:Src/main.c    ****   RCC_OscInitStruct.PLL.PLLState = RCC_PLL_ON;
 104              		.loc 1 129 3 is_stmt 1 view .LVU18
 129:Src/main.c    ****   RCC_OscInitStruct.PLL.PLLState = RCC_PLL_ON;
 105              		.loc 1 129 30 is_stmt 0 view .LVU19
 106 002a 0A92     		str	r2, [sp, #40]
 130:Src/main.c    ****   RCC_OscInitStruct.PLL.PLLSource = RCC_PLLSOURCE_HSE;
 107              		.loc 1 130 3 is_stmt 1 view .LVU20
 130:Src/main.c    ****   RCC_OscInitStruct.PLL.PLLSource = RCC_PLLSOURCE_HSE;
 108              		.loc 1 130 34 is_stmt 0 view .LVU21
 109 002c 0222     		movs	r2, #2
 110 002e 0D92     		str	r2, [sp, #52]
 131:Src/main.c    ****   RCC_OscInitStruct.PLL.PLLMUL = RCC_PLL_MUL9;
 111              		.loc 1 131 3 is_stmt 1 view .LVU22
 131:Src/main.c    ****   RCC_OscInitStruct.PLL.PLLMUL = RCC_PLL_MUL9;
 112              		.loc 1 131 35 is_stmt 0 view .LVU23
 113 0030 0E93     		str	r3, [sp, #56]
 132:Src/main.c    ****   if (HAL_RCC_OscConfig(&RCC_OscInitStruct) != HAL_OK)
 114              		.loc 1 132 3 is_stmt 1 view .LVU24
 132:Src/main.c    ****   if (HAL_RCC_OscConfig(&RCC_OscInitStruct) != HAL_OK)
 115              		.loc 1 132 32 is_stmt 0 view .LVU25
 116 0032 4FF4E013 		mov	r3, #1835008
 117 0036 0F93     		str	r3, [sp, #60]
 133:Src/main.c    ****   {
 118              		.loc 1 133 3 is_stmt 1 view .LVU26
 133:Src/main.c    ****   {
 119              		.loc 1 133 7 is_stmt 0 view .LVU27
 120 0038 06A8     		add	r0, sp, #24
 121 003a FFF7FEFF 		bl	HAL_RCC_OscConfig
 122              	.LVL1:
 133:Src/main.c    ****   {
 123              		.loc 1 133 6 view .LVU28
 124 003e 80B9     		cbnz	r0, .L7
 139:Src/main.c    ****                               |RCC_CLOCKTYPE_PCLK1|RCC_CLOCKTYPE_PCLK2;
 125              		.loc 1 139 3 is_stmt 1 view .LVU29
 139:Src/main.c    ****                               |RCC_CLOCKTYPE_PCLK1|RCC_CLOCKTYPE_PCLK2;
ARM GAS  C:\Users\Zbigniew\AppData\Local\Temp\ccdHx6yj.s 			page 9


 126              		.loc 1 139 31 is_stmt 0 view .LVU30
 127 0040 0F23     		movs	r3, #15
 128 0042 0193     		str	r3, [sp, #4]
 141:Src/main.c    ****   RCC_ClkInitStruct.AHBCLKDivider = RCC_SYSCLK_DIV1;
 129              		.loc 1 141 3 is_stmt 1 view .LVU31
 141:Src/main.c    ****   RCC_ClkInitStruct.AHBCLKDivider = RCC_SYSCLK_DIV1;
 130              		.loc 1 141 34 is_stmt 0 view .LVU32
 131 0044 0221     		movs	r1, #2
 132 0046 0291     		str	r1, [sp, #8]
 142:Src/main.c    ****   RCC_ClkInitStruct.APB1CLKDivider = RCC_HCLK_DIV2;
 133              		.loc 1 142 3 is_stmt 1 view .LVU33
 142:Src/main.c    ****   RCC_ClkInitStruct.APB1CLKDivider = RCC_HCLK_DIV2;
 134              		.loc 1 142 35 is_stmt 0 view .LVU34
 135 0048 0023     		movs	r3, #0
 136 004a 0393     		str	r3, [sp, #12]
 143:Src/main.c    ****   RCC_ClkInitStruct.APB2CLKDivider = RCC_HCLK_DIV1;
 137              		.loc 1 143 3 is_stmt 1 view .LVU35
 143:Src/main.c    ****   RCC_ClkInitStruct.APB2CLKDivider = RCC_HCLK_DIV1;
 138              		.loc 1 143 36 is_stmt 0 view .LVU36
 139 004c 4FF48062 		mov	r2, #1024
 140 0050 0492     		str	r2, [sp, #16]
 144:Src/main.c    **** 
 141              		.loc 1 144 3 is_stmt 1 view .LVU37
 144:Src/main.c    **** 
 142              		.loc 1 144 36 is_stmt 0 view .LVU38
 143 0052 0593     		str	r3, [sp, #20]
 146:Src/main.c    ****   {
 144              		.loc 1 146 3 is_stmt 1 view .LVU39
 146:Src/main.c    ****   {
 145              		.loc 1 146 7 is_stmt 0 view .LVU40
 146 0054 01A8     		add	r0, sp, #4
 147 0056 FFF7FEFF 		bl	HAL_RCC_ClockConfig
 148              	.LVL2:
 146:Src/main.c    ****   {
 149              		.loc 1 146 6 view .LVU41
 150 005a 20B9     		cbnz	r0, .L8
 150:Src/main.c    **** 
 151              		.loc 1 150 1 view .LVU42
 152 005c 11B0     		add	sp, sp, #68
 153              	.LCFI2:
 154              		.cfi_remember_state
 155              		.cfi_def_cfa_offset 4
 156              		@ sp needed
 157 005e 5DF804FB 		ldr	pc, [sp], #4
 158              	.L7:
 159              	.LCFI3:
 160              		.cfi_restore_state
 135:Src/main.c    ****   }
 161              		.loc 1 135 5 is_stmt 1 view .LVU43
 162 0062 FFF7FEFF 		bl	Error_Handler
 163              	.LVL3:
 164              	.L8:
 148:Src/main.c    ****   }
 165              		.loc 1 148 5 view .LVU44
 166 0066 FFF7FEFF 		bl	Error_Handler
 167              	.LVL4:
 168              		.cfi_endproc
ARM GAS  C:\Users\Zbigniew\AppData\Local\Temp\ccdHx6yj.s 			page 10


 169              	.LFE66:
 171              		.section	.text.main,"ax",%progbits
 172              		.align	1
 173              		.global	main
 174              		.syntax unified
 175              		.thumb
 176              		.thumb_func
 177              		.fpu softvfp
 179              	main:
 180              	.LFB65:
  69:Src/main.c    ****   /* USER CODE BEGIN 1 */
 181              		.loc 1 69 1 view -0
 182              		.cfi_startproc
 183              		@ Volatile: function does not return.
 184              		@ args = 0, pretend = 0, frame = 0
 185              		@ frame_needed = 0, uses_anonymous_args = 0
 186 0000 08B5     		push	{r3, lr}
 187              	.LCFI4:
 188              		.cfi_def_cfa_offset 8
 189              		.cfi_offset 3, -8
 190              		.cfi_offset 14, -4
  77:Src/main.c    **** 
 191              		.loc 1 77 3 view .LVU46
 192 0002 FFF7FEFF 		bl	HAL_Init
 193              	.LVL5:
  84:Src/main.c    **** 
 194              		.loc 1 84 3 view .LVU47
 195 0006 FFF7FEFF 		bl	SystemClock_Config
 196              	.LVL6:
  91:Src/main.c    ****   MX_CAN_Init();
 197              		.loc 1 91 3 view .LVU48
 198 000a FFF7FEFF 		bl	MX_GPIO_Init
 199              	.LVL7:
  92:Src/main.c    ****   MX_I2C1_Init();
 200              		.loc 1 92 3 view .LVU49
 201 000e FFF7FEFF 		bl	MX_CAN_Init
 202              	.LVL8:
  93:Src/main.c    ****   MX_SPI2_Init();
 203              		.loc 1 93 3 view .LVU50
 204 0012 FFF7FEFF 		bl	MX_I2C1_Init
 205              	.LVL9:
  94:Src/main.c    ****   MX_SPI3_Init();
 206              		.loc 1 94 3 view .LVU51
 207 0016 FFF7FEFF 		bl	MX_SPI2_Init
 208              	.LVL10:
  95:Src/main.c    ****   MX_TIM3_Init();
 209              		.loc 1 95 3 view .LVU52
 210 001a FFF7FEFF 		bl	MX_SPI3_Init
 211              	.LVL11:
  96:Src/main.c    ****   MX_USART1_UART_Init();
 212              		.loc 1 96 3 view .LVU53
 213 001e FFF7FEFF 		bl	MX_TIM3_Init
 214              	.LVL12:
  97:Src/main.c    ****   MX_USART2_UART_Init();
 215              		.loc 1 97 3 view .LVU54
 216 0022 FFF7FEFF 		bl	MX_USART1_UART_Init
 217              	.LVL13:
ARM GAS  C:\Users\Zbigniew\AppData\Local\Temp\ccdHx6yj.s 			page 11


  98:Src/main.c    ****   /* USER CODE BEGIN 2 */
 218              		.loc 1 98 3 view .LVU55
 219 0026 FFF7FEFF 		bl	MX_USART2_UART_Init
 220              	.LVL14:
 221              	.L10:
 105:Src/main.c    ****   {
 222              		.loc 1 105 3 discriminator 1 view .LVU56
 110:Src/main.c    ****   /* USER CODE END 3 */
 223              		.loc 1 110 3 discriminator 1 view .LVU57
 105:Src/main.c    ****   {
 224              		.loc 1 105 9 discriminator 1 view .LVU58
 225 002a FEE7     		b	.L10
 226              		.cfi_endproc
 227              	.LFE65:
 229              		.text
 230              	.Letext0:
 231              		.file 3 "g:\\msys\\mingw64\\arm-none-eabi\\include\\machine\\_default_types.h"
 232              		.file 4 "g:\\msys\\mingw64\\arm-none-eabi\\include\\sys\\_stdint.h"
 233              		.file 5 "Drivers/STM32F1xx_HAL_Driver/Inc/stm32f1xx_hal_rcc.h"
 234              		.file 6 "Drivers/STM32F1xx_HAL_Driver/Inc/stm32f1xx_hal_rcc_ex.h"
 235              		.file 7 "Drivers/STM32F1xx_HAL_Driver/Inc/stm32f1xx_hal.h"
 236              		.file 8 "Inc/gpio.h"
 237              		.file 9 "Inc/can.h"
 238              		.file 10 "Inc/i2c.h"
 239              		.file 11 "Inc/spi.h"
 240              		.file 12 "Inc/tim.h"
 241              		.file 13 "Inc/usart.h"
 242              		.file 14 "Drivers/STM32F1xx_HAL_Driver/Inc/stm32f1xx_hal_def.h"
 243              		.file 15 "<built-in>"
ARM GAS  C:\Users\Zbigniew\AppData\Local\Temp\ccdHx6yj.s 			page 12


DEFINED SYMBOLS
                            *ABS*:0000000000000000 main.c
C:\Users\Zbigniew\AppData\Local\Temp\ccdHx6yj.s:16     .text.Error_Handler:0000000000000000 $t
C:\Users\Zbigniew\AppData\Local\Temp\ccdHx6yj.s:24     .text.Error_Handler:0000000000000000 Error_Handler
C:\Users\Zbigniew\AppData\Local\Temp\ccdHx6yj.s:57     .text.SystemClock_Config:0000000000000000 $t
C:\Users\Zbigniew\AppData\Local\Temp\ccdHx6yj.s:64     .text.SystemClock_Config:0000000000000000 SystemClock_Config
C:\Users\Zbigniew\AppData\Local\Temp\ccdHx6yj.s:172    .text.main:0000000000000000 $t
C:\Users\Zbigniew\AppData\Local\Temp\ccdHx6yj.s:179    .text.main:0000000000000000 main

UNDEFINED SYMBOLS
memset
HAL_RCC_OscConfig
HAL_RCC_ClockConfig
HAL_Init
MX_GPIO_Init
MX_CAN_Init
MX_I2C1_Init
MX_SPI2_Init
MX_SPI3_Init
MX_TIM3_Init
MX_USART1_UART_Init
MX_USART2_UART_Init
