ARM GAS  C:\Users\Zbigniew\AppData\Local\Temp\ccdyUyb5.s 			page 1


   1              		.cpu cortex-m3
   2              		.arch armv7-m
   3              		.fpu softvfp
   4              		.eabi_attribute 20, 1
   5              		.eabi_attribute 21, 1
   6              		.eabi_attribute 23, 3
   7              		.eabi_attribute 24, 1
   8              		.eabi_attribute 25, 1
   9              		.eabi_attribute 26, 1
  10              		.eabi_attribute 30, 1
  11              		.eabi_attribute 34, 1
  12              		.eabi_attribute 18, 4
  13              		.file	"pictures.c"
  14              		.text
  15              	.Ltext0:
  16              		.cfi_sections	.debug_frame
  17              		.global	charge_small
  18              		.global	charge
  19              		.global	big_blank
  20              		.global	reverse
  21              		.global	neutral
  22              		.global	drive
  23              		.global	blank_small
  24              		.global	picachu
  25              		.global	trollface
  26              		.global	psd_logo_big
  27              		.section	.rodata.big_blank,"a"
  28              		.align	2
  31              	big_blank:
  32 0000 00000000 		.space	1024
  32      00000000 
  32      00000000 
  32      00000000 
  32      00000000 
  33              		.section	.rodata.blank_small,"a"
  34              		.align	2
  37              	blank_small:
  38 0000 00000000 		.space	512
  38      00000000 
  38      00000000 
  38      00000000 
  38      00000000 
  39              		.section	.rodata.charge,"a"
  40              		.align	2
  43              	charge:
  44 0000 00000000 		.ascii	"\000\000\000\000\000\000\000\000\000\000\000\000\000"
  44      00000000 
  44      00000000 
  44      00
  45 000d 00000000 		.ascii	"\000\000\000\000\000\000\000\000\000\000\000\000\000"
  45      00000000 
  45      00000000 
  45      00
  46 001a 00000000 		.ascii	"\000\000\000\000\000\000\000\000\000\000\000\000\000"
  46      00000000 
  46      00000000 
  46      00
ARM GAS  C:\Users\Zbigniew\AppData\Local\Temp\ccdyUyb5.s 			page 2


  47 0027 00000000 		.ascii	"\000\000\000\000\000\000\000\000\000\000\000\000\000"
  47      00000000 
  47      00000000 
  47      00
  48 0034 00000000 		.ascii	"\000\000\000\000\000\000\000\000\000\000\000\000\000"
  48      00000000 
  48      00000000 
  48      00
  49 0041 00000000 		.ascii	"\000\000\000\000\000\000\000\000\000\000\000\000\000"
  49      00000000 
  49      00000000 
  49      00
  50 004e 00000000 		.ascii	"\000\000\000\000\000\000\000\000\000\000\000\000\000"
  50      00000000 
  50      00000000 
  50      00
  51 005b 00000003 		.ascii	"\000\000\000\003\000\000\000\000\000\000\000\000\000"
  51      00000000 
  51      00000000 
  51      00
  52 0068 00000000 		.ascii	"\000\000\000\000\000\000\007\200\000\000\000\000\000"
  52      00000780 
  52      00000000 
  52      00
  53 0075 00000000 		.ascii	"\000\000\000\000\000\000\000\000\000\017\300\000\000"
  53      00000000 
  53      000FC000 
  53      00
  54 0082 00000000 		.ascii	"\000\000\000\000\000\000\000\000\000\000\000\000\037"
  54      00000000 
  54      00000000 
  54      1F
  55 008f E0000000 		.ascii	"\340\000\000\000\000\000\000\000\000\000\000\000\000"
  55      00000000 
  55      00000000 
  55      00
  56 009c 00003FF0 		.ascii	"\000\000?\360\000\000\000\000\000\000\000\000\000\000"
  56      00000000 
  56      00000000 
  56      0000
  57 00aa 00000000 		.ascii	"\000\000\000\000\000\000\000\000\000\000\000\000\000"
  57      00000000 
  57      00000000 
  57      00
  58 00b7 00000000 		.ascii	"\000\000\000\000\000\000\000\000\000\000\000\000\000"
  58      00000000 
  58      00000000 
  58      00
  59 00c4 00000000 		.ascii	"\000\000\000\000\000\000\000\000\000\000\003\000\000"
  59      00000000 
  59      00000300 
  59      00
  60 00d1 00000000 		.ascii	"\000\000\000\000\000\000\000\000\000\000\000\000\000"
  60      00000000 
  60      00000000 
  60      00
  61 00de 07800000 		.ascii	"\007\200\000\000\000\000\000\000\000\000\000\000\000"
ARM GAS  C:\Users\Zbigniew\AppData\Local\Temp\ccdyUyb5.s 			page 3


  61      00000000 
  61      00000000 
  61      00
  62 00eb 0000000F 		.ascii	"\000\000\000\017\300\000\000\000\000\000\000\000\000"
  62      C0000000 
  62      00000000 
  62      00
  63 00f8 00000000 		.ascii	"\000\000\000\000\000\000\037\340\000\000\000\000\000"
  63      00001FE0 
  63      00000000 
  63      00
  64 0105 00000000 		.ascii	"\000\000\000\000\000\000\000\000\000?\360\000\000\000"
  64      00000000 
  64      003FF000 
  64      0000
  65 0113 00000000 		.ascii	"\000\000\000\000\000\000\000\000\000\000\000\000\000"
  65      00000000 
  65      00000000 
  65      00
  66 0120 00000000 		.ascii	"\000\000\000\000\000\000\000\000\000\000\000\000\000"
  66      00000000 
  66      00000000 
  66      00
  67 012d 00000000 		.ascii	"\000\000\000\000\000\000\000\000\000\000\000\000\000"
  67      00000000 
  67      00000000 
  67      00
  68 013a 00000000 		.ascii	"\000\000\000\000\003\000\000\000\000\000\000\000\000"
  68      03000000 
  68      00000000 
  68      00
  69 0147 00000000 		.ascii	"\000\000\000\000\000\000\000\007\200\000\000\000\000"
  69      00000007 
  69      80000000 
  69      00
  70 0154 00000000 		.ascii	"\000\000\000\000\000\000\000\000\000\000\017\300\000"
  70      00000000 
  70      00000FC0 
  70      00
  71 0161 00000000 		.ascii	"\000\000\000\000\000\000\000\000\000\000\000\000\000"
  71      00000000 
  71      00000000 
  71      00
  72 016e 1FE00000 		.ascii	"\037\340\000\000\000\000\000\000\000\000\000\000\000"
  72      00000000 
  72      00000000 
  72      00
  73 017b 0000003F 		.ascii	"\000\000\000?\360\000\000\000\000\000\000\000\000\000"
  73      F0000000 
  73      00000000 
  73      0000
  74 0189 00000000 		.ascii	"\000\000\000\000\000\000\000\000\000\000\000\000\000"
  74      00000000 
  74      00000000 
  74      00
  75 0196 00000000 		.ascii	"\000\000\000\000\000\000\000\000\000\000\000\000\000"
  75      00000000 
ARM GAS  C:\Users\Zbigniew\AppData\Local\Temp\ccdyUyb5.s 			page 4


  75      00000000 
  75      00
  76 01a3 00000000 		.ascii	"\000\000\000\000\000\000\000\000\000\000\000\000\000"
  76      00000000 
  76      00000000 
  76      00
  77 01b0 00000000 		.ascii	"\000\000\000\000\000\000\000\000\000\000\000\000\000"
  77      00000000 
  77      00000000 
  77      00
  78 01bd 00000000 		.ascii	"\000\000\000\000\000\000\000\000\000\000\000\000\000"
  78      00000000 
  78      00000000 
  78      00
  79 01ca 00000000 		.ascii	"\000\000\000\000\000\000\000\000\000\000\000\000\000"
  79      00000000 
  79      00000000 
  79      00
  80 01d7 00000000 		.ascii	"\000\000\000\000\000\000\000\000\000\000\000\000\000"
  80      00000000 
  80      00000000 
  80      00
  81 01e4 00000000 		.ascii	"\000\000\000\000\000\000\000\000\000\000\000\000\000"
  81      00000000 
  81      00000000 
  81      00
  82 01f1 00000000 		.ascii	"\000\000\000\000\000\000\000\000\000\000\000\000\000"
  82      00000000 
  82      00000000 
  82      00
  83 01fe 0000     		.ascii	"\000\000"
  84              		.section	.rodata.charge_small,"a"
  85              		.align	2
  88              	charge_small:
  89 0000 00000307 		.ascii	"\000\000\003\007\017\037?\000\000\003\007\017\037?\000"
  89      0F1F3F00 
  89      0003070F 
  89      1F3F00
  90 000f 0003070F 		.ascii	"\000\003\007\017\037?\000\000\000\000\000\000\000\000"
  90      1F3F0000 
  90      00000000 
  90      0000
  91 001d 00000000 		.ascii	"\000\000\000\000\000\000\000\000en\000"
  91      00000000 
  91      656E00
  92              		.section	.rodata.drive,"a"
  93              		.align	2
  96              	drive:
  97 0000 00000000 		.ascii	"\000\000\000\000\000\000\000\000\000\000\000\177\377"
  97      00000000 
  97      0000007F 
  97      FF
  98 000d FFF00000 		.ascii	"\377\360\000\000\000\000\000\000\000\000\000\000\000"
  98      00000000 
  98      00000000 
  98      00
  99 001a 007FFFFF 		.ascii	"\000\177\377\377\360\000\000\000\000\000\000\000\000"
ARM GAS  C:\Users\Zbigniew\AppData\Local\Temp\ccdyUyb5.s 			page 5


  99      F0000000 
  99      00000000 
  99      00
 100 0027 00000000 		.ascii	"\000\000\000\000\177\377\377\360\000\000\000\000\000"
 100      7FFFFFF0 
 100      00000000 
 100      00
 101 0034 00000000 		.ascii	"\000\000\000\000\000\000\000\177\377\377\360\000\000"
 101      0000007F 
 101      FFFFF000 
 101      00
 102 0041 007FFC00 		.ascii	"\000\177\374\000\000\001\370\007\200\000|\000?\360\000"
 102      0001F807 
 102      80007C00 
 102      3FF000
 103 0050 00007FFF 		.ascii	"\000\000\177\377\000\000\001\370\007\200\000|\000\017"
 103      000001F8 
 103      0780007C 
 103      000F
 104 005e F0000000 		.ascii	"\360\000\000\000\177\377\000\000\001\374\007\200\000"
 104      7FFF0000 
 104      01FC0780 
 104      00
 105 006b 7C0007F0 		.ascii	"|\000\007\360\000\000\000\177\377\200\000\001\374\007"
 105      0000007F 
 105      FF800001 
 105      FC07
 106 0079 80007C00 		.ascii	"\200\000|\000\003\360\000\000\000|\017\200\000\001\376"
 106      03F00000 
 106      007C0F80 
 106      0001FE
 107 0088 0780007C 		.ascii	"\007\200\000|\037\203\360\000\000\000|\007\300\000\001"
 107      1F83F000 
 107      00007C07 
 107      C00001
 108 0097 FE078000 		.ascii	"\376\007\200\000|\037\301\360\000\000\000|\007\300\000"
 108      7C1FC1F0 
 108      0000007C 
 108      07C000
 109 00a6 01FF0780 		.ascii	"\001\377\007\200\000|\037\301\360\000\000\000|\007\300"
 109      007C1FC1 
 109      F0000000 
 109      7C07C0
 110 00b5 0001FF07 		.ascii	"\000\001\377\007\200\000|\037\341\360\000\000\000|\007"
 110      80007C1F 
 110      E1F00000 
 110      007C07
 111 00c4 C00001F7 		.ascii	"\300\000\001\367\207\200\000|\037\341\360\000\000\000"
 111      8780007C 
 111      1FE1F000 
 111      0000
 112 00d2 7C0F8000 		.ascii	"|\017\200\000\001\367\207\200\000|\037\341\360\000\000"
 112      01F78780 
 112      007C1FE1 
 112      F00000
 113 00e1 007FFF80 		.ascii	"\000\177\377\200\000\001\363\307\200\000|\037\341\360"
 113      0001F3C7 
ARM GAS  C:\Users\Zbigniew\AppData\Local\Temp\ccdyUyb5.s 			page 6


 113      80007C1F 
 113      E1F0
 114 00ef 0000007F 		.ascii	"\000\000\000\177\377\000\000\001\363\307\200\000|\037"
 114      FF000001 
 114      F3C78000 
 114      7C1F
 115 00fd E1F00000 		.ascii	"\341\360\000\000\000\177\377\000\000\001\361\347\200"
 115      007FFF00 
 115      0001F1E7 
 115      80
 116 010a 007C1FE1 		.ascii	"\000|\037\341\360\000\000\000\177\374\000\000\001\361"
 116      F0000000 
 116      7FFC0000 
 116      01F1
 117 0118 E780007C 		.ascii	"\347\200\000|\037\341\360\000\000\000||\000\000\001"
 117      1FE1F000 
 117      00007C7C 
 117      000001
 118 0127 F0F78000 		.ascii	"\360\367\200\000|\037\341\360\000\000\000||\000\000"
 118      7C1FE1F0 
 118      0000007C 
 118      7C0000
 119 0136 01F0F780 		.ascii	"\001\360\367\200\000|\037\341\360\000\000\000|>\000"
 119      007C1FE1 
 119      F0000000 
 119      7C3E00
 120 0145 0001F0FF 		.ascii	"\000\001\360\377\200\000|\037\301\360\000\000\000|>"
 120      80007C1F 
 120      C1F00000 
 120      007C3E
 121 0154 000001F0 		.ascii	"\000\000\001\360\177\200\000|\037\301\360\000\000\000"
 121      7F80007C 
 121      1FC1F000 
 121      0000
 122 0162 7C1F0000 		.ascii	"|\037\000\000\001\360\177\200\000|\037\203\360\000\000"
 122      01F07F80 
 122      007C1F83 
 122      F00000
 123 0171 007C0F80 		.ascii	"\000|\017\200\000\001\360?\200\000|\000\003\360\000"
 123      0001F03F 
 123      80007C00 
 123      03F000
 124 0180 00007C0F 		.ascii	"\000\000|\017\200\000\001\360?\200\000|\000\007\360"
 124      800001F0 
 124      3F80007C 
 124      0007F0
 125 018f 0000007C 		.ascii	"\000\000\000|\007\300\000\001\360\037\200\000|\000\017"
 125      07C00001 
 125      F01F8000 
 125      7C000F
 126 019e F0000000 		.ascii	"\360\000\000\000|\007\300\000\001\360\037\200\000|\000"
 126      7C07C000 
 126      01F01F80 
 126      007C00
 127 01ad 3FF00000 		.ascii	"?\360\000\000\000\000\000\000\000\000\000\000\000\000"
 127      00000000 
 127      00000000 
ARM GAS  C:\Users\Zbigniew\AppData\Local\Temp\ccdyUyb5.s 			page 7


 127      0000
 128 01bb 7FFFFFF0 		.ascii	"\177\377\377\360\000\000\000\000\000\000\000\000\000"
 128      00000000 
 128      00000000 
 128      00
 129 01c8 0000007F 		.ascii	"\000\000\000\177\377\377\360\000\000\000\000\000\000"
 129      FFFFF000 
 129      00000000 
 129      00
 130 01d5 00000000 		.ascii	"\000\000\000\000\000\000\177\377\377\360\000\000\000"
 130      00007FFF 
 130      FFF00000 
 130      00
 131 01e2 00000000 		.ascii	"\000\000\000\000\000\000\000\000\000\177\377\377\360"
 131      00000000 
 131      007FFFFF 
 131      F0
 132 01ef 00000000 		.ascii	"\000\000\000\000\000\000\000\000\000\000\000\000\177"
 132      00000000 
 132      00000000 
 132      7F
 133 01fc FFFFF000 		.ascii	"\377\377\360\000"
 134              		.section	.rodata.neutral,"a"
 135              		.align	2
 138              	neutral:
 139 0000 00000000 		.ascii	"\000\000\000\000\000\000?\377\377\374\000\000\000\000"
 139      00003FFF 
 139      FFFC0000 
 139      0000
 140 000e 00000000 		.ascii	"\000\000\000\000\000\000\000\000?\377\377\374\000\000"
 140      00000000 
 140      3FFFFFFC 
 140      0000
 141 001c 00000000 		.ascii	"\000\000\000\000\000\000\000\000\000\000?\377\377\374"
 141      00000000 
 141      00003FFF 
 141      FFFC
 142 002a 00000000 		.ascii	"\000\000\000\000\000\000\000\000\000\000\000\000?\377"
 142      00000000 
 142      00000000 
 142      3FFF
 143 0038 FFFC0000 		.ascii	"\377\374\000\000\000\000\000\000\000\000\177\374\000"
 143      00000000 
 143      00007FFC 
 143      00
 144 0045 003E07F8 		.ascii	"\000>\007\370|\000\003\377\300\000\000\000\000\177\377"
 144      7C0003FF 
 144      C0000000 
 144      007FFF
 145 0054 00003E07 		.ascii	"\000\000>\007\370|\000\003\377\360\000\000\000\000\177"
 145      F87C0003 
 145      FFF00000 
 145      00007F
 146 0063 FF00003E 		.ascii	"\377\000\000>\003\370|\000\003\377\370\000\000\000\000"
 146      03F87C00 
 146      03FFF800 
 146      000000
ARM GAS  C:\Users\Zbigniew\AppData\Local\Temp\ccdyUyb5.s 			page 8


 147 0072 7FFF8000 		.ascii	"\177\377\200\000>\003\370|\000\003\377\374\000\000\000"
 147      3E03F87C 
 147      0003FFFC 
 147      000000
 148 0081 007C0F80 		.ascii	"\000|\017\200\000>\001\370|\000\003\340|\000\000\000"
 148      003E01F8 
 148      7C0003E0 
 148      7C000000 
 149 0091 007C07C0 		.ascii	"\000|\007\300\000>\001\370|\000\003\340>\000\000\000"
 149      003E01F8 
 149      7C0003E0 
 149      3E000000 
 150 00a1 007C07C0 		.ascii	"\000|\007\300\000>\000\370|\000\003\340>\000\000\000"
 150      003E00F8 
 150      7C0003E0 
 150      3E000000 
 151 00b1 007C07C0 		.ascii	"\000|\007\300\000>\000\370|\000\003\340\036\000\000"
 151      003E00F8 
 151      7C0003E0 
 151      1E0000
 152 00c0 00007C07 		.ascii	"\000\000|\007\300\000>\010x|\000\003\340\036\000\000"
 152      C0003E08 
 152      787C0003 
 152      E01E0000 
 153 00d0 00007C0F 		.ascii	"\000\000|\017\200\000>\010x|\000\003\340\036\000\000"
 153      80003E08 
 153      787C0003 
 153      E01E0000 
 154 00e0 00007FFF 		.ascii	"\000\000\177\377\200\000>\0148|\000\003\340\036\000"
 154      80003E0C 
 154      387C0003 
 154      E01E00
 155 00ef 0000007F 		.ascii	"\000\000\000\177\377\000\000>\0148|\000\003\340\036"
 155      FF00003E 
 155      0C387C00 
 155      03E01E
 156 00fe 00000000 		.ascii	"\000\000\000\000\177\377\000\000>\016\030|\000\003\340"
 156      7FFF0000 
 156      3E0E187C 
 156      0003E0
 157 010d 1E000000 		.ascii	"\036\000\000\000\000\177\374\000\000>\016\030|\000\003"
 157      007FFC00 
 157      003E0E18 
 157      7C0003
 158 011c E01E0000 		.ascii	"\340\036\000\000\000\000||\000\000>\017\010|\000\003"
 158      00007C7C 
 158      00003E0F 
 158      087C0003 
 159 012c E01E0000 		.ascii	"\340\036\000\000\000\000||\000\000>\017\010|\000\003"
 159      00007C7C 
 159      00003E0F 
 159      087C0003 
 160 013c E01E0000 		.ascii	"\340\036\000\000\000\000|>\000\000>\017\000|\000\003"
 160      00007C3E 
 160      00003E0F 
 160      007C0003 
 161 014c E03E0000 		.ascii	"\340>\000\000\000\000|>\000\000>\017\200|\000\003\340"
ARM GAS  C:\Users\Zbigniew\AppData\Local\Temp\ccdyUyb5.s 			page 9


 161      00007C3E 
 161      00003E0F 
 161      807C0003 
 161      E0
 162 015d 3E000000 		.ascii	">\000\000\000\000|\037\000\000>\017\200|\000\003\340"
 162      007C1F00 
 162      003E0F80 
 162      7C0003E0 
 163 016d 7C000000 		.ascii	"|\000\000\000\000|\017\200\000>\017\300|\000\003\377"
 163      007C0F80 
 163      003E0FC0 
 163      7C0003FF 
 164 017d FC000000 		.ascii	"\374\000\000\000\000|\017\200\000>\017\300|\000\003"
 164      007C0F80 
 164      003E0FC0 
 164      7C0003
 165 018c FFF80000 		.ascii	"\377\370\000\000\000\000|\007\300\000>\017\340|\000"
 165      00007C07 
 165      C0003E0F 
 165      E07C00
 166 019b 03FFF000 		.ascii	"\003\377\360\000\000\000\000|\007\300\000>\017\340|"
 166      0000007C 
 166      07C0003E 
 166      0FE07C
 167 01aa 0003FFC0 		.ascii	"\000\003\377\300\000\000\000\000\000\000\000\000?\377"
 167      00000000 
 167      00000000 
 167      3FFF
 168 01b8 FFFC0000 		.ascii	"\377\374\000\000\000\000\000\000\000\000\000\000\000"
 168      00000000 
 168      00000000 
 168      00
 169 01c5 003FFFFF 		.ascii	"\000?\377\377\374\000\000\000\000\000\000\000\000\000"
 169      FC000000 
 169      00000000 
 169      0000
 170 01d3 0000003F 		.ascii	"\000\000\000?\377\377\374\000\000\000\000\000\000\000"
 170      FFFFFC00 
 170      00000000 
 170      0000
 171 01e1 00000000 		.ascii	"\000\000\000\000\000?\377\377\374\000\000\000\000\000"
 171      003FFFFF 
 171      FC000000 
 171      0000
 172 01ef 00000000 		.ascii	"\000\000\000\000\000\000\000?\377\377\374\000\000\000"
 172      0000003F 
 172      FFFFFC00 
 172      0000
 173 01fd 000000   		.ascii	"\000\000\000"
 174              		.section	.rodata.picachu,"a"
 175              		.align	2
 178              	picachu:
 179 0000 00000000 		.ascii	"\000\000\000\000\000\000\000\000\000\000\000\000\000"
 179      00000000 
 179      00000000 
 179      00
 180 000d 00000000 		.ascii	"\000\000\000\000\000\000\000\000\000\000\000\000\000"
ARM GAS  C:\Users\Zbigniew\AppData\Local\Temp\ccdyUyb5.s 			page 10


 180      00000000 
 180      00000000 
 180      00
 181 001a 00000000 		.ascii	"\000\000\000\000\000\000\017\377\377\340\000\177\377"
 181      00000FFF 
 181      FFE0007F 
 181      FF
 182 0027 FFFFFFFF 		.ascii	"\377\377\377\377\377\377\377\360\000\017\377\377\360"
 182      FFFFFFF0 
 182      000FFFFF 
 182      F0
 183 0034 000FFFFF 		.ascii	"\000\017\377\377\377\377\377\377\377\377\200\000\017"
 183      FFFFFFFF 
 183      FFFF8000 
 183      0F
 184 0041 FFFFF000 		.ascii	"\377\377\360\000\003\377\377\377\377\377\377\377\300"
 184      03FFFFFF 
 184      FFFFFFFF 
 184      C0
 185 004e 00000FFF 		.ascii	"\000\000\017\377\377\370\000\001\377\377\377\377\377"
 185      FFF80001 
 185      FFFFFFFF 
 185      FF
 186 005b FFFFC000 		.ascii	"\377\377\300\000\000\017\377\377\374\000\000\177\377"
 186      000FFFFF 
 186      FC00007F 
 186      FF
 187 0068 FFFFFFFF 		.ascii	"\377\377\377\377\376\000\000\000\017\377\377\376\000"
 187      FE000000 
 187      0FFFFFFE 
 187      00
 188 0075 003FFFFF 		.ascii	"\000?\377\377\377\377\377\370\000\000\000\017\377\377"
 188      FFFFFFF8 
 188      0000000F 
 188      FFFF
 189 0083 FF00000F 		.ascii	"\377\000\000\017\377\377\377\377\377\360\000\000\000"
 189      FFFFFFFF 
 189      FFF00000 
 189      00
 190 0090 0FFFFFFF 		.ascii	"\017\377\377\377\000\000\017\377\377\377\377\377\340"
 190      00000FFF 
 190      FFFFFFFF 
 190      E0
 191 009d 0000000F 		.ascii	"\000\000\000\017\377\377\377\200\000\001\377\377\377"
 191      FFFFFF80 
 191      0001FFFF 
 191      FF
 192 00aa FFFC0000 		.ascii	"\377\374\000\000\000 \017\377\377\377\200\000\001\377"
 192      00200FFF 
 192      FFFF8000 
 192      01FF
 193 00b8 FFFFFFF8 		.ascii	"\377\377\377\370\000\000\000 \017\377\377\377\340\000"
 193      00000020 
 193      0FFFFFFF 
 193      E000
 194 00c6 007FFC00 		.ascii	"\000\177\374\000\000\000\000\000\000`\017\377\377\377"
 194      00000000 
ARM GAS  C:\Users\Zbigniew\AppData\Local\Temp\ccdyUyb5.s 			page 11


 194      00600FFF 
 194      FFFF
 195 00d4 E0000000 		.ascii	"\340\000\000\000\000\000\000\000\000\000\000\340\017"
 195      00000000 
 195      000000E0 
 195      0F
 196 00e1 FFFFFFF8 		.ascii	"\377\377\377\370\000\000\000\000\000\000\000\000\000"
 196      00000000 
 196      00000000 
 196      00
 197 00ee 01E00FFF 		.ascii	"\001\340\017\377\377\377\374\000\000\000\000\000\000"
 197      FFFFFC00 
 197      00000000 
 197      00
 198 00fb 00000007 		.ascii	"\000\000\000\007\340\017\377\377\377\374\000\000\000"
 198      E00FFFFF 
 198      FFFC0000 
 198      00
 199 0108 00000000 		.ascii	"\000\000\000\000\000\000\007\340\017\377\377\377\374"
 199      000007E0 
 199      0FFFFFFF 
 199      FC
 200 0115 00000000 		.ascii	"\000\000\000\000\000\000\000\000\000\017\340\017\377"
 200      00000000 
 200      000FE00F 
 200      FF
 201 0122 FFFFFE00 		.ascii	"\377\377\376\000\000\000\000\000\000\000\000\000?\340"
 201      00000000 
 201      00000000 
 201      3FE0
 202 0130 0FFFFFFF 		.ascii	"\017\377\377\377\377\000\000\000\000\000\000\000\000"
 202      FF000000 
 202      00000000 
 202      00
 203 013d 007FE00F 		.ascii	"\000\177\340\017\377\377\377\377\200\000\000\000\000"
 203      FFFFFFFF 
 203      80000000 
 203      00
 204 014a 00000000 		.ascii	"\000\000\000\000\377\340\017\377\377\377\377\370\000"
 204      FFE00FFF 
 204      FFFFFFF8 
 204      00
 205 0157 00000000 		.ascii	"\000\000\000\000\000\000\017\377\340\017\377\377\377"
 205      00000FFF 
 205      E00FFFFF 
 205      FF
 206 0164 FFF00000 		.ascii	"\377\360\000\000\000\000\000\000\000\017\377\340\017"
 206      00000000 
 206      000FFFE0 
 206      0F
 207 0171 FFFFFFFF 		.ascii	"\377\377\377\377\360\000\000\000\000\000\000\000?\377"
 207      F0000000 
 207      00000000 
 207      3FFF
 208 017f E00FFFFF 		.ascii	"\340\017\377\377\377\377\340\000\000\000\000\000\000"
 208      FFFFE000 
 208      00000000 
ARM GAS  C:\Users\Zbigniew\AppData\Local\Temp\ccdyUyb5.s 			page 12


 208      00
 209 018c 00FFFFE0 		.ascii	"\000\377\377\340\017\377\377\377\377\300\000\000\000"
 209      0FFFFFFF 
 209      FFC00000 
 209      00
 210 0199 00000000 		.ascii	"\000\000\000\000\377\377\340\017\377\377\377\377\300"
 210      FFFFE00F 
 210      FFFFFFFF 
 210      C0
 211 01a6 00000000 		.ascii	"\000\000\000\000\000\000\000\177\377\340\017\377\377"
 211      0000007F 
 211      FFE00FFF 
 211      FF
 212 01b3 FFFFC000 		.ascii	"\377\377\300\000\000\000\000\000\000\000\177\377\340"
 212      00000000 
 212      00007FFF 
 212      E0
 213 01c0 0FFFFFFF 		.ascii	"\017\377\377\377\377\300\000\000\000\000\000\000\000"
 213      FFC00000 
 213      00000000 
 213      00
 214 01cd 3FFFE00F 		.ascii	"?\377\340\017\377\377\377\377\200\007\200\000\000\003"
 214      FFFFFFFF 
 214      80078000 
 214      0003
 215 01db F8003FFF 		.ascii	"\370\000?\377\340\017\377\377\377\377\200\037\200\000"
 215      E00FFFFF 
 215      FFFF801F 
 215      8000
 216 01e9 0007F800 		.ascii	"\000\007\370\000?\377\340\017\377\377\377\377\2007\300"
 216      3FFFE00F 
 216      FFFFFFFF 
 216      8037C0
 217 01f8 000004F8 		.ascii	"\000\000\004\370\000?\377\340\017\377\377\377\377\000"
 217      003FFFE0 
 217      0FFFFFFF 
 217      FF00
 218 0206 37E00000 		.ascii	"7\340\000\000\006\370\000?\377\340\017\377\377\377\377"
 218      06F8003F 
 218      FFE00FFF 
 218      FFFFFF
 219 0215 003FE000 		.ascii	"\000?\340\000\000\007\370\000\017\377\340\017\377\377"
 219      0007F800 
 219      0FFFE00F 
 219      FFFF
 220 0223 FFFF001F 		.ascii	"\377\377\000\037\340\000\000\007\370\000\017\377\340"
 220      E0000007 
 220      F8000FFF 
 220      E0
 221 0230 0FFFFFFF 		.ascii	"\017\377\377\377\377\000\037\340\000\000\007\370\000"
 221      FF001FE0 
 221      000007F8 
 221      00
 222 023d 0FFFE00F 		.ascii	"\017\377\340\017\377\377\377\377\000\017\340\000\000"
 222      FFFFFFFF 
 222      000FE000 
 222      00
ARM GAS  C:\Users\Zbigniew\AppData\Local\Temp\ccdyUyb5.s 			page 13


 223 024a 01F8000F 		.ascii	"\001\370\000\017\377\340\017\377\377\377\377\000\002"
 223      FFE00FFF 
 223      FFFFFF00 
 223      02
 224 0257 00000000 		.ascii	"\000\000\000\000`\000\017\377\340\017\377\377\377\376"
 224      60000FFF 
 224      E00FFFFF 
 224      FFFE
 225 0265 0000003C 		.ascii	"\000\000\000<\000\000\000\000\007\377\340\017\377\377"
 225      00000000 
 225      07FFE00F 
 225      FFFF
 226 0273 FFFE0000 		.ascii	"\377\376\000\000\000?\000\000\000\000\007\377\340\017"
 226      003F0000 
 226      000007FF 
 226      E00F
 227 0281 FFFFFFFE 		.ascii	"\377\377\377\376\000\000\000?\000\000\000\000\003\377"
 227      0000003F 
 227      00000000 
 227      03FF
 228 028f E00FFFFF 		.ascii	"\340\017\377\377\377\377\200\000\000?\000\000\000\000"
 228      FFFF8000 
 228      003F0000 
 228      0000
 229 029d 03FFE00F 		.ascii	"\003\377\340\017\377\377\377\377\370\000\000\000\000"
 229      FFFFFFFF 
 229      F8000000 
 229      00
 230 02aa 0003FC03 		.ascii	"\000\003\374\003\377\340\017\377\377\377\377\374\000"
 230      FFE00FFF 
 230      FFFFFFFC 
 230      00
 231 02b7 00000000 		.ascii	"\000\000\000\000\003\376\003\377\340\017\377\377\377"
 231      03FE03FF 
 231      E00FFFFF 
 231      FF
 232 02c4 FFFC0000 		.ascii	"\377\374\000\000\000\000\000\003\377\203\377\340\017"
 232      00000003 
 232      FF83FFE0 
 232      0F
 233 02d1 FFFFFFFF 		.ascii	"\377\377\377\377\376\000\000\000\000\000\007\377\201"
 233      FE000000 
 233      000007FF 
 233      81
 234 02de FFE00FFF 		.ascii	"\377\340\017\377\377\377\377\376\000\000\000\000\000"
 234      FFFFFFFE 
 234      00000000 
 234      00
 235 02eb 07FF81FF 		.ascii	"\007\377\201\377\340\017\377\377\377\377\376\000\000"
 235      E00FFFFF 
 235      FFFFFE00 
 235      00
 236 02f8 00000007 		.ascii	"\000\000\000\007\377\200\377\340\017\377\377\377\377"
 236      FF80FFE0 
 236      0FFFFFFF 
 236      FF
 237 0305 FC0000FF 		.ascii	"\374\000\000\377\370\000\007\377\200\177\340\017\377"
ARM GAS  C:\Users\Zbigniew\AppData\Local\Temp\ccdyUyb5.s 			page 14


 237      F80007FF 
 237      807FE00F 
 237      FF
 238 0312 FFFFFFFC 		.ascii	"\377\377\377\374\000\001\375\374\000\007\377\200\177"
 238      0001FDFC 
 238      0007FF80 
 238      7F
 239 031f E00FFFFF 		.ascii	"\340\017\377\377\377\377\374\000\001\360\034\000\007"
 239      FFFFFC00 
 239      01F01C00 
 239      07
 240 032c FF807FE0 		.ascii	"\377\200\177\340\017\377\377\377\377\370\000\001\340"
 240      0FFFFFFF 
 240      FFF80001 
 240      E0
 241 0339 0C0003FE 		.ascii	"\014\000\003\376\000\177\340\017\377\377\377\373\370"
 241      007FE00F 
 241      FFFFFFFB 
 241      F8
 242 0346 0001C00E 		.ascii	"\000\001\300\016\000\003\376\000\177\340\017\377\377"
 242      0003FE00 
 242      7FE00FFF 
 242      FF
 243 0353 FFF9C000 		.ascii	"\377\371\300\000\001\300\014\000\003\374\000\177\340"
 243      01C00C00 
 243      03FC007F 
 243      E0
 244 0360 0FFFFFFF 		.ascii	"\017\377\377\377\370\000\000\000\300\014\000\000\000"
 244      F8000000 
 244      C00C0000 
 244      00
 245 036d 003FE00F 		.ascii	"\000?\340\017\377\377\377\370\000\000\000\340\014\000"
 245      FFFFFFF8 
 245      000000E0 
 245      0C00
 246 037b 0000003F 		.ascii	"\000\000\000?\340\017\377\377\377\374\000\000\000`\034"
 246      E00FFFFF 
 246      FFFC0000 
 246      00601C
 247 038a 00000000 		.ascii	"\000\000\000\000?\340\017\377\377\377\374\000\000\000"
 247      3FE00FFF 
 247      FFFFFC00 
 247      0000
 248 0398 3FFC0000 		.ascii	"?\374\000\000\000\000\037\340\017\377\377\377\376\000"
 248      00001FE0 
 248      0FFFFFFF 
 248      FE00
 249 03a6 00003FFC 		.ascii	"\000\000?\374\000\000\000\000\037\340\017\377\377\377"
 249      00000000 
 249      1FE00FFF 
 249      FFFF
 250 03b4 FF000000 		.ascii	"\377\000\000\000\000\000\000\000\000\000\037\340\017"
 250      00000000 
 250      00001FE0 
 250      0F
 251 03c1 FFFFFFFF 		.ascii	"\377\377\377\377\000\000\000\000\000\000\000\000\000"
 251      00000000 
ARM GAS  C:\Users\Zbigniew\AppData\Local\Temp\ccdyUyb5.s 			page 15


 251      00000000 
 251      00
 252 03ce 1FE00FFF 		.ascii	"\037\340\017\377\377\377\377\000\000\000\000\000\000"
 252      FFFFFF00 
 252      00000000 
 252      00
 253 03db 0000001F 		.ascii	"\000\000\000\037\340\017\377\377\377\377\000\000\000"
 253      E00FFFFF 
 253      FFFF0000 
 253      00
 254 03e8 00000000 		.ascii	"\000\000\000\000\000\000\017\340\017\377\377\377\377"
 254      00000FE0 
 254      0FFFFFFF 
 254      FF
 255 03f5 00000000 		.ascii	"\000\000\000\000\000\000\000\000\000\017\340\017\377"
 255      00000000 
 255      000FE00F 
 255      FF
 256 0402 FFFFFF00 		.ascii	"\377\377\377\000\000\000\000\000\000\000\000\000\017"
 256      00000000 
 256      00000000 
 256      0F
 257 040f E0000000 		.ascii	"\340\000\000\000\000\000\000\000\000\000\000\000\000"
 257      00000000 
 257      00000000 
 257      00
 258 041c 00000000 		.ascii	"\000\000\000\000"
 259              		.section	.rodata.psd_logo_big,"a"
 260              		.align	2
 263              	psd_logo_big:
 264 0000 00000000 		.ascii	"\000\000\000\000\000\000\000\000\000\000\000\000\000"
 264      00000000 
 264      00000000 
 264      00
 265 000d 00000000 		.ascii	"\000\000\000\000\000\000\000\000\000\007\377\377\000"
 265      00000000 
 265      0007FFFF 
 265      00
 266 001a 00000000 		.ascii	"\000\000\000\000\000\000\000\000\000\000\000\000\017"
 266      00000000 
 266      00000000 
 266      0F
 267 0027 FFFF8000 		.ascii	"\377\377\200\000\000\000\000\000\000\000\000\000\000"
 267      00000000 
 267      00000000 
 267      00
 268 0034 00007FFF 		.ascii	"\000\000\177\377\377\360\000\000\000\000\000\000\000"
 268      FFF00000 
 268      00000000 
 268      00
 269 0041 00000000 		.ascii	"\000\000\000\000\001\377\377\377\374\000\000\000\000"
 269      01FFFFFF 
 269      FC000000 
 269      00
 270 004e 00000000 		.ascii	"\000\000\000\000\000\000\000\003\377\377\377\376\000"
 270      00000003 
 270      FFFFFFFE 
ARM GAS  C:\Users\Zbigniew\AppData\Local\Temp\ccdyUyb5.s 			page 16


 270      00
 271 005b 00000000 		.ascii	"\000\000\000\000\000\000\000\000\000\000\017\377\377"
 271      00000000 
 271      00000FFF 
 271      FF
 272 0068 FFFF8000 		.ascii	"\377\377\200\000\000\000\000\000\000\000\000\000\000"
 272      00000000 
 272      00000000 
 272      00
 273 0075 0FFFFFFF 		.ascii	"\017\377\377\377\377\300\000\000\000\000\000\000\000"
 273      FFC00000 
 273      00000000 
 273      00
 274 0082 0000001F 		.ascii	"\000\000\000\037\377\377\377\377\300\000\000\000\000"
 274      FFFFFFFF 
 274      C0000000 
 274      00
 275 008f 00000000 		.ascii	"\000\000\000\000\000\000\177\377\377\377\377\360\000"
 275      00007FFF 
 275      FFFFFFF0 
 275      00
 276 009c 00000000 		.ascii	"\000\000\000\000\000\000\000\000\000\177\377\377\377"
 276      00000000 
 276      007FFFFF 
 276      FF
 277 00a9 FFF80000 		.ascii	"\377\370\000\000\000\000\000\000\000\000\000\003\377"
 277      00000000 
 277      00000003 
 277      FF
 278 00b6 FFFFFFFF 		.ascii	"\377\377\377\377\374\000\000\000\000\000\000\000\000"
 278      FC000000 
 278      00000000 
 278      00
 279 00c3 0003FFFF 		.ascii	"\000\003\377\377\377\377\377\376\000\000\000\000\000"
 279      FFFFFFFE 
 279      00000000 
 279      00
 280 00d0 00000000 		.ascii	"\000\000\000\000\007\377\377\377\377\377\377\000\000"
 280      07FFFFFF 
 280      FFFFFF00 
 280      00
 281 00dd 00000000 		.ascii	"\000\000\000\000\000\000\000\017\377\377\377\377\377"
 281      0000000F 
 281      FFFFFFFF 
 281      FF
 282 00ea FF800000 		.ascii	"\377\200\000\000\000\000\000\000\000\000\037\377\377"
 282      00000000 
 282      00001FFF 
 282      FF
 283 00f7 FFFFFFFF 		.ascii	"\377\377\377\377\200\000\000\000\000\000\000\000\000"
 283      80000000 
 283      00000000 
 283      00
 284 0104 1FFFFFFF 		.ascii	"\037\377\377\377\377\377\377\200\000\000\000\000\000"
 284      FFFFFF80 
 284      00000000 
 284      00
ARM GAS  C:\Users\Zbigniew\AppData\Local\Temp\ccdyUyb5.s 			page 17


 285 0111 0000001F 		.ascii	"\000\000\000\037\377\360\000\000\177\377\300\000\000"
 285      FFF00000 
 285      7FFFC000 
 285      00
 286 011e 00000000 		.ascii	"\000\000\000\000\000\000?\377\200\000\000\007\377\340"
 286      00003FFF 
 286      80000007 
 286      FFE0
 287 012c 00000000 		.ascii	"\000\000\000\000\000\000\000\000?\374\000\000\000\000"
 287      00000000 
 287      3FFC0000 
 287      0000
 288 013a 7FF00000 		.ascii	"\177\360\000\000\000\000\000\000\000\000?\360\000\377"
 288      00000000 
 288      00003FF0 
 288      00FF
 289 0148 C0001FF0 		.ascii	"\300\000\037\360\000\000\000\000\000\000\000\000~\003"
 289      00000000 
 289      00000000 
 289      7E03
 290 0156 FFFFFFFF 		.ascii	"\377\377\377\377\200\000\000\000\000\000\000\000\000"
 290      80000000 
 290      00000000 
 290      00
 291 0163 007C0FFF 		.ascii	"\000|\017\377\377\377\377\340\000\000\000\000\000\000"
 291      FFFFFFE0 
 291      00000000 
 291      0000
 292 0171 00000060 		.ascii	"\000\000\000`\177\377\377\377\377\377\300\000\000\000"
 292      7FFFFFFF 
 292      FFFFC000 
 292      0000
 293 017f 00000000 		.ascii	"\000\000\000\000\000@\377\377\377\377\377\377\360\000"
 293      0040FFFF 
 293      FFFFFFFF 
 293      F000
 294 018d 00000000 		.ascii	"\000\000\000\000\000\000\000\003\377\377\377\377\377"
 294      00000003 
 294      FFFFFFFF 
 294      FF
 295 019a FFF00000 		.ascii	"\377\360\000\000\000\000\000\000\000\000\000\000\000"
 295      00000000 
 295      00000000 
 295      00
 296 01a7 003FFFFF 		.ascii	"\000?\377\377\370\000\000\000\000\000\000\000\000\000"
 296      F8000000 
 296      00000000 
 296      0000
 297 01b5 00000000 		.ascii	"\000\000\000\000\037\377\370\000\000\000\000\000\000"
 297      1FFFF800 
 297      00000000 
 297      00
 298 01c2 00000000 		.ascii	"\000\000\000\000\000\000\000\000\037\370\000\000\000"
 298      00000000 
 298      1FF80000 
 298      00
 299 01cf 00000000 		.ascii	"\000\000\000\000\000\377\377\377\377\340\000\000\000"
ARM GAS  C:\Users\Zbigniew\AppData\Local\Temp\ccdyUyb5.s 			page 18


 299      00FFFFFF 
 299      FFE00000 
 299      00
 300 01dc 00000000 		.ascii	"\000\000\000\000\000\000\000\000\377\377\377\377\377"
 300      00000000 
 300      FFFFFFFF 
 300      FF
 301 01e9 C0000000 		.ascii	"\300\000\000\000\000\000\000\000\000\000\000\377\377"
 301      00000000 
 301      000000FF 
 301      FF
 302 01f6 FFFFFFFF 		.ascii	"\377\377\377\377\377\370\000\000\000\000\000\000\000"
 302      FFF80000 
 302      00000000 
 302      00
 303 0203 00FFFFFF 		.ascii	"\000\377\377\377\377\377\377\377\370\000\000\000\000"
 303      FFFFFFFF 
 303      F8000000 
 303      00
 304 0210 00000000 		.ascii	"\000\000\000\000\377\377\377\377\377\377\377\370\000"
 304      FFFFFFFF 
 304      FFFFFFF8 
 304      00
 305 021d 00000000 		.ascii	"\000\000\000\000\000\000\000\377\377\377\377\377\377"
 305      000000FF 
 305      FFFFFFFF 
 305      FF
 306 022a FFF80000 		.ascii	"\377\370\000\000\000\000\000\000\000\000\377\377\377"
 306      00000000 
 306      0000FFFF 
 306      FF
 307 0237 FFFFFFFF 		.ascii	"\377\377\377\377\370\000\000\000\000\000\000\000\000"
 307      F8000000 
 307      00000000 
 307      00
 308 0244 FFFFFFFF 		.ascii	"\377\377\377\377\377\377\377\370\000\000\000\000\000"
 308      FFFFFFF8 
 308      00000000 
 308      00
 309 0251 00000000 		.ascii	"\000\000\000\000\000\000\000\000\000\000\000\000\000"
 309      00000000 
 309      00000000 
 309      00
 310 025e 00000000 		.ascii	"\000\000\000\000\000\000\000\000\000\000\000\000\000"
 310      00000000 
 310      00000000 
 310      00
 311 026b 00000000 		.ascii	"\000\000\000\000\000\000\000\000\000\000\000\000\000"
 311      00000000 
 311      00000000 
 311      00
 312 0278 00000000 		.ascii	"\000\000\000\000\000\000\000\000\000\000\000\000\177"
 312      00000000 
 312      00000000 
 312      7F
 313 0285 FFFFFFFF 		.ascii	"\377\377\377\377\377\377\360\000\000\000\000\000\000"
 313      FFFFF000 
ARM GAS  C:\Users\Zbigniew\AppData\Local\Temp\ccdyUyb5.s 			page 19


 313      00000000 
 313      00
 314 0292 00007FFF 		.ascii	"\000\000\177\377\377\377\377\377\377\360\000\000\000"
 314      FFFFFFFF 
 314      FFF00000 
 314      00
 315 029f 00000000 		.ascii	"\000\000\000\000\000?\377\377\377\377\377\377\360\000"
 315      003FFFFF 
 315      FFFFFFFF 
 315      F000
 316 02ad 00000000 		.ascii	"\000\000\000\000\000\000\000?\377\377\377\377\377\377"
 316      0000003F 
 316      FFFFFFFF 
 316      FFFF
 317 02bb F0000000 		.ascii	"\360\000\000\000\000\000\000\000\000\000\000\000\000"
 317      00000000 
 317      00000000 
 317      00
 318 02c8 00000000 		.ascii	"\000\000\000\000\000\000\000\000\000\000\000\000\000"
 318      00000000 
 318      00000000 
 318      00
 319 02d5 00000000 		.ascii	"\000\000\000\000\000\000\000\000\000\000\000\000\000"
 319      00000000 
 319      00000000 
 319      00
 320 02e2 00000000 		.ascii	"\000\000\000\000\000\000\000\000\000\000\000\000\000"
 320      00000000 
 320      00000000 
 320      00
 321 02ef 00000000 		.ascii	"\000\000\000\000\000\037\377\377\377\377\377\377\200"
 321      001FFFFF 
 321      FFFFFFFF 
 321      80
 322 02fc 00000000 		.ascii	"\000\000\000\000\000\000\000\000\017\377\377\377\377"
 322      00000000 
 322      0FFFFFFF 
 322      FF
 323 0309 FFFF8000 		.ascii	"\377\377\200\000\000\000\000\000\000\000\000\007\377"
 323      00000000 
 323      00000007 
 323      FF
 324 0316 FFFFFFFF 		.ascii	"\377\377\377\377\377\200\000\000\000\000\000\000\000"
 324      FF800000 
 324      00000000 
 324      00
 325 0323 0007FFFF 		.ascii	"\000\007\377\377\377\377\377\377\000\000\000\000\000"
 325      FFFFFFFF 
 325      00000000 
 325      00
 326 0330 00000000 		.ascii	"\000\000\000\000\003\377\377\377\377\377\376\000\000"
 326      03FFFFFF 
 326      FFFFFE00 
 326      00
 327 033d 00000000 		.ascii	"\000\000\000\000\000\000\000\001\377\377\377\377\377"
 327      00000001 
 327      FFFFFFFF 
ARM GAS  C:\Users\Zbigniew\AppData\Local\Temp\ccdyUyb5.s 			page 20


 327      FF
 328 034a FC000000 		.ascii	"\374\000\000\000\000\000\000\000\000\000\000\377\377"
 328      00000000 
 328      000000FF 
 328      FF
 329 0357 FFFFFFF8 		.ascii	"\377\377\377\370\000\000\000\000\000\000\000\000\000"
 329      00000000 
 329      00000000 
 329      00
 330 0364 007FFFFF 		.ascii	"\000\177\377\377\377\377\340\000\000\000\000\000\000"
 330      FFFFE000 
 330      00000000 
 330      00
 331 0371 00000000 		.ascii	"\000\000\000\000\037\377\377\377\377\340\000\000\000"
 331      1FFFFFFF 
 331      FFE00000 
 331      00
 332 037e 00000000 		.ascii	"\000\000\000\000\000\000\000\017\377\377\377\377\300"
 332      0000000F 
 332      FFFFFFFF 
 332      C0
 333 038b 00000000 		.ascii	"\000\000\000\000\000\000\000\000\000\000\017\377\377"
 333      00000000 
 333      00000FFF 
 333      FF
 334 0398 FFFF8000 		.ascii	"\377\377\200\000\000\000\000\000\000\000\000\000\000"
 334      00000000 
 334      00000000 
 334      00
 335 03a5 03FFFFFF 		.ascii	"\003\377\377\377\376\000\000\000\000\000\000\000\000"
 335      FE000000 
 335      00000000 
 335      00
 336 03b2 00000001 		.ascii	"\000\000\000\001\377\377\377\374\000\000\000\000\000"
 336      FFFFFFFC 
 336      00000000 
 336      00
 337 03bf 00000000 		.ascii	"\000\000\000\000\000\000\000?\377\377\340\000\000\000"
 337      0000003F 
 337      FFFFE000 
 337      0000
 338 03cd 00000000 		.ascii	"\000\000\000\000\000\000\000\000\000\017\377\377\200"
 338      00000000 
 338      000FFFFF 
 338      80
 339 03da 00000000 		.ascii	"\000\000\000\000\000\000\000\000\000\000\000\000\000"
 339      00000000 
 339      00000000 
 339      00
 340 03e7 00000000 		.ascii	"\000\000\000\000\000\000\000\000\000\000\000\000\000"
 340      00000000 
 340      00000000 
 340      00
 341 03f4 00000000 		.ascii	"\000\000\000\000\000\000\000\000\000\000\000\000"
 341      00000000 
 341      00000000 
 342              		.section	.rodata.reverse,"a"
ARM GAS  C:\Users\Zbigniew\AppData\Local\Temp\ccdyUyb5.s 			page 21


 343              		.align	2
 346              	reverse:
 347 0000 000FFFFF 		.ascii	"\000\017\377\377\376\000\000\000\000\000\000\000\000"
 347      FE000000 
 347      00000000 
 347      00
 348 000d 00000000 		.ascii	"\000\000\000\000\017\377\377\376\000\000\000\000\000"
 348      0FFFFFFE 
 348      00000000 
 348      00
 349 001a 00000000 		.ascii	"\000\000\000\000\000\000\000\017\377\377\376\000\000"
 349      0000000F 
 349      FFFFFE00 
 349      00
 350 0027 00000000 		.ascii	"\000\000\000\000\000\000\000\000\000\000\017\377\377"
 350      00000000 
 350      00000FFF 
 350      FF
 351 0034 FE000000 		.ascii	"\376\000\000\000\000\000\000\000\000\000\000\000\000"
 351      00000000 
 351      00000000 
 351      00
 352 0041 0F8003FE 		.ascii	"\017\200\003\376\000\001\370\007\200\000\003\377\300"
 352      0001F807 
 352      800003FF 
 352      C0
 353 004e 0000000F 		.ascii	"\000\000\000\017\200\000\376\000\001\370\007\200\000"
 353      8000FE00 
 353      01F80780 
 353      00
 354 005b 03FFF000 		.ascii	"\003\377\360\000\000\000\017\200\000\376\000\001\374"
 354      00000F80 
 354      00FE0001 
 354      FC
 355 0068 07800003 		.ascii	"\007\200\000\003\377\370\000\000\000\017\200\000~\000"
 355      FFF80000 
 355      000F8000 
 355      7E00
 356 0076 01FC0780 		.ascii	"\001\374\007\200\000\003\377\374\000\000\000\017\203"
 356      0003FFFC 
 356      0000000F 
 356      83
 357 0083 F07E0001 		.ascii	"\360~\000\001\376\007\200\000\003\340|\000\000\000\017"
 357      FE078000 
 357      03E07C00 
 357      00000F
 358 0092 83F83E00 		.ascii	"\203\370>\000\001\376\007\200\000\003\340>\000\000\000"
 358      01FE0780 
 358      0003E03E 
 358      000000
 359 00a1 0F83F83E 		.ascii	"\017\203\370>\000\001\377\007\200\000\003\340>\000\000"
 359      0001FF07 
 359      800003E0 
 359      3E0000
 360 00b0 000F83F8 		.ascii	"\000\017\203\370>\000\001\377\007\200\000\003\340\036"
 360      3E0001FF 
 360      07800003 
ARM GAS  C:\Users\Zbigniew\AppData\Local\Temp\ccdyUyb5.s 			page 22


 360      E01E
 361 00be 0000000F 		.ascii	"\000\000\000\017\203\370>\000\001\367\207\200\000\003"
 361      83F83E00 
 361      01F78780 
 361      0003
 362 00cc E01E0000 		.ascii	"\340\036\000\000\000\017\203\360~\000\001\367\207\200"
 362      000F83F0 
 362      7E0001F7 
 362      8780
 363 00da 0003E01E 		.ascii	"\000\003\340\036\000\000\000\017\200\000~\000\001\363"
 363      0000000F 
 363      80007E00 
 363      01F3
 364 00e8 C7800003 		.ascii	"\307\200\000\003\340\036\000\000\000\017\200\000\376"
 364      E01E0000 
 364      000F8000 
 364      FE
 365 00f5 0001F3C7 		.ascii	"\000\001\363\307\200\000\003\340\036\000\000\000\017"
 365      800003E0 
 365      1E000000 
 365      0F
 366 0102 8000FE00 		.ascii	"\200\000\376\000\001\361\347\200\000\003\340\036\000"
 366      01F1E780 
 366      0003E01E 
 366      00
 367 010f 00000F80 		.ascii	"\000\000\017\200\003\376\000\001\361\347\200\000\003"
 367      03FE0001 
 367      F1E78000 
 367      03
 368 011c E01E0000 		.ascii	"\340\036\000\000\000\017\203\203\376\000\001\360\367"
 368      000F8383 
 368      FE0001F0 
 368      F7
 369 0129 800003E0 		.ascii	"\200\000\003\340\036\000\000\000\017\203\203\376\000"
 369      1E000000 
 369      0F8383FE 
 369      00
 370 0136 01F0F780 		.ascii	"\001\360\367\200\000\003\340\036\000\000\000\017\203"
 370      0003E01E 
 370      0000000F 
 370      83
 371 0143 C1FE0001 		.ascii	"\301\376\000\001\360\377\200\000\003\340>\000\000\000"
 371      F0FF8000 
 371      03E03E00 
 371      0000
 372 0151 0F83C1FE 		.ascii	"\017\203\301\376\000\001\360\177\200\000\003\340>\000"
 372      0001F07F 
 372      800003E0 
 372      3E00
 373 015f 00000F83 		.ascii	"\000\000\017\203\340\376\000\001\360\177\200\000\003"
 373      E0FE0001 
 373      F07F8000 
 373      03
 374 016c E07C0000 		.ascii	"\340|\000\000\000\017\203\360~\000\001\360?\200\000"
 374      000F83F0 
 374      7E0001F0 
 374      3F8000
ARM GAS  C:\Users\Zbigniew\AppData\Local\Temp\ccdyUyb5.s 			page 23


 375 017b 03FFFC00 		.ascii	"\003\377\374\000\000\000\017\203\360~\000\001\360?\200"
 375      00000F83 
 375      F07E0001 
 375      F03F80
 376 018a 0003FFF8 		.ascii	"\000\003\377\370\000\000\000\017\203\370>\000\001\360"
 376      0000000F 
 376      83F83E00 
 376      01F0
 377 0198 1F800003 		.ascii	"\037\200\000\003\377\360\000\000\000\017\203\370>\000"
 377      FFF00000 
 377      000F83F8 
 377      3E00
 378 01a6 01F01F80 		.ascii	"\001\360\037\200\000\003\377\300\000\000\000\017\377"
 378      0003FFC0 
 378      0000000F 
 378      FF
 379 01b3 FFFE0000 		.ascii	"\377\376\000\000\000\000\000\000\000\000\000\000\000"
 379      00000000 
 379      00000000 
 379      00
 380 01c0 000FFFFF 		.ascii	"\000\017\377\377\376\000\000\000\000\000\000\000\000"
 380      FE000000 
 380      00000000 
 380      00
 381 01cd 00000000 		.ascii	"\000\000\000\000\017\377\377\376\000\000\000\000\000"
 381      0FFFFFFE 
 381      00000000 
 381      00
 382 01da 00000000 		.ascii	"\000\000\000\000\000\000\000\017\377\377\376\000\000"
 382      0000000F 
 382      FFFFFE00 
 382      00
 383 01e7 00000000 		.ascii	"\000\000\000\000\000\000\000\000\000\000\017\377\377"
 383      00000000 
 383      00000FFF 
 383      FF
 384 01f4 FE000000 		.ascii	"\376\000\000\000\000\000\000\000\000\000\000\000"
 384      00000000 
 384      00000000 
 385              		.section	.rodata.trollface,"a"
 386              		.align	2
 389              	trollface:
 390 0000 00000000 		.ascii	"\000\000\000\000\000\000\000\000\000\000\000\000\000"
 390      00000000 
 390      00000000 
 390      00
 391 000d 00000000 		.ascii	"\000\000\000\000\000\000\000\000\000\000\000\000\000"
 391      00000000 
 391      00000000 
 391      00
 392 001a 00000000 		.ascii	"\000\000\000\000\000\000\000\000\000\000\000\000\000"
 392      00000000 
 392      00000000 
 392      00
 393 0027 00000000 		.ascii	"\000\000\000\000\000\000\000\000\000\000\000\000\000"
 393      00000000 
 393      00000000 
ARM GAS  C:\Users\Zbigniew\AppData\Local\Temp\ccdyUyb5.s 			page 24


 393      00
 394 0034 00000000 		.ascii	"\000\000\000\000\000\000\000\000\000\000\000\000\000"
 394      00000000 
 394      00000000 
 394      00
 395 0041 00000000 		.ascii	"\000\000\000\000\000\000\000\000\000\000\000\000\000"
 395      00000000 
 395      00000000 
 395      00
 396 004e 00000000 		.ascii	"\000\000\000\000\000\000\000\000\000\000\000\000\000"
 396      00000000 
 396      00000000 
 396      00
 397 005b 00000000 		.ascii	"\000\000\000\000\000\000\000\000\000\000\000\000\000"
 397      00000000 
 397      00000000 
 397      00
 398 0068 00000000 		.ascii	"\000\000\000\000\000\000\000\000\000\000\000\000\000"
 398      00000000 
 398      00000000 
 398      00
 399 0075 00000000 		.ascii	"\000\000\000\000\000\000\000\000\000\000\000\000\000"
 399      00000000 
 399      00000000 
 399      00
 400 0082 00000000 		.ascii	"\000\000\000\000\000\000\000\000\000\000\000\000\000"
 400      00000000 
 400      00000000 
 400      00
 401 008f 00000000 		.ascii	"\000\000\000\000\000\037\376\000\000\000\000\000\000"
 401      001FFE00 
 401      00000000 
 401      00
 402 009c 00000000 		.ascii	"\000\000\000\000\000\000\000?\377\377\374\000\000\000"
 402      0000003F 
 402      FFFFFC00 
 402      0000
 403 00aa 00000000 		.ascii	"\000\000\000\000\000\000\000\000\000`\007\360\037\300"
 403      00000000 
 403      006007F0 
 403      1FC0
 404 00b8 00000000 		.ascii	"\000\000\000\000\000\000\000\000\000\000\000\200@\000"
 404      00000000 
 404      00000080 
 404      4000
 405 00c6 001C0000 		.ascii	"\000\034\000\000\000\000\000\000\000\000\000\000\001"
 405      00000000 
 405      00000000 
 405      01
 406 00d3 801C0703 		.ascii	"\200\034\007\003\206\000\000\000\000\000\000\000\000"
 406      86000000 
 406      00000000 
 406      00
 407 00e0 00000302 		.ascii	"\000\000\003\002`\000\000\003\000\000\000\000\000\000"
 407      60000003 
 407      00000000 
 407      0000
ARM GAS  C:\Users\Zbigniew\AppData\Local\Temp\ccdyUyb5.s 			page 25


 408 00ee 00000000 		.ascii	"\000\000\000\000\003\000\030\000\000\001\200\000\000"
 408      03001800 
 408      00018000 
 408      00
 409 00fb 00000000 		.ascii	"\000\000\000\000\000\000\000\006\022\000\000\000 \000"
 409      00000006 
 409      12000000 
 409      2000
 410 0109 00000000 		.ascii	"\000\000\000\000\000\000\000\000\000\006\000\000\000"
 410      00000000 
 410      00060000 
 410      00
 411 0116 00004000 		.ascii	"\000\000@\000\000\000\000\000\000\000\000\000\004\002"
 411      00000000 
 411      00000000 
 411      0402
 412 0124 00000000 		.ascii	"\000\000\000\000@\000\000\000\000\000\000\000\000\000"
 412      40000000 
 412      00000000 
 412      0000
 413 0132 0C007F80 		.ascii	"\014\000\177\200\000\000@\000\000\000\000\000\000\000"
 413      00004000 
 413      00000000 
 413      0000
 414 0140 00001800 		.ascii	"\000\000\030\000\374\340\003\200`\000\000\000\000\000"
 414      FCE00380 
 414      60000000 
 414      0000
 415 014e 00000000 		.ascii	"\000\000\000\000=\013|0\036`0\000\000\000\000\000\000"
 415      3D0B7C30 
 415      1E603000 
 415      00000000 
 415      00
 416 015f 00000068 		.ascii	"\000\000\000h\013\377\220\377\340X\000\000\000\000\000"
 416      0BFF90FF 
 416      E0580000 
 416      000000
 417 016e 00000000 		.ascii	"\000\000\000\000\341\340\030\360\360\000,\000\000\000"
 417      E1E018F0 
 417      F0002C00 
 417      0000
 418 017c 00000000 		.ascii	"\000\000\000\000\000\000\20780  \000\\\000\000\000\000"
 418      00008738 
 418      30202000 
 418      5C000000 
 418      00
 419 018d 00000000 		.ascii	"\000\000\000\000\001\010\017\340\000 \237\244\000\000"
 419      01080FE0 
 419      00209FA4 
 419      0000
 420 019b 00000000 		.ascii	"\000\000\000\000\000\000\001\030\300\000\000 \360$\000"
 420      00000118 
 420      C0000020 
 420      F02400
 421 01aa 00000000 		.ascii	"\000\000\000\000\000\000\000\003\020\340\000\000\030"
 421      00000003 
 421      10E00000 
ARM GAS  C:\Users\Zbigniew\AppData\Local\Temp\ccdyUyb5.s 			page 26


 421      18
 422 01b7 74240000 		.ascii	"t$\000\000\000\000\000\000\000\000\003\023\270\001\360"
 422      00000000 
 422      00000313 
 422      B801F0
 423 01c6 0C042400 		.ascii	"\014\004$\000\000\000\000\000\000\000\000\001\036\207"
 423      00000000 
 423      00000001 
 423      1E87
 424 01d4 00880F06 		.ascii	"\000\210\017\006\014\000\000\000\000\000\000\000\000"
 424      0C000000 
 424      00000000 
 424      00
 425 01e1 0108C3E0 		.ascii	"\001\010\303\340\236\012\206(\000\000\000\000\000\000"
 425      9E0A8628 
 425      00000000 
 425      0000
 426 01ef 00000180 		.ascii	"\000\000\001\200\343x\300\220\017\020\000\000\000\000"
 426      E378C090 
 426      0F100000 
 426      0000
 427 01fd 00000000 		.ascii	"\000\000\000\000\000\300\363\037\000\340\037\020\000"
 427      00C0F31F 
 427      00E01F10 
 427      00
 428 020a 00000000 		.ascii	"\000\000\000\000\000\000\000\000\300\177\001\340`w0"
 428      00000000 
 428      C07F01E0 
 428      607730
 429 0219 00000000 		.ascii	"\000\000\000\000\000\000\000\000\000 7\303\037\377\233"
 429      00000000 
 429      002037C3 
 429      1FFF9B
 430 0228 30000000 		.ascii	"0\000\000\000\000\000\000\000\000\0008\023\373\002\020"
 430      00000000 
 430      00003813 
 430      FB0210
 431 0237 9B200000 		.ascii	"\233 \000\000\000\000\000\000\000\000\000\030\031\177"
 431      00000000 
 431      00000018 
 431      197F
 432 0245 0210DF20 		.ascii	"\002\020\337 \000\000\000\000\000\000\000\000\000\010"
 432      00000000 
 432      00000000 
 432      0008
 433 0253 0D1FC211 		.ascii	"\015\037\302\021\377 \000\000\000\000\000\000\000\000"
 433      FF200000 
 433      00000000 
 433      0000
 434 0261 00040603 		.ascii	"\000\004\006\003\377\377\377 \000\000\000\000\000\000"
 434      FFFFFF20 
 434      00000000 
 434      0000
 435 026f 00000004 		.ascii	"\000\000\000\004\003\002?\377\377 \000\000\000\000\000"
 435      03023FFF 
 435      FF200000 
 435      000000
ARM GAS  C:\Users\Zbigniew\AppData\Local\Temp\ccdyUyb5.s 			page 27


 436 027e 00000000 		.ascii	"\000\000\000\000\006\001\304\007\377\376 \000\000\000"
 436      0601C407 
 436      FFFE2000 
 436      0000
 437 028c 00000000 		.ascii	"\000\000\000\000\000\000\003\000\344\0043\252 \000\000"
 437      00000300 
 437      E40433AA 
 437      200000
 438 029b 00000000 		.ascii	"\000\000\000\000\000\000\000\001\200<\014\"\\0\000\000"
 438      00000001 
 438      803C0C22 
 438      5C300000 
 439 02ab 00000000 		.ascii	"\000\000\000\000\000\000\000\000\311\017\014\"\\0\000"
 439      00000000 
 439      C90F0C22 
 439      5C3000
 440 02ba 00000000 		.ascii	"\000\000\000\000\000\000\000\000\000fC\374'\3700\000"
 440      00000000 
 440      006643FC 
 440      27F83000 
 441 02ca 00000000 		.ascii	"\000\000\000\000\000\000\000\000\000\031\020\177\377"
 441      00000000 
 441      0019107F 
 441      FF
 442 02d7 C0100000 		.ascii	"\300\020\000\000\000\000\000\000\000\000\000\000\014"
 442      00000000 
 442      00000000 
 442      0C
 443 02e4 64000000 		.ascii	"d\000\000\000\020\000\000\000\000\000\000\000\000\000"
 443      10000000 
 443      00000000 
 443      0000
 444 02f2 00038C80 		.ascii	"\000\003\214\200\000\020\020\000\000\000\000\000\000"
 444      00101000 
 444      00000000 
 444      00
 445 02ff 00000000 		.ascii	"\000\000\000\000\000\341\030\000`\020\000\000\000\000"
 445      00E11800 
 445      60100000 
 445      0000
 446 030d 00000000 		.ascii	"\000\000\000\000\000\000\0008 \000\002\020\000\000\000"
 446      00000038 
 446      20000210 
 446      000000
 447 031c 00000000 		.ascii	"\000\000\000\000\000\000\000\000\014\003\000\014\020"
 447      00000000 
 447      0C03000C 
 447      10
 448 0329 00000000 		.ascii	"\000\000\000\000\000\000\000\000\000\000\000\003\200"
 448      00000000 
 448      00000003 
 448      80
 449 0336 00003000 		.ascii	"\000\0000\000\000\000\000\000\000\000\000\000\000\000"
 449      00000000 
 449      00000000 
 449      0000
 450 0344 00F80000 		.ascii	"\000\370\000\000`\000\000\000\000\000\000\000\000\000"
ARM GAS  C:\Users\Zbigniew\AppData\Local\Temp\ccdyUyb5.s 			page 28


 450      60000000 
 450      00000000 
 450      0000
 451 0352 0000003F 		.ascii	"\000\000\000?\000\000\300\000\000\000\000\000\000\000"
 451      0000C000 
 451      00000000 
 451      0000
 452 0360 00000000 		.ascii	"\000\000\000\000\000\007\340\003\200\000\000\000\000"
 452      0007E003 
 452      80000000 
 452      00
 453 036d 00000000 		.ascii	"\000\000\000\000\000\000\000\000\000?\377\000\000\000"
 453      00000000 
 453      003FFF00 
 453      0000
 454 037b 00000000 		.ascii	"\000\000\000\000\000\000\000\000\000\000\000\000\000"
 454      00000000 
 454      00000000 
 454      00
 455 0388 00000000 		.ascii	"\000\000\000\000\000\000\000\000\000\000\000\000\000"
 455      00000000 
 455      00000000 
 455      00
 456 0395 00000000 		.ascii	"\000\000\000\000\000\000\000\000\000\000\000\000\000"
 456      00000000 
 456      00000000 
 456      00
 457 03a2 00000000 		.ascii	"\000\000\000\000\000\000\000\000\000\000\000\000\000"
 457      00000000 
 457      00000000 
 457      00
 458 03af 00000000 		.ascii	"\000\000\000\000\000\000\000\000\000\000\000\000\000"
 458      00000000 
 458      00000000 
 458      00
 459 03bc 00000000 		.ascii	"\000\000\000\000\000\000\000\000\000\000\000\000\000"
 459      00000000 
 459      00000000 
 459      00
 460 03c9 00000000 		.ascii	"\000\000\000\000\000\000\000\000\000\000\000\000\000"
 460      00000000 
 460      00000000 
 460      00
 461 03d6 00000000 		.ascii	"\000\000\000\000\000\000\000\000\000\000\000\000\000"
 461      00000000 
 461      00000000 
 461      00
 462 03e3 00000000 		.ascii	"\000\000\000\000\000\000\000\000\000\000\000\000\000"
 462      00000000 
 462      00000000 
 462      00
 463 03f0 00000000 		.ascii	"\000\000\000\000\000\000\000\000\000\000\000\000\000"
 463      00000000 
 463      00000000 
 463      00
 464 03fd 000000   		.ascii	"\000\000\000"
 465              		.text
ARM GAS  C:\Users\Zbigniew\AppData\Local\Temp\ccdyUyb5.s 			page 29


 466              	.Letext0:
 467              		.file 1 "Drivers/u8glib/pictures.h"
 468              		.file 2 "Drivers/u8glib/pictures.c"
ARM GAS  C:\Users\Zbigniew\AppData\Local\Temp\ccdyUyb5.s 			page 30


DEFINED SYMBOLS
                            *ABS*:0000000000000000 pictures.c
C:\Users\Zbigniew\AppData\Local\Temp\ccdyUyb5.s:88     .rodata.charge_small:0000000000000000 charge_small
C:\Users\Zbigniew\AppData\Local\Temp\ccdyUyb5.s:43     .rodata.charge:0000000000000000 charge
C:\Users\Zbigniew\AppData\Local\Temp\ccdyUyb5.s:31     .rodata.big_blank:0000000000000000 big_blank
C:\Users\Zbigniew\AppData\Local\Temp\ccdyUyb5.s:346    .rodata.reverse:0000000000000000 reverse
C:\Users\Zbigniew\AppData\Local\Temp\ccdyUyb5.s:138    .rodata.neutral:0000000000000000 neutral
C:\Users\Zbigniew\AppData\Local\Temp\ccdyUyb5.s:96     .rodata.drive:0000000000000000 drive
C:\Users\Zbigniew\AppData\Local\Temp\ccdyUyb5.s:37     .rodata.blank_small:0000000000000000 blank_small
C:\Users\Zbigniew\AppData\Local\Temp\ccdyUyb5.s:178    .rodata.picachu:0000000000000000 picachu
C:\Users\Zbigniew\AppData\Local\Temp\ccdyUyb5.s:389    .rodata.trollface:0000000000000000 trollface
C:\Users\Zbigniew\AppData\Local\Temp\ccdyUyb5.s:263    .rodata.psd_logo_big:0000000000000000 psd_logo_big
C:\Users\Zbigniew\AppData\Local\Temp\ccdyUyb5.s:28     .rodata.big_blank:0000000000000000 $d
C:\Users\Zbigniew\AppData\Local\Temp\ccdyUyb5.s:34     .rodata.blank_small:0000000000000000 $d
C:\Users\Zbigniew\AppData\Local\Temp\ccdyUyb5.s:40     .rodata.charge:0000000000000000 $d
C:\Users\Zbigniew\AppData\Local\Temp\ccdyUyb5.s:85     .rodata.charge_small:0000000000000000 $d
C:\Users\Zbigniew\AppData\Local\Temp\ccdyUyb5.s:93     .rodata.drive:0000000000000000 $d
C:\Users\Zbigniew\AppData\Local\Temp\ccdyUyb5.s:135    .rodata.neutral:0000000000000000 $d
C:\Users\Zbigniew\AppData\Local\Temp\ccdyUyb5.s:175    .rodata.picachu:0000000000000000 $d
C:\Users\Zbigniew\AppData\Local\Temp\ccdyUyb5.s:260    .rodata.psd_logo_big:0000000000000000 $d
C:\Users\Zbigniew\AppData\Local\Temp\ccdyUyb5.s:343    .rodata.reverse:0000000000000000 $d
C:\Users\Zbigniew\AppData\Local\Temp\ccdyUyb5.s:386    .rodata.trollface:0000000000000000 $d

NO UNDEFINED SYMBOLS
