ARM GAS  C:\Users\Zbigniew\AppData\Local\Temp\ccuTvVvf.s 			page 1


   1              		.cpu cortex-m3
   2              		.eabi_attribute 20, 1
   3              		.eabi_attribute 21, 1
   4              		.eabi_attribute 23, 3
   5              		.eabi_attribute 24, 1
   6              		.eabi_attribute 25, 1
   7              		.eabi_attribute 26, 1
   8              		.eabi_attribute 30, 1
   9              		.eabi_attribute 34, 1
  10              		.eabi_attribute 18, 4
  11              		.file	"spi.c"
  12              		.text
  13              	.Ltext0:
  14              		.cfi_sections	.debug_frame
  15              		.section	.text.MX_SPI2_Init,"ax",%progbits
  16              		.align	1
  17              		.global	MX_SPI2_Init
  18              		.arch armv7-m
  19              		.syntax unified
  20              		.thumb
  21              		.thumb_func
  22              		.fpu softvfp
  24              	MX_SPI2_Init:
  25              	.LFB65:
  26              		.file 1 "Src/spi.c"
   1:Src/spi.c     **** /* USER CODE BEGIN Header */
   2:Src/spi.c     **** /**
   3:Src/spi.c     ****   ******************************************************************************
   4:Src/spi.c     ****   * @file    spi.c
   5:Src/spi.c     ****   * @brief   This file provides code for the configuration
   6:Src/spi.c     ****   *          of the SPI instances.
   7:Src/spi.c     ****   ******************************************************************************
   8:Src/spi.c     ****   * @attention
   9:Src/spi.c     ****   *
  10:Src/spi.c     ****   * Copyright (c) 2021 STMicroelectronics.
  11:Src/spi.c     ****   * All rights reserved.
  12:Src/spi.c     ****   *
  13:Src/spi.c     ****   * This software is licensed under terms that can be found in the LICENSE file
  14:Src/spi.c     ****   * in the root directory of this software component.
  15:Src/spi.c     ****   * If no LICENSE file comes with this software, it is provided AS-IS.
  16:Src/spi.c     ****   *
  17:Src/spi.c     ****   ******************************************************************************
  18:Src/spi.c     ****   */
  19:Src/spi.c     **** /* USER CODE END Header */
  20:Src/spi.c     **** /* Includes ------------------------------------------------------------------*/
  21:Src/spi.c     **** #include "spi.h"
  22:Src/spi.c     **** 
  23:Src/spi.c     **** /* USER CODE BEGIN 0 */
  24:Src/spi.c     **** 
  25:Src/spi.c     **** /* USER CODE END 0 */
  26:Src/spi.c     **** 
  27:Src/spi.c     **** SPI_HandleTypeDef hspi2;
  28:Src/spi.c     **** SPI_HandleTypeDef hspi3;
  29:Src/spi.c     **** 
  30:Src/spi.c     **** /* SPI2 init function */
  31:Src/spi.c     **** void MX_SPI2_Init(void)
  32:Src/spi.c     **** {
ARM GAS  C:\Users\Zbigniew\AppData\Local\Temp\ccuTvVvf.s 			page 2


  27              		.loc 1 32 1 view -0
  28              		.cfi_startproc
  29              		@ args = 0, pretend = 0, frame = 0
  30              		@ frame_needed = 0, uses_anonymous_args = 0
  31 0000 08B5     		push	{r3, lr}
  32              	.LCFI0:
  33              		.cfi_def_cfa_offset 8
  34              		.cfi_offset 3, -8
  35              		.cfi_offset 14, -4
  33:Src/spi.c     **** 
  34:Src/spi.c     ****   /* USER CODE BEGIN SPI2_Init 0 */
  35:Src/spi.c     **** 
  36:Src/spi.c     ****   /* USER CODE END SPI2_Init 0 */
  37:Src/spi.c     **** 
  38:Src/spi.c     ****   /* USER CODE BEGIN SPI2_Init 1 */
  39:Src/spi.c     **** 
  40:Src/spi.c     ****   /* USER CODE END SPI2_Init 1 */
  41:Src/spi.c     ****   hspi2.Instance = SPI2;
  36              		.loc 1 41 3 view .LVU1
  37              		.loc 1 41 18 is_stmt 0 view .LVU2
  38 0002 0E48     		ldr	r0, .L5
  39 0004 0E4B     		ldr	r3, .L5+4
  40 0006 0360     		str	r3, [r0]
  42:Src/spi.c     ****   hspi2.Init.Mode = SPI_MODE_MASTER;
  41              		.loc 1 42 3 is_stmt 1 view .LVU3
  42              		.loc 1 42 19 is_stmt 0 view .LVU4
  43 0008 4FF48273 		mov	r3, #260
  44 000c 4360     		str	r3, [r0, #4]
  43:Src/spi.c     ****   hspi2.Init.Direction = SPI_DIRECTION_2LINES;
  45              		.loc 1 43 3 is_stmt 1 view .LVU5
  46              		.loc 1 43 24 is_stmt 0 view .LVU6
  47 000e 0023     		movs	r3, #0
  48 0010 8360     		str	r3, [r0, #8]
  44:Src/spi.c     ****   hspi2.Init.DataSize = SPI_DATASIZE_8BIT;
  49              		.loc 1 44 3 is_stmt 1 view .LVU7
  50              		.loc 1 44 23 is_stmt 0 view .LVU8
  51 0012 C360     		str	r3, [r0, #12]
  45:Src/spi.c     ****   hspi2.Init.CLKPolarity = SPI_POLARITY_LOW;
  52              		.loc 1 45 3 is_stmt 1 view .LVU9
  53              		.loc 1 45 26 is_stmt 0 view .LVU10
  54 0014 0361     		str	r3, [r0, #16]
  46:Src/spi.c     ****   hspi2.Init.CLKPhase = SPI_PHASE_1EDGE;
  55              		.loc 1 46 3 is_stmt 1 view .LVU11
  56              		.loc 1 46 23 is_stmt 0 view .LVU12
  57 0016 4361     		str	r3, [r0, #20]
  47:Src/spi.c     ****   hspi2.Init.NSS = SPI_NSS_SOFT;
  58              		.loc 1 47 3 is_stmt 1 view .LVU13
  59              		.loc 1 47 18 is_stmt 0 view .LVU14
  60 0018 4FF40072 		mov	r2, #512
  61 001c 8261     		str	r2, [r0, #24]
  48:Src/spi.c     ****   hspi2.Init.BaudRatePrescaler = SPI_BAUDRATEPRESCALER_16;
  62              		.loc 1 48 3 is_stmt 1 view .LVU15
  63              		.loc 1 48 32 is_stmt 0 view .LVU16
  64 001e 1822     		movs	r2, #24
  65 0020 C261     		str	r2, [r0, #28]
  49:Src/spi.c     ****   hspi2.Init.FirstBit = SPI_FIRSTBIT_LSB;
  66              		.loc 1 49 3 is_stmt 1 view .LVU17
ARM GAS  C:\Users\Zbigniew\AppData\Local\Temp\ccuTvVvf.s 			page 3


  67              		.loc 1 49 23 is_stmt 0 view .LVU18
  68 0022 8022     		movs	r2, #128
  69 0024 0262     		str	r2, [r0, #32]
  50:Src/spi.c     ****   hspi2.Init.TIMode = SPI_TIMODE_DISABLE;
  70              		.loc 1 50 3 is_stmt 1 view .LVU19
  71              		.loc 1 50 21 is_stmt 0 view .LVU20
  72 0026 4362     		str	r3, [r0, #36]
  51:Src/spi.c     ****   hspi2.Init.CRCCalculation = SPI_CRCCALCULATION_DISABLE;
  73              		.loc 1 51 3 is_stmt 1 view .LVU21
  74              		.loc 1 51 29 is_stmt 0 view .LVU22
  75 0028 8362     		str	r3, [r0, #40]
  52:Src/spi.c     ****   hspi2.Init.CRCPolynomial = 10;
  76              		.loc 1 52 3 is_stmt 1 view .LVU23
  77              		.loc 1 52 28 is_stmt 0 view .LVU24
  78 002a 0A23     		movs	r3, #10
  79 002c C362     		str	r3, [r0, #44]
  53:Src/spi.c     ****   if (HAL_SPI_Init(&hspi2) != HAL_OK)
  80              		.loc 1 53 3 is_stmt 1 view .LVU25
  81              		.loc 1 53 7 is_stmt 0 view .LVU26
  82 002e FFF7FEFF 		bl	HAL_SPI_Init
  83              	.LVL0:
  84              		.loc 1 53 6 view .LVU27
  85 0032 00B9     		cbnz	r0, .L4
  86              	.L1:
  54:Src/spi.c     ****   {
  55:Src/spi.c     ****     Error_Handler();
  56:Src/spi.c     ****   }
  57:Src/spi.c     ****   /* USER CODE BEGIN SPI2_Init 2 */
  58:Src/spi.c     **** 
  59:Src/spi.c     ****   /* USER CODE END SPI2_Init 2 */
  60:Src/spi.c     **** 
  61:Src/spi.c     **** }
  87              		.loc 1 61 1 view .LVU28
  88 0034 08BD     		pop	{r3, pc}
  89              	.L4:
  55:Src/spi.c     ****   }
  90              		.loc 1 55 5 is_stmt 1 view .LVU29
  91 0036 FFF7FEFF 		bl	Error_Handler
  92              	.LVL1:
  93              		.loc 1 61 1 is_stmt 0 view .LVU30
  94 003a FBE7     		b	.L1
  95              	.L6:
  96              		.align	2
  97              	.L5:
  98 003c 00000000 		.word	.LANCHOR0
  99 0040 00380040 		.word	1073756160
 100              		.cfi_endproc
 101              	.LFE65:
 103              		.section	.text.MX_SPI3_Init,"ax",%progbits
 104              		.align	1
 105              		.global	MX_SPI3_Init
 106              		.syntax unified
 107              		.thumb
 108              		.thumb_func
 109              		.fpu softvfp
 111              	MX_SPI3_Init:
 112              	.LFB66:
ARM GAS  C:\Users\Zbigniew\AppData\Local\Temp\ccuTvVvf.s 			page 4


  62:Src/spi.c     **** /* SPI3 init function */
  63:Src/spi.c     **** void MX_SPI3_Init(void)
  64:Src/spi.c     **** {
 113              		.loc 1 64 1 is_stmt 1 view -0
 114              		.cfi_startproc
 115              		@ args = 0, pretend = 0, frame = 0
 116              		@ frame_needed = 0, uses_anonymous_args = 0
 117 0000 08B5     		push	{r3, lr}
 118              	.LCFI1:
 119              		.cfi_def_cfa_offset 8
 120              		.cfi_offset 3, -8
 121              		.cfi_offset 14, -4
  65:Src/spi.c     **** 
  66:Src/spi.c     ****   /* USER CODE BEGIN SPI3_Init 0 */
  67:Src/spi.c     **** 
  68:Src/spi.c     ****   /* USER CODE END SPI3_Init 0 */
  69:Src/spi.c     **** 
  70:Src/spi.c     ****   /* USER CODE BEGIN SPI3_Init 1 */
  71:Src/spi.c     **** 
  72:Src/spi.c     ****   /* USER CODE END SPI3_Init 1 */
  73:Src/spi.c     ****   hspi3.Instance = SPI3;
 122              		.loc 1 73 3 view .LVU32
 123              		.loc 1 73 18 is_stmt 0 view .LVU33
 124 0002 0E48     		ldr	r0, .L11
 125 0004 0E4B     		ldr	r3, .L11+4
 126 0006 0360     		str	r3, [r0]
  74:Src/spi.c     ****   hspi3.Init.Mode = SPI_MODE_MASTER;
 127              		.loc 1 74 3 is_stmt 1 view .LVU34
 128              		.loc 1 74 19 is_stmt 0 view .LVU35
 129 0008 4FF48273 		mov	r3, #260
 130 000c 4360     		str	r3, [r0, #4]
  75:Src/spi.c     ****   hspi3.Init.Direction = SPI_DIRECTION_2LINES;
 131              		.loc 1 75 3 is_stmt 1 view .LVU36
 132              		.loc 1 75 24 is_stmt 0 view .LVU37
 133 000e 0023     		movs	r3, #0
 134 0010 8360     		str	r3, [r0, #8]
  76:Src/spi.c     ****   hspi3.Init.DataSize = SPI_DATASIZE_8BIT;
 135              		.loc 1 76 3 is_stmt 1 view .LVU38
 136              		.loc 1 76 23 is_stmt 0 view .LVU39
 137 0012 C360     		str	r3, [r0, #12]
  77:Src/spi.c     ****   hspi3.Init.CLKPolarity = SPI_POLARITY_LOW;
 138              		.loc 1 77 3 is_stmt 1 view .LVU40
 139              		.loc 1 77 26 is_stmt 0 view .LVU41
 140 0014 0361     		str	r3, [r0, #16]
  78:Src/spi.c     ****   hspi3.Init.CLKPhase = SPI_PHASE_1EDGE;
 141              		.loc 1 78 3 is_stmt 1 view .LVU42
 142              		.loc 1 78 23 is_stmt 0 view .LVU43
 143 0016 4361     		str	r3, [r0, #20]
  79:Src/spi.c     ****   hspi3.Init.NSS = SPI_NSS_SOFT;
 144              		.loc 1 79 3 is_stmt 1 view .LVU44
 145              		.loc 1 79 18 is_stmt 0 view .LVU45
 146 0018 4FF40072 		mov	r2, #512
 147 001c 8261     		str	r2, [r0, #24]
  80:Src/spi.c     ****   hspi3.Init.BaudRatePrescaler = SPI_BAUDRATEPRESCALER_4;
 148              		.loc 1 80 3 is_stmt 1 view .LVU46
 149              		.loc 1 80 32 is_stmt 0 view .LVU47
 150 001e 0822     		movs	r2, #8
ARM GAS  C:\Users\Zbigniew\AppData\Local\Temp\ccuTvVvf.s 			page 5


 151 0020 C261     		str	r2, [r0, #28]
  81:Src/spi.c     ****   hspi3.Init.FirstBit = SPI_FIRSTBIT_MSB;
 152              		.loc 1 81 3 is_stmt 1 view .LVU48
 153              		.loc 1 81 23 is_stmt 0 view .LVU49
 154 0022 0362     		str	r3, [r0, #32]
  82:Src/spi.c     ****   hspi3.Init.TIMode = SPI_TIMODE_DISABLE;
 155              		.loc 1 82 3 is_stmt 1 view .LVU50
 156              		.loc 1 82 21 is_stmt 0 view .LVU51
 157 0024 4362     		str	r3, [r0, #36]
  83:Src/spi.c     ****   hspi3.Init.CRCCalculation = SPI_CRCCALCULATION_DISABLE;
 158              		.loc 1 83 3 is_stmt 1 view .LVU52
 159              		.loc 1 83 29 is_stmt 0 view .LVU53
 160 0026 8362     		str	r3, [r0, #40]
  84:Src/spi.c     ****   hspi3.Init.CRCPolynomial = 10;
 161              		.loc 1 84 3 is_stmt 1 view .LVU54
 162              		.loc 1 84 28 is_stmt 0 view .LVU55
 163 0028 0A23     		movs	r3, #10
 164 002a C362     		str	r3, [r0, #44]
  85:Src/spi.c     ****   if (HAL_SPI_Init(&hspi3) != HAL_OK)
 165              		.loc 1 85 3 is_stmt 1 view .LVU56
 166              		.loc 1 85 7 is_stmt 0 view .LVU57
 167 002c FFF7FEFF 		bl	HAL_SPI_Init
 168              	.LVL2:
 169              		.loc 1 85 6 view .LVU58
 170 0030 00B9     		cbnz	r0, .L10
 171              	.L7:
  86:Src/spi.c     ****   {
  87:Src/spi.c     ****     Error_Handler();
  88:Src/spi.c     ****   }
  89:Src/spi.c     ****   /* USER CODE BEGIN SPI3_Init 2 */
  90:Src/spi.c     **** 
  91:Src/spi.c     ****   /* USER CODE END SPI3_Init 2 */
  92:Src/spi.c     **** 
  93:Src/spi.c     **** }
 172              		.loc 1 93 1 view .LVU59
 173 0032 08BD     		pop	{r3, pc}
 174              	.L10:
  87:Src/spi.c     ****   }
 175              		.loc 1 87 5 is_stmt 1 view .LVU60
 176 0034 FFF7FEFF 		bl	Error_Handler
 177              	.LVL3:
 178              		.loc 1 93 1 is_stmt 0 view .LVU61
 179 0038 FBE7     		b	.L7
 180              	.L12:
 181 003a 00BF     		.align	2
 182              	.L11:
 183 003c 00000000 		.word	.LANCHOR1
 184 0040 003C0040 		.word	1073757184
 185              		.cfi_endproc
 186              	.LFE66:
 188              		.section	.text.HAL_SPI_MspInit,"ax",%progbits
 189              		.align	1
 190              		.global	HAL_SPI_MspInit
 191              		.syntax unified
 192              		.thumb
 193              		.thumb_func
 194              		.fpu softvfp
ARM GAS  C:\Users\Zbigniew\AppData\Local\Temp\ccuTvVvf.s 			page 6


 196              	HAL_SPI_MspInit:
 197              	.LVL4:
 198              	.LFB67:
  94:Src/spi.c     **** 
  95:Src/spi.c     **** void HAL_SPI_MspInit(SPI_HandleTypeDef* spiHandle)
  96:Src/spi.c     **** {
 199              		.loc 1 96 1 is_stmt 1 view -0
 200              		.cfi_startproc
 201              		@ args = 0, pretend = 0, frame = 32
 202              		@ frame_needed = 0, uses_anonymous_args = 0
 203              		.loc 1 96 1 is_stmt 0 view .LVU63
 204 0000 00B5     		push	{lr}
 205              	.LCFI2:
 206              		.cfi_def_cfa_offset 4
 207              		.cfi_offset 14, -4
 208 0002 89B0     		sub	sp, sp, #36
 209              	.LCFI3:
 210              		.cfi_def_cfa_offset 40
  97:Src/spi.c     **** 
  98:Src/spi.c     ****   GPIO_InitTypeDef GPIO_InitStruct = {0};
 211              		.loc 1 98 3 is_stmt 1 view .LVU64
 212              		.loc 1 98 20 is_stmt 0 view .LVU65
 213 0004 0023     		movs	r3, #0
 214 0006 0493     		str	r3, [sp, #16]
 215 0008 0593     		str	r3, [sp, #20]
 216 000a 0693     		str	r3, [sp, #24]
 217 000c 0793     		str	r3, [sp, #28]
  99:Src/spi.c     ****   if(spiHandle->Instance==SPI2)
 218              		.loc 1 99 3 is_stmt 1 view .LVU66
 219              		.loc 1 99 15 is_stmt 0 view .LVU67
 220 000e 0368     		ldr	r3, [r0]
 221              		.loc 1 99 5 view .LVU68
 222 0010 224A     		ldr	r2, .L19
 223 0012 9342     		cmp	r3, r2
 224 0014 05D0     		beq	.L17
 100:Src/spi.c     ****   {
 101:Src/spi.c     ****   /* USER CODE BEGIN SPI2_MspInit 0 */
 102:Src/spi.c     **** 
 103:Src/spi.c     ****   /* USER CODE END SPI2_MspInit 0 */
 104:Src/spi.c     ****     /* SPI2 clock enable */
 105:Src/spi.c     ****     __HAL_RCC_SPI2_CLK_ENABLE();
 106:Src/spi.c     **** 
 107:Src/spi.c     ****     __HAL_RCC_GPIOB_CLK_ENABLE();
 108:Src/spi.c     ****     /**SPI2 GPIO Configuration
 109:Src/spi.c     ****     PB13     ------> SPI2_SCK
 110:Src/spi.c     ****     PB15     ------> SPI2_MOSI
 111:Src/spi.c     ****     */
 112:Src/spi.c     ****     GPIO_InitStruct.Pin = GPIO_PIN_13|GPIO_PIN_15;
 113:Src/spi.c     ****     GPIO_InitStruct.Mode = GPIO_MODE_AF_PP;
 114:Src/spi.c     ****     GPIO_InitStruct.Speed = GPIO_SPEED_FREQ_HIGH;
 115:Src/spi.c     ****     HAL_GPIO_Init(GPIOB, &GPIO_InitStruct);
 116:Src/spi.c     **** 
 117:Src/spi.c     ****   /* USER CODE BEGIN SPI2_MspInit 1 */
 118:Src/spi.c     **** 
 119:Src/spi.c     ****   /* USER CODE END SPI2_MspInit 1 */
 120:Src/spi.c     ****   }
 121:Src/spi.c     ****   else if(spiHandle->Instance==SPI3)
ARM GAS  C:\Users\Zbigniew\AppData\Local\Temp\ccuTvVvf.s 			page 7


 225              		.loc 1 121 8 is_stmt 1 view .LVU69
 226              		.loc 1 121 10 is_stmt 0 view .LVU70
 227 0016 224A     		ldr	r2, .L19+4
 228 0018 9342     		cmp	r3, r2
 229 001a 21D0     		beq	.L18
 230              	.LVL5:
 231              	.L13:
 122:Src/spi.c     ****   {
 123:Src/spi.c     ****   /* USER CODE BEGIN SPI3_MspInit 0 */
 124:Src/spi.c     **** 
 125:Src/spi.c     ****   /* USER CODE END SPI3_MspInit 0 */
 126:Src/spi.c     ****     /* SPI3 clock enable */
 127:Src/spi.c     ****     __HAL_RCC_SPI3_CLK_ENABLE();
 128:Src/spi.c     **** 
 129:Src/spi.c     ****     __HAL_RCC_GPIOB_CLK_ENABLE();
 130:Src/spi.c     ****     /**SPI3 GPIO Configuration
 131:Src/spi.c     ****     PB3     ------> SPI3_SCK
 132:Src/spi.c     ****     PB5     ------> SPI3_MOSI
 133:Src/spi.c     ****     */
 134:Src/spi.c     ****     GPIO_InitStruct.Pin = GPIO_PIN_3|GPIO_PIN_5;
 135:Src/spi.c     ****     GPIO_InitStruct.Mode = GPIO_MODE_AF_PP;
 136:Src/spi.c     ****     GPIO_InitStruct.Speed = GPIO_SPEED_FREQ_HIGH;
 137:Src/spi.c     ****     HAL_GPIO_Init(GPIOB, &GPIO_InitStruct);
 138:Src/spi.c     **** 
 139:Src/spi.c     ****   /* USER CODE BEGIN SPI3_MspInit 1 */
 140:Src/spi.c     **** 
 141:Src/spi.c     ****   /* USER CODE END SPI3_MspInit 1 */
 142:Src/spi.c     ****   }
 143:Src/spi.c     **** }
 232              		.loc 1 143 1 view .LVU71
 233 001c 09B0     		add	sp, sp, #36
 234              	.LCFI4:
 235              		.cfi_remember_state
 236              		.cfi_def_cfa_offset 4
 237              		@ sp needed
 238 001e 5DF804FB 		ldr	pc, [sp], #4
 239              	.LVL6:
 240              	.L17:
 241              	.LCFI5:
 242              		.cfi_restore_state
 105:Src/spi.c     **** 
 243              		.loc 1 105 5 is_stmt 1 view .LVU72
 244              	.LBB2:
 105:Src/spi.c     **** 
 245              		.loc 1 105 5 view .LVU73
 105:Src/spi.c     **** 
 246              		.loc 1 105 5 view .LVU74
 247 0022 204B     		ldr	r3, .L19+8
 248 0024 DA69     		ldr	r2, [r3, #28]
 249 0026 42F48042 		orr	r2, r2, #16384
 250 002a DA61     		str	r2, [r3, #28]
 105:Src/spi.c     **** 
 251              		.loc 1 105 5 view .LVU75
 252 002c DA69     		ldr	r2, [r3, #28]
 253 002e 02F48042 		and	r2, r2, #16384
 254 0032 0092     		str	r2, [sp]
 105:Src/spi.c     **** 
ARM GAS  C:\Users\Zbigniew\AppData\Local\Temp\ccuTvVvf.s 			page 8


 255              		.loc 1 105 5 view .LVU76
 256 0034 009A     		ldr	r2, [sp]
 257              	.LBE2:
 105:Src/spi.c     **** 
 258              		.loc 1 105 5 view .LVU77
 107:Src/spi.c     ****     /**SPI2 GPIO Configuration
 259              		.loc 1 107 5 view .LVU78
 260              	.LBB3:
 107:Src/spi.c     ****     /**SPI2 GPIO Configuration
 261              		.loc 1 107 5 view .LVU79
 107:Src/spi.c     ****     /**SPI2 GPIO Configuration
 262              		.loc 1 107 5 view .LVU80
 263 0036 9A69     		ldr	r2, [r3, #24]
 264 0038 42F00802 		orr	r2, r2, #8
 265 003c 9A61     		str	r2, [r3, #24]
 107:Src/spi.c     ****     /**SPI2 GPIO Configuration
 266              		.loc 1 107 5 view .LVU81
 267 003e 9B69     		ldr	r3, [r3, #24]
 268 0040 03F00803 		and	r3, r3, #8
 269 0044 0193     		str	r3, [sp, #4]
 107:Src/spi.c     ****     /**SPI2 GPIO Configuration
 270              		.loc 1 107 5 view .LVU82
 271 0046 019B     		ldr	r3, [sp, #4]
 272              	.LBE3:
 107:Src/spi.c     ****     /**SPI2 GPIO Configuration
 273              		.loc 1 107 5 view .LVU83
 112:Src/spi.c     ****     GPIO_InitStruct.Mode = GPIO_MODE_AF_PP;
 274              		.loc 1 112 5 view .LVU84
 112:Src/spi.c     ****     GPIO_InitStruct.Mode = GPIO_MODE_AF_PP;
 275              		.loc 1 112 25 is_stmt 0 view .LVU85
 276 0048 4FF42043 		mov	r3, #40960
 277 004c 0493     		str	r3, [sp, #16]
 113:Src/spi.c     ****     GPIO_InitStruct.Speed = GPIO_SPEED_FREQ_HIGH;
 278              		.loc 1 113 5 is_stmt 1 view .LVU86
 113:Src/spi.c     ****     GPIO_InitStruct.Speed = GPIO_SPEED_FREQ_HIGH;
 279              		.loc 1 113 26 is_stmt 0 view .LVU87
 280 004e 0223     		movs	r3, #2
 281 0050 0593     		str	r3, [sp, #20]
 114:Src/spi.c     ****     HAL_GPIO_Init(GPIOB, &GPIO_InitStruct);
 282              		.loc 1 114 5 is_stmt 1 view .LVU88
 114:Src/spi.c     ****     HAL_GPIO_Init(GPIOB, &GPIO_InitStruct);
 283              		.loc 1 114 27 is_stmt 0 view .LVU89
 284 0052 0323     		movs	r3, #3
 285 0054 0793     		str	r3, [sp, #28]
 115:Src/spi.c     **** 
 286              		.loc 1 115 5 is_stmt 1 view .LVU90
 287 0056 04A9     		add	r1, sp, #16
 288 0058 1348     		ldr	r0, .L19+12
 289              	.LVL7:
 115:Src/spi.c     **** 
 290              		.loc 1 115 5 is_stmt 0 view .LVU91
 291 005a FFF7FEFF 		bl	HAL_GPIO_Init
 292              	.LVL8:
 293 005e DDE7     		b	.L13
 294              	.LVL9:
 295              	.L18:
 127:Src/spi.c     **** 
ARM GAS  C:\Users\Zbigniew\AppData\Local\Temp\ccuTvVvf.s 			page 9


 296              		.loc 1 127 5 is_stmt 1 view .LVU92
 297              	.LBB4:
 127:Src/spi.c     **** 
 298              		.loc 1 127 5 view .LVU93
 127:Src/spi.c     **** 
 299              		.loc 1 127 5 view .LVU94
 300 0060 104B     		ldr	r3, .L19+8
 301 0062 DA69     		ldr	r2, [r3, #28]
 302 0064 42F40042 		orr	r2, r2, #32768
 303 0068 DA61     		str	r2, [r3, #28]
 127:Src/spi.c     **** 
 304              		.loc 1 127 5 view .LVU95
 305 006a DA69     		ldr	r2, [r3, #28]
 306 006c 02F40042 		and	r2, r2, #32768
 307 0070 0292     		str	r2, [sp, #8]
 127:Src/spi.c     **** 
 308              		.loc 1 127 5 view .LVU96
 309 0072 029A     		ldr	r2, [sp, #8]
 310              	.LBE4:
 127:Src/spi.c     **** 
 311              		.loc 1 127 5 view .LVU97
 129:Src/spi.c     ****     /**SPI3 GPIO Configuration
 312              		.loc 1 129 5 view .LVU98
 313              	.LBB5:
 129:Src/spi.c     ****     /**SPI3 GPIO Configuration
 314              		.loc 1 129 5 view .LVU99
 129:Src/spi.c     ****     /**SPI3 GPIO Configuration
 315              		.loc 1 129 5 view .LVU100
 316 0074 9A69     		ldr	r2, [r3, #24]
 317 0076 42F00802 		orr	r2, r2, #8
 318 007a 9A61     		str	r2, [r3, #24]
 129:Src/spi.c     ****     /**SPI3 GPIO Configuration
 319              		.loc 1 129 5 view .LVU101
 320 007c 9B69     		ldr	r3, [r3, #24]
 321 007e 03F00803 		and	r3, r3, #8
 322 0082 0393     		str	r3, [sp, #12]
 129:Src/spi.c     ****     /**SPI3 GPIO Configuration
 323              		.loc 1 129 5 view .LVU102
 324 0084 039B     		ldr	r3, [sp, #12]
 325              	.LBE5:
 129:Src/spi.c     ****     /**SPI3 GPIO Configuration
 326              		.loc 1 129 5 view .LVU103
 134:Src/spi.c     ****     GPIO_InitStruct.Mode = GPIO_MODE_AF_PP;
 327              		.loc 1 134 5 view .LVU104
 134:Src/spi.c     ****     GPIO_InitStruct.Mode = GPIO_MODE_AF_PP;
 328              		.loc 1 134 25 is_stmt 0 view .LVU105
 329 0086 2823     		movs	r3, #40
 330 0088 0493     		str	r3, [sp, #16]
 135:Src/spi.c     ****     GPIO_InitStruct.Speed = GPIO_SPEED_FREQ_HIGH;
 331              		.loc 1 135 5 is_stmt 1 view .LVU106
 135:Src/spi.c     ****     GPIO_InitStruct.Speed = GPIO_SPEED_FREQ_HIGH;
 332              		.loc 1 135 26 is_stmt 0 view .LVU107
 333 008a 0223     		movs	r3, #2
 334 008c 0593     		str	r3, [sp, #20]
 136:Src/spi.c     ****     HAL_GPIO_Init(GPIOB, &GPIO_InitStruct);
 335              		.loc 1 136 5 is_stmt 1 view .LVU108
 136:Src/spi.c     ****     HAL_GPIO_Init(GPIOB, &GPIO_InitStruct);
ARM GAS  C:\Users\Zbigniew\AppData\Local\Temp\ccuTvVvf.s 			page 10


 336              		.loc 1 136 27 is_stmt 0 view .LVU109
 337 008e 0323     		movs	r3, #3
 338 0090 0793     		str	r3, [sp, #28]
 137:Src/spi.c     **** 
 339              		.loc 1 137 5 is_stmt 1 view .LVU110
 340 0092 04A9     		add	r1, sp, #16
 341 0094 0448     		ldr	r0, .L19+12
 342              	.LVL10:
 137:Src/spi.c     **** 
 343              		.loc 1 137 5 is_stmt 0 view .LVU111
 344 0096 FFF7FEFF 		bl	HAL_GPIO_Init
 345              	.LVL11:
 346              		.loc 1 143 1 view .LVU112
 347 009a BFE7     		b	.L13
 348              	.L20:
 349              		.align	2
 350              	.L19:
 351 009c 00380040 		.word	1073756160
 352 00a0 003C0040 		.word	1073757184
 353 00a4 00100240 		.word	1073876992
 354 00a8 000C0140 		.word	1073810432
 355              		.cfi_endproc
 356              	.LFE67:
 358              		.section	.text.HAL_SPI_MspDeInit,"ax",%progbits
 359              		.align	1
 360              		.global	HAL_SPI_MspDeInit
 361              		.syntax unified
 362              		.thumb
 363              		.thumb_func
 364              		.fpu softvfp
 366              	HAL_SPI_MspDeInit:
 367              	.LVL12:
 368              	.LFB68:
 144:Src/spi.c     **** 
 145:Src/spi.c     **** void HAL_SPI_MspDeInit(SPI_HandleTypeDef* spiHandle)
 146:Src/spi.c     **** {
 369              		.loc 1 146 1 is_stmt 1 view -0
 370              		.cfi_startproc
 371              		@ args = 0, pretend = 0, frame = 0
 372              		@ frame_needed = 0, uses_anonymous_args = 0
 373              		.loc 1 146 1 is_stmt 0 view .LVU114
 374 0000 08B5     		push	{r3, lr}
 375              	.LCFI6:
 376              		.cfi_def_cfa_offset 8
 377              		.cfi_offset 3, -8
 378              		.cfi_offset 14, -4
 147:Src/spi.c     **** 
 148:Src/spi.c     ****   if(spiHandle->Instance==SPI2)
 379              		.loc 1 148 3 is_stmt 1 view .LVU115
 380              		.loc 1 148 15 is_stmt 0 view .LVU116
 381 0002 0368     		ldr	r3, [r0]
 382              		.loc 1 148 5 view .LVU117
 383 0004 0E4A     		ldr	r2, .L27
 384 0006 9342     		cmp	r3, r2
 385 0008 03D0     		beq	.L25
 149:Src/spi.c     ****   {
 150:Src/spi.c     ****   /* USER CODE BEGIN SPI2_MspDeInit 0 */
ARM GAS  C:\Users\Zbigniew\AppData\Local\Temp\ccuTvVvf.s 			page 11


 151:Src/spi.c     **** 
 152:Src/spi.c     ****   /* USER CODE END SPI2_MspDeInit 0 */
 153:Src/spi.c     ****     /* Peripheral clock disable */
 154:Src/spi.c     ****     __HAL_RCC_SPI2_CLK_DISABLE();
 155:Src/spi.c     **** 
 156:Src/spi.c     ****     /**SPI2 GPIO Configuration
 157:Src/spi.c     ****     PB13     ------> SPI2_SCK
 158:Src/spi.c     ****     PB15     ------> SPI2_MOSI
 159:Src/spi.c     ****     */
 160:Src/spi.c     ****     HAL_GPIO_DeInit(GPIOB, GPIO_PIN_13|GPIO_PIN_15);
 161:Src/spi.c     **** 
 162:Src/spi.c     ****   /* USER CODE BEGIN SPI2_MspDeInit 1 */
 163:Src/spi.c     **** 
 164:Src/spi.c     ****   /* USER CODE END SPI2_MspDeInit 1 */
 165:Src/spi.c     ****   }
 166:Src/spi.c     ****   else if(spiHandle->Instance==SPI3)
 386              		.loc 1 166 8 is_stmt 1 view .LVU118
 387              		.loc 1 166 10 is_stmt 0 view .LVU119
 388 000a 0E4A     		ldr	r2, .L27+4
 389 000c 9342     		cmp	r3, r2
 390 000e 0CD0     		beq	.L26
 391              	.LVL13:
 392              	.L21:
 167:Src/spi.c     ****   {
 168:Src/spi.c     ****   /* USER CODE BEGIN SPI3_MspDeInit 0 */
 169:Src/spi.c     **** 
 170:Src/spi.c     ****   /* USER CODE END SPI3_MspDeInit 0 */
 171:Src/spi.c     ****     /* Peripheral clock disable */
 172:Src/spi.c     ****     __HAL_RCC_SPI3_CLK_DISABLE();
 173:Src/spi.c     **** 
 174:Src/spi.c     ****     /**SPI3 GPIO Configuration
 175:Src/spi.c     ****     PB3     ------> SPI3_SCK
 176:Src/spi.c     ****     PB5     ------> SPI3_MOSI
 177:Src/spi.c     ****     */
 178:Src/spi.c     ****     HAL_GPIO_DeInit(GPIOB, GPIO_PIN_3|GPIO_PIN_5);
 179:Src/spi.c     **** 
 180:Src/spi.c     ****   /* USER CODE BEGIN SPI3_MspDeInit 1 */
 181:Src/spi.c     **** 
 182:Src/spi.c     ****   /* USER CODE END SPI3_MspDeInit 1 */
 183:Src/spi.c     ****   }
 184:Src/spi.c     **** }
 393              		.loc 1 184 1 view .LVU120
 394 0010 08BD     		pop	{r3, pc}
 395              	.LVL14:
 396              	.L25:
 154:Src/spi.c     **** 
 397              		.loc 1 154 5 is_stmt 1 view .LVU121
 398 0012 02F5EC32 		add	r2, r2, #120832
 399 0016 D369     		ldr	r3, [r2, #28]
 400 0018 23F48043 		bic	r3, r3, #16384
 401 001c D361     		str	r3, [r2, #28]
 160:Src/spi.c     **** 
 402              		.loc 1 160 5 view .LVU122
 403 001e 4FF42041 		mov	r1, #40960
 404 0022 0948     		ldr	r0, .L27+8
 405              	.LVL15:
 160:Src/spi.c     **** 
ARM GAS  C:\Users\Zbigniew\AppData\Local\Temp\ccuTvVvf.s 			page 12


 406              		.loc 1 160 5 is_stmt 0 view .LVU123
 407 0024 FFF7FEFF 		bl	HAL_GPIO_DeInit
 408              	.LVL16:
 409 0028 F2E7     		b	.L21
 410              	.LVL17:
 411              	.L26:
 172:Src/spi.c     **** 
 412              		.loc 1 172 5 is_stmt 1 view .LVU124
 413 002a 02F5EA32 		add	r2, r2, #119808
 414 002e D369     		ldr	r3, [r2, #28]
 415 0030 23F40043 		bic	r3, r3, #32768
 416 0034 D361     		str	r3, [r2, #28]
 178:Src/spi.c     **** 
 417              		.loc 1 178 5 view .LVU125
 418 0036 2821     		movs	r1, #40
 419 0038 0348     		ldr	r0, .L27+8
 420              	.LVL18:
 178:Src/spi.c     **** 
 421              		.loc 1 178 5 is_stmt 0 view .LVU126
 422 003a FFF7FEFF 		bl	HAL_GPIO_DeInit
 423              	.LVL19:
 424              		.loc 1 184 1 view .LVU127
 425 003e E7E7     		b	.L21
 426              	.L28:
 427              		.align	2
 428              	.L27:
 429 0040 00380040 		.word	1073756160
 430 0044 003C0040 		.word	1073757184
 431 0048 000C0140 		.word	1073810432
 432              		.cfi_endproc
 433              	.LFE68:
 435              		.global	hspi3
 436              		.global	hspi2
 437              		.section	.bss.hspi2,"aw",%nobits
 438              		.align	2
 439              		.set	.LANCHOR0,. + 0
 442              	hspi2:
 443 0000 00000000 		.space	88
 443      00000000 
 443      00000000 
 443      00000000 
 443      00000000 
 444              		.section	.bss.hspi3,"aw",%nobits
 445              		.align	2
 446              		.set	.LANCHOR1,. + 0
 449              	hspi3:
 450 0000 00000000 		.space	88
 450      00000000 
 450      00000000 
 450      00000000 
 450      00000000 
 451              		.text
 452              	.Letext0:
 453              		.file 2 "g:\\msys\\mingw64\\arm-none-eabi\\include\\machine\\_default_types.h"
 454              		.file 3 "g:\\msys\\mingw64\\arm-none-eabi\\include\\sys\\_stdint.h"
 455              		.file 4 "Drivers/CMSIS/Device/ST/STM32F1xx/Include/stm32f103xe.h"
 456              		.file 5 "Drivers/STM32F1xx_HAL_Driver/Inc/stm32f1xx_hal_def.h"
ARM GAS  C:\Users\Zbigniew\AppData\Local\Temp\ccuTvVvf.s 			page 13


 457              		.file 6 "Drivers/STM32F1xx_HAL_Driver/Inc/stm32f1xx_hal_gpio.h"
 458              		.file 7 "Drivers/STM32F1xx_HAL_Driver/Inc/stm32f1xx_hal_dma.h"
 459              		.file 8 "Drivers/STM32F1xx_HAL_Driver/Inc/stm32f1xx_hal_spi.h"
 460              		.file 9 "Inc/spi.h"
 461              		.file 10 "Inc/main.h"
ARM GAS  C:\Users\Zbigniew\AppData\Local\Temp\ccuTvVvf.s 			page 14


DEFINED SYMBOLS
                            *ABS*:0000000000000000 spi.c
C:\Users\Zbigniew\AppData\Local\Temp\ccuTvVvf.s:16     .text.MX_SPI2_Init:0000000000000000 $t
C:\Users\Zbigniew\AppData\Local\Temp\ccuTvVvf.s:24     .text.MX_SPI2_Init:0000000000000000 MX_SPI2_Init
C:\Users\Zbigniew\AppData\Local\Temp\ccuTvVvf.s:98     .text.MX_SPI2_Init:000000000000003c $d
C:\Users\Zbigniew\AppData\Local\Temp\ccuTvVvf.s:104    .text.MX_SPI3_Init:0000000000000000 $t
C:\Users\Zbigniew\AppData\Local\Temp\ccuTvVvf.s:111    .text.MX_SPI3_Init:0000000000000000 MX_SPI3_Init
C:\Users\Zbigniew\AppData\Local\Temp\ccuTvVvf.s:183    .text.MX_SPI3_Init:000000000000003c $d
C:\Users\Zbigniew\AppData\Local\Temp\ccuTvVvf.s:189    .text.HAL_SPI_MspInit:0000000000000000 $t
C:\Users\Zbigniew\AppData\Local\Temp\ccuTvVvf.s:196    .text.HAL_SPI_MspInit:0000000000000000 HAL_SPI_MspInit
C:\Users\Zbigniew\AppData\Local\Temp\ccuTvVvf.s:351    .text.HAL_SPI_MspInit:000000000000009c $d
C:\Users\Zbigniew\AppData\Local\Temp\ccuTvVvf.s:359    .text.HAL_SPI_MspDeInit:0000000000000000 $t
C:\Users\Zbigniew\AppData\Local\Temp\ccuTvVvf.s:366    .text.HAL_SPI_MspDeInit:0000000000000000 HAL_SPI_MspDeInit
C:\Users\Zbigniew\AppData\Local\Temp\ccuTvVvf.s:429    .text.HAL_SPI_MspDeInit:0000000000000040 $d
C:\Users\Zbigniew\AppData\Local\Temp\ccuTvVvf.s:449    .bss.hspi3:0000000000000000 hspi3
C:\Users\Zbigniew\AppData\Local\Temp\ccuTvVvf.s:442    .bss.hspi2:0000000000000000 hspi2
C:\Users\Zbigniew\AppData\Local\Temp\ccuTvVvf.s:438    .bss.hspi2:0000000000000000 $d
C:\Users\Zbigniew\AppData\Local\Temp\ccuTvVvf.s:445    .bss.hspi3:0000000000000000 $d

UNDEFINED SYMBOLS
HAL_SPI_Init
Error_Handler
HAL_GPIO_Init
HAL_GPIO_DeInit
