ARM GAS  C:\Users\Zbigniew\AppData\Local\Temp\ccOMeSDZ.s 			page 1


   1              		.cpu cortex-m3
   2              		.arch armv7-m
   3              		.fpu softvfp
   4              		.eabi_attribute 20, 1
   5              		.eabi_attribute 21, 1
   6              		.eabi_attribute 23, 3
   7              		.eabi_attribute 24, 1
   8              		.eabi_attribute 25, 1
   9              		.eabi_attribute 26, 1
  10              		.eabi_attribute 30, 1
  11              		.eabi_attribute 34, 1
  12              		.eabi_attribute 18, 4
  13              		.file	"u8g_com_api.c"
  14              		.text
  15              	.Ltext0:
  16              		.cfi_sections	.debug_frame
  17              		.section	.text.u8g_InitCom,"ax",%progbits
  18              		.align	1
  19              		.global	u8g_InitCom
  20              		.syntax unified
  21              		.thumb
  22              		.thumb_func
  24              	u8g_InitCom:
  25              	.LVL0:
  26              	.LFB0:
  27              		.file 1 "Drivers/u8glib/src/u8g_com_api.c"
   1:Drivers/u8glib/src/u8g_com_api.c **** /*
   2:Drivers/u8glib/src/u8g_com_api.c **** 
   3:Drivers/u8glib/src/u8g_com_api.c ****   u8g_com_api.c
   4:Drivers/u8glib/src/u8g_com_api.c **** 
   5:Drivers/u8glib/src/u8g_com_api.c ****   Universal 8bit Graphics Library
   6:Drivers/u8glib/src/u8g_com_api.c ****   
   7:Drivers/u8glib/src/u8g_com_api.c ****   Copyright (c) 2011, olikraus@gmail.com
   8:Drivers/u8glib/src/u8g_com_api.c ****   All rights reserved.
   9:Drivers/u8glib/src/u8g_com_api.c **** 
  10:Drivers/u8glib/src/u8g_com_api.c ****   Redistribution and use in source and binary forms, with or without modification, 
  11:Drivers/u8glib/src/u8g_com_api.c ****   are permitted provided that the following conditions are met:
  12:Drivers/u8glib/src/u8g_com_api.c **** 
  13:Drivers/u8glib/src/u8g_com_api.c ****   * Redistributions of source code must retain the above copyright notice, this list 
  14:Drivers/u8glib/src/u8g_com_api.c ****     of conditions and the following disclaimer.
  15:Drivers/u8glib/src/u8g_com_api.c ****     
  16:Drivers/u8glib/src/u8g_com_api.c ****   * Redistributions in binary form must reproduce the above copyright notice, this 
  17:Drivers/u8glib/src/u8g_com_api.c ****     list of conditions and the following disclaimer in the documentation and/or other 
  18:Drivers/u8glib/src/u8g_com_api.c ****     materials provided with the distribution.
  19:Drivers/u8glib/src/u8g_com_api.c **** 
  20:Drivers/u8glib/src/u8g_com_api.c ****   THIS SOFTWARE IS PROVIDED BY THE COPYRIGHT HOLDERS AND 
  21:Drivers/u8glib/src/u8g_com_api.c ****   CONTRIBUTORS "AS IS" AND ANY EXPRESS OR IMPLIED WARRANTIES, 
  22:Drivers/u8glib/src/u8g_com_api.c ****   INCLUDING, BUT NOT LIMITED TO, THE IMPLIED WARRANTIES OF 
  23:Drivers/u8glib/src/u8g_com_api.c ****   MERCHANTABILITY AND FITNESS FOR A PARTICULAR PURPOSE ARE 
  24:Drivers/u8glib/src/u8g_com_api.c ****   DISCLAIMED. IN NO EVENT SHALL THE COPYRIGHT HOLDER OR 
  25:Drivers/u8glib/src/u8g_com_api.c ****   CONTRIBUTORS BE LIABLE FOR ANY DIRECT, INDIRECT, INCIDENTAL, 
  26:Drivers/u8glib/src/u8g_com_api.c ****   SPECIAL, EXEMPLARY, OR CONSEQUENTIAL DAMAGES (INCLUDING, BUT 
  27:Drivers/u8glib/src/u8g_com_api.c ****   NOT LIMITED TO, PROCUREMENT OF SUBSTITUTE GOODS OR SERVICES; 
  28:Drivers/u8glib/src/u8g_com_api.c ****   LOSS OF USE, DATA, OR PROFITS; OR BUSINESS INTERRUPTION) HOWEVER 
  29:Drivers/u8glib/src/u8g_com_api.c ****   CAUSED AND ON ANY THEORY OF LIABILITY, WHETHER IN CONTRACT, 
  30:Drivers/u8glib/src/u8g_com_api.c ****   STRICT LIABILITY, OR TORT (INCLUDING NEGLIGENCE OR OTHERWISE) 
  31:Drivers/u8glib/src/u8g_com_api.c ****   ARISING IN ANY WAY OUT OF THE USE OF THIS SOFTWARE, EVEN IF 
ARM GAS  C:\Users\Zbigniew\AppData\Local\Temp\ccOMeSDZ.s 			page 2


  32:Drivers/u8glib/src/u8g_com_api.c ****   ADVISED OF THE POSSIBILITY OF SUCH DAMAGE.  
  33:Drivers/u8glib/src/u8g_com_api.c ****   
  34:Drivers/u8glib/src/u8g_com_api.c ****   
  35:Drivers/u8glib/src/u8g_com_api.c **** */
  36:Drivers/u8glib/src/u8g_com_api.c **** 
  37:Drivers/u8glib/src/u8g_com_api.c **** #include "../Drivers/u8glib/inc/u8g.h"
  38:Drivers/u8glib/src/u8g_com_api.c **** 
  39:Drivers/u8glib/src/u8g_com_api.c **** uint8_t u8g_InitCom(u8g_t *u8g, u8g_dev_t *dev, uint8_t clk_cycle_time)
  40:Drivers/u8glib/src/u8g_com_api.c **** {
  28              		.loc 1 40 1 view -0
  29              		.cfi_startproc
  30              		@ args = 0, pretend = 0, frame = 0
  31              		@ frame_needed = 0, uses_anonymous_args = 0
  32              		.loc 1 40 1 is_stmt 0 view .LVU1
  33 0000 10B5     		push	{r4, lr}
  34              	.LCFI0:
  35              		.cfi_def_cfa_offset 8
  36              		.cfi_offset 4, -8
  37              		.cfi_offset 14, -4
  41:Drivers/u8glib/src/u8g_com_api.c ****   return dev->com_fn(u8g, U8G_COM_MSG_INIT, clk_cycle_time, NULL);
  38              		.loc 1 41 3 is_stmt 1 view .LVU2
  39              		.loc 1 41 13 is_stmt 0 view .LVU3
  40 0002 8C68     		ldr	r4, [r1, #8]
  41              		.loc 1 41 10 view .LVU4
  42 0004 0023     		movs	r3, #0
  43 0006 0121     		movs	r1, #1
  44              	.LVL1:
  45              		.loc 1 41 10 view .LVU5
  46 0008 A047     		blx	r4
  47              	.LVL2:
  42:Drivers/u8glib/src/u8g_com_api.c **** }
  48              		.loc 1 42 1 view .LVU6
  49 000a 10BD     		pop	{r4, pc}
  50              		.cfi_endproc
  51              	.LFE0:
  53              		.section	.text.u8g_StopCom,"ax",%progbits
  54              		.align	1
  55              		.global	u8g_StopCom
  56              		.syntax unified
  57              		.thumb
  58              		.thumb_func
  60              	u8g_StopCom:
  61              	.LVL3:
  62              	.LFB1:
  43:Drivers/u8glib/src/u8g_com_api.c **** 
  44:Drivers/u8glib/src/u8g_com_api.c **** void u8g_StopCom(u8g_t *u8g, u8g_dev_t *dev)
  45:Drivers/u8glib/src/u8g_com_api.c **** {
  63              		.loc 1 45 1 is_stmt 1 view -0
  64              		.cfi_startproc
  65              		@ args = 0, pretend = 0, frame = 0
  66              		@ frame_needed = 0, uses_anonymous_args = 0
  67              		.loc 1 45 1 is_stmt 0 view .LVU8
  68 0000 10B5     		push	{r4, lr}
  69              	.LCFI1:
  70              		.cfi_def_cfa_offset 8
  71              		.cfi_offset 4, -8
  72              		.cfi_offset 14, -4
ARM GAS  C:\Users\Zbigniew\AppData\Local\Temp\ccOMeSDZ.s 			page 3


  46:Drivers/u8glib/src/u8g_com_api.c ****   dev->com_fn(u8g, U8G_COM_MSG_STOP, 0, NULL);
  73              		.loc 1 46 3 is_stmt 1 view .LVU9
  74              		.loc 1 46 6 is_stmt 0 view .LVU10
  75 0002 8C68     		ldr	r4, [r1, #8]
  76              		.loc 1 46 3 view .LVU11
  77 0004 0023     		movs	r3, #0
  78 0006 1A46     		mov	r2, r3
  79 0008 1946     		mov	r1, r3
  80              	.LVL4:
  81              		.loc 1 46 3 view .LVU12
  82 000a A047     		blx	r4
  83              	.LVL5:
  47:Drivers/u8glib/src/u8g_com_api.c **** }
  84              		.loc 1 47 1 view .LVU13
  85 000c 10BD     		pop	{r4, pc}
  86              		.cfi_endproc
  87              	.LFE1:
  89              		.section	.text.u8g_SetChipSelect,"ax",%progbits
  90              		.align	1
  91              		.global	u8g_SetChipSelect
  92              		.syntax unified
  93              		.thumb
  94              		.thumb_func
  96              	u8g_SetChipSelect:
  97              	.LVL6:
  98              	.LFB2:
  48:Drivers/u8glib/src/u8g_com_api.c **** 
  49:Drivers/u8glib/src/u8g_com_api.c **** /* cs contains the chip number, which should be enabled */
  50:Drivers/u8glib/src/u8g_com_api.c **** void u8g_SetChipSelect(u8g_t *u8g, u8g_dev_t *dev, uint8_t cs)
  51:Drivers/u8glib/src/u8g_com_api.c **** {
  99              		.loc 1 51 1 is_stmt 1 view -0
 100              		.cfi_startproc
 101              		@ args = 0, pretend = 0, frame = 0
 102              		@ frame_needed = 0, uses_anonymous_args = 0
 103              		.loc 1 51 1 is_stmt 0 view .LVU15
 104 0000 10B5     		push	{r4, lr}
 105              	.LCFI2:
 106              		.cfi_def_cfa_offset 8
 107              		.cfi_offset 4, -8
 108              		.cfi_offset 14, -4
  52:Drivers/u8glib/src/u8g_com_api.c ****   dev->com_fn(u8g, U8G_COM_MSG_CHIP_SELECT, cs, NULL);
 109              		.loc 1 52 3 is_stmt 1 view .LVU16
 110              		.loc 1 52 6 is_stmt 0 view .LVU17
 111 0002 8C68     		ldr	r4, [r1, #8]
 112              		.loc 1 52 3 view .LVU18
 113 0004 0023     		movs	r3, #0
 114 0006 0321     		movs	r1, #3
 115              	.LVL7:
 116              		.loc 1 52 3 view .LVU19
 117 0008 A047     		blx	r4
 118              	.LVL8:
  53:Drivers/u8glib/src/u8g_com_api.c **** }
 119              		.loc 1 53 1 view .LVU20
 120 000a 10BD     		pop	{r4, pc}
 121              		.cfi_endproc
 122              	.LFE2:
 124              		.section	.text.u8g_SetResetLow,"ax",%progbits
ARM GAS  C:\Users\Zbigniew\AppData\Local\Temp\ccOMeSDZ.s 			page 4


 125              		.align	1
 126              		.global	u8g_SetResetLow
 127              		.syntax unified
 128              		.thumb
 129              		.thumb_func
 131              	u8g_SetResetLow:
 132              	.LVL9:
 133              	.LFB3:
  54:Drivers/u8glib/src/u8g_com_api.c **** 
  55:Drivers/u8glib/src/u8g_com_api.c **** void u8g_SetResetLow(u8g_t *u8g, u8g_dev_t *dev)
  56:Drivers/u8glib/src/u8g_com_api.c **** {
 134              		.loc 1 56 1 is_stmt 1 view -0
 135              		.cfi_startproc
 136              		@ args = 0, pretend = 0, frame = 0
 137              		@ frame_needed = 0, uses_anonymous_args = 0
 138              		.loc 1 56 1 is_stmt 0 view .LVU22
 139 0000 10B5     		push	{r4, lr}
 140              	.LCFI3:
 141              		.cfi_def_cfa_offset 8
 142              		.cfi_offset 4, -8
 143              		.cfi_offset 14, -4
  57:Drivers/u8glib/src/u8g_com_api.c ****   dev->com_fn(u8g, U8G_COM_MSG_RESET, 0, NULL);
 144              		.loc 1 57 3 is_stmt 1 view .LVU23
 145              		.loc 1 57 6 is_stmt 0 view .LVU24
 146 0002 8C68     		ldr	r4, [r1, #8]
 147              		.loc 1 57 3 view .LVU25
 148 0004 0023     		movs	r3, #0
 149 0006 1A46     		mov	r2, r3
 150 0008 0421     		movs	r1, #4
 151              	.LVL10:
 152              		.loc 1 57 3 view .LVU26
 153 000a A047     		blx	r4
 154              	.LVL11:
  58:Drivers/u8glib/src/u8g_com_api.c **** }
 155              		.loc 1 58 1 view .LVU27
 156 000c 10BD     		pop	{r4, pc}
 157              		.cfi_endproc
 158              	.LFE3:
 160              		.section	.text.u8g_SetResetHigh,"ax",%progbits
 161              		.align	1
 162              		.global	u8g_SetResetHigh
 163              		.syntax unified
 164              		.thumb
 165              		.thumb_func
 167              	u8g_SetResetHigh:
 168              	.LVL12:
 169              	.LFB4:
  59:Drivers/u8glib/src/u8g_com_api.c **** 
  60:Drivers/u8glib/src/u8g_com_api.c **** void u8g_SetResetHigh(u8g_t *u8g, u8g_dev_t *dev)
  61:Drivers/u8glib/src/u8g_com_api.c **** {
 170              		.loc 1 61 1 is_stmt 1 view -0
 171              		.cfi_startproc
 172              		@ args = 0, pretend = 0, frame = 0
 173              		@ frame_needed = 0, uses_anonymous_args = 0
 174              		.loc 1 61 1 is_stmt 0 view .LVU29
 175 0000 10B5     		push	{r4, lr}
 176              	.LCFI4:
ARM GAS  C:\Users\Zbigniew\AppData\Local\Temp\ccOMeSDZ.s 			page 5


 177              		.cfi_def_cfa_offset 8
 178              		.cfi_offset 4, -8
 179              		.cfi_offset 14, -4
  62:Drivers/u8glib/src/u8g_com_api.c ****   dev->com_fn(u8g, U8G_COM_MSG_RESET, 1, NULL);
 180              		.loc 1 62 3 is_stmt 1 view .LVU30
 181              		.loc 1 62 6 is_stmt 0 view .LVU31
 182 0002 8C68     		ldr	r4, [r1, #8]
 183              		.loc 1 62 3 view .LVU32
 184 0004 0023     		movs	r3, #0
 185 0006 0122     		movs	r2, #1
 186 0008 0421     		movs	r1, #4
 187              	.LVL13:
 188              		.loc 1 62 3 view .LVU33
 189 000a A047     		blx	r4
 190              	.LVL14:
  63:Drivers/u8glib/src/u8g_com_api.c **** }
 191              		.loc 1 63 1 view .LVU34
 192 000c 10BD     		pop	{r4, pc}
 193              		.cfi_endproc
 194              	.LFE4:
 196              		.section	.text.u8g_SetAddress,"ax",%progbits
 197              		.align	1
 198              		.global	u8g_SetAddress
 199              		.syntax unified
 200              		.thumb
 201              		.thumb_func
 203              	u8g_SetAddress:
 204              	.LVL15:
 205              	.LFB5:
  64:Drivers/u8glib/src/u8g_com_api.c **** 
  65:Drivers/u8glib/src/u8g_com_api.c **** 
  66:Drivers/u8glib/src/u8g_com_api.c **** void u8g_SetAddress(u8g_t *u8g, u8g_dev_t *dev, uint8_t address)
  67:Drivers/u8glib/src/u8g_com_api.c **** {
 206              		.loc 1 67 1 is_stmt 1 view -0
 207              		.cfi_startproc
 208              		@ args = 0, pretend = 0, frame = 0
 209              		@ frame_needed = 0, uses_anonymous_args = 0
 210              		.loc 1 67 1 is_stmt 0 view .LVU36
 211 0000 10B5     		push	{r4, lr}
 212              	.LCFI5:
 213              		.cfi_def_cfa_offset 8
 214              		.cfi_offset 4, -8
 215              		.cfi_offset 14, -4
  68:Drivers/u8glib/src/u8g_com_api.c ****   dev->com_fn(u8g, U8G_COM_MSG_ADDRESS, address, NULL);
 216              		.loc 1 68 3 is_stmt 1 view .LVU37
 217              		.loc 1 68 6 is_stmt 0 view .LVU38
 218 0002 8C68     		ldr	r4, [r1, #8]
 219              		.loc 1 68 3 view .LVU39
 220 0004 0023     		movs	r3, #0
 221 0006 0221     		movs	r1, #2
 222              	.LVL16:
 223              		.loc 1 68 3 view .LVU40
 224 0008 A047     		blx	r4
 225              	.LVL17:
  69:Drivers/u8glib/src/u8g_com_api.c **** }
 226              		.loc 1 69 1 view .LVU41
 227 000a 10BD     		pop	{r4, pc}
ARM GAS  C:\Users\Zbigniew\AppData\Local\Temp\ccOMeSDZ.s 			page 6


 228              		.cfi_endproc
 229              	.LFE5:
 231              		.section	.text.u8g_WriteByte,"ax",%progbits
 232              		.align	1
 233              		.global	u8g_WriteByte
 234              		.syntax unified
 235              		.thumb
 236              		.thumb_func
 238              	u8g_WriteByte:
 239              	.LVL18:
 240              	.LFB6:
  70:Drivers/u8glib/src/u8g_com_api.c **** 
  71:Drivers/u8glib/src/u8g_com_api.c **** uint8_t u8g_WriteByte(u8g_t *u8g, u8g_dev_t *dev, uint8_t val)
  72:Drivers/u8glib/src/u8g_com_api.c **** {
 241              		.loc 1 72 1 is_stmt 1 view -0
 242              		.cfi_startproc
 243              		@ args = 0, pretend = 0, frame = 0
 244              		@ frame_needed = 0, uses_anonymous_args = 0
 245              		.loc 1 72 1 is_stmt 0 view .LVU43
 246 0000 10B5     		push	{r4, lr}
 247              	.LCFI6:
 248              		.cfi_def_cfa_offset 8
 249              		.cfi_offset 4, -8
 250              		.cfi_offset 14, -4
  73:Drivers/u8glib/src/u8g_com_api.c ****   return dev->com_fn(u8g, U8G_COM_MSG_WRITE_BYTE, val, NULL);
 251              		.loc 1 73 3 is_stmt 1 view .LVU44
 252              		.loc 1 73 13 is_stmt 0 view .LVU45
 253 0002 8C68     		ldr	r4, [r1, #8]
 254              		.loc 1 73 10 view .LVU46
 255 0004 0023     		movs	r3, #0
 256 0006 0521     		movs	r1, #5
 257              	.LVL19:
 258              		.loc 1 73 10 view .LVU47
 259 0008 A047     		blx	r4
 260              	.LVL20:
  74:Drivers/u8glib/src/u8g_com_api.c **** }
 261              		.loc 1 74 1 view .LVU48
 262 000a 10BD     		pop	{r4, pc}
 263              		.cfi_endproc
 264              	.LFE6:
 266              		.section	.text.u8g_WriteSequence,"ax",%progbits
 267              		.align	1
 268              		.global	u8g_WriteSequence
 269              		.syntax unified
 270              		.thumb
 271              		.thumb_func
 273              	u8g_WriteSequence:
 274              	.LVL21:
 275              	.LFB7:
  75:Drivers/u8glib/src/u8g_com_api.c **** 
  76:Drivers/u8glib/src/u8g_com_api.c **** uint8_t u8g_WriteSequence(u8g_t *u8g, u8g_dev_t *dev, uint8_t cnt, uint8_t *seq)
  77:Drivers/u8glib/src/u8g_com_api.c **** {
 276              		.loc 1 77 1 is_stmt 1 view -0
 277              		.cfi_startproc
 278              		@ args = 0, pretend = 0, frame = 0
 279              		@ frame_needed = 0, uses_anonymous_args = 0
 280              		.loc 1 77 1 is_stmt 0 view .LVU50
ARM GAS  C:\Users\Zbigniew\AppData\Local\Temp\ccOMeSDZ.s 			page 7


 281 0000 10B5     		push	{r4, lr}
 282              	.LCFI7:
 283              		.cfi_def_cfa_offset 8
 284              		.cfi_offset 4, -8
 285              		.cfi_offset 14, -4
  78:Drivers/u8glib/src/u8g_com_api.c ****   return dev->com_fn(u8g, U8G_COM_MSG_WRITE_SEQ, cnt, seq);
 286              		.loc 1 78 3 is_stmt 1 view .LVU51
 287              		.loc 1 78 13 is_stmt 0 view .LVU52
 288 0002 8C68     		ldr	r4, [r1, #8]
 289              		.loc 1 78 10 view .LVU53
 290 0004 0621     		movs	r1, #6
 291              	.LVL22:
 292              		.loc 1 78 10 view .LVU54
 293 0006 A047     		blx	r4
 294              	.LVL23:
  79:Drivers/u8glib/src/u8g_com_api.c **** }
 295              		.loc 1 79 1 view .LVU55
 296 0008 10BD     		pop	{r4, pc}
 297              		.cfi_endproc
 298              	.LFE7:
 300              		.section	.text.u8g_WriteSequenceP,"ax",%progbits
 301              		.align	1
 302              		.global	u8g_WriteSequenceP
 303              		.syntax unified
 304              		.thumb
 305              		.thumb_func
 307              	u8g_WriteSequenceP:
 308              	.LVL24:
 309              	.LFB8:
  80:Drivers/u8glib/src/u8g_com_api.c **** 
  81:Drivers/u8glib/src/u8g_com_api.c **** uint8_t u8g_WriteSequenceP(u8g_t *u8g, u8g_dev_t *dev, uint8_t cnt, const uint8_t *seq)
  82:Drivers/u8glib/src/u8g_com_api.c **** {
 310              		.loc 1 82 1 is_stmt 1 view -0
 311              		.cfi_startproc
 312              		@ args = 0, pretend = 0, frame = 0
 313              		@ frame_needed = 0, uses_anonymous_args = 0
 314              		.loc 1 82 1 is_stmt 0 view .LVU57
 315 0000 10B5     		push	{r4, lr}
 316              	.LCFI8:
 317              		.cfi_def_cfa_offset 8
 318              		.cfi_offset 4, -8
 319              		.cfi_offset 14, -4
  83:Drivers/u8glib/src/u8g_com_api.c ****   return dev->com_fn(u8g, U8G_COM_MSG_WRITE_SEQ_P, cnt, (void *)seq);
 320              		.loc 1 83 3 is_stmt 1 view .LVU58
 321              		.loc 1 83 13 is_stmt 0 view .LVU59
 322 0002 8C68     		ldr	r4, [r1, #8]
 323              		.loc 1 83 10 view .LVU60
 324 0004 0721     		movs	r1, #7
 325              	.LVL25:
 326              		.loc 1 83 10 view .LVU61
 327 0006 A047     		blx	r4
 328              	.LVL26:
  84:Drivers/u8glib/src/u8g_com_api.c **** }
 329              		.loc 1 84 1 view .LVU62
 330 0008 10BD     		pop	{r4, pc}
 331              		.cfi_endproc
 332              	.LFE8:
ARM GAS  C:\Users\Zbigniew\AppData\Local\Temp\ccOMeSDZ.s 			page 8


 334              		.section	.text.u8g_WriteEscSeqP,"ax",%progbits
 335              		.align	1
 336              		.global	u8g_WriteEscSeqP
 337              		.syntax unified
 338              		.thumb
 339              		.thumb_func
 341              	u8g_WriteEscSeqP:
 342              	.LVL27:
 343              	.LFB9:
  85:Drivers/u8glib/src/u8g_com_api.c **** 
  86:Drivers/u8glib/src/u8g_com_api.c **** /*
  87:Drivers/u8glib/src/u8g_com_api.c ****   sequence := { direct_value | escape_sequence }
  88:Drivers/u8glib/src/u8g_com_api.c ****   direct_value := 0..254
  89:Drivers/u8glib/src/u8g_com_api.c ****   escape_sequence := value_255 | sequence_end | delay | adr | cs | not_used 
  90:Drivers/u8glib/src/u8g_com_api.c ****   value_255 := 255 255
  91:Drivers/u8glib/src/u8g_com_api.c ****   sequence_end = 255 254
  92:Drivers/u8glib/src/u8g_com_api.c ****   delay := 255 0..127
  93:Drivers/u8glib/src/u8g_com_api.c ****   adr := 255 0x0e0 .. 0x0ef 
  94:Drivers/u8glib/src/u8g_com_api.c ****   cs := 255 0x0d0 .. 0x0df 
  95:Drivers/u8glib/src/u8g_com_api.c ****   not_used := 255 101..254
  96:Drivers/u8glib/src/u8g_com_api.c **** 
  97:Drivers/u8glib/src/u8g_com_api.c **** #define U8G_ESC_DLY(x) 255, ((x) & 0x7f)
  98:Drivers/u8glib/src/u8g_com_api.c **** #define U8G_ESC_CS(x) 255, (0xd0 | ((x)&0x0f))
  99:Drivers/u8glib/src/u8g_com_api.c **** #define U8G_ESC_ADR(x) 255, (0xe0 | ((x)&0x0f))
 100:Drivers/u8glib/src/u8g_com_api.c **** #define U8G_ESC_VCC(x) 255, (0xbe | ((x)&0x01))
 101:Drivers/u8glib/src/u8g_com_api.c **** #define U8G_ESC_END 255, 254
 102:Drivers/u8glib/src/u8g_com_api.c **** #define U8G_ESC_255 255, 255
 103:Drivers/u8glib/src/u8g_com_api.c **** #define U8G_ESC_RST(x) 255, (0xc0 | ((x)&0x0f))
 104:Drivers/u8glib/src/u8g_com_api.c **** 
 105:Drivers/u8glib/src/u8g_com_api.c **** */
 106:Drivers/u8glib/src/u8g_com_api.c **** uint8_t u8g_WriteEscSeqP(u8g_t *u8g, u8g_dev_t *dev, const uint8_t *esc_seq)
 107:Drivers/u8glib/src/u8g_com_api.c **** {
 344              		.loc 1 107 1 is_stmt 1 view -0
 345              		.cfi_startproc
 346              		@ args = 0, pretend = 0, frame = 0
 347              		@ frame_needed = 0, uses_anonymous_args = 0
 348              		.loc 1 107 1 is_stmt 0 view .LVU64
 349 0000 2DE9F041 		push	{r4, r5, r6, r7, r8, lr}
 350              	.LCFI9:
 351              		.cfi_def_cfa_offset 24
 352              		.cfi_offset 4, -24
 353              		.cfi_offset 5, -20
 354              		.cfi_offset 6, -16
 355              		.cfi_offset 7, -12
 356              		.cfi_offset 8, -8
 357              		.cfi_offset 14, -4
 358 0004 0746     		mov	r7, r0
 359 0006 0E46     		mov	r6, r1
 360 0008 1546     		mov	r5, r2
 108:Drivers/u8glib/src/u8g_com_api.c ****   uint8_t is_escape = 0;
 361              		.loc 1 108 3 is_stmt 1 view .LVU65
 362              	.LVL28:
 363              		.loc 1 108 11 is_stmt 0 view .LVU66
 364 000a 4FF00008 		mov	r8, #0
 365 000e 07E0     		b	.L27
 366              	.LVL29:
 367              	.L35:
ARM GAS  C:\Users\Zbigniew\AppData\Local\Temp\ccOMeSDZ.s 			page 9


 109:Drivers/u8glib/src/u8g_com_api.c ****   uint8_t value;
 110:Drivers/u8glib/src/u8g_com_api.c ****   for(;;)
 111:Drivers/u8glib/src/u8g_com_api.c ****   {
 112:Drivers/u8glib/src/u8g_com_api.c ****     value = u8g_pgm_read(esc_seq);
 113:Drivers/u8glib/src/u8g_com_api.c ****     if ( is_escape == 0 )
 114:Drivers/u8glib/src/u8g_com_api.c ****     {
 115:Drivers/u8glib/src/u8g_com_api.c ****       if ( value != 255 )
 116:Drivers/u8glib/src/u8g_com_api.c ****       {
 117:Drivers/u8glib/src/u8g_com_api.c ****         if ( u8g_WriteByte(u8g, dev, value) == 0 )
 368              		.loc 1 117 9 is_stmt 1 view .LVU67
 369              		.loc 1 117 14 is_stmt 0 view .LVU68
 370 0010 2246     		mov	r2, r4
 371 0012 3146     		mov	r1, r6
 372 0014 3846     		mov	r0, r7
 373 0016 FFF7FEFF 		bl	u8g_WriteByte
 374              	.LVL30:
 375              		.loc 1 117 12 view .LVU69
 376 001a 0028     		cmp	r0, #0
 377 001c 5BD0     		beq	.L34
 378              	.LVL31:
 379              	.L21:
 118:Drivers/u8glib/src/u8g_com_api.c ****           return 0;
 119:Drivers/u8glib/src/u8g_com_api.c ****       }
 120:Drivers/u8glib/src/u8g_com_api.c ****       else
 121:Drivers/u8glib/src/u8g_com_api.c ****       {
 122:Drivers/u8glib/src/u8g_com_api.c ****         is_escape = 1;
 123:Drivers/u8glib/src/u8g_com_api.c ****       }
 124:Drivers/u8glib/src/u8g_com_api.c ****     }
 125:Drivers/u8glib/src/u8g_com_api.c ****     else
 126:Drivers/u8glib/src/u8g_com_api.c ****     {
 127:Drivers/u8glib/src/u8g_com_api.c ****       if ( value == 255 )
 128:Drivers/u8glib/src/u8g_com_api.c ****       {
 129:Drivers/u8glib/src/u8g_com_api.c ****         if ( u8g_WriteByte(u8g, dev, value) == 0 )
 130:Drivers/u8glib/src/u8g_com_api.c ****           return 0;
 131:Drivers/u8glib/src/u8g_com_api.c ****       }
 132:Drivers/u8glib/src/u8g_com_api.c ****       else if ( value == 254 )
 133:Drivers/u8glib/src/u8g_com_api.c ****       {
 134:Drivers/u8glib/src/u8g_com_api.c ****         break;
 135:Drivers/u8glib/src/u8g_com_api.c ****       }
 136:Drivers/u8glib/src/u8g_com_api.c ****       else if ( value >= 0x0f0 )
 137:Drivers/u8glib/src/u8g_com_api.c ****       {
 138:Drivers/u8glib/src/u8g_com_api.c ****         /* not yet used, do nothing */
 139:Drivers/u8glib/src/u8g_com_api.c ****       }
 140:Drivers/u8glib/src/u8g_com_api.c ****       else if ( value >= 0xe0  )
 141:Drivers/u8glib/src/u8g_com_api.c ****       {
 142:Drivers/u8glib/src/u8g_com_api.c ****         u8g_SetAddress(u8g, dev, value & 0x0f);
 143:Drivers/u8glib/src/u8g_com_api.c ****       }
 144:Drivers/u8glib/src/u8g_com_api.c ****       else if ( value >= 0xd0 )
 145:Drivers/u8glib/src/u8g_com_api.c ****       {
 146:Drivers/u8glib/src/u8g_com_api.c ****         u8g_SetChipSelect(u8g, dev, value & 0x0f);
 147:Drivers/u8glib/src/u8g_com_api.c ****       }
 148:Drivers/u8glib/src/u8g_com_api.c ****       else if ( value >= 0xc0 )
 149:Drivers/u8glib/src/u8g_com_api.c ****       {
 150:Drivers/u8glib/src/u8g_com_api.c ****         u8g_SetResetLow(u8g, dev);
 151:Drivers/u8glib/src/u8g_com_api.c ****         value &= 0x0f;
 152:Drivers/u8glib/src/u8g_com_api.c ****         value <<= 4;
 153:Drivers/u8glib/src/u8g_com_api.c ****         value+=2;
ARM GAS  C:\Users\Zbigniew\AppData\Local\Temp\ccOMeSDZ.s 			page 10


 154:Drivers/u8glib/src/u8g_com_api.c ****         u8g_Delay(value);
 155:Drivers/u8glib/src/u8g_com_api.c ****         u8g_SetResetHigh(u8g, dev);
 156:Drivers/u8glib/src/u8g_com_api.c ****         u8g_Delay(value);
 157:Drivers/u8glib/src/u8g_com_api.c ****       }
 158:Drivers/u8glib/src/u8g_com_api.c ****       else if ( value >= 0xbe )
 159:Drivers/u8glib/src/u8g_com_api.c ****       {
 160:Drivers/u8glib/src/u8g_com_api.c **** 	/* not yet implemented */
 161:Drivers/u8glib/src/u8g_com_api.c ****         /* u8g_SetVCC(u8g, dev, value & 0x01); */
 162:Drivers/u8glib/src/u8g_com_api.c ****       }
 163:Drivers/u8glib/src/u8g_com_api.c ****       else if ( value <= 127 )
 164:Drivers/u8glib/src/u8g_com_api.c ****       {
 165:Drivers/u8glib/src/u8g_com_api.c ****         u8g_Delay(value);
 166:Drivers/u8glib/src/u8g_com_api.c ****       }
 167:Drivers/u8glib/src/u8g_com_api.c ****       is_escape = 0;
 168:Drivers/u8glib/src/u8g_com_api.c ****     }
 169:Drivers/u8glib/src/u8g_com_api.c ****     esc_seq++;
 380              		.loc 1 169 5 is_stmt 1 view .LVU70
 381              		.loc 1 169 12 is_stmt 0 view .LVU71
 382 001e 0135     		adds	r5, r5, #1
 383              	.LVL32:
 110:Drivers/u8glib/src/u8g_com_api.c ****   {
 384              		.loc 1 110 8 is_stmt 1 view .LVU72
 385              	.L27:
 109:Drivers/u8glib/src/u8g_com_api.c ****   uint8_t value;
 386              		.loc 1 109 3 view .LVU73
 110:Drivers/u8glib/src/u8g_com_api.c ****   {
 387              		.loc 1 110 3 view .LVU74
 112:Drivers/u8glib/src/u8g_com_api.c ****     if ( is_escape == 0 )
 388              		.loc 1 112 5 view .LVU75
 112:Drivers/u8glib/src/u8g_com_api.c ****     if ( is_escape == 0 )
 389              		.loc 1 112 11 is_stmt 0 view .LVU76
 390 0020 2C78     		ldrb	r4, [r5]	@ zero_extendqisi2
 391              	.LVL33:
 113:Drivers/u8glib/src/u8g_com_api.c ****     {
 392              		.loc 1 113 5 is_stmt 1 view .LVU77
 113:Drivers/u8glib/src/u8g_com_api.c ****     {
 393              		.loc 1 113 8 is_stmt 0 view .LVU78
 394 0022 B8F1000F 		cmp	r8, #0
 395 0026 04D1     		bne	.L20
 115:Drivers/u8glib/src/u8g_com_api.c ****       {
 396              		.loc 1 115 7 is_stmt 1 view .LVU79
 115:Drivers/u8glib/src/u8g_com_api.c ****       {
 397              		.loc 1 115 10 is_stmt 0 view .LVU80
 398 0028 FF2C     		cmp	r4, #255
 399 002a F1D1     		bne	.L35
 122:Drivers/u8glib/src/u8g_com_api.c ****       }
 400              		.loc 1 122 19 view .LVU81
 401 002c 4FF00108 		mov	r8, #1
 402              	.LVL34:
 122:Drivers/u8glib/src/u8g_com_api.c ****       }
 403              		.loc 1 122 19 view .LVU82
 404 0030 F5E7     		b	.L21
 405              	.LVL35:
 406              	.L20:
 127:Drivers/u8glib/src/u8g_com_api.c ****       {
 407              		.loc 1 127 7 is_stmt 1 view .LVU83
 127:Drivers/u8glib/src/u8g_com_api.c ****       {
ARM GAS  C:\Users\Zbigniew\AppData\Local\Temp\ccOMeSDZ.s 			page 11


 408              		.loc 1 127 10 is_stmt 0 view .LVU84
 409 0032 FF2C     		cmp	r4, #255
 410 0034 11D0     		beq	.L36
 132:Drivers/u8glib/src/u8g_com_api.c ****       {
 411              		.loc 1 132 12 is_stmt 1 view .LVU85
 132:Drivers/u8glib/src/u8g_com_api.c ****       {
 412              		.loc 1 132 15 is_stmt 0 view .LVU86
 413 0036 FE2C     		cmp	r4, #254
 414 0038 4ED0     		beq	.L22
 136:Drivers/u8glib/src/u8g_com_api.c ****       {
 415              		.loc 1 136 12 is_stmt 1 view .LVU87
 136:Drivers/u8glib/src/u8g_com_api.c ****       {
 416              		.loc 1 136 15 is_stmt 0 view .LVU88
 417 003a EF2C     		cmp	r4, #239
 418 003c 45D8     		bhi	.L30
 140:Drivers/u8glib/src/u8g_com_api.c ****       {
 419              		.loc 1 140 12 is_stmt 1 view .LVU89
 140:Drivers/u8glib/src/u8g_com_api.c ****       {
 420              		.loc 1 140 15 is_stmt 0 view .LVU90
 421 003e DF2C     		cmp	r4, #223
 422 0040 15D8     		bhi	.L37
 144:Drivers/u8glib/src/u8g_com_api.c ****       {
 423              		.loc 1 144 12 is_stmt 1 view .LVU91
 144:Drivers/u8glib/src/u8g_com_api.c ****       {
 424              		.loc 1 144 15 is_stmt 0 view .LVU92
 425 0042 CF2C     		cmp	r4, #207
 426 0044 1CD8     		bhi	.L38
 148:Drivers/u8glib/src/u8g_com_api.c ****       {
 427              		.loc 1 148 12 is_stmt 1 view .LVU93
 148:Drivers/u8glib/src/u8g_com_api.c ****       {
 428              		.loc 1 148 15 is_stmt 0 view .LVU94
 429 0046 BF2C     		cmp	r4, #191
 430 0048 23D8     		bhi	.L39
 158:Drivers/u8glib/src/u8g_com_api.c ****       {
 431              		.loc 1 158 12 is_stmt 1 view .LVU95
 158:Drivers/u8glib/src/u8g_com_api.c ****       {
 432              		.loc 1 158 15 is_stmt 0 view .LVU96
 433 004a BD2C     		cmp	r4, #189
 434 004c 40D8     		bhi	.L31
 163:Drivers/u8glib/src/u8g_com_api.c ****       {
 435              		.loc 1 163 12 is_stmt 1 view .LVU97
 163:Drivers/u8glib/src/u8g_com_api.c ****       {
 436              		.loc 1 163 15 is_stmt 0 view .LVU98
 437 004e 14F0800F 		tst	r4, #128
 438 0052 34D0     		beq	.L40
 167:Drivers/u8glib/src/u8g_com_api.c ****     }
 439              		.loc 1 167 17 view .LVU99
 440 0054 4FF00008 		mov	r8, #0
 441              	.LVL36:
 167:Drivers/u8glib/src/u8g_com_api.c ****     }
 442              		.loc 1 167 17 view .LVU100
 443 0058 E1E7     		b	.L21
 444              	.LVL37:
 445              	.L36:
 129:Drivers/u8glib/src/u8g_com_api.c ****           return 0;
 446              		.loc 1 129 9 is_stmt 1 view .LVU101
 129:Drivers/u8glib/src/u8g_com_api.c ****           return 0;
ARM GAS  C:\Users\Zbigniew\AppData\Local\Temp\ccOMeSDZ.s 			page 12


 447              		.loc 1 129 14 is_stmt 0 view .LVU102
 448 005a 2246     		mov	r2, r4
 449 005c 3146     		mov	r1, r6
 450 005e 3846     		mov	r0, r7
 451 0060 FFF7FEFF 		bl	u8g_WriteByte
 452              	.LVL38:
 129:Drivers/u8glib/src/u8g_com_api.c ****           return 0;
 453              		.loc 1 129 12 view .LVU103
 454 0064 8046     		mov	r8, r0
 455              	.LVL39:
 129:Drivers/u8glib/src/u8g_com_api.c ****           return 0;
 456              		.loc 1 129 12 view .LVU104
 457 0066 B8B3     		cbz	r0, .L22
 167:Drivers/u8glib/src/u8g_com_api.c ****     }
 458              		.loc 1 167 17 view .LVU105
 459 0068 4FF00008 		mov	r8, #0
 460 006c D7E7     		b	.L21
 461              	.LVL40:
 462              	.L37:
 142:Drivers/u8glib/src/u8g_com_api.c ****       }
 463              		.loc 1 142 9 is_stmt 1 view .LVU106
 464 006e 04F00F02 		and	r2, r4, #15
 465 0072 3146     		mov	r1, r6
 466 0074 3846     		mov	r0, r7
 467 0076 FFF7FEFF 		bl	u8g_SetAddress
 468              	.LVL41:
 167:Drivers/u8glib/src/u8g_com_api.c ****     }
 469              		.loc 1 167 17 is_stmt 0 view .LVU107
 470 007a 4FF00008 		mov	r8, #0
 471              	.LVL42:
 167:Drivers/u8glib/src/u8g_com_api.c ****     }
 472              		.loc 1 167 17 view .LVU108
 473 007e CEE7     		b	.L21
 474              	.LVL43:
 475              	.L38:
 146:Drivers/u8glib/src/u8g_com_api.c ****       }
 476              		.loc 1 146 9 is_stmt 1 view .LVU109
 477 0080 04F00F02 		and	r2, r4, #15
 478 0084 3146     		mov	r1, r6
 479 0086 3846     		mov	r0, r7
 480 0088 FFF7FEFF 		bl	u8g_SetChipSelect
 481              	.LVL44:
 167:Drivers/u8glib/src/u8g_com_api.c ****     }
 482              		.loc 1 167 17 is_stmt 0 view .LVU110
 483 008c 4FF00008 		mov	r8, #0
 484              	.LVL45:
 167:Drivers/u8glib/src/u8g_com_api.c ****     }
 485              		.loc 1 167 17 view .LVU111
 486 0090 C5E7     		b	.L21
 487              	.LVL46:
 488              	.L39:
 150:Drivers/u8glib/src/u8g_com_api.c ****         value &= 0x0f;
 489              		.loc 1 150 9 is_stmt 1 view .LVU112
 490 0092 3146     		mov	r1, r6
 491 0094 3846     		mov	r0, r7
 492 0096 FFF7FEFF 		bl	u8g_SetResetLow
 493              	.LVL47:
ARM GAS  C:\Users\Zbigniew\AppData\Local\Temp\ccOMeSDZ.s 			page 13


 151:Drivers/u8glib/src/u8g_com_api.c ****         value <<= 4;
 494              		.loc 1 151 9 view .LVU113
 152:Drivers/u8glib/src/u8g_com_api.c ****         value+=2;
 495              		.loc 1 152 9 view .LVU114
 496 009a 2401     		lsls	r4, r4, #4
 497              	.LVL48:
 152:Drivers/u8glib/src/u8g_com_api.c ****         value+=2;
 498              		.loc 1 152 9 is_stmt 0 view .LVU115
 499 009c E4B2     		uxtb	r4, r4
 500              	.LVL49:
 153:Drivers/u8glib/src/u8g_com_api.c ****         u8g_Delay(value);
 501              		.loc 1 153 9 is_stmt 1 view .LVU116
 153:Drivers/u8glib/src/u8g_com_api.c ****         u8g_Delay(value);
 502              		.loc 1 153 14 is_stmt 0 view .LVU117
 503 009e 0234     		adds	r4, r4, #2
 504              	.LVL50:
 154:Drivers/u8glib/src/u8g_com_api.c ****         u8g_SetResetHigh(u8g, dev);
 505              		.loc 1 154 9 is_stmt 1 view .LVU118
 506 00a0 04F0FE04 		and	r4, r4, #254
 507              	.LVL51:
 154:Drivers/u8glib/src/u8g_com_api.c ****         u8g_SetResetHigh(u8g, dev);
 508              		.loc 1 154 9 is_stmt 0 view .LVU119
 509 00a4 2046     		mov	r0, r4
 510 00a6 FFF7FEFF 		bl	u8g_Delay
 511              	.LVL52:
 155:Drivers/u8glib/src/u8g_com_api.c ****         u8g_Delay(value);
 512              		.loc 1 155 9 is_stmt 1 view .LVU120
 513 00aa 3146     		mov	r1, r6
 514 00ac 3846     		mov	r0, r7
 515 00ae FFF7FEFF 		bl	u8g_SetResetHigh
 516              	.LVL53:
 156:Drivers/u8glib/src/u8g_com_api.c ****       }
 517              		.loc 1 156 9 view .LVU121
 518 00b2 2046     		mov	r0, r4
 519 00b4 FFF7FEFF 		bl	u8g_Delay
 520              	.LVL54:
 167:Drivers/u8glib/src/u8g_com_api.c ****     }
 521              		.loc 1 167 17 is_stmt 0 view .LVU122
 522 00b8 4FF00008 		mov	r8, #0
 523              	.LVL55:
 167:Drivers/u8glib/src/u8g_com_api.c ****     }
 524              		.loc 1 167 17 view .LVU123
 525 00bc AFE7     		b	.L21
 526              	.LVL56:
 527              	.L40:
 165:Drivers/u8glib/src/u8g_com_api.c ****       }
 528              		.loc 1 165 9 is_stmt 1 view .LVU124
 529 00be 2046     		mov	r0, r4
 530 00c0 FFF7FEFF 		bl	u8g_Delay
 531              	.LVL57:
 167:Drivers/u8glib/src/u8g_com_api.c ****     }
 532              		.loc 1 167 17 is_stmt 0 view .LVU125
 533 00c4 4FF00008 		mov	r8, #0
 534              	.LVL58:
 167:Drivers/u8glib/src/u8g_com_api.c ****     }
 535              		.loc 1 167 17 view .LVU126
 536 00c8 A9E7     		b	.L21
ARM GAS  C:\Users\Zbigniew\AppData\Local\Temp\ccOMeSDZ.s 			page 14


 537              	.LVL59:
 538              	.L30:
 167:Drivers/u8glib/src/u8g_com_api.c ****     }
 539              		.loc 1 167 17 view .LVU127
 540 00ca 4FF00008 		mov	r8, #0
 541              	.LVL60:
 167:Drivers/u8glib/src/u8g_com_api.c ****     }
 542              		.loc 1 167 17 view .LVU128
 543 00ce A6E7     		b	.L21
 544              	.LVL61:
 545              	.L31:
 167:Drivers/u8glib/src/u8g_com_api.c ****     }
 546              		.loc 1 167 17 view .LVU129
 547 00d0 4FF00008 		mov	r8, #0
 548              	.LVL62:
 167:Drivers/u8glib/src/u8g_com_api.c ****     }
 549              		.loc 1 167 17 view .LVU130
 550 00d4 A3E7     		b	.L21
 551              	.LVL63:
 552              	.L34:
 118:Drivers/u8glib/src/u8g_com_api.c ****       }
 553              		.loc 1 118 18 view .LVU131
 554 00d6 8046     		mov	r8, r0
 555              	.LVL64:
 556              	.L22:
 170:Drivers/u8glib/src/u8g_com_api.c ****   }
 171:Drivers/u8glib/src/u8g_com_api.c ****   return 1;
 172:Drivers/u8glib/src/u8g_com_api.c **** }
 557              		.loc 1 172 1 view .LVU132
 558 00d8 4046     		mov	r0, r8
 559 00da BDE8F081 		pop	{r4, r5, r6, r7, r8, pc}
 560              		.loc 1 172 1 view .LVU133
 561              		.cfi_endproc
 562              	.LFE9:
 564              		.text
 565              	.Letext0:
 566              		.file 2 "c:\\users\\zbigniew\\appdata\\roaming\\code\\user\\globalstorage\\bmd.stm32-for-vscode\\@
 567              		.file 3 "c:\\users\\zbigniew\\appdata\\roaming\\code\\user\\globalstorage\\bmd.stm32-for-vscode\\@
 568              		.file 4 "Inc/../Drivers/u8glib/inc/u8g.h"
ARM GAS  C:\Users\Zbigniew\AppData\Local\Temp\ccOMeSDZ.s 			page 15


DEFINED SYMBOLS
                            *ABS*:0000000000000000 u8g_com_api.c
C:\Users\Zbigniew\AppData\Local\Temp\ccOMeSDZ.s:18     .text.u8g_InitCom:0000000000000000 $t
C:\Users\Zbigniew\AppData\Local\Temp\ccOMeSDZ.s:24     .text.u8g_InitCom:0000000000000000 u8g_InitCom
C:\Users\Zbigniew\AppData\Local\Temp\ccOMeSDZ.s:54     .text.u8g_StopCom:0000000000000000 $t
C:\Users\Zbigniew\AppData\Local\Temp\ccOMeSDZ.s:60     .text.u8g_StopCom:0000000000000000 u8g_StopCom
C:\Users\Zbigniew\AppData\Local\Temp\ccOMeSDZ.s:90     .text.u8g_SetChipSelect:0000000000000000 $t
C:\Users\Zbigniew\AppData\Local\Temp\ccOMeSDZ.s:96     .text.u8g_SetChipSelect:0000000000000000 u8g_SetChipSelect
C:\Users\Zbigniew\AppData\Local\Temp\ccOMeSDZ.s:125    .text.u8g_SetResetLow:0000000000000000 $t
C:\Users\Zbigniew\AppData\Local\Temp\ccOMeSDZ.s:131    .text.u8g_SetResetLow:0000000000000000 u8g_SetResetLow
C:\Users\Zbigniew\AppData\Local\Temp\ccOMeSDZ.s:161    .text.u8g_SetResetHigh:0000000000000000 $t
C:\Users\Zbigniew\AppData\Local\Temp\ccOMeSDZ.s:167    .text.u8g_SetResetHigh:0000000000000000 u8g_SetResetHigh
C:\Users\Zbigniew\AppData\Local\Temp\ccOMeSDZ.s:197    .text.u8g_SetAddress:0000000000000000 $t
C:\Users\Zbigniew\AppData\Local\Temp\ccOMeSDZ.s:203    .text.u8g_SetAddress:0000000000000000 u8g_SetAddress
C:\Users\Zbigniew\AppData\Local\Temp\ccOMeSDZ.s:232    .text.u8g_WriteByte:0000000000000000 $t
C:\Users\Zbigniew\AppData\Local\Temp\ccOMeSDZ.s:238    .text.u8g_WriteByte:0000000000000000 u8g_WriteByte
C:\Users\Zbigniew\AppData\Local\Temp\ccOMeSDZ.s:267    .text.u8g_WriteSequence:0000000000000000 $t
C:\Users\Zbigniew\AppData\Local\Temp\ccOMeSDZ.s:273    .text.u8g_WriteSequence:0000000000000000 u8g_WriteSequence
C:\Users\Zbigniew\AppData\Local\Temp\ccOMeSDZ.s:301    .text.u8g_WriteSequenceP:0000000000000000 $t
C:\Users\Zbigniew\AppData\Local\Temp\ccOMeSDZ.s:307    .text.u8g_WriteSequenceP:0000000000000000 u8g_WriteSequenceP
C:\Users\Zbigniew\AppData\Local\Temp\ccOMeSDZ.s:335    .text.u8g_WriteEscSeqP:0000000000000000 $t
C:\Users\Zbigniew\AppData\Local\Temp\ccOMeSDZ.s:341    .text.u8g_WriteEscSeqP:0000000000000000 u8g_WriteEscSeqP

UNDEFINED SYMBOLS
u8g_Delay
