ARM GAS  C:\Users\Zbigniew\AppData\Local\Temp\ccNzwoGJ.s 			page 1


   1              		.cpu cortex-m3
   2              		.arch armv7-m
   3              		.fpu softvfp
   4              		.eabi_attribute 20, 1
   5              		.eabi_attribute 21, 1
   6              		.eabi_attribute 23, 3
   7              		.eabi_attribute 24, 1
   8              		.eabi_attribute 25, 1
   9              		.eabi_attribute 26, 1
  10              		.eabi_attribute 30, 1
  11              		.eabi_attribute 34, 1
  12              		.eabi_attribute 18, 4
  13              		.file	"u8g_com_msp430_hw_spi.c"
  14              		.text
  15              	.Ltext0:
  16              		.cfi_sections	.debug_frame
  17              		.section	.text.u8g_com_msp430_hw_spi_fn,"ax",%progbits
  18              		.align	1
  19              		.global	u8g_com_msp430_hw_spi_fn
  20              		.syntax unified
  21              		.thumb
  22              		.thumb_func
  24              	u8g_com_msp430_hw_spi_fn:
  25              	.LVL0:
  26              	.LFB0:
  27              		.file 1 "Drivers/u8glib/src/u8g_com_msp430_hw_spi.c"
   1:Drivers/u8glib/src/u8g_com_msp430_hw_spi.c **** /*
   2:Drivers/u8glib/src/u8g_com_msp430_hw_spi.c ****   
   3:Drivers/u8glib/src/u8g_com_msp430_hw_spi.c ****   u8g_com_msp430_hw_spi.c
   4:Drivers/u8glib/src/u8g_com_msp430_hw_spi.c **** 
   5:Drivers/u8glib/src/u8g_com_msp430_hw_spi.c ****   Universal 8bit Graphics Library
   6:Drivers/u8glib/src/u8g_com_msp430_hw_spi.c ****   
   7:Drivers/u8glib/src/u8g_com_msp430_hw_spi.c ****   Copyright (c) 2012, olikraus@gmail.com
   8:Drivers/u8glib/src/u8g_com_msp430_hw_spi.c ****   All rights reserved.
   9:Drivers/u8glib/src/u8g_com_msp430_hw_spi.c **** 
  10:Drivers/u8glib/src/u8g_com_msp430_hw_spi.c ****   Redistribution and use in source and binary forms, with or without modification, 
  11:Drivers/u8glib/src/u8g_com_msp430_hw_spi.c ****   are permitted provided that the following conditions are met:
  12:Drivers/u8glib/src/u8g_com_msp430_hw_spi.c **** 
  13:Drivers/u8glib/src/u8g_com_msp430_hw_spi.c ****   * Redistributions of source code must retain the above copyright notice, this list 
  14:Drivers/u8glib/src/u8g_com_msp430_hw_spi.c ****     of conditions and the following disclaimer.
  15:Drivers/u8glib/src/u8g_com_msp430_hw_spi.c ****     
  16:Drivers/u8glib/src/u8g_com_msp430_hw_spi.c ****   * Redistributions in binary form must reproduce the above copyright notice, this 
  17:Drivers/u8glib/src/u8g_com_msp430_hw_spi.c ****     list of conditions and the following disclaimer in the documentation and/or other 
  18:Drivers/u8glib/src/u8g_com_msp430_hw_spi.c ****     materials provided with the distribution.
  19:Drivers/u8glib/src/u8g_com_msp430_hw_spi.c **** 
  20:Drivers/u8glib/src/u8g_com_msp430_hw_spi.c ****   THIS SOFTWARE IS PROVIDED BY THE COPYRIGHT HOLDERS AND 
  21:Drivers/u8glib/src/u8g_com_msp430_hw_spi.c ****   CONTRIBUTORS "AS IS" AND ANY EXPRESS OR IMPLIED WARRANTIES, 
  22:Drivers/u8glib/src/u8g_com_msp430_hw_spi.c ****   INCLUDING, BUT NOT LIMITED TO, THE IMPLIED WARRANTIES OF 
  23:Drivers/u8glib/src/u8g_com_msp430_hw_spi.c ****   MERCHANTABILITY AND FITNESS FOR A PARTICULAR PURPOSE ARE 
  24:Drivers/u8glib/src/u8g_com_msp430_hw_spi.c ****   DISCLAIMED. IN NO EVENT SHALL THE COPYRIGHT HOLDER OR 
  25:Drivers/u8glib/src/u8g_com_msp430_hw_spi.c ****   CONTRIBUTORS BE LIABLE FOR ANY DIRECT, INDIRECT, INCIDENTAL, 
  26:Drivers/u8glib/src/u8g_com_msp430_hw_spi.c ****   SPECIAL, EXEMPLARY, OR CONSEQUENTIAL DAMAGES (INCLUDING, BUT 
  27:Drivers/u8glib/src/u8g_com_msp430_hw_spi.c ****   NOT LIMITED TO, PROCUREMENT OF SUBSTITUTE GOODS OR SERVICES; 
  28:Drivers/u8glib/src/u8g_com_msp430_hw_spi.c ****   LOSS OF USE, DATA, OR PROFITS; OR BUSINESS INTERRUPTION) HOWEVER 
  29:Drivers/u8glib/src/u8g_com_msp430_hw_spi.c ****   CAUSED AND ON ANY THEORY OF LIABILITY, WHETHER IN CONTRACT, 
  30:Drivers/u8glib/src/u8g_com_msp430_hw_spi.c ****   STRICT LIABILITY, OR TORT (INCLUDING NEGLIGENCE OR OTHERWISE) 
  31:Drivers/u8glib/src/u8g_com_msp430_hw_spi.c ****   ARISING IN ANY WAY OUT OF THE USE OF THIS SOFTWARE, EVEN IF 
ARM GAS  C:\Users\Zbigniew\AppData\Local\Temp\ccNzwoGJ.s 			page 2


  32:Drivers/u8glib/src/u8g_com_msp430_hw_spi.c ****   ADVISED OF THE POSSIBILITY OF SUCH DAMAGE.  
  33:Drivers/u8glib/src/u8g_com_msp430_hw_spi.c ****  
  34:Drivers/u8glib/src/u8g_com_msp430_hw_spi.c **** */ 
  35:Drivers/u8glib/src/u8g_com_msp430_hw_spi.c ****  
  36:Drivers/u8glib/src/u8g_com_msp430_hw_spi.c **** #include "../Drivers/u8glib/inc/u8g.h"
  37:Drivers/u8glib/src/u8g_com_msp430_hw_spi.c **** 
  38:Drivers/u8glib/src/u8g_com_msp430_hw_spi.c **** #if defined(__MSP430__)
  39:Drivers/u8glib/src/u8g_com_msp430_hw_spi.c **** #define U8G_MSP430_HW_SPI
  40:Drivers/u8glib/src/u8g_com_msp430_hw_spi.c **** #endif
  41:Drivers/u8glib/src/u8g_com_msp430_hw_spi.c **** 
  42:Drivers/u8glib/src/u8g_com_msp430_hw_spi.c **** #if defined(U8G_MSP430_HW_SPI)
  43:Drivers/u8glib/src/u8g_com_msp430_hw_spi.c **** 
  44:Drivers/u8glib/src/u8g_com_msp430_hw_spi.c **** #include <msp430.h>
  45:Drivers/u8glib/src/u8g_com_msp430_hw_spi.c **** 
  46:Drivers/u8glib/src/u8g_com_msp430_hw_spi.c **** #ifndef F_CPU
  47:Drivers/u8glib/src/u8g_com_msp430_hw_spi.c **** #error "Please specifiy actual master clock using F_CPU in HZ"
  48:Drivers/u8glib/src/u8g_com_msp430_hw_spi.c **** #endif
  49:Drivers/u8glib/src/u8g_com_msp430_hw_spi.c **** #ifndef F_SPI
  50:Drivers/u8glib/src/u8g_com_msp430_hw_spi.c **** #define F_SPI  1000000UL
  51:Drivers/u8glib/src/u8g_com_msp430_hw_spi.c **** #endif
  52:Drivers/u8glib/src/u8g_com_msp430_hw_spi.c **** 
  53:Drivers/u8glib/src/u8g_com_msp430_hw_spi.c **** #define U8G_USE_USCIA0	1
  54:Drivers/u8glib/src/u8g_com_msp430_hw_spi.c **** #define U8G_USE_USCIB0	2
  55:Drivers/u8glib/src/u8g_com_msp430_hw_spi.c **** #define U8G_USE_USCIA1	3
  56:Drivers/u8glib/src/u8g_com_msp430_hw_spi.c **** #define U8G_USE_USCIB1	4
  57:Drivers/u8glib/src/u8g_com_msp430_hw_spi.c **** #define U8G_USE_USCIA2	5
  58:Drivers/u8glib/src/u8g_com_msp430_hw_spi.c **** #define U8G_USE_USCIB2	6
  59:Drivers/u8glib/src/u8g_com_msp430_hw_spi.c **** #define U8G_USE_USCIA3	7
  60:Drivers/u8glib/src/u8g_com_msp430_hw_spi.c **** #define U8G_USE_USCIB3	8
  61:Drivers/u8glib/src/u8g_com_msp430_hw_spi.c **** 
  62:Drivers/u8glib/src/u8g_com_msp430_hw_spi.c **** #ifndef U8G_USE_USCI
  63:Drivers/u8glib/src/u8g_com_msp430_hw_spi.c **** #define U8G_USE_USCI	U8G_USE_USCIB0
  64:Drivers/u8glib/src/u8g_com_msp430_hw_spi.c **** #endif
  65:Drivers/u8glib/src/u8g_com_msp430_hw_spi.c **** 
  66:Drivers/u8glib/src/u8g_com_msp430_hw_spi.c **** #if U8G_USE_USCI == 1
  67:Drivers/u8glib/src/u8g_com_msp430_hw_spi.c **** #define UCIFG	UCA0IFG
  68:Drivers/u8glib/src/u8g_com_msp430_hw_spi.c **** #define UCTXBUF UCA0TXBUF
  69:Drivers/u8glib/src/u8g_com_msp430_hw_spi.c **** #define UCSTAT  UCA0STAT
  70:Drivers/u8glib/src/u8g_com_msp430_hw_spi.c **** #define UCCTL0  UCA0CTL0
  71:Drivers/u8glib/src/u8g_com_msp430_hw_spi.c **** #define UCCTL1  UCA0CTL1
  72:Drivers/u8glib/src/u8g_com_msp430_hw_spi.c **** #define UCBR0   UCA0BR0
  73:Drivers/u8glib/src/u8g_com_msp430_hw_spi.c **** #define UCBR1   UCA0BR1
  74:Drivers/u8glib/src/u8g_com_msp430_hw_spi.c **** #elif U8G_USE_USCI == 2
  75:Drivers/u8glib/src/u8g_com_msp430_hw_spi.c **** #define UCIFG	UCB0IFG
  76:Drivers/u8glib/src/u8g_com_msp430_hw_spi.c **** #define UCTXBUF UCB0TXBUF
  77:Drivers/u8glib/src/u8g_com_msp430_hw_spi.c **** #define UCSTAT  UCB0STAT
  78:Drivers/u8glib/src/u8g_com_msp430_hw_spi.c **** #define UCCTL0  UCB0CTL0
  79:Drivers/u8glib/src/u8g_com_msp430_hw_spi.c **** #define UCCTL1  UCB0CTL1
  80:Drivers/u8glib/src/u8g_com_msp430_hw_spi.c **** #define UCBR0   UCB0BR0
  81:Drivers/u8glib/src/u8g_com_msp430_hw_spi.c **** #define UCBR1   UCB0BR1
  82:Drivers/u8glib/src/u8g_com_msp430_hw_spi.c **** #elif U8G_USE_USCI == 3
  83:Drivers/u8glib/src/u8g_com_msp430_hw_spi.c **** #define UCIFG	UCA1IFG
  84:Drivers/u8glib/src/u8g_com_msp430_hw_spi.c **** #define UCTXBUF UCA1TXBUF
  85:Drivers/u8glib/src/u8g_com_msp430_hw_spi.c **** #define UCSTAT  UCA1STAT
  86:Drivers/u8glib/src/u8g_com_msp430_hw_spi.c **** #define UCCTL0  UCA1CTL0
  87:Drivers/u8glib/src/u8g_com_msp430_hw_spi.c **** #define UCCTL1  UCA1CTL1
  88:Drivers/u8glib/src/u8g_com_msp430_hw_spi.c **** #define UCBR0   UCA1BR0
ARM GAS  C:\Users\Zbigniew\AppData\Local\Temp\ccNzwoGJ.s 			page 3


  89:Drivers/u8glib/src/u8g_com_msp430_hw_spi.c **** #define UCBR1   UCA1BR1
  90:Drivers/u8glib/src/u8g_com_msp430_hw_spi.c **** #elif U8G_USE_USCI == 4
  91:Drivers/u8glib/src/u8g_com_msp430_hw_spi.c **** #define UCIFG	UCB1IFG
  92:Drivers/u8glib/src/u8g_com_msp430_hw_spi.c **** #define UCTXBUF UCB1TXBUF
  93:Drivers/u8glib/src/u8g_com_msp430_hw_spi.c **** #define UCSTAT  UCB1STAT
  94:Drivers/u8glib/src/u8g_com_msp430_hw_spi.c **** #define UCCTL0  UCB1CTL0
  95:Drivers/u8glib/src/u8g_com_msp430_hw_spi.c **** #define UCCTL1  UCB1CTL1
  96:Drivers/u8glib/src/u8g_com_msp430_hw_spi.c **** #define UCBR0   UCB1BR0
  97:Drivers/u8glib/src/u8g_com_msp430_hw_spi.c **** #define UCBR1   UCB1BR1
  98:Drivers/u8glib/src/u8g_com_msp430_hw_spi.c **** #elif U8G_USE_USCI == 5
  99:Drivers/u8glib/src/u8g_com_msp430_hw_spi.c **** #define UCIFG	UCA2IFG
 100:Drivers/u8glib/src/u8g_com_msp430_hw_spi.c **** #define UCTXBUF UCA2TXBUF
 101:Drivers/u8glib/src/u8g_com_msp430_hw_spi.c **** #define UCSTAT  UCA2STAT
 102:Drivers/u8glib/src/u8g_com_msp430_hw_spi.c **** #define UCCTL0  UCA2CTL0
 103:Drivers/u8glib/src/u8g_com_msp430_hw_spi.c **** #define UCCTL1  UCA2CTL1
 104:Drivers/u8glib/src/u8g_com_msp430_hw_spi.c **** #define UCBR0   UCA2BR0
 105:Drivers/u8glib/src/u8g_com_msp430_hw_spi.c **** #define UCBR1   UCA2BR1
 106:Drivers/u8glib/src/u8g_com_msp430_hw_spi.c **** #elif U8G_USE_USCI == 6
 107:Drivers/u8glib/src/u8g_com_msp430_hw_spi.c **** #define UCIFG	UCB2IFG
 108:Drivers/u8glib/src/u8g_com_msp430_hw_spi.c **** #define UCTXBUF UCB2TXBUF
 109:Drivers/u8glib/src/u8g_com_msp430_hw_spi.c **** #define UCSTAT  UCB2STAT
 110:Drivers/u8glib/src/u8g_com_msp430_hw_spi.c **** #define UCCTL0  UCB2CTL0
 111:Drivers/u8glib/src/u8g_com_msp430_hw_spi.c **** #define UCCTL1  UCB2CTL1
 112:Drivers/u8glib/src/u8g_com_msp430_hw_spi.c **** #define UCBR0   UCB2BR0
 113:Drivers/u8glib/src/u8g_com_msp430_hw_spi.c **** #define UCBR1   UCB2BR1
 114:Drivers/u8glib/src/u8g_com_msp430_hw_spi.c **** #elif U8G_USE_USCI == 7
 115:Drivers/u8glib/src/u8g_com_msp430_hw_spi.c **** #define UCIFG	UCA3IFG
 116:Drivers/u8glib/src/u8g_com_msp430_hw_spi.c **** #define UCTXBUF UCA3TXBUF
 117:Drivers/u8glib/src/u8g_com_msp430_hw_spi.c **** #define UCSTAT  UCA3STAT
 118:Drivers/u8glib/src/u8g_com_msp430_hw_spi.c **** #define UCCTL0  UCA3CTL0
 119:Drivers/u8glib/src/u8g_com_msp430_hw_spi.c **** #define UCCTL1  UCA3CTL1
 120:Drivers/u8glib/src/u8g_com_msp430_hw_spi.c **** #define UCBR0   UCA3BR0
 121:Drivers/u8glib/src/u8g_com_msp430_hw_spi.c **** #define UCBR1   UCA3BR1
 122:Drivers/u8glib/src/u8g_com_msp430_hw_spi.c **** #elif U8G_USE_USCI == 8
 123:Drivers/u8glib/src/u8g_com_msp430_hw_spi.c **** #define UCIFG	UCB3IFG
 124:Drivers/u8glib/src/u8g_com_msp430_hw_spi.c **** #define UCTXBUF UCB3TXBUF
 125:Drivers/u8glib/src/u8g_com_msp430_hw_spi.c **** #define UCSTAT  UCB3STAT
 126:Drivers/u8glib/src/u8g_com_msp430_hw_spi.c **** #define UCCTL0  UCB3CTL0
 127:Drivers/u8glib/src/u8g_com_msp430_hw_spi.c **** #define UCCTL1  UCB3CTL1
 128:Drivers/u8glib/src/u8g_com_msp430_hw_spi.c **** #define UCBR0   UCB3BR0
 129:Drivers/u8glib/src/u8g_com_msp430_hw_spi.c **** #define UCBR1   UCB3BR1
 130:Drivers/u8glib/src/u8g_com_msp430_hw_spi.c **** #endif
 131:Drivers/u8glib/src/u8g_com_msp430_hw_spi.c **** 
 132:Drivers/u8glib/src/u8g_com_msp430_hw_spi.c **** inline void u8g_msp430_spi_out(uint8_t data)
 133:Drivers/u8glib/src/u8g_com_msp430_hw_spi.c **** {
 134:Drivers/u8glib/src/u8g_com_msp430_hw_spi.c ****   while (!(UCIFG&UCTXIFG));
 135:Drivers/u8glib/src/u8g_com_msp430_hw_spi.c ****   UCTXBUF = data;
 136:Drivers/u8glib/src/u8g_com_msp430_hw_spi.c **** }
 137:Drivers/u8glib/src/u8g_com_msp430_hw_spi.c **** 
 138:Drivers/u8glib/src/u8g_com_msp430_hw_spi.c **** uint8_t u8g_com_msp430_hw_spi_fn(u8g_t *u8g, uint8_t msg, uint8_t arg_val, void *arg_ptr)
 139:Drivers/u8glib/src/u8g_com_msp430_hw_spi.c **** {
 140:Drivers/u8glib/src/u8g_com_msp430_hw_spi.c ****   switch(msg)
 141:Drivers/u8glib/src/u8g_com_msp430_hw_spi.c ****   {
 142:Drivers/u8glib/src/u8g_com_msp430_hw_spi.c ****     case U8G_COM_MSG_STOP:
 143:Drivers/u8glib/src/u8g_com_msp430_hw_spi.c ****       break;
 144:Drivers/u8glib/src/u8g_com_msp430_hw_spi.c ****     
 145:Drivers/u8glib/src/u8g_com_msp430_hw_spi.c ****     case U8G_COM_MSG_INIT:
ARM GAS  C:\Users\Zbigniew\AppData\Local\Temp\ccNzwoGJ.s 			page 4


 146:Drivers/u8glib/src/u8g_com_msp430_hw_spi.c **** 	/*
 147:Drivers/u8glib/src/u8g_com_msp430_hw_spi.c ****  	 * on MSP430 you need to set PSEL alternative function which
 148:Drivers/u8glib/src/u8g_com_msp430_hw_spi.c ****  	 * may not be required on other MCU's - should be handled
 149:Drivers/u8glib/src/u8g_com_msp430_hw_spi.c ****  	 * by a low level u8g_SetPinAlternate(pin_number)...
 150:Drivers/u8glib/src/u8g_com_msp430_hw_spi.c ****  	 */
 151:Drivers/u8glib/src/u8g_com_msp430_hw_spi.c ****       UCCTL1 |= UCSWRST;                      // **Put state machine in reset**
 152:Drivers/u8glib/src/u8g_com_msp430_hw_spi.c ****       UCCTL0 |= UCMST|UCSYNC|UCCKPL|UCMSB;    // 3-pin, 8-bit SPI master Clock polarity high, MSB
 153:Drivers/u8glib/src/u8g_com_msp430_hw_spi.c ****       UCCTL1 |= UCSSEL_2;                     // SMCLK
 154:Drivers/u8glib/src/u8g_com_msp430_hw_spi.c ****       UCBR0 = (unsigned char)(F_CPU/F_SPI);   // 
 155:Drivers/u8glib/src/u8g_com_msp430_hw_spi.c ****       UCBR1 = 0;                              //
 156:Drivers/u8glib/src/u8g_com_msp430_hw_spi.c ****       UCCTL1 &= ~UCSWRST;                     // **Initialize USCI state machine**
 157:Drivers/u8glib/src/u8g_com_msp430_hw_spi.c ****       u8g_SetPILevel(u8g, U8G_PI_CS, 1);
 158:Drivers/u8glib/src/u8g_com_msp430_hw_spi.c ****       u8g_SetPILevel(u8g, U8G_PI_A0, 1);
 159:Drivers/u8glib/src/u8g_com_msp430_hw_spi.c ****       u8g_SetPILevel(u8g, U8G_PI_RESET, 1);
 160:Drivers/u8glib/src/u8g_com_msp430_hw_spi.c ****       u8g_SetPIOutput(u8g, U8G_PI_CS);
 161:Drivers/u8glib/src/u8g_com_msp430_hw_spi.c ****       u8g_SetPIOutput(u8g, U8G_PI_A0);
 162:Drivers/u8glib/src/u8g_com_msp430_hw_spi.c ****       u8g_SetPIOutput(u8g, U8G_PI_RESET);
 163:Drivers/u8glib/src/u8g_com_msp430_hw_spi.c **** 
 164:Drivers/u8glib/src/u8g_com_msp430_hw_spi.c ****       break;
 165:Drivers/u8glib/src/u8g_com_msp430_hw_spi.c ****     
 166:Drivers/u8glib/src/u8g_com_msp430_hw_spi.c ****     case U8G_COM_MSG_ADDRESS:                     /* define cmd (arg_val = 0) or data mode (arg_val
 167:Drivers/u8glib/src/u8g_com_msp430_hw_spi.c ****       u8g_SetPILevel(u8g, U8G_PI_A0, arg_val);
 168:Drivers/u8glib/src/u8g_com_msp430_hw_spi.c ****       break;
 169:Drivers/u8glib/src/u8g_com_msp430_hw_spi.c **** 
 170:Drivers/u8glib/src/u8g_com_msp430_hw_spi.c ****     case U8G_COM_MSG_CHIP_SELECT:
 171:Drivers/u8glib/src/u8g_com_msp430_hw_spi.c ****       
 172:Drivers/u8glib/src/u8g_com_msp430_hw_spi.c ****        u8g_SetPILevel(u8g, U8G_PI_CS, (arg_val ? 0 : 1));
 173:Drivers/u8glib/src/u8g_com_msp430_hw_spi.c ****       break;
 174:Drivers/u8glib/src/u8g_com_msp430_hw_spi.c ****       
 175:Drivers/u8glib/src/u8g_com_msp430_hw_spi.c ****     case U8G_COM_MSG_RESET:
 176:Drivers/u8glib/src/u8g_com_msp430_hw_spi.c **** 
 177:Drivers/u8glib/src/u8g_com_msp430_hw_spi.c ****       u8g_SetPILevel(u8g, U8G_PI_RESET, arg_val);
 178:Drivers/u8glib/src/u8g_com_msp430_hw_spi.c ****       break;
 179:Drivers/u8glib/src/u8g_com_msp430_hw_spi.c ****     
 180:Drivers/u8glib/src/u8g_com_msp430_hw_spi.c ****     case U8G_COM_MSG_WRITE_BYTE:
 181:Drivers/u8glib/src/u8g_com_msp430_hw_spi.c ****       u8g_msp430_spi_out(arg_val);
 182:Drivers/u8glib/src/u8g_com_msp430_hw_spi.c ****       while ((UCSTAT&UCBUSY));
 183:Drivers/u8glib/src/u8g_com_msp430_hw_spi.c ****       break;
 184:Drivers/u8glib/src/u8g_com_msp430_hw_spi.c ****     
 185:Drivers/u8glib/src/u8g_com_msp430_hw_spi.c ****     case U8G_COM_MSG_WRITE_SEQ:
 186:Drivers/u8glib/src/u8g_com_msp430_hw_spi.c ****       {
 187:Drivers/u8glib/src/u8g_com_msp430_hw_spi.c ****         register uint8_t *ptr = arg_ptr;
 188:Drivers/u8glib/src/u8g_com_msp430_hw_spi.c ****         while( arg_val > 0 )
 189:Drivers/u8glib/src/u8g_com_msp430_hw_spi.c ****         {
 190:Drivers/u8glib/src/u8g_com_msp430_hw_spi.c ****           u8g_msp430_spi_out(*ptr++);
 191:Drivers/u8glib/src/u8g_com_msp430_hw_spi.c ****           arg_val--;
 192:Drivers/u8glib/src/u8g_com_msp430_hw_spi.c ****         }
 193:Drivers/u8glib/src/u8g_com_msp430_hw_spi.c ****         while ((UCSTAT&UCBUSY));
 194:Drivers/u8glib/src/u8g_com_msp430_hw_spi.c ****       }
 195:Drivers/u8glib/src/u8g_com_msp430_hw_spi.c ****       break;
 196:Drivers/u8glib/src/u8g_com_msp430_hw_spi.c ****     case U8G_COM_MSG_WRITE_SEQ_P:
 197:Drivers/u8glib/src/u8g_com_msp430_hw_spi.c ****       {
 198:Drivers/u8glib/src/u8g_com_msp430_hw_spi.c ****         register uint8_t *ptr = arg_ptr;
 199:Drivers/u8glib/src/u8g_com_msp430_hw_spi.c ****         while( arg_val > 0 )
 200:Drivers/u8glib/src/u8g_com_msp430_hw_spi.c ****         {
 201:Drivers/u8glib/src/u8g_com_msp430_hw_spi.c ****           u8g_msp430_spi_out(u8g_pgm_read(ptr));
 202:Drivers/u8glib/src/u8g_com_msp430_hw_spi.c ****           ptr++;
ARM GAS  C:\Users\Zbigniew\AppData\Local\Temp\ccNzwoGJ.s 			page 5


 203:Drivers/u8glib/src/u8g_com_msp430_hw_spi.c ****           arg_val--;
 204:Drivers/u8glib/src/u8g_com_msp430_hw_spi.c ****         }
 205:Drivers/u8glib/src/u8g_com_msp430_hw_spi.c ****         while ((UCSTAT&UCBUSY));
 206:Drivers/u8glib/src/u8g_com_msp430_hw_spi.c ****       }
 207:Drivers/u8glib/src/u8g_com_msp430_hw_spi.c ****       break;
 208:Drivers/u8glib/src/u8g_com_msp430_hw_spi.c ****   }
 209:Drivers/u8glib/src/u8g_com_msp430_hw_spi.c ****   return 1;
 210:Drivers/u8glib/src/u8g_com_msp430_hw_spi.c **** }
 211:Drivers/u8glib/src/u8g_com_msp430_hw_spi.c **** 
 212:Drivers/u8glib/src/u8g_com_msp430_hw_spi.c **** #else
 213:Drivers/u8glib/src/u8g_com_msp430_hw_spi.c **** 
 214:Drivers/u8glib/src/u8g_com_msp430_hw_spi.c **** uint8_t u8g_com_msp430_hw_spi_fn(u8g_t *u8g, uint8_t msg, uint8_t arg_val, void *arg_ptr)
 215:Drivers/u8glib/src/u8g_com_msp430_hw_spi.c **** {
  28              		.loc 1 215 1 view -0
  29              		.cfi_startproc
  30              		@ args = 0, pretend = 0, frame = 0
  31              		@ frame_needed = 0, uses_anonymous_args = 0
  32              		@ link register save eliminated.
 216:Drivers/u8glib/src/u8g_com_msp430_hw_spi.c ****   return 1;
  33              		.loc 1 216 3 view .LVU1
 217:Drivers/u8glib/src/u8g_com_msp430_hw_spi.c **** }
  34              		.loc 1 217 1 is_stmt 0 view .LVU2
  35 0000 0120     		movs	r0, #1
  36              	.LVL1:
  37              		.loc 1 217 1 view .LVU3
  38 0002 7047     		bx	lr
  39              		.cfi_endproc
  40              	.LFE0:
  42              		.text
  43              	.Letext0:
  44              		.file 2 "c:\\users\\zbigniew\\appdata\\roaming\\code\\user\\globalstorage\\bmd.stm32-for-vscode\\@
  45              		.file 3 "c:\\users\\zbigniew\\appdata\\roaming\\code\\user\\globalstorage\\bmd.stm32-for-vscode\\@
  46              		.file 4 "Inc/../Drivers/u8glib/inc/u8g.h"
ARM GAS  C:\Users\Zbigniew\AppData\Local\Temp\ccNzwoGJ.s 			page 6


DEFINED SYMBOLS
                            *ABS*:0000000000000000 u8g_com_msp430_hw_spi.c
C:\Users\Zbigniew\AppData\Local\Temp\ccNzwoGJ.s:18     .text.u8g_com_msp430_hw_spi_fn:0000000000000000 $t
C:\Users\Zbigniew\AppData\Local\Temp\ccNzwoGJ.s:24     .text.u8g_com_msp430_hw_spi_fn:0000000000000000 u8g_com_msp430_hw_spi_fn

NO UNDEFINED SYMBOLS
