ARM GAS  C:\Users\Zbigniew\AppData\Local\Temp\ccpN4xbu.s 			page 1


   1              		.cpu cortex-m3
   2              		.arch armv7-m
   3              		.fpu softvfp
   4              		.eabi_attribute 20, 1
   5              		.eabi_attribute 21, 1
   6              		.eabi_attribute 23, 3
   7              		.eabi_attribute 24, 1
   8              		.eabi_attribute 25, 1
   9              		.eabi_attribute 26, 1
  10              		.eabi_attribute 30, 1
  11              		.eabi_attribute 34, 1
  12              		.eabi_attribute 18, 4
  13              		.file	"u8g_com_io.c"
  14              		.text
  15              	.Ltext0:
  16              		.cfi_sections	.debug_frame
  17              		.section	.text.u8g_Pin,"ax",%progbits
  18              		.align	1
  19              		.global	u8g_Pin
  20              		.syntax unified
  21              		.thumb
  22              		.thumb_func
  24              	u8g_Pin:
  25              	.LVL0:
  26              	.LFB0:
  27              		.file 1 "Drivers/u8glib/src/u8g_com_io.c"
   1:Drivers/u8glib/src/u8g_com_io.c **** /*
   2:Drivers/u8glib/src/u8g_com_io.c ****   
   3:Drivers/u8glib/src/u8g_com_io.c ****   u8g_com_io.c
   4:Drivers/u8glib/src/u8g_com_io.c ****   
   5:Drivers/u8glib/src/u8g_com_io.c ****   abstraction layer for low level i/o 
   6:Drivers/u8glib/src/u8g_com_io.c **** 
   7:Drivers/u8glib/src/u8g_com_io.c ****   Universal 8bit Graphics Library
   8:Drivers/u8glib/src/u8g_com_io.c ****   
   9:Drivers/u8glib/src/u8g_com_io.c ****   Copyright (c) 2012, olikraus@gmail.com
  10:Drivers/u8glib/src/u8g_com_io.c ****   All rights reserved.
  11:Drivers/u8glib/src/u8g_com_io.c **** 
  12:Drivers/u8glib/src/u8g_com_io.c ****   Redistribution and use in source and binary forms, with or without modification, 
  13:Drivers/u8glib/src/u8g_com_io.c ****   are permitted provided that the following conditions are met:
  14:Drivers/u8glib/src/u8g_com_io.c **** 
  15:Drivers/u8glib/src/u8g_com_io.c ****   * Redistributions of source code must retain the above copyright notice, this list 
  16:Drivers/u8glib/src/u8g_com_io.c ****     of conditions and the following disclaimer.
  17:Drivers/u8glib/src/u8g_com_io.c ****     
  18:Drivers/u8glib/src/u8g_com_io.c ****   * Redistributions in binary form must reproduce the above copyright notice, this 
  19:Drivers/u8glib/src/u8g_com_io.c ****     list of conditions and the following disclaimer in the documentation and/or other 
  20:Drivers/u8glib/src/u8g_com_io.c ****     materials provided with the distribution.
  21:Drivers/u8glib/src/u8g_com_io.c **** 
  22:Drivers/u8glib/src/u8g_com_io.c ****   THIS SOFTWARE IS PROVIDED BY THE COPYRIGHT HOLDERS AND 
  23:Drivers/u8glib/src/u8g_com_io.c ****   CONTRIBUTORS "AS IS" AND ANY EXPRESS OR IMPLIED WARRANTIES, 
  24:Drivers/u8glib/src/u8g_com_io.c ****   INCLUDING, BUT NOT LIMITED TO, THE IMPLIED WARRANTIES OF 
  25:Drivers/u8glib/src/u8g_com_io.c ****   MERCHANTABILITY AND FITNESS FOR A PARTICULAR PURPOSE ARE 
  26:Drivers/u8glib/src/u8g_com_io.c ****   DISCLAIMED. IN NO EVENT SHALL THE COPYRIGHT HOLDER OR 
  27:Drivers/u8glib/src/u8g_com_io.c ****   CONTRIBUTORS BE LIABLE FOR ANY DIRECT, INDIRECT, INCIDENTAL, 
  28:Drivers/u8glib/src/u8g_com_io.c ****   SPECIAL, EXEMPLARY, OR CONSEQUENTIAL DAMAGES (INCLUDING, BUT 
  29:Drivers/u8glib/src/u8g_com_io.c ****   NOT LIMITED TO, PROCUREMENT OF SUBSTITUTE GOODS OR SERVICES; 
  30:Drivers/u8glib/src/u8g_com_io.c ****   LOSS OF USE, DATA, OR PROFITS; OR BUSINESS INTERRUPTION) HOWEVER 
  31:Drivers/u8glib/src/u8g_com_io.c ****   CAUSED AND ON ANY THEORY OF LIABILITY, WHETHER IN CONTRACT, 
ARM GAS  C:\Users\Zbigniew\AppData\Local\Temp\ccpN4xbu.s 			page 2


  32:Drivers/u8glib/src/u8g_com_io.c ****   STRICT LIABILITY, OR TORT (INCLUDING NEGLIGENCE OR OTHERWISE) 
  33:Drivers/u8glib/src/u8g_com_io.c ****   ARISING IN ANY WAY OUT OF THE USE OF THIS SOFTWARE, EVEN IF 
  34:Drivers/u8glib/src/u8g_com_io.c ****   ADVISED OF THE POSSIBILITY OF SUCH DAMAGE.  
  35:Drivers/u8glib/src/u8g_com_io.c **** 
  36:Drivers/u8glib/src/u8g_com_io.c ****   Update for ATOMIC operation done (01 Jun 2013)
  37:Drivers/u8glib/src/u8g_com_io.c ****     U8G_ATOMIC_OR(ptr, val)
  38:Drivers/u8glib/src/u8g_com_io.c ****     U8G_ATOMIC_AND(ptr, val)
  39:Drivers/u8glib/src/u8g_com_io.c ****     U8G_ATOMIC_START();
  40:Drivers/u8glib/src/u8g_com_io.c ****     U8G_ATOMIC_END();
  41:Drivers/u8glib/src/u8g_com_io.c **** 
  42:Drivers/u8glib/src/u8g_com_io.c ****   uint8_t u8g_Pin(uint8_t port, uint8_t bitpos)						Convert to internal number: AVR: port*8+bitpos
  43:Drivers/u8glib/src/u8g_com_io.c ****   void u8g_SetPinOutput(uint8_t internal_pin_number)
  44:Drivers/u8glib/src/u8g_com_io.c ****   void u8g_SetPinInput(uint8_t internal_pin_number)
  45:Drivers/u8glib/src/u8g_com_io.c ****   void u8g_SetPinLevel(uint8_t internal_pin_number, uint8_t level)
  46:Drivers/u8glib/src/u8g_com_io.c ****   uint8_t u8g_GetPinLevel(uint8_t internal_pin_number)
  47:Drivers/u8glib/src/u8g_com_io.c **** 
  48:Drivers/u8glib/src/u8g_com_io.c **** 
  49:Drivers/u8glib/src/u8g_com_io.c **** */
  50:Drivers/u8glib/src/u8g_com_io.c **** 
  51:Drivers/u8glib/src/u8g_com_io.c **** #include "../Drivers/u8glib/inc/u8g.h"
  52:Drivers/u8glib/src/u8g_com_io.c **** 
  53:Drivers/u8glib/src/u8g_com_io.c **** #if defined(__AVR__)
  54:Drivers/u8glib/src/u8g_com_io.c **** 
  55:Drivers/u8glib/src/u8g_com_io.c **** #include <avr/interrupt.h>
  56:Drivers/u8glib/src/u8g_com_io.c **** #include <avr/io.h>
  57:Drivers/u8glib/src/u8g_com_io.c **** 
  58:Drivers/u8glib/src/u8g_com_io.c **** typedef volatile uint8_t * IO_PTR;
  59:Drivers/u8glib/src/u8g_com_io.c **** 
  60:Drivers/u8glib/src/u8g_com_io.c **** /* create internal pin number */
  61:Drivers/u8glib/src/u8g_com_io.c **** uint8_t u8g_Pin(uint8_t port, uint8_t bitpos)
  62:Drivers/u8glib/src/u8g_com_io.c **** {
  63:Drivers/u8glib/src/u8g_com_io.c ****   port <<= 3;
  64:Drivers/u8glib/src/u8g_com_io.c ****   port += bitpos;
  65:Drivers/u8glib/src/u8g_com_io.c ****   return port;
  66:Drivers/u8glib/src/u8g_com_io.c **** }
  67:Drivers/u8glib/src/u8g_com_io.c **** 
  68:Drivers/u8glib/src/u8g_com_io.c **** const IO_PTR u8g_avr_ddr_P[] PROGMEM = {
  69:Drivers/u8glib/src/u8g_com_io.c **** #ifdef DDRA
  70:Drivers/u8glib/src/u8g_com_io.c ****   &DDRA,
  71:Drivers/u8glib/src/u8g_com_io.c **** #else
  72:Drivers/u8glib/src/u8g_com_io.c ****   0,
  73:Drivers/u8glib/src/u8g_com_io.c **** #endif
  74:Drivers/u8glib/src/u8g_com_io.c ****   &DDRB,
  75:Drivers/u8glib/src/u8g_com_io.c **** #ifdef DDRC
  76:Drivers/u8glib/src/u8g_com_io.c ****   &DDRC,
  77:Drivers/u8glib/src/u8g_com_io.c **** #ifdef DDRD
  78:Drivers/u8glib/src/u8g_com_io.c ****   &DDRD,
  79:Drivers/u8glib/src/u8g_com_io.c **** #ifdef DDRE
  80:Drivers/u8glib/src/u8g_com_io.c ****   &DDRE,
  81:Drivers/u8glib/src/u8g_com_io.c **** #ifdef DDRF
  82:Drivers/u8glib/src/u8g_com_io.c ****   &DDRF,
  83:Drivers/u8glib/src/u8g_com_io.c **** #ifdef DDRG
  84:Drivers/u8glib/src/u8g_com_io.c ****   &DDRG,
  85:Drivers/u8glib/src/u8g_com_io.c **** #ifdef DDRH
  86:Drivers/u8glib/src/u8g_com_io.c ****   &DDRH,
  87:Drivers/u8glib/src/u8g_com_io.c **** #endif
  88:Drivers/u8glib/src/u8g_com_io.c **** #endif
ARM GAS  C:\Users\Zbigniew\AppData\Local\Temp\ccpN4xbu.s 			page 3


  89:Drivers/u8glib/src/u8g_com_io.c **** #endif
  90:Drivers/u8glib/src/u8g_com_io.c **** #endif
  91:Drivers/u8glib/src/u8g_com_io.c **** #endif
  92:Drivers/u8glib/src/u8g_com_io.c **** #endif
  93:Drivers/u8glib/src/u8g_com_io.c **** };
  94:Drivers/u8glib/src/u8g_com_io.c **** 
  95:Drivers/u8glib/src/u8g_com_io.c **** 
  96:Drivers/u8glib/src/u8g_com_io.c **** const IO_PTR u8g_avr_port_P[] PROGMEM = {
  97:Drivers/u8glib/src/u8g_com_io.c **** #ifdef PORTA
  98:Drivers/u8glib/src/u8g_com_io.c ****   &PORTA,
  99:Drivers/u8glib/src/u8g_com_io.c **** #else
 100:Drivers/u8glib/src/u8g_com_io.c ****   0,
 101:Drivers/u8glib/src/u8g_com_io.c **** #endif
 102:Drivers/u8glib/src/u8g_com_io.c ****   &PORTB,
 103:Drivers/u8glib/src/u8g_com_io.c **** #ifdef PORTC
 104:Drivers/u8glib/src/u8g_com_io.c ****   &PORTC,
 105:Drivers/u8glib/src/u8g_com_io.c **** #ifdef PORTD
 106:Drivers/u8glib/src/u8g_com_io.c ****   &PORTD,
 107:Drivers/u8glib/src/u8g_com_io.c **** #ifdef PORTE
 108:Drivers/u8glib/src/u8g_com_io.c ****   &PORTE,
 109:Drivers/u8glib/src/u8g_com_io.c **** #ifdef PORTF
 110:Drivers/u8glib/src/u8g_com_io.c ****   &PORTF,
 111:Drivers/u8glib/src/u8g_com_io.c **** #ifdef PORTG
 112:Drivers/u8glib/src/u8g_com_io.c ****   &PORTG,
 113:Drivers/u8glib/src/u8g_com_io.c **** #ifdef PORTH
 114:Drivers/u8glib/src/u8g_com_io.c ****   &PORTH,
 115:Drivers/u8glib/src/u8g_com_io.c **** #endif
 116:Drivers/u8glib/src/u8g_com_io.c **** #endif
 117:Drivers/u8glib/src/u8g_com_io.c **** #endif
 118:Drivers/u8glib/src/u8g_com_io.c **** #endif
 119:Drivers/u8glib/src/u8g_com_io.c **** #endif
 120:Drivers/u8glib/src/u8g_com_io.c **** #endif
 121:Drivers/u8glib/src/u8g_com_io.c **** };
 122:Drivers/u8glib/src/u8g_com_io.c **** 
 123:Drivers/u8glib/src/u8g_com_io.c **** const IO_PTR u8g_avr_pin_P[] PROGMEM = {
 124:Drivers/u8glib/src/u8g_com_io.c **** #ifdef PINA
 125:Drivers/u8glib/src/u8g_com_io.c ****   &PINA,
 126:Drivers/u8glib/src/u8g_com_io.c **** #else
 127:Drivers/u8glib/src/u8g_com_io.c ****   0,
 128:Drivers/u8glib/src/u8g_com_io.c **** #endif
 129:Drivers/u8glib/src/u8g_com_io.c ****   &PINB,
 130:Drivers/u8glib/src/u8g_com_io.c **** #ifdef PINC
 131:Drivers/u8glib/src/u8g_com_io.c ****   &PINC,
 132:Drivers/u8glib/src/u8g_com_io.c **** #ifdef PIND
 133:Drivers/u8glib/src/u8g_com_io.c ****   &PIND,
 134:Drivers/u8glib/src/u8g_com_io.c **** #ifdef PINE
 135:Drivers/u8glib/src/u8g_com_io.c ****   &PINE,
 136:Drivers/u8glib/src/u8g_com_io.c **** #ifdef PINF
 137:Drivers/u8glib/src/u8g_com_io.c ****   &PINF,
 138:Drivers/u8glib/src/u8g_com_io.c **** #ifdef PING
 139:Drivers/u8glib/src/u8g_com_io.c ****   &PING,
 140:Drivers/u8glib/src/u8g_com_io.c **** #ifdef PINH
 141:Drivers/u8glib/src/u8g_com_io.c ****   &PINH,
 142:Drivers/u8glib/src/u8g_com_io.c **** #endif
 143:Drivers/u8glib/src/u8g_com_io.c **** #endif
 144:Drivers/u8glib/src/u8g_com_io.c **** #endif
 145:Drivers/u8glib/src/u8g_com_io.c **** #endif
ARM GAS  C:\Users\Zbigniew\AppData\Local\Temp\ccpN4xbu.s 			page 4


 146:Drivers/u8glib/src/u8g_com_io.c **** #endif
 147:Drivers/u8glib/src/u8g_com_io.c **** #endif
 148:Drivers/u8glib/src/u8g_com_io.c **** };
 149:Drivers/u8glib/src/u8g_com_io.c **** 
 150:Drivers/u8glib/src/u8g_com_io.c **** static volatile uint8_t *u8g_get_avr_io_ptr(const IO_PTR *base, uint8_t offset)
 151:Drivers/u8glib/src/u8g_com_io.c **** {
 152:Drivers/u8glib/src/u8g_com_io.c ****   volatile uint8_t * tmp;
 153:Drivers/u8glib/src/u8g_com_io.c ****   base += offset;
 154:Drivers/u8glib/src/u8g_com_io.c ****   memcpy_P(&tmp, base, sizeof(volatile uint8_t * PROGMEM));
 155:Drivers/u8glib/src/u8g_com_io.c ****   return tmp; 
 156:Drivers/u8glib/src/u8g_com_io.c **** }
 157:Drivers/u8glib/src/u8g_com_io.c **** 
 158:Drivers/u8glib/src/u8g_com_io.c **** /* set direction to output of the specified pin (internal pin number) */
 159:Drivers/u8glib/src/u8g_com_io.c **** void u8g_SetPinOutput(uint8_t internal_pin_number)
 160:Drivers/u8glib/src/u8g_com_io.c **** {
 161:Drivers/u8glib/src/u8g_com_io.c ****   *u8g_get_avr_io_ptr(u8g_avr_ddr_P, internal_pin_number>>3) |= _BV(internal_pin_number&7);
 162:Drivers/u8glib/src/u8g_com_io.c **** }
 163:Drivers/u8glib/src/u8g_com_io.c **** 
 164:Drivers/u8glib/src/u8g_com_io.c **** void u8g_SetPinInput(uint8_t internal_pin_number)
 165:Drivers/u8glib/src/u8g_com_io.c **** {
 166:Drivers/u8glib/src/u8g_com_io.c ****   *u8g_get_avr_io_ptr(u8g_avr_ddr_P, internal_pin_number>>3) &= ~_BV(internal_pin_number&7);
 167:Drivers/u8glib/src/u8g_com_io.c **** }
 168:Drivers/u8glib/src/u8g_com_io.c **** 
 169:Drivers/u8glib/src/u8g_com_io.c **** void u8g_SetPinLevel(uint8_t internal_pin_number, uint8_t level)
 170:Drivers/u8glib/src/u8g_com_io.c **** {
 171:Drivers/u8glib/src/u8g_com_io.c ****   volatile uint8_t * tmp = u8g_get_avr_io_ptr(u8g_avr_port_P, internal_pin_number>>3);
 172:Drivers/u8glib/src/u8g_com_io.c ****   
 173:Drivers/u8glib/src/u8g_com_io.c ****   if ( level == 0 )
 174:Drivers/u8glib/src/u8g_com_io.c ****   {
 175:Drivers/u8glib/src/u8g_com_io.c ****     U8G_ATOMIC_AND(tmp, ~_BV(internal_pin_number&7));
 176:Drivers/u8glib/src/u8g_com_io.c ****    // *tmp &= ~_BV(internal_pin_number&7);
 177:Drivers/u8glib/src/u8g_com_io.c ****   }
 178:Drivers/u8glib/src/u8g_com_io.c ****   else
 179:Drivers/u8glib/src/u8g_com_io.c ****   {
 180:Drivers/u8glib/src/u8g_com_io.c ****     U8G_ATOMIC_OR(tmp, _BV(internal_pin_number&7));
 181:Drivers/u8glib/src/u8g_com_io.c ****     //*tmp |= _BV(internal_pin_number&7);
 182:Drivers/u8glib/src/u8g_com_io.c ****   }
 183:Drivers/u8glib/src/u8g_com_io.c ****   
 184:Drivers/u8glib/src/u8g_com_io.c **** }
 185:Drivers/u8glib/src/u8g_com_io.c **** 
 186:Drivers/u8glib/src/u8g_com_io.c **** uint8_t u8g_GetPinLevel(uint8_t internal_pin_number)
 187:Drivers/u8glib/src/u8g_com_io.c **** {
 188:Drivers/u8glib/src/u8g_com_io.c ****   volatile uint8_t * tmp = u8g_get_avr_io_ptr(u8g_avr_pin_P, internal_pin_number>>3);
 189:Drivers/u8glib/src/u8g_com_io.c ****   if ( ((*tmp) & _BV(internal_pin_number&7))  != 0 )
 190:Drivers/u8glib/src/u8g_com_io.c ****     return 1;
 191:Drivers/u8glib/src/u8g_com_io.c ****   return 0;
 192:Drivers/u8glib/src/u8g_com_io.c **** }
 193:Drivers/u8glib/src/u8g_com_io.c **** 
 194:Drivers/u8glib/src/u8g_com_io.c **** #elif defined (__MSP430__)
 195:Drivers/u8glib/src/u8g_com_io.c **** #include <msp430.h>
 196:Drivers/u8glib/src/u8g_com_io.c **** 
 197:Drivers/u8glib/src/u8g_com_io.c **** typedef volatile uint8_t * IO_PTR;
 198:Drivers/u8glib/src/u8g_com_io.c **** 
 199:Drivers/u8glib/src/u8g_com_io.c **** // MSP430 F5XXX / F6XXX series. 
 200:Drivers/u8glib/src/u8g_com_io.c **** const IO_PTR u8g_msp_ddr_P[] PROGMEM = {
 201:Drivers/u8glib/src/u8g_com_io.c **** 	&P1DIR
 202:Drivers/u8glib/src/u8g_com_io.c **** 	,&P2DIR
ARM GAS  C:\Users\Zbigniew\AppData\Local\Temp\ccpN4xbu.s 			page 5


 203:Drivers/u8glib/src/u8g_com_io.c **** 	,&P3DIR
 204:Drivers/u8glib/src/u8g_com_io.c **** 	,&P4DIR
 205:Drivers/u8glib/src/u8g_com_io.c **** 	,&P5DIR
 206:Drivers/u8glib/src/u8g_com_io.c **** 	,&P6DIR
 207:Drivers/u8glib/src/u8g_com_io.c **** 	,&P7DIR
 208:Drivers/u8glib/src/u8g_com_io.c **** 	,&P8DIR
 209:Drivers/u8glib/src/u8g_com_io.c **** #if defined (__MSP430_HAS_PORT9_R__)
 210:Drivers/u8glib/src/u8g_com_io.c **** 	,&P9DIR
 211:Drivers/u8glib/src/u8g_com_io.c **** #if defined (__MSP430_HAS_PORT10_R__)
 212:Drivers/u8glib/src/u8g_com_io.c **** 	,&P10DIR
 213:Drivers/u8glib/src/u8g_com_io.c **** #endif
 214:Drivers/u8glib/src/u8g_com_io.c **** #endif
 215:Drivers/u8glib/src/u8g_com_io.c **** };
 216:Drivers/u8glib/src/u8g_com_io.c **** 
 217:Drivers/u8glib/src/u8g_com_io.c **** const IO_PTR u8g_msp_port_P[] PROGMEM = {
 218:Drivers/u8glib/src/u8g_com_io.c **** 	&P1OUT
 219:Drivers/u8glib/src/u8g_com_io.c **** 	,&P2OUT
 220:Drivers/u8glib/src/u8g_com_io.c **** 	,&P3OUT
 221:Drivers/u8glib/src/u8g_com_io.c **** 	,&P4OUT
 222:Drivers/u8glib/src/u8g_com_io.c **** 	,&P5OUT
 223:Drivers/u8glib/src/u8g_com_io.c **** 	,&P6OUT
 224:Drivers/u8glib/src/u8g_com_io.c **** 	,&P7OUT
 225:Drivers/u8glib/src/u8g_com_io.c **** 	,&P8OUT
 226:Drivers/u8glib/src/u8g_com_io.c **** #if defined (__MSP430_HAS_PORT9_R__)
 227:Drivers/u8glib/src/u8g_com_io.c **** 	,&P9OUT
 228:Drivers/u8glib/src/u8g_com_io.c **** #if defined (__MSP430_HAS_PORT10_R__)
 229:Drivers/u8glib/src/u8g_com_io.c **** 	,&P10OUT
 230:Drivers/u8glib/src/u8g_com_io.c **** #endif
 231:Drivers/u8glib/src/u8g_com_io.c **** #endif
 232:Drivers/u8glib/src/u8g_com_io.c **** };
 233:Drivers/u8glib/src/u8g_com_io.c **** 
 234:Drivers/u8glib/src/u8g_com_io.c **** const IO_PTR u8g_msp_pin_P[] PROGMEM = {
 235:Drivers/u8glib/src/u8g_com_io.c **** 	&P1IN
 236:Drivers/u8glib/src/u8g_com_io.c **** 	,&P2IN
 237:Drivers/u8glib/src/u8g_com_io.c **** 	,&P3IN
 238:Drivers/u8glib/src/u8g_com_io.c **** 	,&P4IN
 239:Drivers/u8glib/src/u8g_com_io.c **** 	,&P5IN
 240:Drivers/u8glib/src/u8g_com_io.c **** 	,&P6IN
 241:Drivers/u8glib/src/u8g_com_io.c **** 	,&P7IN
 242:Drivers/u8glib/src/u8g_com_io.c **** 	,&P8IN
 243:Drivers/u8glib/src/u8g_com_io.c **** #if defined (__MSP430_HAS_PORT9_R__)
 244:Drivers/u8glib/src/u8g_com_io.c **** 	,&P9IN
 245:Drivers/u8glib/src/u8g_com_io.c **** #if defined (__MSP430_HAS_PORT10_R__)
 246:Drivers/u8glib/src/u8g_com_io.c **** 	,&P10IN
 247:Drivers/u8glib/src/u8g_com_io.c **** #endif
 248:Drivers/u8glib/src/u8g_com_io.c **** #endif
 249:Drivers/u8glib/src/u8g_com_io.c **** };
 250:Drivers/u8glib/src/u8g_com_io.c **** 
 251:Drivers/u8glib/src/u8g_com_io.c **** uint8_t u8g_Pin(uint8_t port, uint8_t bitpos)
 252:Drivers/u8glib/src/u8g_com_io.c **** {
 253:Drivers/u8glib/src/u8g_com_io.c **** 	port <<= 3;
 254:Drivers/u8glib/src/u8g_com_io.c **** 	port += bitpos;
 255:Drivers/u8glib/src/u8g_com_io.c **** 	return port;
 256:Drivers/u8glib/src/u8g_com_io.c **** }
 257:Drivers/u8glib/src/u8g_com_io.c **** 
 258:Drivers/u8glib/src/u8g_com_io.c **** void u8g_SetPinOutput(uint8_t internal_pin_number)
 259:Drivers/u8glib/src/u8g_com_io.c **** {
ARM GAS  C:\Users\Zbigniew\AppData\Local\Temp\ccpN4xbu.s 			page 6


 260:Drivers/u8glib/src/u8g_com_io.c **** 	uint8_t port = (internal_pin_number >> 3)-1;
 261:Drivers/u8glib/src/u8g_com_io.c **** 	uint8_t output = 1 << (internal_pin_number & 0x07);
 262:Drivers/u8glib/src/u8g_com_io.c **** 	*u8g_msp_ddr_P[port] |= output;
 263:Drivers/u8glib/src/u8g_com_io.c **** }
 264:Drivers/u8glib/src/u8g_com_io.c **** 
 265:Drivers/u8glib/src/u8g_com_io.c **** void u8g_SetPinInput(uint8_t internal_pin_number)
 266:Drivers/u8glib/src/u8g_com_io.c **** {
 267:Drivers/u8glib/src/u8g_com_io.c **** 	uint8_t port = (internal_pin_number >> 3)-1;
 268:Drivers/u8glib/src/u8g_com_io.c **** 	*u8g_msp_ddr_P[port] &= ~(1 << (internal_pin_number & 0x07));
 269:Drivers/u8glib/src/u8g_com_io.c **** }
 270:Drivers/u8glib/src/u8g_com_io.c **** 
 271:Drivers/u8glib/src/u8g_com_io.c **** void u8g_SetPinLevel(uint8_t internal_pin_number, uint8_t level)
 272:Drivers/u8glib/src/u8g_com_io.c **** {
 273:Drivers/u8glib/src/u8g_com_io.c **** 	uint8_t port = (internal_pin_number >> 3)-1;
 274:Drivers/u8glib/src/u8g_com_io.c **** 	if (level == 0)
 275:Drivers/u8glib/src/u8g_com_io.c **** 	{
 276:Drivers/u8glib/src/u8g_com_io.c **** 		*u8g_msp_port_P[port] &= ~(1 << (internal_pin_number & 0x07));
 277:Drivers/u8glib/src/u8g_com_io.c **** 	}
 278:Drivers/u8glib/src/u8g_com_io.c **** 	else
 279:Drivers/u8glib/src/u8g_com_io.c **** 	{
 280:Drivers/u8glib/src/u8g_com_io.c **** 		*u8g_msp_port_P[port]|= (1 << (internal_pin_number & 0x07));
 281:Drivers/u8glib/src/u8g_com_io.c **** 	}
 282:Drivers/u8glib/src/u8g_com_io.c **** }
 283:Drivers/u8glib/src/u8g_com_io.c **** 
 284:Drivers/u8glib/src/u8g_com_io.c **** uint8_t u8g_GetPinLevel(uint8_t internal_pin_number)
 285:Drivers/u8glib/src/u8g_com_io.c **** {
 286:Drivers/u8glib/src/u8g_com_io.c **** 	uint8_t port = (internal_pin_number >> 3)-1;
 287:Drivers/u8glib/src/u8g_com_io.c **** 	uint8_t tmp = *u8g_msp_pin_P[port];
 288:Drivers/u8glib/src/u8g_com_io.c **** 	if (tmp & (1 << (internal_pin_number & 0x07)))
 289:Drivers/u8glib/src/u8g_com_io.c **** 	{
 290:Drivers/u8glib/src/u8g_com_io.c **** 		return 1;
 291:Drivers/u8glib/src/u8g_com_io.c **** 	}
 292:Drivers/u8glib/src/u8g_com_io.c **** 	return 0;
 293:Drivers/u8glib/src/u8g_com_io.c **** }
 294:Drivers/u8glib/src/u8g_com_io.c **** 
 295:Drivers/u8glib/src/u8g_com_io.c **** #elif defined(U8G_RASPBERRY_PI)
 296:Drivers/u8glib/src/u8g_com_io.c **** 
 297:Drivers/u8glib/src/u8g_com_io.c **** #include <wiringPi.h>
 298:Drivers/u8glib/src/u8g_com_io.c **** //#include "/usr/local/include/wiringPi.h"
 299:Drivers/u8glib/src/u8g_com_io.c **** 
 300:Drivers/u8glib/src/u8g_com_io.c **** void u8g_SetPinOutput(uint8_t internal_pin_number) {
 301:Drivers/u8glib/src/u8g_com_io.c ****    pinMode(internal_pin_number, OUTPUT);
 302:Drivers/u8glib/src/u8g_com_io.c **** }
 303:Drivers/u8glib/src/u8g_com_io.c **** 
 304:Drivers/u8glib/src/u8g_com_io.c **** void u8g_SetPinInput(uint8_t internal_pin_number) {
 305:Drivers/u8glib/src/u8g_com_io.c ****    pinMode(internal_pin_number, INPUT);
 306:Drivers/u8glib/src/u8g_com_io.c **** }
 307:Drivers/u8glib/src/u8g_com_io.c **** 
 308:Drivers/u8glib/src/u8g_com_io.c **** void u8g_SetPinLevel(uint8_t internal_pin_number, uint8_t level) {
 309:Drivers/u8glib/src/u8g_com_io.c ****    digitalWrite(internal_pin_number, level);
 310:Drivers/u8glib/src/u8g_com_io.c **** }
 311:Drivers/u8glib/src/u8g_com_io.c **** 
 312:Drivers/u8glib/src/u8g_com_io.c **** uint8_t u8g_GetPinLevel(uint8_t internal_pin_number) {
 313:Drivers/u8glib/src/u8g_com_io.c ****    return digitalRead(internal_pin_number);
 314:Drivers/u8glib/src/u8g_com_io.c **** }
 315:Drivers/u8glib/src/u8g_com_io.c **** 
 316:Drivers/u8glib/src/u8g_com_io.c **** 
ARM GAS  C:\Users\Zbigniew\AppData\Local\Temp\ccpN4xbu.s 			page 7


 317:Drivers/u8glib/src/u8g_com_io.c **** #else
 318:Drivers/u8glib/src/u8g_com_io.c **** 
 319:Drivers/u8glib/src/u8g_com_io.c **** /* convert "port" and "bitpos" to internal pin number */
 320:Drivers/u8glib/src/u8g_com_io.c **** uint8_t u8g_Pin(uint8_t port, uint8_t bitpos)
 321:Drivers/u8glib/src/u8g_com_io.c **** {
  28              		.loc 1 321 1 view -0
  29              		.cfi_startproc
  30              		@ args = 0, pretend = 0, frame = 0
  31              		@ frame_needed = 0, uses_anonymous_args = 0
  32              		@ link register save eliminated.
 322:Drivers/u8glib/src/u8g_com_io.c ****   port <<= 3;
  33              		.loc 1 322 3 view .LVU1
  34              		.loc 1 322 8 is_stmt 0 view .LVU2
  35 0000 C000     		lsls	r0, r0, #3
  36              	.LVL1:
  37              		.loc 1 322 8 view .LVU3
  38 0002 C0B2     		uxtb	r0, r0
  39              	.LVL2:
 323:Drivers/u8glib/src/u8g_com_io.c ****   port += bitpos;
  40              		.loc 1 323 3 is_stmt 1 view .LVU4
  41              		.loc 1 323 8 is_stmt 0 view .LVU5
  42 0004 0844     		add	r0, r0, r1
  43              	.LVL3:
 324:Drivers/u8glib/src/u8g_com_io.c ****   return port;
  44              		.loc 1 324 3 is_stmt 1 view .LVU6
 325:Drivers/u8glib/src/u8g_com_io.c **** }
  45              		.loc 1 325 1 is_stmt 0 view .LVU7
  46 0006 C0B2     		uxtb	r0, r0
  47              		.loc 1 325 1 view .LVU8
  48 0008 7047     		bx	lr
  49              		.cfi_endproc
  50              	.LFE0:
  52              		.section	.text.u8g_SetPinOutput,"ax",%progbits
  53              		.align	1
  54              		.global	u8g_SetPinOutput
  55              		.syntax unified
  56              		.thumb
  57              		.thumb_func
  59              	u8g_SetPinOutput:
  60              	.LVL4:
  61              	.LFB1:
 326:Drivers/u8glib/src/u8g_com_io.c **** 
 327:Drivers/u8glib/src/u8g_com_io.c **** void u8g_SetPinOutput(uint8_t internal_pin_number)
 328:Drivers/u8glib/src/u8g_com_io.c **** {
  62              		.loc 1 328 1 is_stmt 1 view -0
  63              		.cfi_startproc
  64              		@ args = 0, pretend = 0, frame = 0
  65              		@ frame_needed = 0, uses_anonymous_args = 0
  66              		@ link register save eliminated.
 329:Drivers/u8glib/src/u8g_com_io.c **** }
  67              		.loc 1 329 1 view .LVU10
  68 0000 7047     		bx	lr
  69              		.cfi_endproc
  70              	.LFE1:
  72              		.section	.text.u8g_SetPinInput,"ax",%progbits
  73              		.align	1
  74              		.global	u8g_SetPinInput
ARM GAS  C:\Users\Zbigniew\AppData\Local\Temp\ccpN4xbu.s 			page 8


  75              		.syntax unified
  76              		.thumb
  77              		.thumb_func
  79              	u8g_SetPinInput:
  80              	.LVL5:
  81              	.LFB2:
 330:Drivers/u8glib/src/u8g_com_io.c **** 
 331:Drivers/u8glib/src/u8g_com_io.c **** void u8g_SetPinInput(uint8_t internal_pin_number)
 332:Drivers/u8glib/src/u8g_com_io.c **** {
  82              		.loc 1 332 1 view -0
  83              		.cfi_startproc
  84              		@ args = 0, pretend = 0, frame = 0
  85              		@ frame_needed = 0, uses_anonymous_args = 0
  86              		@ link register save eliminated.
 333:Drivers/u8glib/src/u8g_com_io.c **** }
  87              		.loc 1 333 1 view .LVU12
  88 0000 7047     		bx	lr
  89              		.cfi_endproc
  90              	.LFE2:
  92              		.section	.text.u8g_SetPinLevel,"ax",%progbits
  93              		.align	1
  94              		.global	u8g_SetPinLevel
  95              		.syntax unified
  96              		.thumb
  97              		.thumb_func
  99              	u8g_SetPinLevel:
 100              	.LVL6:
 101              	.LFB3:
 334:Drivers/u8glib/src/u8g_com_io.c **** 
 335:Drivers/u8glib/src/u8g_com_io.c **** void u8g_SetPinLevel(uint8_t internal_pin_number, uint8_t level)
 336:Drivers/u8glib/src/u8g_com_io.c **** {
 102              		.loc 1 336 1 view -0
 103              		.cfi_startproc
 104              		@ args = 0, pretend = 0, frame = 0
 105              		@ frame_needed = 0, uses_anonymous_args = 0
 106              		@ link register save eliminated.
 337:Drivers/u8glib/src/u8g_com_io.c **** }
 107              		.loc 1 337 1 view .LVU14
 108 0000 7047     		bx	lr
 109              		.cfi_endproc
 110              	.LFE3:
 112              		.section	.text.u8g_GetPinLevel,"ax",%progbits
 113              		.align	1
 114              		.global	u8g_GetPinLevel
 115              		.syntax unified
 116              		.thumb
 117              		.thumb_func
 119              	u8g_GetPinLevel:
 120              	.LVL7:
 121              	.LFB4:
 338:Drivers/u8glib/src/u8g_com_io.c **** 
 339:Drivers/u8glib/src/u8g_com_io.c **** uint8_t u8g_GetPinLevel(uint8_t internal_pin_number)
 340:Drivers/u8glib/src/u8g_com_io.c **** {
 122              		.loc 1 340 1 view -0
 123              		.cfi_startproc
 124              		@ args = 0, pretend = 0, frame = 0
 125              		@ frame_needed = 0, uses_anonymous_args = 0
ARM GAS  C:\Users\Zbigniew\AppData\Local\Temp\ccpN4xbu.s 			page 9


 126              		@ link register save eliminated.
 341:Drivers/u8glib/src/u8g_com_io.c ****   return 0;
 127              		.loc 1 341 3 view .LVU16
 342:Drivers/u8glib/src/u8g_com_io.c **** }
 128              		.loc 1 342 1 is_stmt 0 view .LVU17
 129 0000 0020     		movs	r0, #0
 130              	.LVL8:
 131              		.loc 1 342 1 view .LVU18
 132 0002 7047     		bx	lr
 133              		.cfi_endproc
 134              	.LFE4:
 136              		.section	.text.u8g_SetPIOutput,"ax",%progbits
 137              		.align	1
 138              		.global	u8g_SetPIOutput
 139              		.syntax unified
 140              		.thumb
 141              		.thumb_func
 143              	u8g_SetPIOutput:
 144              	.LVL9:
 145              	.LFB5:
 343:Drivers/u8glib/src/u8g_com_io.c **** 
 344:Drivers/u8glib/src/u8g_com_io.c **** #endif
 345:Drivers/u8glib/src/u8g_com_io.c **** 
 346:Drivers/u8glib/src/u8g_com_io.c **** 
 347:Drivers/u8glib/src/u8g_com_io.c **** #if defined(U8G_WITH_PINLIST)
 348:Drivers/u8glib/src/u8g_com_io.c **** 
 349:Drivers/u8glib/src/u8g_com_io.c **** void u8g_SetPIOutput(u8g_t *u8g, uint8_t pi)
 350:Drivers/u8glib/src/u8g_com_io.c **** {
 351:Drivers/u8glib/src/u8g_com_io.c ****   uint8_t pin;
 352:Drivers/u8glib/src/u8g_com_io.c ****   pin = u8g->pin_list[pi];
 353:Drivers/u8glib/src/u8g_com_io.c ****   if ( pin != U8G_PIN_NONE )
 354:Drivers/u8glib/src/u8g_com_io.c ****     u8g_SetPinOutput(pin);
 355:Drivers/u8glib/src/u8g_com_io.c **** }
 356:Drivers/u8glib/src/u8g_com_io.c **** 
 357:Drivers/u8glib/src/u8g_com_io.c **** void u8g_SetPILevel(u8g_t *u8g, uint8_t pi, uint8_t level)
 358:Drivers/u8glib/src/u8g_com_io.c **** {
 359:Drivers/u8glib/src/u8g_com_io.c ****   uint8_t pin;
 360:Drivers/u8glib/src/u8g_com_io.c ****   pin = u8g->pin_list[pi];
 361:Drivers/u8glib/src/u8g_com_io.c ****   if ( pin != U8G_PIN_NONE )
 362:Drivers/u8glib/src/u8g_com_io.c ****     u8g_SetPinLevel(pin, level);
 363:Drivers/u8glib/src/u8g_com_io.c **** }
 364:Drivers/u8glib/src/u8g_com_io.c **** 
 365:Drivers/u8glib/src/u8g_com_io.c **** #else  /* defined(U8G_WITH_PINLIST) */
 366:Drivers/u8glib/src/u8g_com_io.c **** void u8g_SetPIOutput(u8g_t *u8g, uint8_t pi)
 367:Drivers/u8glib/src/u8g_com_io.c **** {
 146              		.loc 1 367 1 is_stmt 1 view -0
 147              		.cfi_startproc
 148              		@ args = 0, pretend = 0, frame = 0
 149              		@ frame_needed = 0, uses_anonymous_args = 0
 150              		@ link register save eliminated.
 368:Drivers/u8glib/src/u8g_com_io.c **** }
 151              		.loc 1 368 1 view .LVU20
 152 0000 7047     		bx	lr
 153              		.cfi_endproc
 154              	.LFE5:
 156              		.section	.text.u8g_SetPILevel,"ax",%progbits
 157              		.align	1
ARM GAS  C:\Users\Zbigniew\AppData\Local\Temp\ccpN4xbu.s 			page 10


 158              		.global	u8g_SetPILevel
 159              		.syntax unified
 160              		.thumb
 161              		.thumb_func
 163              	u8g_SetPILevel:
 164              	.LVL10:
 165              	.LFB6:
 369:Drivers/u8glib/src/u8g_com_io.c **** 
 370:Drivers/u8glib/src/u8g_com_io.c **** void u8g_SetPILevel(u8g_t *u8g, uint8_t pi, uint8_t level)
 371:Drivers/u8glib/src/u8g_com_io.c **** {
 166              		.loc 1 371 1 view -0
 167              		.cfi_startproc
 168              		@ args = 0, pretend = 0, frame = 0
 169              		@ frame_needed = 0, uses_anonymous_args = 0
 170              		@ link register save eliminated.
 372:Drivers/u8glib/src/u8g_com_io.c **** }
 171              		.loc 1 372 1 view .LVU22
 172 0000 7047     		bx	lr
 173              		.cfi_endproc
 174              	.LFE6:
 176              		.text
 177              	.Letext0:
 178              		.file 2 "c:\\users\\zbigniew\\appdata\\roaming\\code\\user\\globalstorage\\bmd.stm32-for-vscode\\@
 179              		.file 3 "c:\\users\\zbigniew\\appdata\\roaming\\code\\user\\globalstorage\\bmd.stm32-for-vscode\\@
 180              		.file 4 "Inc/../Drivers/u8glib/inc/u8g.h"
ARM GAS  C:\Users\Zbigniew\AppData\Local\Temp\ccpN4xbu.s 			page 11


DEFINED SYMBOLS
                            *ABS*:0000000000000000 u8g_com_io.c
C:\Users\Zbigniew\AppData\Local\Temp\ccpN4xbu.s:18     .text.u8g_Pin:0000000000000000 $t
C:\Users\Zbigniew\AppData\Local\Temp\ccpN4xbu.s:24     .text.u8g_Pin:0000000000000000 u8g_Pin
C:\Users\Zbigniew\AppData\Local\Temp\ccpN4xbu.s:53     .text.u8g_SetPinOutput:0000000000000000 $t
C:\Users\Zbigniew\AppData\Local\Temp\ccpN4xbu.s:59     .text.u8g_SetPinOutput:0000000000000000 u8g_SetPinOutput
C:\Users\Zbigniew\AppData\Local\Temp\ccpN4xbu.s:73     .text.u8g_SetPinInput:0000000000000000 $t
C:\Users\Zbigniew\AppData\Local\Temp\ccpN4xbu.s:79     .text.u8g_SetPinInput:0000000000000000 u8g_SetPinInput
C:\Users\Zbigniew\AppData\Local\Temp\ccpN4xbu.s:93     .text.u8g_SetPinLevel:0000000000000000 $t
C:\Users\Zbigniew\AppData\Local\Temp\ccpN4xbu.s:99     .text.u8g_SetPinLevel:0000000000000000 u8g_SetPinLevel
C:\Users\Zbigniew\AppData\Local\Temp\ccpN4xbu.s:113    .text.u8g_GetPinLevel:0000000000000000 $t
C:\Users\Zbigniew\AppData\Local\Temp\ccpN4xbu.s:119    .text.u8g_GetPinLevel:0000000000000000 u8g_GetPinLevel
C:\Users\Zbigniew\AppData\Local\Temp\ccpN4xbu.s:137    .text.u8g_SetPIOutput:0000000000000000 $t
C:\Users\Zbigniew\AppData\Local\Temp\ccpN4xbu.s:143    .text.u8g_SetPIOutput:0000000000000000 u8g_SetPIOutput
C:\Users\Zbigniew\AppData\Local\Temp\ccpN4xbu.s:157    .text.u8g_SetPILevel:0000000000000000 $t
C:\Users\Zbigniew\AppData\Local\Temp\ccpN4xbu.s:163    .text.u8g_SetPILevel:0000000000000000 u8g_SetPILevel

NO UNDEFINED SYMBOLS
