ARM GAS  C:\Users\Zbigniew\AppData\Local\Temp\cceG2FUF.s 			page 1


   1              		.cpu cortex-m3
   2              		.arch armv7-m
   3              		.fpu softvfp
   4              		.eabi_attribute 20, 1
   5              		.eabi_attribute 21, 1
   6              		.eabi_attribute 23, 3
   7              		.eabi_attribute 24, 1
   8              		.eabi_attribute 25, 1
   9              		.eabi_attribute 26, 1
  10              		.eabi_attribute 30, 1
  11              		.eabi_attribute 34, 1
  12              		.eabi_attribute 18, 4
  13              		.file	"u8g_scale.c"
  14              		.text
  15              	.Ltext0:
  16              		.cfi_sections	.debug_frame
  17              		.section	.text.u8g_dev_scale_2x2_fn,"ax",%progbits
  18              		.align	1
  19              		.global	u8g_dev_scale_2x2_fn
  20              		.syntax unified
  21              		.thumb
  22              		.thumb_func
  24              	u8g_dev_scale_2x2_fn:
  25              	.LVL0:
  26              	.LFB2:
  27              		.file 1 "Drivers/u8glib/src/u8g_scale.c"
   1:Drivers/u8glib/src/u8g_scale.c **** /*
   2:Drivers/u8glib/src/u8g_scale.c **** 
   3:Drivers/u8glib/src/u8g_scale.c ****   u8g_scale.c
   4:Drivers/u8glib/src/u8g_scale.c **** 
   5:Drivers/u8glib/src/u8g_scale.c ****   Universal 8bit Graphics Library
   6:Drivers/u8glib/src/u8g_scale.c ****   
   7:Drivers/u8glib/src/u8g_scale.c ****   Copyright (c) 2012, olikraus@gmail.com
   8:Drivers/u8glib/src/u8g_scale.c ****   All rights reserved.
   9:Drivers/u8glib/src/u8g_scale.c **** 
  10:Drivers/u8glib/src/u8g_scale.c ****   Redistribution and use in source and binary forms, with or without modification, 
  11:Drivers/u8glib/src/u8g_scale.c ****   are permitted provided that the following conditions are met:
  12:Drivers/u8glib/src/u8g_scale.c **** 
  13:Drivers/u8glib/src/u8g_scale.c ****   * Redistributions of source code must retain the above copyright notice, this list 
  14:Drivers/u8glib/src/u8g_scale.c ****     of conditions and the following disclaimer.
  15:Drivers/u8glib/src/u8g_scale.c ****     
  16:Drivers/u8glib/src/u8g_scale.c ****   * Redistributions in binary form must reproduce the above copyright notice, this 
  17:Drivers/u8glib/src/u8g_scale.c ****     list of conditions and the following disclaimer in the documentation and/or other 
  18:Drivers/u8glib/src/u8g_scale.c ****     materials provided with the distribution.
  19:Drivers/u8glib/src/u8g_scale.c **** 
  20:Drivers/u8glib/src/u8g_scale.c ****   THIS SOFTWARE IS PROVIDED BY THE COPYRIGHT HOLDERS AND 
  21:Drivers/u8glib/src/u8g_scale.c ****   CONTRIBUTORS "AS IS" AND ANY EXPRESS OR IMPLIED WARRANTIES, 
  22:Drivers/u8glib/src/u8g_scale.c ****   INCLUDING, BUT NOT LIMITED TO, THE IMPLIED WARRANTIES OF 
  23:Drivers/u8glib/src/u8g_scale.c ****   MERCHANTABILITY AND FITNESS FOR A PARTICULAR PURPOSE ARE 
  24:Drivers/u8glib/src/u8g_scale.c ****   DISCLAIMED. IN NO EVENT SHALL THE COPYRIGHT HOLDER OR 
  25:Drivers/u8glib/src/u8g_scale.c ****   CONTRIBUTORS BE LIABLE FOR ANY DIRECT, INDIRECT, INCIDENTAL, 
  26:Drivers/u8glib/src/u8g_scale.c ****   SPECIAL, EXEMPLARY, OR CONSEQUENTIAL DAMAGES (INCLUDING, BUT 
  27:Drivers/u8glib/src/u8g_scale.c ****   NOT LIMITED TO, PROCUREMENT OF SUBSTITUTE GOODS OR SERVICES; 
  28:Drivers/u8glib/src/u8g_scale.c ****   LOSS OF USE, DATA, OR PROFITS; OR BUSINESS INTERRUPTION) HOWEVER 
  29:Drivers/u8glib/src/u8g_scale.c ****   CAUSED AND ON ANY THEORY OF LIABILITY, WHETHER IN CONTRACT, 
  30:Drivers/u8glib/src/u8g_scale.c ****   STRICT LIABILITY, OR TORT (INCLUDING NEGLIGENCE OR OTHERWISE) 
  31:Drivers/u8glib/src/u8g_scale.c ****   ARISING IN ANY WAY OUT OF THE USE OF THIS SOFTWARE, EVEN IF 
ARM GAS  C:\Users\Zbigniew\AppData\Local\Temp\cceG2FUF.s 			page 2


  32:Drivers/u8glib/src/u8g_scale.c ****   ADVISED OF THE POSSIBILITY OF SUCH DAMAGE.  
  33:Drivers/u8glib/src/u8g_scale.c **** 
  34:Drivers/u8glib/src/u8g_scale.c ****   Scale screen by some constant factors. Usefull for making bigger fonts wiht less
  35:Drivers/u8glib/src/u8g_scale.c ****   memory consumption
  36:Drivers/u8glib/src/u8g_scale.c ****     
  37:Drivers/u8glib/src/u8g_scale.c **** */
  38:Drivers/u8glib/src/u8g_scale.c **** 
  39:Drivers/u8glib/src/u8g_scale.c **** #include "../Drivers/u8glib/inc/u8g.h"
  40:Drivers/u8glib/src/u8g_scale.c **** 
  41:Drivers/u8glib/src/u8g_scale.c **** uint8_t u8g_dev_scale_2x2_fn(u8g_t *u8g, u8g_dev_t *dev, uint8_t msg, void *arg);
  42:Drivers/u8glib/src/u8g_scale.c **** 
  43:Drivers/u8glib/src/u8g_scale.c **** 
  44:Drivers/u8glib/src/u8g_scale.c **** u8g_dev_t u8g_dev_scale = { u8g_dev_scale_2x2_fn, NULL, NULL };
  45:Drivers/u8glib/src/u8g_scale.c **** 
  46:Drivers/u8glib/src/u8g_scale.c **** void u8g_UndoScale(u8g_t *u8g)
  47:Drivers/u8glib/src/u8g_scale.c **** {
  48:Drivers/u8glib/src/u8g_scale.c ****   if ( u8g->dev != &u8g_dev_scale )
  49:Drivers/u8glib/src/u8g_scale.c ****     return;
  50:Drivers/u8glib/src/u8g_scale.c ****   u8g->dev = u8g_dev_scale.dev_mem;
  51:Drivers/u8glib/src/u8g_scale.c ****   u8g_UpdateDimension(u8g);
  52:Drivers/u8glib/src/u8g_scale.c **** }
  53:Drivers/u8glib/src/u8g_scale.c **** 
  54:Drivers/u8glib/src/u8g_scale.c **** void u8g_SetScale2x2(u8g_t *u8g)
  55:Drivers/u8glib/src/u8g_scale.c **** {
  56:Drivers/u8glib/src/u8g_scale.c ****   if ( u8g->dev != &u8g_dev_scale )
  57:Drivers/u8glib/src/u8g_scale.c ****   {
  58:Drivers/u8glib/src/u8g_scale.c ****     u8g_dev_scale.dev_mem = u8g->dev;
  59:Drivers/u8glib/src/u8g_scale.c ****     u8g->dev = &u8g_dev_scale;
  60:Drivers/u8glib/src/u8g_scale.c ****   }
  61:Drivers/u8glib/src/u8g_scale.c ****   u8g_dev_scale.dev_fn = u8g_dev_scale_2x2_fn;
  62:Drivers/u8glib/src/u8g_scale.c ****   u8g_UpdateDimension(u8g);
  63:Drivers/u8glib/src/u8g_scale.c **** }
  64:Drivers/u8glib/src/u8g_scale.c **** 
  65:Drivers/u8glib/src/u8g_scale.c **** 
  66:Drivers/u8glib/src/u8g_scale.c **** uint8_t u8g_dev_scale_2x2_fn(u8g_t *u8g, u8g_dev_t *dev, uint8_t msg, void *arg)
  67:Drivers/u8glib/src/u8g_scale.c **** {
  28              		.loc 1 67 1 view -0
  29              		.cfi_startproc
  30              		@ args = 0, pretend = 0, frame = 8
  31              		@ frame_needed = 0, uses_anonymous_args = 0
  32              		.loc 1 67 1 is_stmt 0 view .LVU1
  33 0000 2DE9F04F 		push	{r4, r5, r6, r7, r8, r9, r10, fp, lr}
  34              	.LCFI0:
  35              		.cfi_def_cfa_offset 36
  36              		.cfi_offset 4, -36
  37              		.cfi_offset 5, -32
  38              		.cfi_offset 6, -28
  39              		.cfi_offset 7, -24
  40              		.cfi_offset 8, -20
  41              		.cfi_offset 9, -16
  42              		.cfi_offset 10, -12
  43              		.cfi_offset 11, -8
  44              		.cfi_offset 14, -4
  45 0004 83B0     		sub	sp, sp, #12
  46              	.LCFI1:
  47              		.cfi_def_cfa_offset 48
  48 0006 0746     		mov	r7, r0
ARM GAS  C:\Users\Zbigniew\AppData\Local\Temp\cceG2FUF.s 			page 3


  49 0008 1546     		mov	r5, r2
  50 000a 1C46     		mov	r4, r3
  68:Drivers/u8glib/src/u8g_scale.c ****   u8g_dev_t *chain = (u8g_dev_t *)(dev->dev_mem);
  51              		.loc 1 68 3 is_stmt 1 view .LVU2
  52              		.loc 1 68 14 is_stmt 0 view .LVU3
  53 000c D1F80480 		ldr	r8, [r1, #4]
  54              	.LVL1:
  69:Drivers/u8glib/src/u8g_scale.c ****   uint8_t pixel;
  55              		.loc 1 69 3 is_stmt 1 view .LVU4
  70:Drivers/u8glib/src/u8g_scale.c ****   uint16_t scaled_pixel;
  56              		.loc 1 70 3 view .LVU5
  71:Drivers/u8glib/src/u8g_scale.c ****   uint8_t i;
  57              		.loc 1 71 3 view .LVU6
  72:Drivers/u8glib/src/u8g_scale.c ****   uint8_t dir;
  58              		.loc 1 72 3 view .LVU7
  73:Drivers/u8glib/src/u8g_scale.c ****   u8g_uint_t x, y, xx,yy;
  59              		.loc 1 73 3 view .LVU8
  74:Drivers/u8glib/src/u8g_scale.c ****   
  75:Drivers/u8glib/src/u8g_scale.c ****   switch(msg)
  60              		.loc 1 75 3 view .LVU9
  61 0010 172A     		cmp	r2, #23
  62 0012 2AD0     		beq	.L2
  63 0014 14D3     		bcc	.L3
  64 0016 472A     		cmp	r2, #71
  65 0018 12D8     		bhi	.L3
  66 001a 322A     		cmp	r2, #50
  67 001c 10D3     		bcc	.L3
  68 001e A2F13203 		sub	r3, r2, #50
  69              	.LVL2:
  70              		.loc 1 75 3 is_stmt 0 view .LVU10
  71 0022 152B     		cmp	r3, #21
  72 0024 0CD8     		bhi	.L3
  73 0026 DFE803F0 		tbb	[pc, r3]
  74              	.LVL3:
  75              	.L5:
  76 002a 31       		.byte	(.L8-.L5)/2
  77 002b 0B       		.byte	(.L3-.L5)/2
  78 002c 0B       		.byte	(.L3-.L5)/2
  79 002d 0B       		.byte	(.L3-.L5)/2
  80 002e 0B       		.byte	(.L3-.L5)/2
  81 002f 0B       		.byte	(.L3-.L5)/2
  82 0030 0B       		.byte	(.L3-.L5)/2
  83 0031 0B       		.byte	(.L3-.L5)/2
  84 0032 0B       		.byte	(.L3-.L5)/2
  85 0033 65       		.byte	(.L7-.L5)/2
  86 0034 0B       		.byte	(.L3-.L5)/2
  87 0035 0B       		.byte	(.L3-.L5)/2
  88 0036 0B       		.byte	(.L3-.L5)/2
  89 0037 0B       		.byte	(.L3-.L5)/2
  90 0038 0B       		.byte	(.L3-.L5)/2
  91 0039 0B       		.byte	(.L3-.L5)/2
  92 003a 0B       		.byte	(.L3-.L5)/2
  93 003b 0B       		.byte	(.L3-.L5)/2
  94 003c 0B       		.byte	(.L3-.L5)/2
  95 003d 0B       		.byte	(.L3-.L5)/2
  96 003e 12       		.byte	(.L6-.L5)/2
  97 003f 19       		.byte	(.L4-.L5)/2
ARM GAS  C:\Users\Zbigniew\AppData\Local\Temp\cceG2FUF.s 			page 4


  98              		.p2align 1
  99              	.L3:
  76:Drivers/u8glib/src/u8g_scale.c ****   {
  77:Drivers/u8glib/src/u8g_scale.c ****     default:
  78:Drivers/u8glib/src/u8g_scale.c ****       return u8g_call_dev_fn(u8g, chain, msg, arg);
 100              		.loc 1 78 7 is_stmt 1 view .LVU11
 101              		.loc 1 78 14 is_stmt 0 view .LVU12
 102 0040 2346     		mov	r3, r4
 103 0042 2A46     		mov	r2, r5
 104 0044 4146     		mov	r1, r8
 105              	.LVL4:
 106              		.loc 1 78 14 view .LVU13
 107 0046 3846     		mov	r0, r7
 108              	.LVL5:
 109              		.loc 1 78 14 view .LVU14
 110 0048 FFF7FEFF 		bl	u8g_call_dev_fn
 111              	.LVL6:
 112 004c C3E0     		b	.L9
 113              	.LVL7:
 114              	.L6:
  79:Drivers/u8glib/src/u8g_scale.c ****     case U8G_DEV_MSG_GET_WIDTH:
  80:Drivers/u8glib/src/u8g_scale.c ****       *((u8g_uint_t *)arg) = u8g_GetWidthLL(u8g, chain) / 2;
 115              		.loc 1 80 7 is_stmt 1 view .LVU15
 116              		.loc 1 80 30 is_stmt 0 view .LVU16
 117 004e 4146     		mov	r1, r8
 118              	.LVL8:
 119              		.loc 1 80 30 view .LVU17
 120 0050 FFF7FEFF 		bl	u8g_GetWidthLL
 121              	.LVL9:
 122              		.loc 1 80 28 view .LVU18
 123 0054 4008     		lsrs	r0, r0, #1
 124 0056 2070     		strb	r0, [r4]
  81:Drivers/u8glib/src/u8g_scale.c ****       break;
 125              		.loc 1 81 7 is_stmt 1 view .LVU19
  82:Drivers/u8glib/src/u8g_scale.c ****     case U8G_DEV_MSG_GET_HEIGHT:
  83:Drivers/u8glib/src/u8g_scale.c ****       *((u8g_uint_t *)arg) = u8g_GetHeightLL(u8g, chain) / 2;
  84:Drivers/u8glib/src/u8g_scale.c ****       break;
  85:Drivers/u8glib/src/u8g_scale.c ****     case U8G_DEV_MSG_GET_PAGE_BOX:
  86:Drivers/u8glib/src/u8g_scale.c ****       /* get page size from next device in the chain */
  87:Drivers/u8glib/src/u8g_scale.c ****       u8g_call_dev_fn(u8g, chain, msg, arg);
  88:Drivers/u8glib/src/u8g_scale.c ****       ((u8g_box_t *)arg)->x0 /= 2;
  89:Drivers/u8glib/src/u8g_scale.c ****       ((u8g_box_t *)arg)->x1 /= 2;
  90:Drivers/u8glib/src/u8g_scale.c ****       ((u8g_box_t *)arg)->y0 /= 2;
  91:Drivers/u8glib/src/u8g_scale.c ****       ((u8g_box_t *)arg)->y1 /= 2;
  92:Drivers/u8glib/src/u8g_scale.c ****       return 1;
  93:Drivers/u8glib/src/u8g_scale.c ****     case U8G_DEV_MSG_SET_PIXEL:
  94:Drivers/u8glib/src/u8g_scale.c ****       x = ((u8g_dev_arg_pixel_t *)arg)->x;
  95:Drivers/u8glib/src/u8g_scale.c ****       x *= 2;
  96:Drivers/u8glib/src/u8g_scale.c ****       y = ((u8g_dev_arg_pixel_t *)arg)->y;
  97:Drivers/u8glib/src/u8g_scale.c ****       y *= 2;
  98:Drivers/u8glib/src/u8g_scale.c ****       ((u8g_dev_arg_pixel_t *)arg)->x = x;
  99:Drivers/u8glib/src/u8g_scale.c ****       ((u8g_dev_arg_pixel_t *)arg)->y = y;
 100:Drivers/u8glib/src/u8g_scale.c ****       u8g_call_dev_fn(u8g, chain, msg, arg);
 101:Drivers/u8glib/src/u8g_scale.c ****       x++;
 102:Drivers/u8glib/src/u8g_scale.c ****       ((u8g_dev_arg_pixel_t *)arg)->x = x;
 103:Drivers/u8glib/src/u8g_scale.c ****       ((u8g_dev_arg_pixel_t *)arg)->y = y;
 104:Drivers/u8glib/src/u8g_scale.c ****       u8g_call_dev_fn(u8g, chain, msg, arg);
ARM GAS  C:\Users\Zbigniew\AppData\Local\Temp\cceG2FUF.s 			page 5


 105:Drivers/u8glib/src/u8g_scale.c ****       y++;
 106:Drivers/u8glib/src/u8g_scale.c ****       ((u8g_dev_arg_pixel_t *)arg)->x = x;
 107:Drivers/u8glib/src/u8g_scale.c ****       ((u8g_dev_arg_pixel_t *)arg)->y = y;
 108:Drivers/u8glib/src/u8g_scale.c ****       u8g_call_dev_fn(u8g, chain, msg, arg);
 109:Drivers/u8glib/src/u8g_scale.c ****       x--;
 110:Drivers/u8glib/src/u8g_scale.c ****       ((u8g_dev_arg_pixel_t *)arg)->x = x;
 111:Drivers/u8glib/src/u8g_scale.c ****       ((u8g_dev_arg_pixel_t *)arg)->y = y;
 112:Drivers/u8glib/src/u8g_scale.c ****       u8g_call_dev_fn(u8g, chain, msg, arg);    
 113:Drivers/u8glib/src/u8g_scale.c ****       break;
 114:Drivers/u8glib/src/u8g_scale.c ****     case U8G_DEV_MSG_SET_8PIXEL:
 115:Drivers/u8glib/src/u8g_scale.c ****       pixel = ((u8g_dev_arg_pixel_t *)arg)->pixel;
 116:Drivers/u8glib/src/u8g_scale.c ****       dir = ((u8g_dev_arg_pixel_t *)arg)->dir;
 117:Drivers/u8glib/src/u8g_scale.c ****       scaled_pixel = 0;
 118:Drivers/u8glib/src/u8g_scale.c ****       for( i = 0; i < 8; i++ )
 119:Drivers/u8glib/src/u8g_scale.c ****       {
 120:Drivers/u8glib/src/u8g_scale.c **** 	scaled_pixel<<=2;
 121:Drivers/u8glib/src/u8g_scale.c **** 	if ( pixel & 128 )
 122:Drivers/u8glib/src/u8g_scale.c **** 	{
 123:Drivers/u8glib/src/u8g_scale.c **** 	  scaled_pixel |= 3;
 124:Drivers/u8glib/src/u8g_scale.c **** 	}
 125:Drivers/u8glib/src/u8g_scale.c **** 	pixel<<=1;
 126:Drivers/u8glib/src/u8g_scale.c ****       }
 127:Drivers/u8glib/src/u8g_scale.c ****       x = ((u8g_dev_arg_pixel_t *)arg)->x;
 128:Drivers/u8glib/src/u8g_scale.c ****       x *= 2;
 129:Drivers/u8glib/src/u8g_scale.c ****       xx = x;
 130:Drivers/u8glib/src/u8g_scale.c ****       y = ((u8g_dev_arg_pixel_t *)arg)->y;
 131:Drivers/u8glib/src/u8g_scale.c ****       y *= 2;
 132:Drivers/u8glib/src/u8g_scale.c ****       yy = y;
 133:Drivers/u8glib/src/u8g_scale.c ****       if ( ((u8g_dev_arg_pixel_t *)arg)->dir & 1 )
 134:Drivers/u8glib/src/u8g_scale.c ****       {
 135:Drivers/u8glib/src/u8g_scale.c **** 	xx++;
 136:Drivers/u8glib/src/u8g_scale.c ****       }
 137:Drivers/u8glib/src/u8g_scale.c ****       else
 138:Drivers/u8glib/src/u8g_scale.c ****       {
 139:Drivers/u8glib/src/u8g_scale.c **** 	yy++;
 140:Drivers/u8glib/src/u8g_scale.c ****       }
 141:Drivers/u8glib/src/u8g_scale.c ****       
 142:Drivers/u8glib/src/u8g_scale.c ****       ((u8g_dev_arg_pixel_t *)arg)->pixel = scaled_pixel>>8;      
 143:Drivers/u8glib/src/u8g_scale.c ****       ((u8g_dev_arg_pixel_t *)arg)->x = x;
 144:Drivers/u8glib/src/u8g_scale.c ****       ((u8g_dev_arg_pixel_t *)arg)->y = y;
 145:Drivers/u8glib/src/u8g_scale.c ****       ((u8g_dev_arg_pixel_t *)arg)->dir = dir;
 146:Drivers/u8glib/src/u8g_scale.c ****       u8g_call_dev_fn(u8g, chain, msg, arg);    
 147:Drivers/u8glib/src/u8g_scale.c **** 
 148:Drivers/u8glib/src/u8g_scale.c ****       
 149:Drivers/u8glib/src/u8g_scale.c ****       ((u8g_dev_arg_pixel_t *)arg)->x = xx;
 150:Drivers/u8glib/src/u8g_scale.c ****       ((u8g_dev_arg_pixel_t *)arg)->y = yy;
 151:Drivers/u8glib/src/u8g_scale.c ****       ((u8g_dev_arg_pixel_t *)arg)->dir = dir;
 152:Drivers/u8glib/src/u8g_scale.c ****       u8g_call_dev_fn(u8g, chain, msg, arg);    
 153:Drivers/u8glib/src/u8g_scale.c ****       
 154:Drivers/u8glib/src/u8g_scale.c ****       ((u8g_dev_arg_pixel_t *)arg)->pixel = scaled_pixel&255;
 155:Drivers/u8glib/src/u8g_scale.c ****       //((u8g_dev_arg_pixel_t *)arg)->pixel = 0x00;
 156:Drivers/u8glib/src/u8g_scale.c ****       switch(dir)
 157:Drivers/u8glib/src/u8g_scale.c ****       {
 158:Drivers/u8glib/src/u8g_scale.c **** 	case 0:
 159:Drivers/u8glib/src/u8g_scale.c ****  	  x+=8;
 160:Drivers/u8glib/src/u8g_scale.c **** 	  xx+=8;
 161:Drivers/u8glib/src/u8g_scale.c **** 	  break;
ARM GAS  C:\Users\Zbigniew\AppData\Local\Temp\cceG2FUF.s 			page 6


 162:Drivers/u8glib/src/u8g_scale.c **** 	case 1:
 163:Drivers/u8glib/src/u8g_scale.c **** 	  y+=8;
 164:Drivers/u8glib/src/u8g_scale.c **** 	  yy+=8;
 165:Drivers/u8glib/src/u8g_scale.c **** 	  break;
 166:Drivers/u8glib/src/u8g_scale.c **** 	case 2:
 167:Drivers/u8glib/src/u8g_scale.c **** 	  x-=8;
 168:Drivers/u8glib/src/u8g_scale.c **** 	  xx-=8;
 169:Drivers/u8glib/src/u8g_scale.c **** 	  break;
 170:Drivers/u8glib/src/u8g_scale.c **** 	case 3:
 171:Drivers/u8glib/src/u8g_scale.c **** 	  y-=8;
 172:Drivers/u8glib/src/u8g_scale.c **** 	  yy-=8;
 173:Drivers/u8glib/src/u8g_scale.c **** 	  break;
 174:Drivers/u8glib/src/u8g_scale.c ****       }
 175:Drivers/u8glib/src/u8g_scale.c ****       ((u8g_dev_arg_pixel_t *)arg)->x = x;
 176:Drivers/u8glib/src/u8g_scale.c ****       ((u8g_dev_arg_pixel_t *)arg)->y = y;
 177:Drivers/u8glib/src/u8g_scale.c ****       ((u8g_dev_arg_pixel_t *)arg)->dir = dir;
 178:Drivers/u8glib/src/u8g_scale.c ****       u8g_call_dev_fn(u8g, chain, msg, arg);    
 179:Drivers/u8glib/src/u8g_scale.c ****       
 180:Drivers/u8glib/src/u8g_scale.c ****       ((u8g_dev_arg_pixel_t *)arg)->x = xx;
 181:Drivers/u8glib/src/u8g_scale.c ****       ((u8g_dev_arg_pixel_t *)arg)->y = yy;
 182:Drivers/u8glib/src/u8g_scale.c ****       ((u8g_dev_arg_pixel_t *)arg)->dir = dir;
 183:Drivers/u8glib/src/u8g_scale.c ****       u8g_call_dev_fn(u8g, chain, msg, arg);    
 184:Drivers/u8glib/src/u8g_scale.c ****       break;
 185:Drivers/u8glib/src/u8g_scale.c ****   }
 186:Drivers/u8glib/src/u8g_scale.c ****   return 1;
 126              		.loc 1 186 10 is_stmt 0 view .LVU20
 127 0058 0120     		movs	r0, #1
  81:Drivers/u8glib/src/u8g_scale.c ****       break;
 128              		.loc 1 81 7 view .LVU21
 129 005a BCE0     		b	.L9
 130              	.LVL10:
 131              	.L4:
  83:Drivers/u8glib/src/u8g_scale.c ****       break;
 132              		.loc 1 83 7 is_stmt 1 view .LVU22
  83:Drivers/u8glib/src/u8g_scale.c ****       break;
 133              		.loc 1 83 30 is_stmt 0 view .LVU23
 134 005c 4146     		mov	r1, r8
 135              	.LVL11:
  83:Drivers/u8glib/src/u8g_scale.c ****       break;
 136              		.loc 1 83 30 view .LVU24
 137 005e FFF7FEFF 		bl	u8g_GetHeightLL
 138              	.LVL12:
  83:Drivers/u8glib/src/u8g_scale.c ****       break;
 139              		.loc 1 83 28 view .LVU25
 140 0062 4008     		lsrs	r0, r0, #1
 141 0064 2070     		strb	r0, [r4]
  84:Drivers/u8glib/src/u8g_scale.c ****     case U8G_DEV_MSG_GET_PAGE_BOX:
 142              		.loc 1 84 7 is_stmt 1 view .LVU26
 143              		.loc 1 186 10 is_stmt 0 view .LVU27
 144 0066 0120     		movs	r0, #1
  84:Drivers/u8glib/src/u8g_scale.c ****     case U8G_DEV_MSG_GET_PAGE_BOX:
 145              		.loc 1 84 7 view .LVU28
 146 0068 B5E0     		b	.L9
 147              	.LVL13:
 148              	.L2:
  87:Drivers/u8glib/src/u8g_scale.c ****       ((u8g_box_t *)arg)->x0 /= 2;
 149              		.loc 1 87 7 is_stmt 1 view .LVU29
ARM GAS  C:\Users\Zbigniew\AppData\Local\Temp\cceG2FUF.s 			page 7


 150 006a 4146     		mov	r1, r8
 151              	.LVL14:
  87:Drivers/u8glib/src/u8g_scale.c ****       ((u8g_box_t *)arg)->x0 /= 2;
 152              		.loc 1 87 7 is_stmt 0 view .LVU30
 153 006c FFF7FEFF 		bl	u8g_call_dev_fn
 154              	.LVL15:
  88:Drivers/u8glib/src/u8g_scale.c ****       ((u8g_box_t *)arg)->x1 /= 2;
 155              		.loc 1 88 7 is_stmt 1 view .LVU31
  88:Drivers/u8glib/src/u8g_scale.c ****       ((u8g_box_t *)arg)->x1 /= 2;
 156              		.loc 1 88 30 is_stmt 0 view .LVU32
 157 0070 2378     		ldrb	r3, [r4]	@ zero_extendqisi2
 158 0072 5B08     		lsrs	r3, r3, #1
 159 0074 2370     		strb	r3, [r4]
  89:Drivers/u8glib/src/u8g_scale.c ****       ((u8g_box_t *)arg)->y0 /= 2;
 160              		.loc 1 89 7 is_stmt 1 view .LVU33
  89:Drivers/u8glib/src/u8g_scale.c ****       ((u8g_box_t *)arg)->y0 /= 2;
 161              		.loc 1 89 30 is_stmt 0 view .LVU34
 162 0076 A378     		ldrb	r3, [r4, #2]	@ zero_extendqisi2
 163 0078 5B08     		lsrs	r3, r3, #1
 164 007a A370     		strb	r3, [r4, #2]
  90:Drivers/u8glib/src/u8g_scale.c ****       ((u8g_box_t *)arg)->y1 /= 2;
 165              		.loc 1 90 7 is_stmt 1 view .LVU35
  90:Drivers/u8glib/src/u8g_scale.c ****       ((u8g_box_t *)arg)->y1 /= 2;
 166              		.loc 1 90 30 is_stmt 0 view .LVU36
 167 007c 6378     		ldrb	r3, [r4, #1]	@ zero_extendqisi2
 168 007e 5B08     		lsrs	r3, r3, #1
 169 0080 6370     		strb	r3, [r4, #1]
  91:Drivers/u8glib/src/u8g_scale.c ****       return 1;
 170              		.loc 1 91 7 is_stmt 1 view .LVU37
  91:Drivers/u8glib/src/u8g_scale.c ****       return 1;
 171              		.loc 1 91 30 is_stmt 0 view .LVU38
 172 0082 E378     		ldrb	r3, [r4, #3]	@ zero_extendqisi2
 173 0084 5B08     		lsrs	r3, r3, #1
 174 0086 E370     		strb	r3, [r4, #3]
  92:Drivers/u8glib/src/u8g_scale.c ****     case U8G_DEV_MSG_SET_PIXEL:
 175              		.loc 1 92 7 is_stmt 1 view .LVU39
  92:Drivers/u8glib/src/u8g_scale.c ****     case U8G_DEV_MSG_SET_PIXEL:
 176              		.loc 1 92 14 is_stmt 0 view .LVU40
 177 0088 0120     		movs	r0, #1
 178 008a A4E0     		b	.L9
 179              	.LVL16:
 180              	.L8:
  94:Drivers/u8glib/src/u8g_scale.c ****       x *= 2;
 181              		.loc 1 94 7 is_stmt 1 view .LVU41
  94:Drivers/u8glib/src/u8g_scale.c ****       x *= 2;
 182              		.loc 1 94 9 is_stmt 0 view .LVU42
 183 008c 94F80090 		ldrb	r9, [r4]	@ zero_extendqisi2
 184              	.LVL17:
  95:Drivers/u8glib/src/u8g_scale.c ****       y = ((u8g_dev_arg_pixel_t *)arg)->y;
 185              		.loc 1 95 7 is_stmt 1 view .LVU43
  95:Drivers/u8glib/src/u8g_scale.c ****       y = ((u8g_dev_arg_pixel_t *)arg)->y;
 186              		.loc 1 95 9 is_stmt 0 view .LVU44
 187 0090 4FEA4909 		lsl	r9, r9, #1
 188              	.LVL18:
  95:Drivers/u8glib/src/u8g_scale.c ****       y = ((u8g_dev_arg_pixel_t *)arg)->y;
 189              		.loc 1 95 9 view .LVU45
 190 0094 5FFA89F9 		uxtb	r9, r9
ARM GAS  C:\Users\Zbigniew\AppData\Local\Temp\cceG2FUF.s 			page 8


 191              	.LVL19:
  96:Drivers/u8glib/src/u8g_scale.c ****       y *= 2;
 192              		.loc 1 96 7 is_stmt 1 view .LVU46
  96:Drivers/u8glib/src/u8g_scale.c ****       y *= 2;
 193              		.loc 1 96 9 is_stmt 0 view .LVU47
 194 0098 6678     		ldrb	r6, [r4, #1]	@ zero_extendqisi2
 195              	.LVL20:
  97:Drivers/u8glib/src/u8g_scale.c ****       ((u8g_dev_arg_pixel_t *)arg)->x = x;
 196              		.loc 1 97 7 is_stmt 1 view .LVU48
  97:Drivers/u8glib/src/u8g_scale.c ****       ((u8g_dev_arg_pixel_t *)arg)->x = x;
 197              		.loc 1 97 9 is_stmt 0 view .LVU49
 198 009a 7600     		lsls	r6, r6, #1
 199              	.LVL21:
  97:Drivers/u8glib/src/u8g_scale.c ****       ((u8g_dev_arg_pixel_t *)arg)->x = x;
 200              		.loc 1 97 9 view .LVU50
 201 009c F6B2     		uxtb	r6, r6
 202              	.LVL22:
  98:Drivers/u8glib/src/u8g_scale.c ****       ((u8g_dev_arg_pixel_t *)arg)->y = y;
 203              		.loc 1 98 7 is_stmt 1 view .LVU51
  98:Drivers/u8glib/src/u8g_scale.c ****       ((u8g_dev_arg_pixel_t *)arg)->y = y;
 204              		.loc 1 98 39 is_stmt 0 view .LVU52
 205 009e 84F80090 		strb	r9, [r4]
  99:Drivers/u8glib/src/u8g_scale.c ****       u8g_call_dev_fn(u8g, chain, msg, arg);
 206              		.loc 1 99 7 is_stmt 1 view .LVU53
  99:Drivers/u8glib/src/u8g_scale.c ****       u8g_call_dev_fn(u8g, chain, msg, arg);
 207              		.loc 1 99 39 is_stmt 0 view .LVU54
 208 00a2 6670     		strb	r6, [r4, #1]
 100:Drivers/u8glib/src/u8g_scale.c ****       x++;
 209              		.loc 1 100 7 is_stmt 1 view .LVU55
 210 00a4 2346     		mov	r3, r4
 211 00a6 2A46     		mov	r2, r5
 212 00a8 4146     		mov	r1, r8
 213              	.LVL23:
 100:Drivers/u8glib/src/u8g_scale.c ****       x++;
 214              		.loc 1 100 7 is_stmt 0 view .LVU56
 215 00aa FFF7FEFF 		bl	u8g_call_dev_fn
 216              	.LVL24:
 101:Drivers/u8glib/src/u8g_scale.c ****       ((u8g_dev_arg_pixel_t *)arg)->x = x;
 217              		.loc 1 101 7 is_stmt 1 view .LVU57
 101:Drivers/u8glib/src/u8g_scale.c ****       ((u8g_dev_arg_pixel_t *)arg)->x = x;
 218              		.loc 1 101 8 is_stmt 0 view .LVU58
 219 00ae 09F1010A 		add	r10, r9, #1
 220 00b2 5FFA8AFA 		uxtb	r10, r10
 221              	.LVL25:
 102:Drivers/u8glib/src/u8g_scale.c ****       ((u8g_dev_arg_pixel_t *)arg)->y = y;
 222              		.loc 1 102 7 is_stmt 1 view .LVU59
 102:Drivers/u8glib/src/u8g_scale.c ****       ((u8g_dev_arg_pixel_t *)arg)->y = y;
 223              		.loc 1 102 39 is_stmt 0 view .LVU60
 224 00b6 84F800A0 		strb	r10, [r4]
 103:Drivers/u8glib/src/u8g_scale.c ****       u8g_call_dev_fn(u8g, chain, msg, arg);
 225              		.loc 1 103 7 is_stmt 1 view .LVU61
 103:Drivers/u8glib/src/u8g_scale.c ****       u8g_call_dev_fn(u8g, chain, msg, arg);
 226              		.loc 1 103 39 is_stmt 0 view .LVU62
 227 00ba 6670     		strb	r6, [r4, #1]
 104:Drivers/u8glib/src/u8g_scale.c ****       y++;
 228              		.loc 1 104 7 is_stmt 1 view .LVU63
 229 00bc 2346     		mov	r3, r4
ARM GAS  C:\Users\Zbigniew\AppData\Local\Temp\cceG2FUF.s 			page 9


 230 00be 2A46     		mov	r2, r5
 231 00c0 4146     		mov	r1, r8
 232 00c2 3846     		mov	r0, r7
 233 00c4 FFF7FEFF 		bl	u8g_call_dev_fn
 234              	.LVL26:
 105:Drivers/u8glib/src/u8g_scale.c ****       ((u8g_dev_arg_pixel_t *)arg)->x = x;
 235              		.loc 1 105 7 view .LVU64
 105:Drivers/u8glib/src/u8g_scale.c ****       ((u8g_dev_arg_pixel_t *)arg)->x = x;
 236              		.loc 1 105 8 is_stmt 0 view .LVU65
 237 00c8 0136     		adds	r6, r6, #1
 238              	.LVL27:
 105:Drivers/u8glib/src/u8g_scale.c ****       ((u8g_dev_arg_pixel_t *)arg)->x = x;
 239              		.loc 1 105 8 view .LVU66
 240 00ca F6B2     		uxtb	r6, r6
 241              	.LVL28:
 106:Drivers/u8glib/src/u8g_scale.c ****       ((u8g_dev_arg_pixel_t *)arg)->y = y;
 242              		.loc 1 106 7 is_stmt 1 view .LVU67
 106:Drivers/u8glib/src/u8g_scale.c ****       ((u8g_dev_arg_pixel_t *)arg)->y = y;
 243              		.loc 1 106 39 is_stmt 0 view .LVU68
 244 00cc 84F800A0 		strb	r10, [r4]
 107:Drivers/u8glib/src/u8g_scale.c ****       u8g_call_dev_fn(u8g, chain, msg, arg);
 245              		.loc 1 107 7 is_stmt 1 view .LVU69
 107:Drivers/u8glib/src/u8g_scale.c ****       u8g_call_dev_fn(u8g, chain, msg, arg);
 246              		.loc 1 107 39 is_stmt 0 view .LVU70
 247 00d0 6670     		strb	r6, [r4, #1]
 108:Drivers/u8glib/src/u8g_scale.c ****       x--;
 248              		.loc 1 108 7 is_stmt 1 view .LVU71
 249 00d2 2346     		mov	r3, r4
 250 00d4 2A46     		mov	r2, r5
 251 00d6 4146     		mov	r1, r8
 252 00d8 3846     		mov	r0, r7
 253 00da FFF7FEFF 		bl	u8g_call_dev_fn
 254              	.LVL29:
 109:Drivers/u8glib/src/u8g_scale.c ****       ((u8g_dev_arg_pixel_t *)arg)->x = x;
 255              		.loc 1 109 7 view .LVU72
 110:Drivers/u8glib/src/u8g_scale.c ****       ((u8g_dev_arg_pixel_t *)arg)->y = y;
 256              		.loc 1 110 7 view .LVU73
 110:Drivers/u8glib/src/u8g_scale.c ****       ((u8g_dev_arg_pixel_t *)arg)->y = y;
 257              		.loc 1 110 39 is_stmt 0 view .LVU74
 258 00de 84F80090 		strb	r9, [r4]
 111:Drivers/u8glib/src/u8g_scale.c ****       u8g_call_dev_fn(u8g, chain, msg, arg);    
 259              		.loc 1 111 7 is_stmt 1 view .LVU75
 111:Drivers/u8glib/src/u8g_scale.c ****       u8g_call_dev_fn(u8g, chain, msg, arg);    
 260              		.loc 1 111 39 is_stmt 0 view .LVU76
 261 00e2 6670     		strb	r6, [r4, #1]
 112:Drivers/u8glib/src/u8g_scale.c ****       break;
 262              		.loc 1 112 7 is_stmt 1 view .LVU77
 263 00e4 2346     		mov	r3, r4
 264 00e6 2A46     		mov	r2, r5
 265 00e8 4146     		mov	r1, r8
 266 00ea 3846     		mov	r0, r7
 267 00ec FFF7FEFF 		bl	u8g_call_dev_fn
 268              	.LVL30:
 113:Drivers/u8glib/src/u8g_scale.c ****     case U8G_DEV_MSG_SET_8PIXEL:
 269              		.loc 1 113 7 view .LVU78
 270              		.loc 1 186 10 is_stmt 0 view .LVU79
 271 00f0 0120     		movs	r0, #1
ARM GAS  C:\Users\Zbigniew\AppData\Local\Temp\cceG2FUF.s 			page 10


 113:Drivers/u8glib/src/u8g_scale.c ****     case U8G_DEV_MSG_SET_8PIXEL:
 272              		.loc 1 113 7 view .LVU80
 273 00f2 70E0     		b	.L9
 274              	.LVL31:
 275              	.L7:
 115:Drivers/u8glib/src/u8g_scale.c ****       dir = ((u8g_dev_arg_pixel_t *)arg)->dir;
 276              		.loc 1 115 7 is_stmt 1 view .LVU81
 115:Drivers/u8glib/src/u8g_scale.c ****       dir = ((u8g_dev_arg_pixel_t *)arg)->dir;
 277              		.loc 1 115 13 is_stmt 0 view .LVU82
 278 00f4 A278     		ldrb	r2, [r4, #2]	@ zero_extendqisi2
 279              	.LVL32:
 116:Drivers/u8glib/src/u8g_scale.c ****       scaled_pixel = 0;
 280              		.loc 1 116 7 is_stmt 1 view .LVU83
 116:Drivers/u8glib/src/u8g_scale.c ****       scaled_pixel = 0;
 281              		.loc 1 116 11 is_stmt 0 view .LVU84
 282 00f6 94F803B0 		ldrb	fp, [r4, #3]	@ zero_extendqisi2
 283              	.LVL33:
 117:Drivers/u8glib/src/u8g_scale.c ****       for( i = 0; i < 8; i++ )
 284              		.loc 1 117 7 is_stmt 1 view .LVU85
 118:Drivers/u8glib/src/u8g_scale.c ****       {
 285              		.loc 1 118 7 view .LVU86
 118:Drivers/u8glib/src/u8g_scale.c ****       {
 286              		.loc 1 118 14 is_stmt 0 view .LVU87
 287 00fa 0023     		movs	r3, #0
 117:Drivers/u8glib/src/u8g_scale.c ****       for( i = 0; i < 8; i++ )
 288              		.loc 1 117 20 view .LVU88
 289 00fc 1E46     		mov	r6, r3
 118:Drivers/u8glib/src/u8g_scale.c ****       {
 290              		.loc 1 118 7 view .LVU89
 291 00fe 03E0     		b	.L10
 292              	.LVL34:
 293              	.L11:
 125:Drivers/u8glib/src/u8g_scale.c ****       }
 294              		.loc 1 125 2 is_stmt 1 discriminator 2 view .LVU90
 125:Drivers/u8glib/src/u8g_scale.c ****       }
 295              		.loc 1 125 7 is_stmt 0 discriminator 2 view .LVU91
 296 0100 5200     		lsls	r2, r2, #1
 297              	.LVL35:
 125:Drivers/u8glib/src/u8g_scale.c ****       }
 298              		.loc 1 125 7 discriminator 2 view .LVU92
 299 0102 D2B2     		uxtb	r2, r2
 300              	.LVL36:
 118:Drivers/u8glib/src/u8g_scale.c ****       {
 301              		.loc 1 118 26 is_stmt 1 discriminator 2 view .LVU93
 118:Drivers/u8glib/src/u8g_scale.c ****       {
 302              		.loc 1 118 27 is_stmt 0 discriminator 2 view .LVU94
 303 0104 0133     		adds	r3, r3, #1
 304              	.LVL37:
 118:Drivers/u8glib/src/u8g_scale.c ****       {
 305              		.loc 1 118 27 discriminator 2 view .LVU95
 306 0106 DBB2     		uxtb	r3, r3
 307              	.LVL38:
 308              	.L10:
 118:Drivers/u8glib/src/u8g_scale.c ****       {
 309              		.loc 1 118 19 is_stmt 1 discriminator 1 view .LVU96
 118:Drivers/u8glib/src/u8g_scale.c ****       {
 310              		.loc 1 118 7 is_stmt 0 discriminator 1 view .LVU97
ARM GAS  C:\Users\Zbigniew\AppData\Local\Temp\cceG2FUF.s 			page 11


 311 0108 072B     		cmp	r3, #7
 312 010a 07D8     		bhi	.L22
 120:Drivers/u8glib/src/u8g_scale.c **** 	if ( pixel & 128 )
 313              		.loc 1 120 2 is_stmt 1 view .LVU98
 120:Drivers/u8glib/src/u8g_scale.c **** 	if ( pixel & 128 )
 314              		.loc 1 120 14 is_stmt 0 view .LVU99
 315 010c B600     		lsls	r6, r6, #2
 316              	.LVL39:
 120:Drivers/u8glib/src/u8g_scale.c **** 	if ( pixel & 128 )
 317              		.loc 1 120 14 view .LVU100
 318 010e B6B2     		uxth	r6, r6
 319              	.LVL40:
 121:Drivers/u8glib/src/u8g_scale.c **** 	{
 320              		.loc 1 121 2 is_stmt 1 view .LVU101
 121:Drivers/u8glib/src/u8g_scale.c **** 	{
 321              		.loc 1 121 5 is_stmt 0 view .LVU102
 322 0110 12F0800F 		tst	r2, #128
 323 0114 F4D0     		beq	.L11
 123:Drivers/u8glib/src/u8g_scale.c **** 	}
 324              		.loc 1 123 4 is_stmt 1 view .LVU103
 123:Drivers/u8glib/src/u8g_scale.c **** 	}
 325              		.loc 1 123 17 is_stmt 0 view .LVU104
 326 0116 46F00306 		orr	r6, r6, #3
 327              	.LVL41:
 123:Drivers/u8glib/src/u8g_scale.c **** 	}
 328              		.loc 1 123 17 view .LVU105
 329 011a F1E7     		b	.L11
 330              	.L22:
 127:Drivers/u8glib/src/u8g_scale.c ****       x *= 2;
 331              		.loc 1 127 7 is_stmt 1 view .LVU106
 127:Drivers/u8glib/src/u8g_scale.c ****       x *= 2;
 332              		.loc 1 127 9 is_stmt 0 view .LVU107
 333 011c 94F800A0 		ldrb	r10, [r4]	@ zero_extendqisi2
 334              	.LVL42:
 128:Drivers/u8glib/src/u8g_scale.c ****       xx = x;
 335              		.loc 1 128 7 is_stmt 1 view .LVU108
 128:Drivers/u8glib/src/u8g_scale.c ****       xx = x;
 336              		.loc 1 128 9 is_stmt 0 view .LVU109
 337 0120 4FEA4A0A 		lsl	r10, r10, #1
 338              	.LVL43:
 128:Drivers/u8glib/src/u8g_scale.c ****       xx = x;
 339              		.loc 1 128 9 view .LVU110
 340 0124 5FFA8AFA 		uxtb	r10, r10
 341              	.LVL44:
 129:Drivers/u8glib/src/u8g_scale.c ****       y = ((u8g_dev_arg_pixel_t *)arg)->y;
 342              		.loc 1 129 7 is_stmt 1 view .LVU111
 130:Drivers/u8glib/src/u8g_scale.c ****       y *= 2;
 343              		.loc 1 130 7 view .LVU112
 130:Drivers/u8glib/src/u8g_scale.c ****       y *= 2;
 344              		.loc 1 130 9 is_stmt 0 view .LVU113
 345 0128 94F80190 		ldrb	r9, [r4, #1]	@ zero_extendqisi2
 346              	.LVL45:
 131:Drivers/u8glib/src/u8g_scale.c ****       yy = y;
 347              		.loc 1 131 7 is_stmt 1 view .LVU114
 131:Drivers/u8glib/src/u8g_scale.c ****       yy = y;
 348              		.loc 1 131 9 is_stmt 0 view .LVU115
 349 012c 4FEA4909 		lsl	r9, r9, #1
ARM GAS  C:\Users\Zbigniew\AppData\Local\Temp\cceG2FUF.s 			page 12


 350              	.LVL46:
 131:Drivers/u8glib/src/u8g_scale.c ****       yy = y;
 351              		.loc 1 131 9 view .LVU116
 352 0130 5FFA89F9 		uxtb	r9, r9
 353              	.LVL47:
 132:Drivers/u8glib/src/u8g_scale.c ****       if ( ((u8g_dev_arg_pixel_t *)arg)->dir & 1 )
 354              		.loc 1 132 7 is_stmt 1 view .LVU117
 133:Drivers/u8glib/src/u8g_scale.c ****       {
 355              		.loc 1 133 7 view .LVU118
 133:Drivers/u8glib/src/u8g_scale.c ****       {
 356              		.loc 1 133 10 is_stmt 0 view .LVU119
 357 0134 1BF0010F 		tst	fp, #1
 358 0138 25D0     		beq	.L13
 135:Drivers/u8glib/src/u8g_scale.c ****       }
 359              		.loc 1 135 2 is_stmt 1 view .LVU120
 135:Drivers/u8glib/src/u8g_scale.c ****       }
 360              		.loc 1 135 4 is_stmt 0 view .LVU121
 361 013a 0AF10103 		add	r3, r10, #1
 362              	.LVL48:
 135:Drivers/u8glib/src/u8g_scale.c ****       }
 363              		.loc 1 135 4 view .LVU122
 364 013e DBB2     		uxtb	r3, r3
 365 0140 0093     		str	r3, [sp]
 366              	.LVL49:
 132:Drivers/u8glib/src/u8g_scale.c ****       if ( ((u8g_dev_arg_pixel_t *)arg)->dir & 1 )
 367              		.loc 1 132 10 view .LVU123
 368 0142 CDF80490 		str	r9, [sp, #4]
 369              	.LVL50:
 370              	.L14:
 142:Drivers/u8glib/src/u8g_scale.c ****       ((u8g_dev_arg_pixel_t *)arg)->x = x;
 371              		.loc 1 142 7 is_stmt 1 view .LVU124
 142:Drivers/u8glib/src/u8g_scale.c ****       ((u8g_dev_arg_pixel_t *)arg)->x = x;
 372              		.loc 1 142 43 is_stmt 0 view .LVU125
 373 0146 330A     		lsrs	r3, r6, #8
 374 0148 A370     		strb	r3, [r4, #2]
 143:Drivers/u8glib/src/u8g_scale.c ****       ((u8g_dev_arg_pixel_t *)arg)->y = y;
 375              		.loc 1 143 7 is_stmt 1 view .LVU126
 143:Drivers/u8glib/src/u8g_scale.c ****       ((u8g_dev_arg_pixel_t *)arg)->y = y;
 376              		.loc 1 143 39 is_stmt 0 view .LVU127
 377 014a 84F800A0 		strb	r10, [r4]
 144:Drivers/u8glib/src/u8g_scale.c ****       ((u8g_dev_arg_pixel_t *)arg)->dir = dir;
 378              		.loc 1 144 7 is_stmt 1 view .LVU128
 144:Drivers/u8glib/src/u8g_scale.c ****       ((u8g_dev_arg_pixel_t *)arg)->dir = dir;
 379              		.loc 1 144 39 is_stmt 0 view .LVU129
 380 014e 84F80190 		strb	r9, [r4, #1]
 145:Drivers/u8glib/src/u8g_scale.c ****       u8g_call_dev_fn(u8g, chain, msg, arg);    
 381              		.loc 1 145 7 is_stmt 1 view .LVU130
 146:Drivers/u8glib/src/u8g_scale.c **** 
 382              		.loc 1 146 7 view .LVU131
 383 0152 2346     		mov	r3, r4
 384 0154 2A46     		mov	r2, r5
 385              	.LVL51:
 146:Drivers/u8glib/src/u8g_scale.c **** 
 386              		.loc 1 146 7 is_stmt 0 view .LVU132
 387 0156 4146     		mov	r1, r8
 388              	.LVL52:
 146:Drivers/u8glib/src/u8g_scale.c **** 
ARM GAS  C:\Users\Zbigniew\AppData\Local\Temp\cceG2FUF.s 			page 13


 389              		.loc 1 146 7 view .LVU133
 390 0158 3846     		mov	r0, r7
 391              	.LVL53:
 146:Drivers/u8glib/src/u8g_scale.c **** 
 392              		.loc 1 146 7 view .LVU134
 393 015a FFF7FEFF 		bl	u8g_call_dev_fn
 394              	.LVL54:
 149:Drivers/u8glib/src/u8g_scale.c ****       ((u8g_dev_arg_pixel_t *)arg)->y = yy;
 395              		.loc 1 149 7 is_stmt 1 view .LVU135
 149:Drivers/u8glib/src/u8g_scale.c ****       ((u8g_dev_arg_pixel_t *)arg)->y = yy;
 396              		.loc 1 149 39 is_stmt 0 view .LVU136
 397 015e 009B     		ldr	r3, [sp]
 398 0160 2370     		strb	r3, [r4]
 150:Drivers/u8glib/src/u8g_scale.c ****       ((u8g_dev_arg_pixel_t *)arg)->dir = dir;
 399              		.loc 1 150 7 is_stmt 1 view .LVU137
 150:Drivers/u8glib/src/u8g_scale.c ****       ((u8g_dev_arg_pixel_t *)arg)->dir = dir;
 400              		.loc 1 150 39 is_stmt 0 view .LVU138
 401 0162 019B     		ldr	r3, [sp, #4]
 402 0164 6370     		strb	r3, [r4, #1]
 151:Drivers/u8glib/src/u8g_scale.c ****       u8g_call_dev_fn(u8g, chain, msg, arg);    
 403              		.loc 1 151 7 is_stmt 1 view .LVU139
 151:Drivers/u8glib/src/u8g_scale.c ****       u8g_call_dev_fn(u8g, chain, msg, arg);    
 404              		.loc 1 151 41 is_stmt 0 view .LVU140
 405 0166 84F803B0 		strb	fp, [r4, #3]
 152:Drivers/u8glib/src/u8g_scale.c ****       
 406              		.loc 1 152 7 is_stmt 1 view .LVU141
 407 016a 2346     		mov	r3, r4
 408 016c 2A46     		mov	r2, r5
 409 016e 4146     		mov	r1, r8
 410 0170 3846     		mov	r0, r7
 411 0172 FFF7FEFF 		bl	u8g_call_dev_fn
 412              	.LVL55:
 154:Drivers/u8glib/src/u8g_scale.c ****       //((u8g_dev_arg_pixel_t *)arg)->pixel = 0x00;
 413              		.loc 1 154 7 view .LVU142
 154:Drivers/u8glib/src/u8g_scale.c ****       //((u8g_dev_arg_pixel_t *)arg)->pixel = 0x00;
 414              		.loc 1 154 43 is_stmt 0 view .LVU143
 415 0176 A670     		strb	r6, [r4, #2]
 156:Drivers/u8glib/src/u8g_scale.c ****       {
 416              		.loc 1 156 7 is_stmt 1 view .LVU144
 417 0178 BBF1030F 		cmp	fp, #3
 418 017c 12D8     		bhi	.L15
 419 017e DFE80BF0 		tbb	[pc, fp]
 420              	.L17:
 421 0182 09       		.byte	(.L20-.L17)/2
 422 0183 2D       		.byte	(.L19-.L17)/2
 423 0184 36       		.byte	(.L18-.L17)/2
 424 0185 3F       		.byte	(.L16-.L17)/2
 425              	.LVL56:
 426              		.p2align 1
 427              	.L13:
 139:Drivers/u8glib/src/u8g_scale.c ****       }
 428              		.loc 1 139 2 view .LVU145
 139:Drivers/u8glib/src/u8g_scale.c ****       }
 429              		.loc 1 139 4 is_stmt 0 view .LVU146
 430 0186 09F10103 		add	r3, r9, #1
 431              	.LVL57:
 139:Drivers/u8glib/src/u8g_scale.c ****       }
ARM GAS  C:\Users\Zbigniew\AppData\Local\Temp\cceG2FUF.s 			page 14


 432              		.loc 1 139 4 view .LVU147
 433 018a DBB2     		uxtb	r3, r3
 434 018c 0193     		str	r3, [sp, #4]
 435              	.LVL58:
 129:Drivers/u8glib/src/u8g_scale.c ****       y = ((u8g_dev_arg_pixel_t *)arg)->y;
 436              		.loc 1 129 10 view .LVU148
 437 018e CDF800A0 		str	r10, [sp]
 438 0192 D8E7     		b	.L14
 439              	.LVL59:
 440              	.L20:
 159:Drivers/u8glib/src/u8g_scale.c **** 	  xx+=8;
 441              		.loc 1 159 5 is_stmt 1 view .LVU149
 159:Drivers/u8glib/src/u8g_scale.c **** 	  xx+=8;
 442              		.loc 1 159 6 is_stmt 0 view .LVU150
 443 0194 0AF1080A 		add	r10, r10, #8
 444              	.LVL60:
 159:Drivers/u8glib/src/u8g_scale.c **** 	  xx+=8;
 445              		.loc 1 159 6 view .LVU151
 446 0198 5FFA8AFA 		uxtb	r10, r10
 447              	.LVL61:
 160:Drivers/u8glib/src/u8g_scale.c **** 	  break;
 448              		.loc 1 160 4 is_stmt 1 view .LVU152
 160:Drivers/u8glib/src/u8g_scale.c **** 	  break;
 449              		.loc 1 160 6 is_stmt 0 view .LVU153
 450 019c 009B     		ldr	r3, [sp]
 451 019e 0833     		adds	r3, r3, #8
 452 01a0 DBB2     		uxtb	r3, r3
 453 01a2 0093     		str	r3, [sp]
 454              	.LVL62:
 161:Drivers/u8glib/src/u8g_scale.c **** 	case 1:
 455              		.loc 1 161 4 is_stmt 1 view .LVU154
 456              	.L15:
 175:Drivers/u8glib/src/u8g_scale.c ****       ((u8g_dev_arg_pixel_t *)arg)->y = y;
 457              		.loc 1 175 7 view .LVU155
 175:Drivers/u8glib/src/u8g_scale.c ****       ((u8g_dev_arg_pixel_t *)arg)->y = y;
 458              		.loc 1 175 39 is_stmt 0 view .LVU156
 459 01a4 84F800A0 		strb	r10, [r4]
 176:Drivers/u8glib/src/u8g_scale.c ****       ((u8g_dev_arg_pixel_t *)arg)->dir = dir;
 460              		.loc 1 176 7 is_stmt 1 view .LVU157
 176:Drivers/u8glib/src/u8g_scale.c ****       ((u8g_dev_arg_pixel_t *)arg)->dir = dir;
 461              		.loc 1 176 39 is_stmt 0 view .LVU158
 462 01a8 84F80190 		strb	r9, [r4, #1]
 177:Drivers/u8glib/src/u8g_scale.c ****       u8g_call_dev_fn(u8g, chain, msg, arg);    
 463              		.loc 1 177 7 is_stmt 1 view .LVU159
 177:Drivers/u8glib/src/u8g_scale.c ****       u8g_call_dev_fn(u8g, chain, msg, arg);    
 464              		.loc 1 177 41 is_stmt 0 view .LVU160
 465 01ac 84F803B0 		strb	fp, [r4, #3]
 178:Drivers/u8glib/src/u8g_scale.c ****       
 466              		.loc 1 178 7 is_stmt 1 view .LVU161
 467 01b0 2346     		mov	r3, r4
 468 01b2 2A46     		mov	r2, r5
 469 01b4 4146     		mov	r1, r8
 470 01b6 3846     		mov	r0, r7
 471 01b8 FFF7FEFF 		bl	u8g_call_dev_fn
 472              	.LVL63:
 180:Drivers/u8glib/src/u8g_scale.c ****       ((u8g_dev_arg_pixel_t *)arg)->y = yy;
 473              		.loc 1 180 7 view .LVU162
ARM GAS  C:\Users\Zbigniew\AppData\Local\Temp\cceG2FUF.s 			page 15


 180:Drivers/u8glib/src/u8g_scale.c ****       ((u8g_dev_arg_pixel_t *)arg)->y = yy;
 474              		.loc 1 180 39 is_stmt 0 view .LVU163
 475 01bc 009B     		ldr	r3, [sp]
 476 01be 2370     		strb	r3, [r4]
 181:Drivers/u8glib/src/u8g_scale.c ****       ((u8g_dev_arg_pixel_t *)arg)->dir = dir;
 477              		.loc 1 181 7 is_stmt 1 view .LVU164
 181:Drivers/u8glib/src/u8g_scale.c ****       ((u8g_dev_arg_pixel_t *)arg)->dir = dir;
 478              		.loc 1 181 39 is_stmt 0 view .LVU165
 479 01c0 019B     		ldr	r3, [sp, #4]
 480 01c2 6370     		strb	r3, [r4, #1]
 182:Drivers/u8glib/src/u8g_scale.c ****       u8g_call_dev_fn(u8g, chain, msg, arg);    
 481              		.loc 1 182 7 is_stmt 1 view .LVU166
 182:Drivers/u8glib/src/u8g_scale.c ****       u8g_call_dev_fn(u8g, chain, msg, arg);    
 482              		.loc 1 182 41 is_stmt 0 view .LVU167
 483 01c4 84F803B0 		strb	fp, [r4, #3]
 183:Drivers/u8glib/src/u8g_scale.c ****       break;
 484              		.loc 1 183 7 is_stmt 1 view .LVU168
 485 01c8 2346     		mov	r3, r4
 486 01ca 2A46     		mov	r2, r5
 487 01cc 4146     		mov	r1, r8
 488 01ce 3846     		mov	r0, r7
 489 01d0 FFF7FEFF 		bl	u8g_call_dev_fn
 490              	.LVL64:
 184:Drivers/u8glib/src/u8g_scale.c ****   }
 491              		.loc 1 184 7 view .LVU169
 492              		.loc 1 186 10 is_stmt 0 view .LVU170
 493 01d4 0120     		movs	r0, #1
 494              	.LVL65:
 495              	.L9:
 187:Drivers/u8glib/src/u8g_scale.c **** }
 496              		.loc 1 187 1 view .LVU171
 497 01d6 03B0     		add	sp, sp, #12
 498              	.LCFI2:
 499              		.cfi_remember_state
 500              		.cfi_def_cfa_offset 36
 501              		@ sp needed
 502 01d8 BDE8F08F 		pop	{r4, r5, r6, r7, r8, r9, r10, fp, pc}
 503              	.LVL66:
 504              	.L19:
 505              	.LCFI3:
 506              		.cfi_restore_state
 163:Drivers/u8glib/src/u8g_scale.c **** 	  yy+=8;
 507              		.loc 1 163 4 is_stmt 1 view .LVU172
 163:Drivers/u8glib/src/u8g_scale.c **** 	  yy+=8;
 508              		.loc 1 163 5 is_stmt 0 view .LVU173
 509 01dc 09F10809 		add	r9, r9, #8
 510              	.LVL67:
 163:Drivers/u8glib/src/u8g_scale.c **** 	  yy+=8;
 511              		.loc 1 163 5 view .LVU174
 512 01e0 5FFA89F9 		uxtb	r9, r9
 513              	.LVL68:
 164:Drivers/u8glib/src/u8g_scale.c **** 	  break;
 514              		.loc 1 164 4 is_stmt 1 view .LVU175
 164:Drivers/u8glib/src/u8g_scale.c **** 	  break;
 515              		.loc 1 164 6 is_stmt 0 view .LVU176
 516 01e4 019B     		ldr	r3, [sp, #4]
 517 01e6 0833     		adds	r3, r3, #8
ARM GAS  C:\Users\Zbigniew\AppData\Local\Temp\cceG2FUF.s 			page 16


 518 01e8 DBB2     		uxtb	r3, r3
 519 01ea 0193     		str	r3, [sp, #4]
 520              	.LVL69:
 165:Drivers/u8glib/src/u8g_scale.c **** 	case 2:
 521              		.loc 1 165 4 is_stmt 1 view .LVU177
 522 01ec DAE7     		b	.L15
 523              	.L18:
 167:Drivers/u8glib/src/u8g_scale.c **** 	  xx-=8;
 524              		.loc 1 167 4 view .LVU178
 167:Drivers/u8glib/src/u8g_scale.c **** 	  xx-=8;
 525              		.loc 1 167 5 is_stmt 0 view .LVU179
 526 01ee AAF1080A 		sub	r10, r10, #8
 527              	.LVL70:
 167:Drivers/u8glib/src/u8g_scale.c **** 	  xx-=8;
 528              		.loc 1 167 5 view .LVU180
 529 01f2 5FFA8AFA 		uxtb	r10, r10
 530              	.LVL71:
 168:Drivers/u8glib/src/u8g_scale.c **** 	  break;
 531              		.loc 1 168 4 is_stmt 1 view .LVU181
 168:Drivers/u8glib/src/u8g_scale.c **** 	  break;
 532              		.loc 1 168 6 is_stmt 0 view .LVU182
 533 01f6 009B     		ldr	r3, [sp]
 534 01f8 083B     		subs	r3, r3, #8
 535 01fa DBB2     		uxtb	r3, r3
 536 01fc 0093     		str	r3, [sp]
 537              	.LVL72:
 169:Drivers/u8glib/src/u8g_scale.c **** 	case 3:
 538              		.loc 1 169 4 is_stmt 1 view .LVU183
 539 01fe D1E7     		b	.L15
 540              	.L16:
 171:Drivers/u8glib/src/u8g_scale.c **** 	  yy-=8;
 541              		.loc 1 171 4 view .LVU184
 171:Drivers/u8glib/src/u8g_scale.c **** 	  yy-=8;
 542              		.loc 1 171 5 is_stmt 0 view .LVU185
 543 0200 A9F10809 		sub	r9, r9, #8
 544              	.LVL73:
 171:Drivers/u8glib/src/u8g_scale.c **** 	  yy-=8;
 545              		.loc 1 171 5 view .LVU186
 546 0204 5FFA89F9 		uxtb	r9, r9
 547              	.LVL74:
 172:Drivers/u8glib/src/u8g_scale.c **** 	  break;
 548              		.loc 1 172 4 is_stmt 1 view .LVU187
 172:Drivers/u8glib/src/u8g_scale.c **** 	  break;
 549              		.loc 1 172 6 is_stmt 0 view .LVU188
 550 0208 019B     		ldr	r3, [sp, #4]
 551 020a 083B     		subs	r3, r3, #8
 552 020c DBB2     		uxtb	r3, r3
 553 020e 0193     		str	r3, [sp, #4]
 554              	.LVL75:
 173:Drivers/u8glib/src/u8g_scale.c ****       }
 555              		.loc 1 173 4 is_stmt 1 view .LVU189
 556 0210 C8E7     		b	.L15
 557              		.cfi_endproc
 558              	.LFE2:
 560              		.section	.text.u8g_UndoScale,"ax",%progbits
 561              		.align	1
 562              		.global	u8g_UndoScale
ARM GAS  C:\Users\Zbigniew\AppData\Local\Temp\cceG2FUF.s 			page 17


 563              		.syntax unified
 564              		.thumb
 565              		.thumb_func
 567              	u8g_UndoScale:
 568              	.LVL76:
 569              	.LFB0:
  47:Drivers/u8glib/src/u8g_scale.c ****   if ( u8g->dev != &u8g_dev_scale )
 570              		.loc 1 47 1 view -0
 571              		.cfi_startproc
 572              		@ args = 0, pretend = 0, frame = 0
 573              		@ frame_needed = 0, uses_anonymous_args = 0
  47:Drivers/u8glib/src/u8g_scale.c ****   if ( u8g->dev != &u8g_dev_scale )
 574              		.loc 1 47 1 is_stmt 0 view .LVU191
 575 0000 08B5     		push	{r3, lr}
 576              	.LCFI4:
 577              		.cfi_def_cfa_offset 8
 578              		.cfi_offset 3, -8
 579              		.cfi_offset 14, -4
  48:Drivers/u8glib/src/u8g_scale.c ****     return;
 580              		.loc 1 48 3 is_stmt 1 view .LVU192
  48:Drivers/u8glib/src/u8g_scale.c ****     return;
 581              		.loc 1 48 11 is_stmt 0 view .LVU193
 582 0002 4268     		ldr	r2, [r0, #4]
  48:Drivers/u8glib/src/u8g_scale.c ****     return;
 583              		.loc 1 48 6 view .LVU194
 584 0004 044B     		ldr	r3, .L27
 585 0006 9A42     		cmp	r2, r3
 586 0008 00D0     		beq	.L26
 587              	.LVL77:
 588              	.L23:
  52:Drivers/u8glib/src/u8g_scale.c **** 
 589              		.loc 1 52 1 view .LVU195
 590 000a 08BD     		pop	{r3, pc}
 591              	.LVL78:
 592              	.L26:
  50:Drivers/u8glib/src/u8g_scale.c ****   u8g_UpdateDimension(u8g);
 593              		.loc 1 50 3 is_stmt 1 view .LVU196
  50:Drivers/u8glib/src/u8g_scale.c ****   u8g_UpdateDimension(u8g);
 594              		.loc 1 50 27 is_stmt 0 view .LVU197
 595 000c 5B68     		ldr	r3, [r3, #4]
  50:Drivers/u8glib/src/u8g_scale.c ****   u8g_UpdateDimension(u8g);
 596              		.loc 1 50 12 view .LVU198
 597 000e 4360     		str	r3, [r0, #4]
  51:Drivers/u8glib/src/u8g_scale.c **** }
 598              		.loc 1 51 3 is_stmt 1 view .LVU199
 599 0010 FFF7FEFF 		bl	u8g_UpdateDimension
 600              	.LVL79:
  51:Drivers/u8glib/src/u8g_scale.c **** }
 601              		.loc 1 51 3 is_stmt 0 view .LVU200
 602 0014 F9E7     		b	.L23
 603              	.L28:
 604 0016 00BF     		.align	2
 605              	.L27:
 606 0018 00000000 		.word	.LANCHOR0
 607              		.cfi_endproc
 608              	.LFE0:
 610              		.section	.text.u8g_SetScale2x2,"ax",%progbits
ARM GAS  C:\Users\Zbigniew\AppData\Local\Temp\cceG2FUF.s 			page 18


 611              		.align	1
 612              		.global	u8g_SetScale2x2
 613              		.syntax unified
 614              		.thumb
 615              		.thumb_func
 617              	u8g_SetScale2x2:
 618              	.LVL80:
 619              	.LFB1:
  55:Drivers/u8glib/src/u8g_scale.c ****   if ( u8g->dev != &u8g_dev_scale )
 620              		.loc 1 55 1 is_stmt 1 view -0
 621              		.cfi_startproc
 622              		@ args = 0, pretend = 0, frame = 0
 623              		@ frame_needed = 0, uses_anonymous_args = 0
  55:Drivers/u8glib/src/u8g_scale.c ****   if ( u8g->dev != &u8g_dev_scale )
 624              		.loc 1 55 1 is_stmt 0 view .LVU202
 625 0000 08B5     		push	{r3, lr}
 626              	.LCFI5:
 627              		.cfi_def_cfa_offset 8
 628              		.cfi_offset 3, -8
 629              		.cfi_offset 14, -4
  56:Drivers/u8glib/src/u8g_scale.c ****   {
 630              		.loc 1 56 3 is_stmt 1 view .LVU203
  56:Drivers/u8glib/src/u8g_scale.c ****   {
 631              		.loc 1 56 11 is_stmt 0 view .LVU204
 632 0002 4368     		ldr	r3, [r0, #4]
  56:Drivers/u8glib/src/u8g_scale.c ****   {
 633              		.loc 1 56 6 view .LVU205
 634 0004 054A     		ldr	r2, .L32
 635 0006 9342     		cmp	r3, r2
 636 0008 01D0     		beq	.L30
  58:Drivers/u8glib/src/u8g_scale.c ****     u8g->dev = &u8g_dev_scale;
 637              		.loc 1 58 5 is_stmt 1 view .LVU206
  58:Drivers/u8glib/src/u8g_scale.c ****     u8g->dev = &u8g_dev_scale;
 638              		.loc 1 58 27 is_stmt 0 view .LVU207
 639 000a 5360     		str	r3, [r2, #4]
  59:Drivers/u8glib/src/u8g_scale.c ****   }
 640              		.loc 1 59 5 is_stmt 1 view .LVU208
  59:Drivers/u8glib/src/u8g_scale.c ****   }
 641              		.loc 1 59 14 is_stmt 0 view .LVU209
 642 000c 4260     		str	r2, [r0, #4]
 643              	.L30:
  61:Drivers/u8glib/src/u8g_scale.c ****   u8g_UpdateDimension(u8g);
 644              		.loc 1 61 3 is_stmt 1 view .LVU210
  61:Drivers/u8glib/src/u8g_scale.c ****   u8g_UpdateDimension(u8g);
 645              		.loc 1 61 24 is_stmt 0 view .LVU211
 646 000e 034B     		ldr	r3, .L32
 647 0010 034A     		ldr	r2, .L32+4
 648 0012 1A60     		str	r2, [r3]
  62:Drivers/u8glib/src/u8g_scale.c **** }
 649              		.loc 1 62 3 is_stmt 1 view .LVU212
 650 0014 FFF7FEFF 		bl	u8g_UpdateDimension
 651              	.LVL81:
  63:Drivers/u8glib/src/u8g_scale.c **** 
 652              		.loc 1 63 1 is_stmt 0 view .LVU213
 653 0018 08BD     		pop	{r3, pc}
 654              	.L33:
 655 001a 00BF     		.align	2
ARM GAS  C:\Users\Zbigniew\AppData\Local\Temp\cceG2FUF.s 			page 19


 656              	.L32:
 657 001c 00000000 		.word	.LANCHOR0
 658 0020 00000000 		.word	u8g_dev_scale_2x2_fn
 659              		.cfi_endproc
 660              	.LFE1:
 662              		.global	u8g_dev_scale
 663              		.section	.data.u8g_dev_scale,"aw"
 664              		.align	2
 665              		.set	.LANCHOR0,. + 0
 668              	u8g_dev_scale:
 669 0000 00000000 		.word	u8g_dev_scale_2x2_fn
 670 0004 00000000 		.word	0
 671 0008 00000000 		.word	0
 672              		.text
 673              	.Letext0:
 674              		.file 2 "c:\\users\\zbigniew\\appdata\\roaming\\code\\user\\globalstorage\\bmd.stm32-for-vscode\\@
 675              		.file 3 "c:\\users\\zbigniew\\appdata\\roaming\\code\\user\\globalstorage\\bmd.stm32-for-vscode\\@
 676              		.file 4 "Inc/../Drivers/u8glib/inc/u8g.h"
ARM GAS  C:\Users\Zbigniew\AppData\Local\Temp\cceG2FUF.s 			page 20


DEFINED SYMBOLS
                            *ABS*:0000000000000000 u8g_scale.c
C:\Users\Zbigniew\AppData\Local\Temp\cceG2FUF.s:18     .text.u8g_dev_scale_2x2_fn:0000000000000000 $t
C:\Users\Zbigniew\AppData\Local\Temp\cceG2FUF.s:24     .text.u8g_dev_scale_2x2_fn:0000000000000000 u8g_dev_scale_2x2_fn
C:\Users\Zbigniew\AppData\Local\Temp\cceG2FUF.s:76     .text.u8g_dev_scale_2x2_fn:000000000000002a $d
C:\Users\Zbigniew\AppData\Local\Temp\cceG2FUF.s:98     .text.u8g_dev_scale_2x2_fn:0000000000000040 $t
C:\Users\Zbigniew\AppData\Local\Temp\cceG2FUF.s:421    .text.u8g_dev_scale_2x2_fn:0000000000000182 $d
C:\Users\Zbigniew\AppData\Local\Temp\cceG2FUF.s:426    .text.u8g_dev_scale_2x2_fn:0000000000000186 $t
C:\Users\Zbigniew\AppData\Local\Temp\cceG2FUF.s:561    .text.u8g_UndoScale:0000000000000000 $t
C:\Users\Zbigniew\AppData\Local\Temp\cceG2FUF.s:567    .text.u8g_UndoScale:0000000000000000 u8g_UndoScale
C:\Users\Zbigniew\AppData\Local\Temp\cceG2FUF.s:606    .text.u8g_UndoScale:0000000000000018 $d
C:\Users\Zbigniew\AppData\Local\Temp\cceG2FUF.s:611    .text.u8g_SetScale2x2:0000000000000000 $t
C:\Users\Zbigniew\AppData\Local\Temp\cceG2FUF.s:617    .text.u8g_SetScale2x2:0000000000000000 u8g_SetScale2x2
C:\Users\Zbigniew\AppData\Local\Temp\cceG2FUF.s:657    .text.u8g_SetScale2x2:000000000000001c $d
C:\Users\Zbigniew\AppData\Local\Temp\cceG2FUF.s:668    .data.u8g_dev_scale:0000000000000000 u8g_dev_scale
C:\Users\Zbigniew\AppData\Local\Temp\cceG2FUF.s:664    .data.u8g_dev_scale:0000000000000000 $d

UNDEFINED SYMBOLS
u8g_call_dev_fn
u8g_GetWidthLL
u8g_GetHeightLL
u8g_UpdateDimension
