ARM GAS  C:\Users\Zbigniew\AppData\Local\Temp\ccBO4wwp.s 			page 1


   1              		.cpu cortex-m3
   2              		.arch armv7-m
   3              		.fpu softvfp
   4              		.eabi_attribute 20, 1
   5              		.eabi_attribute 21, 1
   6              		.eabi_attribute 23, 3
   7              		.eabi_attribute 24, 1
   8              		.eabi_attribute 25, 1
   9              		.eabi_attribute 26, 1
  10              		.eabi_attribute 30, 1
  11              		.eabi_attribute 34, 1
  12              		.eabi_attribute 18, 4
  13              		.file	"u8g_pb8h1f.c"
  14              		.text
  15              	.Ltext0:
  16              		.cfi_sections	.debug_frame
  17              		.section	.text.u8g_pb8h1f_Init,"ax",%progbits
  18              		.align	1
  19              		.global	u8g_pb8h1f_Init
  20              		.syntax unified
  21              		.thumb
  22              		.thumb_func
  24              	u8g_pb8h1f_Init:
  25              	.LVL0:
  26              	.LFB0:
  27              		.file 1 "Drivers/u8glib/src/u8g_pb8h1f.c"
   1:Drivers/u8glib/src/u8g_pb8h1f.c **** /*
   2:Drivers/u8glib/src/u8g_pb8h1f.c **** 
   3:Drivers/u8glib/src/u8g_pb8h1f.c ****   u8g_pb8h1f.c
   4:Drivers/u8glib/src/u8g_pb8h1f.c ****   
   5:Drivers/u8glib/src/u8g_pb8h1f.c ****   8bit height monochrom (1 bit) page buffer
   6:Drivers/u8glib/src/u8g_pb8h1f.c ****   byte has horizontal orientation, same as u8g_pb8h1, but byte is flipped 
   7:Drivers/u8glib/src/u8g_pb8h1f.c **** 
   8:Drivers/u8glib/src/u8g_pb8h1f.c ****   Universal 8bit Graphics Library
   9:Drivers/u8glib/src/u8g_pb8h1f.c ****   
  10:Drivers/u8glib/src/u8g_pb8h1f.c ****   Copyright (c) 2011, olikraus@gmail.com
  11:Drivers/u8glib/src/u8g_pb8h1f.c ****   All rights reserved.
  12:Drivers/u8glib/src/u8g_pb8h1f.c **** 
  13:Drivers/u8glib/src/u8g_pb8h1f.c ****   Redistribution and use in source and binary forms, with or without modification, 
  14:Drivers/u8glib/src/u8g_pb8h1f.c ****   are permitted provided that the following conditions are met:
  15:Drivers/u8glib/src/u8g_pb8h1f.c **** 
  16:Drivers/u8glib/src/u8g_pb8h1f.c ****   * Redistributions of source code must retain the above copyright notice, this list 
  17:Drivers/u8glib/src/u8g_pb8h1f.c ****     of conditions and the following disclaimer.
  18:Drivers/u8glib/src/u8g_pb8h1f.c ****     
  19:Drivers/u8glib/src/u8g_pb8h1f.c ****   * Redistributions in binary form must reproduce the above copyright notice, this 
  20:Drivers/u8glib/src/u8g_pb8h1f.c ****     list of conditions and the following disclaimer in the documentation and/or other 
  21:Drivers/u8glib/src/u8g_pb8h1f.c ****     materials provided with the distribution.
  22:Drivers/u8glib/src/u8g_pb8h1f.c **** 
  23:Drivers/u8glib/src/u8g_pb8h1f.c ****   THIS SOFTWARE IS PROVIDED BY THE COPYRIGHT HOLDERS AND 
  24:Drivers/u8glib/src/u8g_pb8h1f.c ****   CONTRIBUTORS "AS IS" AND ANY EXPRESS OR IMPLIED WARRANTIES, 
  25:Drivers/u8glib/src/u8g_pb8h1f.c ****   INCLUDING, BUT NOT LIMITED TO, THE IMPLIED WARRANTIES OF 
  26:Drivers/u8glib/src/u8g_pb8h1f.c ****   MERCHANTABILITY AND FITNESS FOR A PARTICULAR PURPOSE ARE 
  27:Drivers/u8glib/src/u8g_pb8h1f.c ****   DISCLAIMED. IN NO EVENT SHALL THE COPYRIGHT HOLDER OR 
  28:Drivers/u8glib/src/u8g_pb8h1f.c ****   CONTRIBUTORS BE LIABLE FOR ANY DIRECT, INDIRECT, INCIDENTAL, 
  29:Drivers/u8glib/src/u8g_pb8h1f.c ****   SPECIAL, EXEMPLARY, OR CONSEQUENTIAL DAMAGES (INCLUDING, BUT 
  30:Drivers/u8glib/src/u8g_pb8h1f.c ****   NOT LIMITED TO, PROCUREMENT OF SUBSTITUTE GOODS OR SERVICES; 
  31:Drivers/u8glib/src/u8g_pb8h1f.c ****   LOSS OF USE, DATA, OR PROFITS; OR BUSINESS INTERRUPTION) HOWEVER 
ARM GAS  C:\Users\Zbigniew\AppData\Local\Temp\ccBO4wwp.s 			page 2


  32:Drivers/u8glib/src/u8g_pb8h1f.c ****   CAUSED AND ON ANY THEORY OF LIABILITY, WHETHER IN CONTRACT, 
  33:Drivers/u8glib/src/u8g_pb8h1f.c ****   STRICT LIABILITY, OR TORT (INCLUDING NEGLIGENCE OR OTHERWISE) 
  34:Drivers/u8glib/src/u8g_pb8h1f.c ****   ARISING IN ANY WAY OUT OF THE USE OF THIS SOFTWARE, EVEN IF 
  35:Drivers/u8glib/src/u8g_pb8h1f.c ****   ADVISED OF THE POSSIBILITY OF SUCH DAMAGE.  
  36:Drivers/u8glib/src/u8g_pb8h1f.c **** 
  37:Drivers/u8glib/src/u8g_pb8h1f.c **** 
  38:Drivers/u8glib/src/u8g_pb8h1f.c ****   total buffer size is limited to 256 bytes because of the calculation inside the set pixel procedu
  39:Drivers/u8glib/src/u8g_pb8h1f.c **** 
  40:Drivers/u8glib/src/u8g_pb8h1f.c **** 
  41:Drivers/u8glib/src/u8g_pb8h1f.c **** */
  42:Drivers/u8glib/src/u8g_pb8h1f.c **** 
  43:Drivers/u8glib/src/u8g_pb8h1f.c **** #include "../Drivers/u8glib/inc/u8g.h"
  44:Drivers/u8glib/src/u8g_pb8h1f.c **** #include <string.h>
  45:Drivers/u8glib/src/u8g_pb8h1f.c **** 
  46:Drivers/u8glib/src/u8g_pb8h1f.c **** 
  47:Drivers/u8glib/src/u8g_pb8h1f.c **** void u8g_pb8h1f_Init(u8g_pb_t *b, void *buf, u8g_uint_t width) U8G_NOINLINE;
  48:Drivers/u8glib/src/u8g_pb8h1f.c **** void u8g_pb8h1f_set_pixel(u8g_pb_t *b, u8g_uint_t x, u8g_uint_t y, uint8_t color_index) U8G_NOINLIN
  49:Drivers/u8glib/src/u8g_pb8h1f.c **** void u8g_pb8h1f_SetPixel(u8g_pb_t *b, const u8g_dev_arg_pixel_t * const arg_pixel) U8G_NOINLINE ;
  50:Drivers/u8glib/src/u8g_pb8h1f.c **** void u8g_pb8h1f_Set8PixelStd(u8g_pb_t *b, u8g_dev_arg_pixel_t *arg_pixel) U8G_NOINLINE;
  51:Drivers/u8glib/src/u8g_pb8h1f.c **** uint8_t u8g_dev_pb8h1f_base_fn(u8g_t *u8g, u8g_dev_t *dev, uint8_t msg, void *arg);
  52:Drivers/u8glib/src/u8g_pb8h1f.c **** 
  53:Drivers/u8glib/src/u8g_pb8h1f.c **** 
  54:Drivers/u8glib/src/u8g_pb8h1f.c **** void u8g_pb8h1f_Init(u8g_pb_t *b, void *buf, u8g_uint_t width)
  55:Drivers/u8glib/src/u8g_pb8h1f.c **** {
  28              		.loc 1 55 1 view -0
  29              		.cfi_startproc
  30              		@ args = 0, pretend = 0, frame = 0
  31              		@ frame_needed = 0, uses_anonymous_args = 0
  32              		.loc 1 55 1 is_stmt 0 view .LVU1
  33 0000 08B5     		push	{r3, lr}
  34              	.LCFI0:
  35              		.cfi_def_cfa_offset 8
  36              		.cfi_offset 3, -8
  37              		.cfi_offset 14, -4
  56:Drivers/u8glib/src/u8g_pb8h1f.c ****   b->buf = buf;
  38              		.loc 1 56 3 is_stmt 1 view .LVU2
  39              		.loc 1 56 10 is_stmt 0 view .LVU3
  40 0002 8160     		str	r1, [r0, #8]
  57:Drivers/u8glib/src/u8g_pb8h1f.c ****   b->width = width;
  41              		.loc 1 57 3 is_stmt 1 view .LVU4
  42              		.loc 1 57 12 is_stmt 0 view .LVU5
  43 0004 4271     		strb	r2, [r0, #5]
  58:Drivers/u8glib/src/u8g_pb8h1f.c ****   u8g_pb_Clear(b);
  44              		.loc 1 58 3 is_stmt 1 view .LVU6
  45 0006 FFF7FEFF 		bl	u8g_pb_Clear
  46              	.LVL1:
  59:Drivers/u8glib/src/u8g_pb8h1f.c **** }
  47              		.loc 1 59 1 is_stmt 0 view .LVU7
  48 000a 08BD     		pop	{r3, pc}
  49              		.cfi_endproc
  50              	.LFE0:
  52              		.section	.text.u8g_pb8h1f_set_pixel,"ax",%progbits
  53              		.align	1
  54              		.global	u8g_pb8h1f_set_pixel
  55              		.syntax unified
  56              		.thumb
  57              		.thumb_func
ARM GAS  C:\Users\Zbigniew\AppData\Local\Temp\ccBO4wwp.s 			page 3


  59              	u8g_pb8h1f_set_pixel:
  60              	.LVL2:
  61              	.LFB1:
  60:Drivers/u8glib/src/u8g_pb8h1f.c **** 
  61:Drivers/u8glib/src/u8g_pb8h1f.c **** /* limitation: total buffer must not exceed 256 bytes, 20 nov 2012: extended to >256 bytes */
  62:Drivers/u8glib/src/u8g_pb8h1f.c **** void u8g_pb8h1f_set_pixel(u8g_pb_t *b, u8g_uint_t x, u8g_uint_t y, uint8_t color_index)
  63:Drivers/u8glib/src/u8g_pb8h1f.c **** {
  62              		.loc 1 63 1 is_stmt 1 view -0
  63              		.cfi_startproc
  64              		@ args = 0, pretend = 0, frame = 0
  65              		@ frame_needed = 0, uses_anonymous_args = 0
  66              		@ link register save eliminated.
  67              		.loc 1 63 1 is_stmt 0 view .LVU9
  68 0000 10B4     		push	{r4}
  69              	.LCFI1:
  70              		.cfi_def_cfa_offset 4
  71              		.cfi_offset 4, -4
  64:Drivers/u8glib/src/u8g_pb8h1f.c ****   /*register uint8_t mask, tmp;*/
  65:Drivers/u8glib/src/u8g_pb8h1f.c ****   register uint8_t mask; 
  72              		.loc 1 65 3 is_stmt 1 view .LVU10
  66:Drivers/u8glib/src/u8g_pb8h1f.c ****   register u8g_uint_t tmp;
  73              		.loc 1 66 3 view .LVU11
  67:Drivers/u8glib/src/u8g_pb8h1f.c ****   uint8_t *ptr = b->buf;
  74              		.loc 1 67 3 view .LVU12
  75              		.loc 1 67 12 is_stmt 0 view .LVU13
  76 0002 8468     		ldr	r4, [r0, #8]
  77              	.LVL3:
  68:Drivers/u8glib/src/u8g_pb8h1f.c ****   
  69:Drivers/u8glib/src/u8g_pb8h1f.c ****   y -= b->p.page_y0;
  78              		.loc 1 69 3 is_stmt 1 view .LVU14
  79              		.loc 1 69 12 is_stmt 0 view .LVU15
  80 0004 90F802C0 		ldrb	ip, [r0, #2]	@ zero_extendqisi2
  81              		.loc 1 69 5 view .LVU16
  82 0008 A2EB0C02 		sub	r2, r2, ip
  83              	.LVL4:
  84              		.loc 1 69 5 view .LVU17
  85 000c D2B2     		uxtb	r2, r2
  86              	.LVL5:
  70:Drivers/u8glib/src/u8g_pb8h1f.c ****   tmp = b->width >> 3;
  87              		.loc 1 70 3 is_stmt 1 view .LVU18
  88              		.loc 1 70 10 is_stmt 0 view .LVU19
  89 000e 4079     		ldrb	r0, [r0, #5]	@ zero_extendqisi2
  90              	.LVL6:
  91              		.loc 1 70 7 view .LVU20
  92 0010 C008     		lsrs	r0, r0, #3
  93              	.LVL7:
  71:Drivers/u8glib/src/u8g_pb8h1f.c ****   tmp *= (uint8_t)y;
  94              		.loc 1 71 3 is_stmt 1 view .LVU21
  95              		.loc 1 71 7 is_stmt 0 view .LVU22
  96 0012 00FB02F2 		mul	r2, r0, r2
  97              	.LVL8:
  98              		.loc 1 71 7 view .LVU23
  99 0016 D2B2     		uxtb	r2, r2
 100              	.LVL9:
  72:Drivers/u8glib/src/u8g_pb8h1f.c ****   ptr += tmp;
 101              		.loc 1 72 3 is_stmt 1 view .LVU24
  73:Drivers/u8glib/src/u8g_pb8h1f.c ****   
ARM GAS  C:\Users\Zbigniew\AppData\Local\Temp\ccBO4wwp.s 			page 4


  74:Drivers/u8glib/src/u8g_pb8h1f.c ****   mask = 1;
 102              		.loc 1 74 3 view .LVU25
  75:Drivers/u8glib/src/u8g_pb8h1f.c ****   mask <<= x & 7;
 103              		.loc 1 75 3 view .LVU26
 104              		.loc 1 75 14 is_stmt 0 view .LVU27
 105 0018 01F0070C 		and	ip, r1, #7
 106              		.loc 1 75 8 view .LVU28
 107 001c 0120     		movs	r0, #1
 108 001e 00FA0CF0 		lsl	r0, r0, ip
 109 0022 C0B2     		uxtb	r0, r0
 110              	.LVL10:
  76:Drivers/u8glib/src/u8g_pb8h1f.c ****   x >>= 3;
 111              		.loc 1 76 3 is_stmt 1 view .LVU29
  77:Drivers/u8glib/src/u8g_pb8h1f.c ****   ptr += x;
 112              		.loc 1 77 3 view .LVU30
 113              		.loc 1 77 7 is_stmt 0 view .LVU31
 114 0024 02EBD101 		add	r1, r2, r1, lsr #3
 115              	.LVL11:
  78:Drivers/u8glib/src/u8g_pb8h1f.c ****   if ( color_index )
 116              		.loc 1 78 3 is_stmt 1 view .LVU32
 117              		.loc 1 78 6 is_stmt 0 view .LVU33
 118 0028 23B1     		cbz	r3, .L4
  79:Drivers/u8glib/src/u8g_pb8h1f.c ****   {
  80:Drivers/u8glib/src/u8g_pb8h1f.c ****     *ptr |= mask;
 119              		.loc 1 80 5 is_stmt 1 view .LVU34
 120              		.loc 1 80 10 is_stmt 0 view .LVU35
 121 002a 635C     		ldrb	r3, [r4, r1]	@ zero_extendqisi2
 122              	.LVL12:
 123              		.loc 1 80 10 view .LVU36
 124 002c 1843     		orrs	r0, r0, r3
 125              	.LVL13:
 126              		.loc 1 80 10 view .LVU37
 127 002e 6054     		strb	r0, [r4, r1]
 128              	.LVL14:
 129              	.L3:
  81:Drivers/u8glib/src/u8g_pb8h1f.c ****   }
  82:Drivers/u8glib/src/u8g_pb8h1f.c ****   else
  83:Drivers/u8glib/src/u8g_pb8h1f.c ****   {
  84:Drivers/u8glib/src/u8g_pb8h1f.c ****     mask ^=0xff;
  85:Drivers/u8glib/src/u8g_pb8h1f.c ****     *ptr &= mask;
  86:Drivers/u8glib/src/u8g_pb8h1f.c ****   }
  87:Drivers/u8glib/src/u8g_pb8h1f.c **** }
 130              		.loc 1 87 1 view .LVU38
 131 0030 10BC     		pop	{r4}
 132              	.LCFI2:
 133              		.cfi_remember_state
 134              		.cfi_restore 4
 135              		.cfi_def_cfa_offset 0
 136              	.LVL15:
 137              		.loc 1 87 1 view .LVU39
 138 0032 7047     		bx	lr
 139              	.LVL16:
 140              	.L4:
 141              	.LCFI3:
 142              		.cfi_restore_state
  84:Drivers/u8glib/src/u8g_pb8h1f.c ****     *ptr &= mask;
 143              		.loc 1 84 5 is_stmt 1 view .LVU40
ARM GAS  C:\Users\Zbigniew\AppData\Local\Temp\ccBO4wwp.s 			page 5


  85:Drivers/u8glib/src/u8g_pb8h1f.c ****   }
 144              		.loc 1 85 5 view .LVU41
  85:Drivers/u8glib/src/u8g_pb8h1f.c ****   }
 145              		.loc 1 85 10 is_stmt 0 view .LVU42
 146 0034 635C     		ldrb	r3, [r4, r1]	@ zero_extendqisi2
 147              	.LVL17:
  85:Drivers/u8glib/src/u8g_pb8h1f.c ****   }
 148              		.loc 1 85 10 view .LVU43
 149 0036 23EA0000 		bic	r0, r3, r0
 150              	.LVL18:
  85:Drivers/u8glib/src/u8g_pb8h1f.c ****   }
 151              		.loc 1 85 10 view .LVU44
 152 003a 6054     		strb	r0, [r4, r1]
 153              		.loc 1 87 1 view .LVU45
 154 003c F8E7     		b	.L3
 155              		.cfi_endproc
 156              	.LFE1:
 158              		.section	.text.u8g_pb8h1f_SetPixel,"ax",%progbits
 159              		.align	1
 160              		.global	u8g_pb8h1f_SetPixel
 161              		.syntax unified
 162              		.thumb
 163              		.thumb_func
 165              	u8g_pb8h1f_SetPixel:
 166              	.LVL19:
 167              	.LFB2:
  88:Drivers/u8glib/src/u8g_pb8h1f.c **** 
  89:Drivers/u8glib/src/u8g_pb8h1f.c **** 
  90:Drivers/u8glib/src/u8g_pb8h1f.c **** void u8g_pb8h1f_SetPixel(u8g_pb_t *b, const u8g_dev_arg_pixel_t * const arg_pixel)
  91:Drivers/u8glib/src/u8g_pb8h1f.c **** {
 168              		.loc 1 91 1 is_stmt 1 view -0
 169              		.cfi_startproc
 170              		@ args = 0, pretend = 0, frame = 0
 171              		@ frame_needed = 0, uses_anonymous_args = 0
 172              		.loc 1 91 1 is_stmt 0 view .LVU47
 173 0000 08B5     		push	{r3, lr}
 174              	.LCFI4:
 175              		.cfi_def_cfa_offset 8
 176              		.cfi_offset 3, -8
 177              		.cfi_offset 14, -4
  92:Drivers/u8glib/src/u8g_pb8h1f.c ****   if ( arg_pixel->y < b->p.page_y0 )
 178              		.loc 1 92 3 is_stmt 1 view .LVU48
 179              		.loc 1 92 17 is_stmt 0 view .LVU49
 180 0002 4A78     		ldrb	r2, [r1, #1]	@ zero_extendqisi2
 181              		.loc 1 92 27 view .LVU50
 182 0004 8378     		ldrb	r3, [r0, #2]	@ zero_extendqisi2
 183              		.loc 1 92 6 view .LVU51
 184 0006 9A42     		cmp	r2, r3
 185 0008 07D3     		bcc	.L7
  93:Drivers/u8glib/src/u8g_pb8h1f.c ****     return;
  94:Drivers/u8glib/src/u8g_pb8h1f.c ****   if ( arg_pixel->y > b->p.page_y1 )
 186              		.loc 1 94 3 is_stmt 1 view .LVU52
 187              		.loc 1 94 27 is_stmt 0 view .LVU53
 188 000a C378     		ldrb	r3, [r0, #3]	@ zero_extendqisi2
 189              		.loc 1 94 6 view .LVU54
 190 000c 9A42     		cmp	r2, r3
 191 000e 04D8     		bhi	.L7
ARM GAS  C:\Users\Zbigniew\AppData\Local\Temp\ccBO4wwp.s 			page 6


  95:Drivers/u8glib/src/u8g_pb8h1f.c ****     return;
  96:Drivers/u8glib/src/u8g_pb8h1f.c ****   if ( arg_pixel->x >= b->width )
 192              		.loc 1 96 3 is_stmt 1 view .LVU55
 193              		.loc 1 96 17 is_stmt 0 view .LVU56
 194 0010 91F800C0 		ldrb	ip, [r1]	@ zero_extendqisi2
 195              		.loc 1 96 25 view .LVU57
 196 0014 4379     		ldrb	r3, [r0, #5]	@ zero_extendqisi2
 197              		.loc 1 96 6 view .LVU58
 198 0016 9C45     		cmp	ip, r3
 199 0018 00D3     		bcc	.L10
 200              	.LVL20:
 201              	.L7:
  97:Drivers/u8glib/src/u8g_pb8h1f.c ****     return;
  98:Drivers/u8glib/src/u8g_pb8h1f.c ****   u8g_pb8h1f_set_pixel(b, arg_pixel->x, arg_pixel->y, arg_pixel->color);
  99:Drivers/u8glib/src/u8g_pb8h1f.c **** }
 202              		.loc 1 99 1 view .LVU59
 203 001a 08BD     		pop	{r3, pc}
 204              	.LVL21:
 205              	.L10:
  98:Drivers/u8glib/src/u8g_pb8h1f.c **** }
 206              		.loc 1 98 3 is_stmt 1 view .LVU60
 207 001c 0B79     		ldrb	r3, [r1, #4]	@ zero_extendqisi2
 208 001e 6146     		mov	r1, ip
 209              	.LVL22:
  98:Drivers/u8glib/src/u8g_pb8h1f.c **** }
 210              		.loc 1 98 3 is_stmt 0 view .LVU61
 211 0020 FFF7FEFF 		bl	u8g_pb8h1f_set_pixel
 212              	.LVL23:
  98:Drivers/u8glib/src/u8g_pb8h1f.c **** }
 213              		.loc 1 98 3 view .LVU62
 214 0024 F9E7     		b	.L7
 215              		.cfi_endproc
 216              	.LFE2:
 218              		.section	.text.u8g_pb8h1f_Set8PixelStd,"ax",%progbits
 219              		.align	1
 220              		.global	u8g_pb8h1f_Set8PixelStd
 221              		.syntax unified
 222              		.thumb
 223              		.thumb_func
 225              	u8g_pb8h1f_Set8PixelStd:
 226              	.LVL24:
 227              	.LFB3:
 100:Drivers/u8glib/src/u8g_pb8h1f.c **** 
 101:Drivers/u8glib/src/u8g_pb8h1f.c **** void u8g_pb8h1f_Set8PixelStd(u8g_pb_t *b, u8g_dev_arg_pixel_t *arg_pixel)
 102:Drivers/u8glib/src/u8g_pb8h1f.c **** {
 228              		.loc 1 102 1 is_stmt 1 view -0
 229              		.cfi_startproc
 230              		@ args = 0, pretend = 0, frame = 0
 231              		@ frame_needed = 0, uses_anonymous_args = 0
 232              		.loc 1 102 1 is_stmt 0 view .LVU64
 233 0000 70B5     		push	{r4, r5, r6, lr}
 234              	.LCFI5:
 235              		.cfi_def_cfa_offset 16
 236              		.cfi_offset 4, -16
 237              		.cfi_offset 5, -12
 238              		.cfi_offset 6, -8
 239              		.cfi_offset 14, -4
ARM GAS  C:\Users\Zbigniew\AppData\Local\Temp\ccBO4wwp.s 			page 7


 240 0002 0646     		mov	r6, r0
 241 0004 0D46     		mov	r5, r1
 103:Drivers/u8glib/src/u8g_pb8h1f.c ****   register uint8_t pixel = arg_pixel->pixel;
 242              		.loc 1 103 3 is_stmt 1 view .LVU65
 243              		.loc 1 103 20 is_stmt 0 view .LVU66
 244 0006 8C78     		ldrb	r4, [r1, #2]	@ zero_extendqisi2
 245              	.LVL25:
 246              		.loc 1 103 20 view .LVU67
 247 0008 0BE0     		b	.L19
 248              	.LVL26:
 249              	.L22:
 104:Drivers/u8glib/src/u8g_pb8h1f.c ****   do
 105:Drivers/u8glib/src/u8g_pb8h1f.c ****   {
 106:Drivers/u8glib/src/u8g_pb8h1f.c ****     if ( pixel & 128 )
 107:Drivers/u8glib/src/u8g_pb8h1f.c ****     {
 108:Drivers/u8glib/src/u8g_pb8h1f.c ****       u8g_pb8h1f_SetPixel(b, arg_pixel);
 250              		.loc 1 108 7 is_stmt 1 view .LVU68
 251 000a 2946     		mov	r1, r5
 252 000c 3046     		mov	r0, r6
 253 000e FFF7FEFF 		bl	u8g_pb8h1f_SetPixel
 254              	.LVL27:
 255 0012 09E0     		b	.L12
 256              	.L18:
 109:Drivers/u8glib/src/u8g_pb8h1f.c ****     }
 110:Drivers/u8glib/src/u8g_pb8h1f.c ****     switch( arg_pixel->dir )
 111:Drivers/u8glib/src/u8g_pb8h1f.c ****     {
 112:Drivers/u8glib/src/u8g_pb8h1f.c ****       case 0: arg_pixel->x++; break;
 257              		.loc 1 112 15 view .LVU69
 258              		.loc 1 112 24 is_stmt 0 view .LVU70
 259 0014 2B78     		ldrb	r3, [r5]	@ zero_extendqisi2
 260              		.loc 1 112 27 view .LVU71
 261 0016 0133     		adds	r3, r3, #1
 262 0018 2B70     		strb	r3, [r5]
 263              		.loc 1 112 31 is_stmt 1 view .LVU72
 264              	.L13:
 113:Drivers/u8glib/src/u8g_pb8h1f.c ****       case 1: arg_pixel->y++; break;
 114:Drivers/u8glib/src/u8g_pb8h1f.c ****       case 2: arg_pixel->x--; break;
 115:Drivers/u8glib/src/u8g_pb8h1f.c ****       case 3: arg_pixel->y--; break;
 116:Drivers/u8glib/src/u8g_pb8h1f.c ****     }
 117:Drivers/u8glib/src/u8g_pb8h1f.c ****     pixel <<= 1;
 265              		.loc 1 117 5 view .LVU73
 266              		.loc 1 117 11 is_stmt 0 view .LVU74
 267 001a 6400     		lsls	r4, r4, #1
 268              	.LVL28:
 118:Drivers/u8glib/src/u8g_pb8h1f.c ****   } while( pixel != 0  );
 269              		.loc 1 118 10 is_stmt 1 view .LVU75
 270              		.loc 1 118 3 is_stmt 0 view .LVU76
 271 001c 14F0FF04 		ands	r4, r4, #255
 272              	.LVL29:
 273              		.loc 1 118 3 view .LVU77
 274 0020 1CD0     		beq	.L21
 275              	.L19:
 276              	.LVL30:
 104:Drivers/u8glib/src/u8g_pb8h1f.c ****   {
 277              		.loc 1 104 3 is_stmt 1 view .LVU78
 106:Drivers/u8glib/src/u8g_pb8h1f.c ****     {
 278              		.loc 1 106 5 view .LVU79
ARM GAS  C:\Users\Zbigniew\AppData\Local\Temp\ccBO4wwp.s 			page 8


 106:Drivers/u8glib/src/u8g_pb8h1f.c ****     {
 279              		.loc 1 106 8 is_stmt 0 view .LVU80
 280 0022 14F0800F 		tst	r4, #128
 281 0026 F0D1     		bne	.L22
 282              	.L12:
 110:Drivers/u8glib/src/u8g_pb8h1f.c ****     {
 283              		.loc 1 110 5 is_stmt 1 view .LVU81
 110:Drivers/u8glib/src/u8g_pb8h1f.c ****     {
 284              		.loc 1 110 22 is_stmt 0 view .LVU82
 285 0028 EB78     		ldrb	r3, [r5, #3]	@ zero_extendqisi2
 110:Drivers/u8glib/src/u8g_pb8h1f.c ****     {
 286              		.loc 1 110 5 view .LVU83
 287 002a 032B     		cmp	r3, #3
 288 002c F5D8     		bhi	.L13
 289 002e 01A2     		adr	r2, .L15
 290 0030 52F823F0 		ldr	pc, [r2, r3, lsl #2]
 291              		.p2align 2
 292              	.L15:
 293 0034 15000000 		.word	.L18+1
 294 0038 45000000 		.word	.L17+1
 295 003c 4D000000 		.word	.L16+1
 296 0040 55000000 		.word	.L14+1
 297              		.p2align 1
 298              	.L17:
 113:Drivers/u8glib/src/u8g_pb8h1f.c ****       case 2: arg_pixel->x--; break;
 299              		.loc 1 113 15 is_stmt 1 view .LVU84
 113:Drivers/u8glib/src/u8g_pb8h1f.c ****       case 2: arg_pixel->x--; break;
 300              		.loc 1 113 24 is_stmt 0 view .LVU85
 301 0044 6B78     		ldrb	r3, [r5, #1]	@ zero_extendqisi2
 113:Drivers/u8glib/src/u8g_pb8h1f.c ****       case 2: arg_pixel->x--; break;
 302              		.loc 1 113 27 view .LVU86
 303 0046 0133     		adds	r3, r3, #1
 304 0048 6B70     		strb	r3, [r5, #1]
 113:Drivers/u8glib/src/u8g_pb8h1f.c ****       case 2: arg_pixel->x--; break;
 305              		.loc 1 113 31 is_stmt 1 view .LVU87
 113:Drivers/u8glib/src/u8g_pb8h1f.c ****       case 2: arg_pixel->x--; break;
 306              		.loc 1 113 7 is_stmt 0 view .LVU88
 307 004a E6E7     		b	.L13
 308              	.L16:
 114:Drivers/u8glib/src/u8g_pb8h1f.c ****       case 3: arg_pixel->y--; break;
 309              		.loc 1 114 15 is_stmt 1 view .LVU89
 114:Drivers/u8glib/src/u8g_pb8h1f.c ****       case 3: arg_pixel->y--; break;
 310              		.loc 1 114 24 is_stmt 0 view .LVU90
 311 004c 2B78     		ldrb	r3, [r5]	@ zero_extendqisi2
 114:Drivers/u8glib/src/u8g_pb8h1f.c ****       case 3: arg_pixel->y--; break;
 312              		.loc 1 114 27 view .LVU91
 313 004e 013B     		subs	r3, r3, #1
 314 0050 2B70     		strb	r3, [r5]
 114:Drivers/u8glib/src/u8g_pb8h1f.c ****       case 3: arg_pixel->y--; break;
 315              		.loc 1 114 31 is_stmt 1 view .LVU92
 114:Drivers/u8glib/src/u8g_pb8h1f.c ****       case 3: arg_pixel->y--; break;
 316              		.loc 1 114 7 is_stmt 0 view .LVU93
 317 0052 E2E7     		b	.L13
 318              	.L14:
 115:Drivers/u8glib/src/u8g_pb8h1f.c ****     }
 319              		.loc 1 115 15 is_stmt 1 view .LVU94
 115:Drivers/u8glib/src/u8g_pb8h1f.c ****     }
ARM GAS  C:\Users\Zbigniew\AppData\Local\Temp\ccBO4wwp.s 			page 9


 320              		.loc 1 115 24 is_stmt 0 view .LVU95
 321 0054 6B78     		ldrb	r3, [r5, #1]	@ zero_extendqisi2
 115:Drivers/u8glib/src/u8g_pb8h1f.c ****     }
 322              		.loc 1 115 27 view .LVU96
 323 0056 013B     		subs	r3, r3, #1
 324 0058 6B70     		strb	r3, [r5, #1]
 115:Drivers/u8glib/src/u8g_pb8h1f.c ****     }
 325              		.loc 1 115 31 is_stmt 1 view .LVU97
 115:Drivers/u8glib/src/u8g_pb8h1f.c ****     }
 326              		.loc 1 115 7 is_stmt 0 view .LVU98
 327 005a DEE7     		b	.L13
 328              	.LVL31:
 329              	.L21:
 119:Drivers/u8glib/src/u8g_pb8h1f.c **** }
 330              		.loc 1 119 1 view .LVU99
 331 005c 70BD     		pop	{r4, r5, r6, pc}
 332              		.loc 1 119 1 view .LVU100
 333              		.cfi_endproc
 334              	.LFE3:
 336 005e 00BF     		.section	.text.u8g_pb8h1f_Set8PixelOpt2,"ax",%progbits
 337              		.align	1
 338              		.global	u8g_pb8h1f_Set8PixelOpt2
 339              		.syntax unified
 340              		.thumb
 341              		.thumb_func
 343              	u8g_pb8h1f_Set8PixelOpt2:
 344              	.LVL32:
 345              	.LFB4:
 120:Drivers/u8glib/src/u8g_pb8h1f.c **** 
 121:Drivers/u8glib/src/u8g_pb8h1f.c **** void u8g_pb8h1f_Set8PixelOpt2(u8g_pb_t *b, u8g_dev_arg_pixel_t *arg_pixel)
 122:Drivers/u8glib/src/u8g_pb8h1f.c **** {
 346              		.loc 1 122 1 is_stmt 1 view -0
 347              		.cfi_startproc
 348              		@ args = 0, pretend = 0, frame = 0
 349              		@ frame_needed = 0, uses_anonymous_args = 0
 350              		.loc 1 122 1 is_stmt 0 view .LVU102
 351 0000 2DE9F041 		push	{r4, r5, r6, r7, r8, lr}
 352              	.LCFI6:
 353              		.cfi_def_cfa_offset 24
 354              		.cfi_offset 4, -24
 355              		.cfi_offset 5, -20
 356              		.cfi_offset 6, -16
 357              		.cfi_offset 7, -12
 358              		.cfi_offset 8, -8
 359              		.cfi_offset 14, -4
 360 0004 8046     		mov	r8, r0
 361 0006 0D46     		mov	r5, r1
 123:Drivers/u8glib/src/u8g_pb8h1f.c ****   register uint8_t pixel = arg_pixel->pixel;
 362              		.loc 1 123 3 is_stmt 1 view .LVU103
 363              		.loc 1 123 20 is_stmt 0 view .LVU104
 364 0008 8C78     		ldrb	r4, [r1, #2]	@ zero_extendqisi2
 365              	.LVL33:
 124:Drivers/u8glib/src/u8g_pb8h1f.c ****   u8g_uint_t dx = 0;
 366              		.loc 1 124 3 is_stmt 1 view .LVU105
 125:Drivers/u8glib/src/u8g_pb8h1f.c ****   u8g_uint_t dy = 0;
 367              		.loc 1 125 3 view .LVU106
 126:Drivers/u8glib/src/u8g_pb8h1f.c ****   
ARM GAS  C:\Users\Zbigniew\AppData\Local\Temp\ccBO4wwp.s 			page 10


 127:Drivers/u8glib/src/u8g_pb8h1f.c ****   switch( arg_pixel->dir )
 368              		.loc 1 127 3 view .LVU107
 369              		.loc 1 127 20 is_stmt 0 view .LVU108
 370 000a CE78     		ldrb	r6, [r1, #3]	@ zero_extendqisi2
 371              		.loc 1 127 3 view .LVU109
 372 000c 032E     		cmp	r6, #3
 373 000e 03D8     		bhi	.L24
 374 0010 DFE806F0 		tbb	[pc, r6]
 375              	.L26:
 376 0014 0D       		.byte	(.L32-.L26)/2
 377 0015 05       		.byte	(.L28-.L26)/2
 378 0016 07       		.byte	(.L27-.L26)/2
 379 0017 0A       		.byte	(.L25-.L26)/2
 380              		.p2align 1
 381              	.L24:
 382 0018 0026     		movs	r6, #0
 383 001a 3746     		mov	r7, r6
 384 001c 13E0     		b	.L31
 385              	.L28:
 128:Drivers/u8glib/src/u8g_pb8h1f.c ****   {
 129:Drivers/u8glib/src/u8g_pb8h1f.c ****     case 0: dx++; break;
 130:Drivers/u8glib/src/u8g_pb8h1f.c ****     case 1: dy++; break;
 386              		.loc 1 130 13 is_stmt 1 view .LVU110
 387              	.LVL34:
 388              		.loc 1 130 19 view .LVU111
 124:Drivers/u8glib/src/u8g_pb8h1f.c ****   u8g_uint_t dy = 0;
 389              		.loc 1 124 14 is_stmt 0 view .LVU112
 390 001e 0027     		movs	r7, #0
 391              		.loc 1 130 5 view .LVU113
 392 0020 11E0     		b	.L31
 393              	.LVL35:
 394              	.L27:
 131:Drivers/u8glib/src/u8g_pb8h1f.c ****     case 2: dx--; break;
 395              		.loc 1 131 13 is_stmt 1 view .LVU114
 396              		.loc 1 131 19 view .LVU115
 125:Drivers/u8glib/src/u8g_pb8h1f.c ****   
 397              		.loc 1 125 14 is_stmt 0 view .LVU116
 398 0022 0026     		movs	r6, #0
 399              		.loc 1 131 15 view .LVU117
 400 0024 FF27     		movs	r7, #255
 401              		.loc 1 131 5 view .LVU118
 402 0026 0EE0     		b	.L31
 403              	.LVL36:
 404              	.L25:
 132:Drivers/u8glib/src/u8g_pb8h1f.c ****     case 3: dy--; break;
 405              		.loc 1 132 13 is_stmt 1 view .LVU119
 406              		.loc 1 132 19 view .LVU120
 407              		.loc 1 132 15 is_stmt 0 view .LVU121
 408 0028 FF26     		movs	r6, #255
 124:Drivers/u8glib/src/u8g_pb8h1f.c ****   u8g_uint_t dy = 0;
 409              		.loc 1 124 14 view .LVU122
 410 002a 0027     		movs	r7, #0
 411              		.loc 1 132 5 view .LVU123
 412 002c 0BE0     		b	.L31
 413              	.LVL37:
 414              	.L32:
 129:Drivers/u8glib/src/u8g_pb8h1f.c ****     case 1: dy++; break;
ARM GAS  C:\Users\Zbigniew\AppData\Local\Temp\ccBO4wwp.s 			page 11


 415              		.loc 1 129 15 view .LVU124
 416 002e 0127     		movs	r7, #1
 417              	.LVL38:
 129:Drivers/u8glib/src/u8g_pb8h1f.c ****     case 1: dy++; break;
 418              		.loc 1 129 15 view .LVU125
 419 0030 09E0     		b	.L31
 420              	.LVL39:
 421              	.L30:
 133:Drivers/u8glib/src/u8g_pb8h1f.c ****   }
 134:Drivers/u8glib/src/u8g_pb8h1f.c ****   
 135:Drivers/u8glib/src/u8g_pb8h1f.c ****   do
 136:Drivers/u8glib/src/u8g_pb8h1f.c ****   {
 137:Drivers/u8glib/src/u8g_pb8h1f.c ****     if ( pixel & 128 )
 138:Drivers/u8glib/src/u8g_pb8h1f.c ****       u8g_pb8h1f_SetPixel(b, arg_pixel);
 139:Drivers/u8glib/src/u8g_pb8h1f.c ****     arg_pixel->x += dx;
 422              		.loc 1 139 5 is_stmt 1 view .LVU126
 423              		.loc 1 139 18 is_stmt 0 view .LVU127
 424 0032 2B78     		ldrb	r3, [r5]	@ zero_extendqisi2
 425 0034 3B44     		add	r3, r3, r7
 426 0036 2B70     		strb	r3, [r5]
 140:Drivers/u8glib/src/u8g_pb8h1f.c ****     arg_pixel->y += dy;
 427              		.loc 1 140 5 is_stmt 1 view .LVU128
 428              		.loc 1 140 18 is_stmt 0 view .LVU129
 429 0038 6B78     		ldrb	r3, [r5, #1]	@ zero_extendqisi2
 430 003a 3344     		add	r3, r3, r6
 431 003c 6B70     		strb	r3, [r5, #1]
 141:Drivers/u8glib/src/u8g_pb8h1f.c ****     pixel <<= 1;
 432              		.loc 1 141 5 is_stmt 1 view .LVU130
 433              		.loc 1 141 11 is_stmt 0 view .LVU131
 434 003e 6400     		lsls	r4, r4, #1
 435              	.LVL40:
 142:Drivers/u8glib/src/u8g_pb8h1f.c ****   } while( pixel != 0  );  
 436              		.loc 1 142 10 is_stmt 1 view .LVU132
 437              		.loc 1 142 3 is_stmt 0 view .LVU133
 438 0040 14F0FF04 		ands	r4, r4, #255
 439              	.LVL41:
 440              		.loc 1 142 3 view .LVU134
 441 0044 07D0     		beq	.L34
 442              	.LVL42:
 443              	.L31:
 135:Drivers/u8glib/src/u8g_pb8h1f.c ****   {
 444              		.loc 1 135 3 is_stmt 1 view .LVU135
 137:Drivers/u8glib/src/u8g_pb8h1f.c ****       u8g_pb8h1f_SetPixel(b, arg_pixel);
 445              		.loc 1 137 5 view .LVU136
 137:Drivers/u8glib/src/u8g_pb8h1f.c ****       u8g_pb8h1f_SetPixel(b, arg_pixel);
 446              		.loc 1 137 8 is_stmt 0 view .LVU137
 447 0046 14F0800F 		tst	r4, #128
 448 004a F2D0     		beq	.L30
 138:Drivers/u8glib/src/u8g_pb8h1f.c ****     arg_pixel->x += dx;
 449              		.loc 1 138 7 is_stmt 1 view .LVU138
 450 004c 2946     		mov	r1, r5
 451 004e 4046     		mov	r0, r8
 452 0050 FFF7FEFF 		bl	u8g_pb8h1f_SetPixel
 453              	.LVL43:
 454 0054 EDE7     		b	.L30
 455              	.LVL44:
 456              	.L34:
ARM GAS  C:\Users\Zbigniew\AppData\Local\Temp\ccBO4wwp.s 			page 12


 143:Drivers/u8glib/src/u8g_pb8h1f.c **** }
 457              		.loc 1 143 1 is_stmt 0 view .LVU139
 458 0056 BDE8F081 		pop	{r4, r5, r6, r7, r8, pc}
 459              		.loc 1 143 1 view .LVU140
 460              		.cfi_endproc
 461              	.LFE4:
 463              		.section	.text.u8g_dev_pb8h1f_base_fn,"ax",%progbits
 464              		.align	1
 465              		.global	u8g_dev_pb8h1f_base_fn
 466              		.syntax unified
 467              		.thumb
 468              		.thumb_func
 470              	u8g_dev_pb8h1f_base_fn:
 471              	.LVL45:
 472              	.LFB5:
 144:Drivers/u8glib/src/u8g_pb8h1f.c **** 
 145:Drivers/u8glib/src/u8g_pb8h1f.c **** 
 146:Drivers/u8glib/src/u8g_pb8h1f.c **** uint8_t u8g_dev_pb8h1f_base_fn(u8g_t *u8g, u8g_dev_t *dev, uint8_t msg, void *arg)
 147:Drivers/u8glib/src/u8g_pb8h1f.c **** {
 473              		.loc 1 147 1 is_stmt 1 view -0
 474              		.cfi_startproc
 475              		@ args = 0, pretend = 0, frame = 0
 476              		@ frame_needed = 0, uses_anonymous_args = 0
 477              		.loc 1 147 1 is_stmt 0 view .LVU142
 478 0000 38B5     		push	{r3, r4, r5, lr}
 479              	.LCFI7:
 480              		.cfi_def_cfa_offset 16
 481              		.cfi_offset 3, -16
 482              		.cfi_offset 4, -12
 483              		.cfi_offset 5, -8
 484              		.cfi_offset 14, -4
 485 0002 1C46     		mov	r4, r3
 148:Drivers/u8glib/src/u8g_pb8h1f.c ****   u8g_pb_t *pb = (u8g_pb_t *)(dev->dev_mem);
 486              		.loc 1 148 3 is_stmt 1 view .LVU143
 487              		.loc 1 148 13 is_stmt 0 view .LVU144
 488 0004 4D68     		ldr	r5, [r1, #4]
 489              	.LVL46:
 149:Drivers/u8glib/src/u8g_pb8h1f.c ****   switch(msg)
 490              		.loc 1 149 3 is_stmt 1 view .LVU145
 491 0006 143A     		subs	r2, r2, #20
 492              	.LVL47:
 493              		.loc 1 149 3 is_stmt 0 view .LVU146
 494 0008 332A     		cmp	r2, #51
 495 000a 4DD8     		bhi	.L45
 496 000c DFE802F0 		tbb	[pc, r2]
 497              	.LVL48:
 498              	.L38:
 499 0010 2D       		.byte	(.L44-.L38)/2
 500 0011 35       		.byte	(.L43-.L38)/2
 501 0012 4C       		.byte	(.L45-.L38)/2
 502 0013 3E       		.byte	(.L42-.L38)/2
 503 0014 4C       		.byte	(.L45-.L38)/2
 504 0015 4C       		.byte	(.L45-.L38)/2
 505 0016 4C       		.byte	(.L45-.L38)/2
 506 0017 4C       		.byte	(.L45-.L38)/2
 507 0018 4C       		.byte	(.L45-.L38)/2
 508 0019 4C       		.byte	(.L45-.L38)/2
ARM GAS  C:\Users\Zbigniew\AppData\Local\Temp\ccBO4wwp.s 			page 13


 509 001a 4C       		.byte	(.L45-.L38)/2
 510 001b 4C       		.byte	(.L45-.L38)/2
 511 001c 4C       		.byte	(.L45-.L38)/2
 512 001d 4C       		.byte	(.L45-.L38)/2
 513 001e 4C       		.byte	(.L45-.L38)/2
 514 001f 4C       		.byte	(.L45-.L38)/2
 515 0020 4C       		.byte	(.L45-.L38)/2
 516 0021 4C       		.byte	(.L45-.L38)/2
 517 0022 4C       		.byte	(.L45-.L38)/2
 518 0023 4C       		.byte	(.L45-.L38)/2
 519 0024 4C       		.byte	(.L45-.L38)/2
 520 0025 4C       		.byte	(.L45-.L38)/2
 521 0026 4C       		.byte	(.L45-.L38)/2
 522 0027 4C       		.byte	(.L45-.L38)/2
 523 0028 4C       		.byte	(.L45-.L38)/2
 524 0029 4C       		.byte	(.L45-.L38)/2
 525 002a 4C       		.byte	(.L45-.L38)/2
 526 002b 4C       		.byte	(.L45-.L38)/2
 527 002c 4C       		.byte	(.L45-.L38)/2
 528 002d 4C       		.byte	(.L45-.L38)/2
 529 002e 27       		.byte	(.L41-.L38)/2
 530 002f 4C       		.byte	(.L45-.L38)/2
 531 0030 4C       		.byte	(.L45-.L38)/2
 532 0031 4C       		.byte	(.L45-.L38)/2
 533 0032 4C       		.byte	(.L45-.L38)/2
 534 0033 4C       		.byte	(.L45-.L38)/2
 535 0034 4C       		.byte	(.L45-.L38)/2
 536 0035 4C       		.byte	(.L45-.L38)/2
 537 0036 4C       		.byte	(.L45-.L38)/2
 538 0037 1A       		.byte	(.L40-.L38)/2
 539 0038 4C       		.byte	(.L45-.L38)/2
 540 0039 4C       		.byte	(.L45-.L38)/2
 541 003a 4C       		.byte	(.L45-.L38)/2
 542 003b 4C       		.byte	(.L45-.L38)/2
 543 003c 4C       		.byte	(.L45-.L38)/2
 544 003d 4C       		.byte	(.L45-.L38)/2
 545 003e 4C       		.byte	(.L45-.L38)/2
 546 003f 4C       		.byte	(.L45-.L38)/2
 547 0040 4C       		.byte	(.L45-.L38)/2
 548 0041 4C       		.byte	(.L45-.L38)/2
 549 0042 44       		.byte	(.L39-.L38)/2
 550 0043 48       		.byte	(.L37-.L38)/2
 551              		.p2align 1
 552              	.L40:
 150:Drivers/u8glib/src/u8g_pb8h1f.c ****   {
 151:Drivers/u8glib/src/u8g_pb8h1f.c ****     case U8G_DEV_MSG_SET_8PIXEL:
 152:Drivers/u8glib/src/u8g_pb8h1f.c ****       if ( u8g_pb_Is8PixelVisible(pb, (u8g_dev_arg_pixel_t *)arg) )
 553              		.loc 1 152 7 is_stmt 1 view .LVU147
 554              		.loc 1 152 12 is_stmt 0 view .LVU148
 555 0044 2146     		mov	r1, r4
 556              	.LVL49:
 557              		.loc 1 152 12 view .LVU149
 558 0046 2846     		mov	r0, r5
 559              	.LVL50:
 560              		.loc 1 152 12 view .LVU150
 561 0048 FFF7FEFF 		bl	u8g_pb_Is8PixelVisible
 562              	.LVL51:
ARM GAS  C:\Users\Zbigniew\AppData\Local\Temp\ccBO4wwp.s 			page 14


 563              		.loc 1 152 10 view .LVU151
 564 004c 08B9     		cbnz	r0, .L48
 153:Drivers/u8glib/src/u8g_pb8h1f.c ****         u8g_pb8h1f_Set8PixelOpt2(pb, (u8g_dev_arg_pixel_t *)arg);
 154:Drivers/u8glib/src/u8g_pb8h1f.c ****       break;
 155:Drivers/u8glib/src/u8g_pb8h1f.c ****     case U8G_DEV_MSG_SET_PIXEL:
 156:Drivers/u8glib/src/u8g_pb8h1f.c ****       u8g_pb8h1f_SetPixel(pb, (u8g_dev_arg_pixel_t *)arg);
 157:Drivers/u8glib/src/u8g_pb8h1f.c ****       break;
 158:Drivers/u8glib/src/u8g_pb8h1f.c ****     case U8G_DEV_MSG_INIT:
 159:Drivers/u8glib/src/u8g_pb8h1f.c ****       break;
 160:Drivers/u8glib/src/u8g_pb8h1f.c ****     case U8G_DEV_MSG_STOP:
 161:Drivers/u8glib/src/u8g_pb8h1f.c ****       break;
 162:Drivers/u8glib/src/u8g_pb8h1f.c ****     case U8G_DEV_MSG_PAGE_FIRST:
 163:Drivers/u8glib/src/u8g_pb8h1f.c ****       u8g_pb_Clear(pb);
 164:Drivers/u8glib/src/u8g_pb8h1f.c ****       u8g_page_First(&(pb->p));
 165:Drivers/u8glib/src/u8g_pb8h1f.c ****       break;
 166:Drivers/u8glib/src/u8g_pb8h1f.c ****     case U8G_DEV_MSG_PAGE_NEXT:
 167:Drivers/u8glib/src/u8g_pb8h1f.c ****       if ( u8g_page_Next(&(pb->p)) == 0 )
 168:Drivers/u8glib/src/u8g_pb8h1f.c ****         return 0;
 169:Drivers/u8glib/src/u8g_pb8h1f.c ****       u8g_pb_Clear(pb);
 170:Drivers/u8glib/src/u8g_pb8h1f.c ****       break;
 171:Drivers/u8glib/src/u8g_pb8h1f.c **** #ifdef U8G_DEV_MSG_IS_BBX_INTERSECTION
 172:Drivers/u8glib/src/u8g_pb8h1f.c ****     case U8G_DEV_MSG_IS_BBX_INTERSECTION:
 173:Drivers/u8glib/src/u8g_pb8h1f.c ****       return u8g_pb_IsIntersection(pb, (u8g_dev_arg_bbx_t *)arg);
 174:Drivers/u8glib/src/u8g_pb8h1f.c **** #endif
 175:Drivers/u8glib/src/u8g_pb8h1f.c ****     case U8G_DEV_MSG_GET_PAGE_BOX:
 176:Drivers/u8glib/src/u8g_pb8h1f.c ****       u8g_pb_GetPageBox(pb, (u8g_box_t *)arg);
 177:Drivers/u8glib/src/u8g_pb8h1f.c ****       break;
 178:Drivers/u8glib/src/u8g_pb8h1f.c ****     case U8G_DEV_MSG_GET_WIDTH:
 179:Drivers/u8glib/src/u8g_pb8h1f.c ****       *((u8g_uint_t *)arg) = pb->width;
 180:Drivers/u8glib/src/u8g_pb8h1f.c ****       break;
 181:Drivers/u8glib/src/u8g_pb8h1f.c ****     case U8G_DEV_MSG_GET_HEIGHT:
 182:Drivers/u8glib/src/u8g_pb8h1f.c ****       *((u8g_uint_t *)arg) = pb->p.total_height;
 183:Drivers/u8glib/src/u8g_pb8h1f.c ****       break;
 184:Drivers/u8glib/src/u8g_pb8h1f.c ****     case U8G_DEV_MSG_SET_COLOR_ENTRY:
 185:Drivers/u8glib/src/u8g_pb8h1f.c ****       break;
 186:Drivers/u8glib/src/u8g_pb8h1f.c ****     case U8G_DEV_MSG_SET_XY_CB:
 187:Drivers/u8glib/src/u8g_pb8h1f.c ****       break;
 188:Drivers/u8glib/src/u8g_pb8h1f.c ****     case U8G_DEV_MSG_GET_MODE:
 189:Drivers/u8glib/src/u8g_pb8h1f.c ****       return U8G_MODE_BW;
 190:Drivers/u8glib/src/u8g_pb8h1f.c ****   }
 191:Drivers/u8glib/src/u8g_pb8h1f.c ****   return 1;
 565              		.loc 1 191 10 view .LVU152
 566 004e 0120     		movs	r0, #1
 567 0050 2BE0     		b	.L36
 568              	.L48:
 153:Drivers/u8glib/src/u8g_pb8h1f.c ****         u8g_pb8h1f_Set8PixelOpt2(pb, (u8g_dev_arg_pixel_t *)arg);
 569              		.loc 1 153 9 is_stmt 1 view .LVU153
 570 0052 2146     		mov	r1, r4
 571 0054 2846     		mov	r0, r5
 572 0056 FFF7FEFF 		bl	u8g_pb8h1f_Set8PixelOpt2
 573              	.LVL52:
 574              		.loc 1 191 10 is_stmt 0 view .LVU154
 575 005a 0120     		movs	r0, #1
 576 005c 25E0     		b	.L36
 577              	.LVL53:
 578              	.L41:
 156:Drivers/u8glib/src/u8g_pb8h1f.c ****       break;
ARM GAS  C:\Users\Zbigniew\AppData\Local\Temp\ccBO4wwp.s 			page 15


 579              		.loc 1 156 7 is_stmt 1 view .LVU155
 580 005e 2146     		mov	r1, r4
 581              	.LVL54:
 156:Drivers/u8glib/src/u8g_pb8h1f.c ****       break;
 582              		.loc 1 156 7 is_stmt 0 view .LVU156
 583 0060 2846     		mov	r0, r5
 584              	.LVL55:
 156:Drivers/u8glib/src/u8g_pb8h1f.c ****       break;
 585              		.loc 1 156 7 view .LVU157
 586 0062 FFF7FEFF 		bl	u8g_pb8h1f_SetPixel
 587              	.LVL56:
 157:Drivers/u8glib/src/u8g_pb8h1f.c ****     case U8G_DEV_MSG_INIT:
 588              		.loc 1 157 7 is_stmt 1 view .LVU158
 589              		.loc 1 191 10 is_stmt 0 view .LVU159
 590 0066 0120     		movs	r0, #1
 157:Drivers/u8glib/src/u8g_pb8h1f.c ****     case U8G_DEV_MSG_INIT:
 591              		.loc 1 157 7 view .LVU160
 592 0068 1FE0     		b	.L36
 593              	.LVL57:
 594              	.L44:
 163:Drivers/u8glib/src/u8g_pb8h1f.c ****       u8g_page_First(&(pb->p));
 595              		.loc 1 163 7 is_stmt 1 view .LVU161
 596 006a 2846     		mov	r0, r5
 597              	.LVL58:
 163:Drivers/u8glib/src/u8g_pb8h1f.c ****       u8g_page_First(&(pb->p));
 598              		.loc 1 163 7 is_stmt 0 view .LVU162
 599 006c FFF7FEFF 		bl	u8g_pb_Clear
 600              	.LVL59:
 164:Drivers/u8glib/src/u8g_pb8h1f.c ****       break;
 601              		.loc 1 164 7 is_stmt 1 view .LVU163
 602 0070 2846     		mov	r0, r5
 603 0072 FFF7FEFF 		bl	u8g_page_First
 604              	.LVL60:
 165:Drivers/u8glib/src/u8g_pb8h1f.c ****     case U8G_DEV_MSG_PAGE_NEXT:
 605              		.loc 1 165 7 view .LVU164
 606              		.loc 1 191 10 is_stmt 0 view .LVU165
 607 0076 0120     		movs	r0, #1
 165:Drivers/u8glib/src/u8g_pb8h1f.c ****     case U8G_DEV_MSG_PAGE_NEXT:
 608              		.loc 1 165 7 view .LVU166
 609 0078 17E0     		b	.L36
 610              	.LVL61:
 611              	.L43:
 167:Drivers/u8glib/src/u8g_pb8h1f.c ****         return 0;
 612              		.loc 1 167 7 is_stmt 1 view .LVU167
 167:Drivers/u8glib/src/u8g_pb8h1f.c ****         return 0;
 613              		.loc 1 167 12 is_stmt 0 view .LVU168
 614 007a 2846     		mov	r0, r5
 615              	.LVL62:
 167:Drivers/u8glib/src/u8g_pb8h1f.c ****         return 0;
 616              		.loc 1 167 12 view .LVU169
 617 007c FFF7FEFF 		bl	u8g_page_Next
 618              	.LVL63:
 167:Drivers/u8glib/src/u8g_pb8h1f.c ****         return 0;
 619              		.loc 1 167 10 view .LVU170
 620 0080 98B1     		cbz	r0, .L36
 169:Drivers/u8glib/src/u8g_pb8h1f.c ****       break;
 621              		.loc 1 169 7 is_stmt 1 view .LVU171
ARM GAS  C:\Users\Zbigniew\AppData\Local\Temp\ccBO4wwp.s 			page 16


 622 0082 2846     		mov	r0, r5
 623 0084 FFF7FEFF 		bl	u8g_pb_Clear
 624              	.LVL64:
 170:Drivers/u8glib/src/u8g_pb8h1f.c **** #ifdef U8G_DEV_MSG_IS_BBX_INTERSECTION
 625              		.loc 1 170 7 view .LVU172
 626              		.loc 1 191 10 is_stmt 0 view .LVU173
 627 0088 0120     		movs	r0, #1
 170:Drivers/u8glib/src/u8g_pb8h1f.c **** #ifdef U8G_DEV_MSG_IS_BBX_INTERSECTION
 628              		.loc 1 170 7 view .LVU174
 629 008a 0EE0     		b	.L36
 630              	.LVL65:
 631              	.L42:
 176:Drivers/u8glib/src/u8g_pb8h1f.c ****       break;
 632              		.loc 1 176 7 is_stmt 1 view .LVU175
 633 008c 2146     		mov	r1, r4
 634              	.LVL66:
 176:Drivers/u8glib/src/u8g_pb8h1f.c ****       break;
 635              		.loc 1 176 7 is_stmt 0 view .LVU176
 636 008e 2846     		mov	r0, r5
 637              	.LVL67:
 176:Drivers/u8glib/src/u8g_pb8h1f.c ****       break;
 638              		.loc 1 176 7 view .LVU177
 639 0090 FFF7FEFF 		bl	u8g_pb_GetPageBox
 640              	.LVL68:
 177:Drivers/u8glib/src/u8g_pb8h1f.c ****     case U8G_DEV_MSG_GET_WIDTH:
 641              		.loc 1 177 7 is_stmt 1 view .LVU178
 642              		.loc 1 191 10 is_stmt 0 view .LVU179
 643 0094 0120     		movs	r0, #1
 177:Drivers/u8glib/src/u8g_pb8h1f.c ****     case U8G_DEV_MSG_GET_WIDTH:
 644              		.loc 1 177 7 view .LVU180
 645 0096 08E0     		b	.L36
 646              	.LVL69:
 647              	.L39:
 179:Drivers/u8glib/src/u8g_pb8h1f.c ****       break;
 648              		.loc 1 179 7 is_stmt 1 view .LVU181
 179:Drivers/u8glib/src/u8g_pb8h1f.c ****       break;
 649              		.loc 1 179 32 is_stmt 0 view .LVU182
 650 0098 6B79     		ldrb	r3, [r5, #5]	@ zero_extendqisi2
 179:Drivers/u8glib/src/u8g_pb8h1f.c ****       break;
 651              		.loc 1 179 28 view .LVU183
 652 009a 2370     		strb	r3, [r4]
 180:Drivers/u8glib/src/u8g_pb8h1f.c ****     case U8G_DEV_MSG_GET_HEIGHT:
 653              		.loc 1 180 7 is_stmt 1 view .LVU184
 654              		.loc 1 191 10 is_stmt 0 view .LVU185
 655 009c 0120     		movs	r0, #1
 656              	.LVL70:
 180:Drivers/u8glib/src/u8g_pb8h1f.c ****     case U8G_DEV_MSG_GET_HEIGHT:
 657              		.loc 1 180 7 view .LVU186
 658 009e 04E0     		b	.L36
 659              	.LVL71:
 660              	.L37:
 182:Drivers/u8glib/src/u8g_pb8h1f.c ****       break;
 661              		.loc 1 182 7 is_stmt 1 view .LVU187
 182:Drivers/u8glib/src/u8g_pb8h1f.c ****       break;
 662              		.loc 1 182 35 is_stmt 0 view .LVU188
 663 00a0 6B78     		ldrb	r3, [r5, #1]	@ zero_extendqisi2
 182:Drivers/u8glib/src/u8g_pb8h1f.c ****       break;
ARM GAS  C:\Users\Zbigniew\AppData\Local\Temp\ccBO4wwp.s 			page 17


 664              		.loc 1 182 28 view .LVU189
 665 00a2 2370     		strb	r3, [r4]
 183:Drivers/u8glib/src/u8g_pb8h1f.c ****     case U8G_DEV_MSG_SET_COLOR_ENTRY:
 666              		.loc 1 183 7 is_stmt 1 view .LVU190
 667              		.loc 1 191 10 is_stmt 0 view .LVU191
 668 00a4 0120     		movs	r0, #1
 669              	.LVL72:
 183:Drivers/u8glib/src/u8g_pb8h1f.c ****     case U8G_DEV_MSG_SET_COLOR_ENTRY:
 670              		.loc 1 183 7 view .LVU192
 671 00a6 00E0     		b	.L36
 672              	.LVL73:
 673              	.L45:
 149:Drivers/u8glib/src/u8g_pb8h1f.c ****   {
 674              		.loc 1 149 3 view .LVU193
 675 00a8 0120     		movs	r0, #1
 676              	.LVL74:
 677              	.L36:
 192:Drivers/u8glib/src/u8g_pb8h1f.c **** }
 678              		.loc 1 192 1 view .LVU194
 679 00aa 38BD     		pop	{r3, r4, r5, pc}
 680              		.loc 1 192 1 view .LVU195
 681              		.cfi_endproc
 682              	.LFE5:
 684              		.text
 685              	.Letext0:
 686              		.file 2 "c:\\users\\zbigniew\\appdata\\roaming\\code\\user\\globalstorage\\bmd.stm32-for-vscode\\@
 687              		.file 3 "c:\\users\\zbigniew\\appdata\\roaming\\code\\user\\globalstorage\\bmd.stm32-for-vscode\\@
 688              		.file 4 "Inc/../Drivers/u8glib/inc/u8g.h"
ARM GAS  C:\Users\Zbigniew\AppData\Local\Temp\ccBO4wwp.s 			page 18


DEFINED SYMBOLS
                            *ABS*:0000000000000000 u8g_pb8h1f.c
C:\Users\Zbigniew\AppData\Local\Temp\ccBO4wwp.s:18     .text.u8g_pb8h1f_Init:0000000000000000 $t
C:\Users\Zbigniew\AppData\Local\Temp\ccBO4wwp.s:24     .text.u8g_pb8h1f_Init:0000000000000000 u8g_pb8h1f_Init
C:\Users\Zbigniew\AppData\Local\Temp\ccBO4wwp.s:53     .text.u8g_pb8h1f_set_pixel:0000000000000000 $t
C:\Users\Zbigniew\AppData\Local\Temp\ccBO4wwp.s:59     .text.u8g_pb8h1f_set_pixel:0000000000000000 u8g_pb8h1f_set_pixel
C:\Users\Zbigniew\AppData\Local\Temp\ccBO4wwp.s:159    .text.u8g_pb8h1f_SetPixel:0000000000000000 $t
C:\Users\Zbigniew\AppData\Local\Temp\ccBO4wwp.s:165    .text.u8g_pb8h1f_SetPixel:0000000000000000 u8g_pb8h1f_SetPixel
C:\Users\Zbigniew\AppData\Local\Temp\ccBO4wwp.s:219    .text.u8g_pb8h1f_Set8PixelStd:0000000000000000 $t
C:\Users\Zbigniew\AppData\Local\Temp\ccBO4wwp.s:225    .text.u8g_pb8h1f_Set8PixelStd:0000000000000000 u8g_pb8h1f_Set8PixelStd
C:\Users\Zbigniew\AppData\Local\Temp\ccBO4wwp.s:293    .text.u8g_pb8h1f_Set8PixelStd:0000000000000034 $d
C:\Users\Zbigniew\AppData\Local\Temp\ccBO4wwp.s:297    .text.u8g_pb8h1f_Set8PixelStd:0000000000000044 $t
C:\Users\Zbigniew\AppData\Local\Temp\ccBO4wwp.s:337    .text.u8g_pb8h1f_Set8PixelOpt2:0000000000000000 $t
C:\Users\Zbigniew\AppData\Local\Temp\ccBO4wwp.s:343    .text.u8g_pb8h1f_Set8PixelOpt2:0000000000000000 u8g_pb8h1f_Set8PixelOpt2
C:\Users\Zbigniew\AppData\Local\Temp\ccBO4wwp.s:376    .text.u8g_pb8h1f_Set8PixelOpt2:0000000000000014 $d
C:\Users\Zbigniew\AppData\Local\Temp\ccBO4wwp.s:380    .text.u8g_pb8h1f_Set8PixelOpt2:0000000000000018 $t
C:\Users\Zbigniew\AppData\Local\Temp\ccBO4wwp.s:464    .text.u8g_dev_pb8h1f_base_fn:0000000000000000 $t
C:\Users\Zbigniew\AppData\Local\Temp\ccBO4wwp.s:470    .text.u8g_dev_pb8h1f_base_fn:0000000000000000 u8g_dev_pb8h1f_base_fn
C:\Users\Zbigniew\AppData\Local\Temp\ccBO4wwp.s:499    .text.u8g_dev_pb8h1f_base_fn:0000000000000010 $d
C:\Users\Zbigniew\AppData\Local\Temp\ccBO4wwp.s:551    .text.u8g_dev_pb8h1f_base_fn:0000000000000044 $t

UNDEFINED SYMBOLS
u8g_pb_Clear
u8g_pb_Is8PixelVisible
u8g_page_First
u8g_page_Next
u8g_pb_GetPageBox
