ARM GAS  C:\Users\Zbigniew\AppData\Local\Temp\cctoDE54.s 			page 1


   1              		.cpu cortex-m3
   2              		.arch armv7-m
   3              		.fpu softvfp
   4              		.eabi_attribute 20, 1
   5              		.eabi_attribute 21, 1
   6              		.eabi_attribute 23, 3
   7              		.eabi_attribute 24, 1
   8              		.eabi_attribute 25, 1
   9              		.eabi_attribute 26, 1
  10              		.eabi_attribute 30, 1
  11              		.eabi_attribute 34, 1
  12              		.eabi_attribute 18, 4
  13              		.file	"u8g_pb8v2.c"
  14              		.text
  15              	.Ltext0:
  16              		.cfi_sections	.debug_frame
  17              		.section	.text.u8g_pb8v2_Init,"ax",%progbits
  18              		.align	1
  19              		.global	u8g_pb8v2_Init
  20              		.syntax unified
  21              		.thumb
  22              		.thumb_func
  24              	u8g_pb8v2_Init:
  25              	.LVL0:
  26              	.LFB0:
  27              		.file 1 "Drivers/u8glib/src/u8g_pb8v2.c"
   1:Drivers/u8glib/src/u8g_pb8v2.c **** /*
   2:Drivers/u8glib/src/u8g_pb8v2.c **** 
   3:Drivers/u8glib/src/u8g_pb8v2.c ****   u8g_pb8v2.c
   4:Drivers/u8glib/src/u8g_pb8v2.c ****   
   5:Drivers/u8glib/src/u8g_pb8v2.c ****   8bit height 2 bit per pixel page buffer
   6:Drivers/u8glib/src/u8g_pb8v2.c ****   byte has vertical orientation
   7:Drivers/u8glib/src/u8g_pb8v2.c **** 
   8:Drivers/u8glib/src/u8g_pb8v2.c ****   Universal 8bit Graphics Library
   9:Drivers/u8glib/src/u8g_pb8v2.c ****   
  10:Drivers/u8glib/src/u8g_pb8v2.c ****   Copyright (c) 2011, olikraus@gmail.com
  11:Drivers/u8glib/src/u8g_pb8v2.c ****   All rights reserved.
  12:Drivers/u8glib/src/u8g_pb8v2.c **** 
  13:Drivers/u8glib/src/u8g_pb8v2.c ****   Redistribution and use in source and binary forms, with or without modification, 
  14:Drivers/u8glib/src/u8g_pb8v2.c ****   are permitted provided that the following conditions are met:
  15:Drivers/u8glib/src/u8g_pb8v2.c **** 
  16:Drivers/u8glib/src/u8g_pb8v2.c ****   * Redistributions of source code must retain the above copyright notice, this list 
  17:Drivers/u8glib/src/u8g_pb8v2.c ****     of conditions and the following disclaimer.
  18:Drivers/u8glib/src/u8g_pb8v2.c ****     
  19:Drivers/u8glib/src/u8g_pb8v2.c ****   * Redistributions in binary form must reproduce the above copyright notice, this 
  20:Drivers/u8glib/src/u8g_pb8v2.c ****     list of conditions and the following disclaimer in the documentation and/or other 
  21:Drivers/u8glib/src/u8g_pb8v2.c ****     materials provided with the distribution.
  22:Drivers/u8glib/src/u8g_pb8v2.c **** 
  23:Drivers/u8glib/src/u8g_pb8v2.c ****   THIS SOFTWARE IS PROVIDED BY THE COPYRIGHT HOLDERS AND 
  24:Drivers/u8glib/src/u8g_pb8v2.c ****   CONTRIBUTORS "AS IS" AND ANY EXPRESS OR IMPLIED WARRANTIES, 
  25:Drivers/u8glib/src/u8g_pb8v2.c ****   INCLUDING, BUT NOT LIMITED TO, THE IMPLIED WARRANTIES OF 
  26:Drivers/u8glib/src/u8g_pb8v2.c ****   MERCHANTABILITY AND FITNESS FOR A PARTICULAR PURPOSE ARE 
  27:Drivers/u8glib/src/u8g_pb8v2.c ****   DISCLAIMED. IN NO EVENT SHALL THE COPYRIGHT HOLDER OR 
  28:Drivers/u8glib/src/u8g_pb8v2.c ****   CONTRIBUTORS BE LIABLE FOR ANY DIRECT, INDIRECT, INCIDENTAL, 
  29:Drivers/u8glib/src/u8g_pb8v2.c ****   SPECIAL, EXEMPLARY, OR CONSEQUENTIAL DAMAGES (INCLUDING, BUT 
  30:Drivers/u8glib/src/u8g_pb8v2.c ****   NOT LIMITED TO, PROCUREMENT OF SUBSTITUTE GOODS OR SERVICES; 
  31:Drivers/u8glib/src/u8g_pb8v2.c ****   LOSS OF USE, DATA, OR PROFITS; OR BUSINESS INTERRUPTION) HOWEVER 
ARM GAS  C:\Users\Zbigniew\AppData\Local\Temp\cctoDE54.s 			page 2


  32:Drivers/u8glib/src/u8g_pb8v2.c ****   CAUSED AND ON ANY THEORY OF LIABILITY, WHETHER IN CONTRACT, 
  33:Drivers/u8glib/src/u8g_pb8v2.c ****   STRICT LIABILITY, OR TORT (INCLUDING NEGLIGENCE OR OTHERWISE) 
  34:Drivers/u8glib/src/u8g_pb8v2.c ****   ARISING IN ANY WAY OUT OF THE USE OF THIS SOFTWARE, EVEN IF 
  35:Drivers/u8glib/src/u8g_pb8v2.c ****   ADVISED OF THE POSSIBILITY OF SUCH DAMAGE.  
  36:Drivers/u8glib/src/u8g_pb8v2.c ****   
  37:Drivers/u8glib/src/u8g_pb8v2.c **** 
  38:Drivers/u8glib/src/u8g_pb8v2.c **** */
  39:Drivers/u8glib/src/u8g_pb8v2.c **** 
  40:Drivers/u8glib/src/u8g_pb8v2.c **** #include "../Drivers/u8glib/inc/u8g.h"
  41:Drivers/u8glib/src/u8g_pb8v2.c **** #include <string.h>
  42:Drivers/u8glib/src/u8g_pb8v2.c **** 
  43:Drivers/u8glib/src/u8g_pb8v2.c **** void u8g_pb8v2_Init(u8g_pb_t *b, void *buf, u8g_uint_t width)
  44:Drivers/u8glib/src/u8g_pb8v2.c **** {
  28              		.loc 1 44 1 view -0
  29              		.cfi_startproc
  30              		@ args = 0, pretend = 0, frame = 0
  31              		@ frame_needed = 0, uses_anonymous_args = 0
  32              		.loc 1 44 1 is_stmt 0 view .LVU1
  33 0000 08B5     		push	{r3, lr}
  34              	.LCFI0:
  35              		.cfi_def_cfa_offset 8
  36              		.cfi_offset 3, -8
  37              		.cfi_offset 14, -4
  45:Drivers/u8glib/src/u8g_pb8v2.c ****   b->buf = buf;
  38              		.loc 1 45 3 is_stmt 1 view .LVU2
  39              		.loc 1 45 10 is_stmt 0 view .LVU3
  40 0002 8160     		str	r1, [r0, #8]
  46:Drivers/u8glib/src/u8g_pb8v2.c ****   b->width = width;
  41              		.loc 1 46 3 is_stmt 1 view .LVU4
  42              		.loc 1 46 12 is_stmt 0 view .LVU5
  43 0004 4271     		strb	r2, [r0, #5]
  47:Drivers/u8glib/src/u8g_pb8v2.c ****   u8g_pb_Clear(b);
  44              		.loc 1 47 3 is_stmt 1 view .LVU6
  45 0006 FFF7FEFF 		bl	u8g_pb_Clear
  46              	.LVL1:
  48:Drivers/u8glib/src/u8g_pb8v2.c **** }
  47              		.loc 1 48 1 is_stmt 0 view .LVU7
  48 000a 08BD     		pop	{r3, pc}
  49              		.cfi_endproc
  50              	.LFE0:
  52              		.section	.text.u8g_pb8v2_set_pixel,"ax",%progbits
  53              		.align	1
  54              		.global	u8g_pb8v2_set_pixel
  55              		.syntax unified
  56              		.thumb
  57              		.thumb_func
  59              	u8g_pb8v2_set_pixel:
  60              	.LVL2:
  61              	.LFB1:
  49:Drivers/u8glib/src/u8g_pb8v2.c **** 
  50:Drivers/u8glib/src/u8g_pb8v2.c **** void u8g_pb8v2_set_pixel(u8g_pb_t *b, u8g_uint_t x, u8g_uint_t y, uint8_t color_index)
  51:Drivers/u8glib/src/u8g_pb8v2.c **** {
  62              		.loc 1 51 1 is_stmt 1 view -0
  63              		.cfi_startproc
  64              		@ args = 0, pretend = 0, frame = 0
  65              		@ frame_needed = 0, uses_anonymous_args = 0
  66              		@ link register save eliminated.
ARM GAS  C:\Users\Zbigniew\AppData\Local\Temp\cctoDE54.s 			page 3


  67              		.loc 1 51 1 is_stmt 0 view .LVU9
  68 0000 10B4     		push	{r4}
  69              	.LCFI1:
  70              		.cfi_def_cfa_offset 4
  71              		.cfi_offset 4, -4
  52:Drivers/u8glib/src/u8g_pb8v2.c ****   register uint8_t mask;
  72              		.loc 1 52 3 is_stmt 1 view .LVU10
  53:Drivers/u8glib/src/u8g_pb8v2.c ****   uint8_t *ptr = b->buf;
  73              		.loc 1 53 3 view .LVU11
  74              		.loc 1 53 12 is_stmt 0 view .LVU12
  75 0002 8468     		ldr	r4, [r0, #8]
  76              	.LVL3:
  54:Drivers/u8glib/src/u8g_pb8v2.c ****   y -= b->p.page_y0;
  77              		.loc 1 54 3 is_stmt 1 view .LVU13
  78              		.loc 1 54 12 is_stmt 0 view .LVU14
  79 0004 8078     		ldrb	r0, [r0, #2]	@ zero_extendqisi2
  80              	.LVL4:
  81              		.loc 1 54 5 view .LVU15
  82 0006 121A     		subs	r2, r2, r0
  83              	.LVL5:
  84              		.loc 1 54 5 view .LVU16
  85 0008 D2B2     		uxtb	r2, r2
  86              	.LVL6:
  55:Drivers/u8glib/src/u8g_pb8v2.c ****   mask = 0x03;
  87              		.loc 1 55 3 is_stmt 1 view .LVU17
  56:Drivers/u8glib/src/u8g_pb8v2.c ****   y &= 0x03;
  88              		.loc 1 56 3 view .LVU18
  57:Drivers/u8glib/src/u8g_pb8v2.c ****   y <<= 1;
  89              		.loc 1 57 3 view .LVU19
  90 000a 5200     		lsls	r2, r2, #1
  91              	.LVL7:
  92              		.loc 1 57 5 is_stmt 0 view .LVU20
  93 000c 02F00602 		and	r2, r2, #6
  94              	.LVL8:
  58:Drivers/u8glib/src/u8g_pb8v2.c ****   mask <<= y;
  95              		.loc 1 58 3 is_stmt 1 view .LVU21
  96              		.loc 1 58 8 is_stmt 0 view .LVU22
  97 0010 0320     		movs	r0, #3
  98 0012 9040     		lsls	r0, r0, r2
  99 0014 C0B2     		uxtb	r0, r0
 100              	.LVL9:
  59:Drivers/u8glib/src/u8g_pb8v2.c ****   mask ^=0xff;
 101              		.loc 1 59 3 is_stmt 1 view .LVU23
  60:Drivers/u8glib/src/u8g_pb8v2.c ****   color_index &= 3;
 102              		.loc 1 60 3 view .LVU24
 103              		.loc 1 60 15 is_stmt 0 view .LVU25
 104 0016 03F00303 		and	r3, r3, #3
 105              	.LVL10:
  61:Drivers/u8glib/src/u8g_pb8v2.c ****   color_index <<= y;
 106              		.loc 1 61 3 is_stmt 1 view .LVU26
 107              		.loc 1 61 15 is_stmt 0 view .LVU27
 108 001a 03FA02F2 		lsl	r2, r3, r2
 109              	.LVL11:
 110              		.loc 1 61 15 view .LVU28
 111 001e D2B2     		uxtb	r2, r2
 112              	.LVL12:
  62:Drivers/u8glib/src/u8g_pb8v2.c ****   ptr += x;
ARM GAS  C:\Users\Zbigniew\AppData\Local\Temp\cctoDE54.s 			page 4


 113              		.loc 1 62 3 is_stmt 1 view .LVU29
  63:Drivers/u8glib/src/u8g_pb8v2.c ****   *ptr &= mask;
 114              		.loc 1 63 3 view .LVU30
 115              		.loc 1 63 8 is_stmt 0 view .LVU31
 116 0020 635C     		ldrb	r3, [r4, r1]	@ zero_extendqisi2
 117 0022 23EA0003 		bic	r3, r3, r0
 118 0026 6354     		strb	r3, [r4, r1]
  64:Drivers/u8glib/src/u8g_pb8v2.c ****   *ptr |= color_index;
 119              		.loc 1 64 3 is_stmt 1 view .LVU32
 120              		.loc 1 64 8 is_stmt 0 view .LVU33
 121 0028 1A43     		orrs	r2, r2, r3
 122              	.LVL13:
 123              		.loc 1 64 8 view .LVU34
 124 002a 6254     		strb	r2, [r4, r1]
  65:Drivers/u8glib/src/u8g_pb8v2.c **** }
 125              		.loc 1 65 1 view .LVU35
 126 002c 10BC     		pop	{r4}
 127              	.LCFI2:
 128              		.cfi_restore 4
 129              		.cfi_def_cfa_offset 0
 130              	.LVL14:
 131              		.loc 1 65 1 view .LVU36
 132 002e 7047     		bx	lr
 133              		.cfi_endproc
 134              	.LFE1:
 136              		.section	.text.u8g_pb8v2_SetPixel,"ax",%progbits
 137              		.align	1
 138              		.global	u8g_pb8v2_SetPixel
 139              		.syntax unified
 140              		.thumb
 141              		.thumb_func
 143              	u8g_pb8v2_SetPixel:
 144              	.LVL15:
 145              	.LFB2:
  66:Drivers/u8glib/src/u8g_pb8v2.c **** 
  67:Drivers/u8glib/src/u8g_pb8v2.c **** 
  68:Drivers/u8glib/src/u8g_pb8v2.c **** void u8g_pb8v2_SetPixel(u8g_pb_t *b, const u8g_dev_arg_pixel_t * const arg_pixel)
  69:Drivers/u8glib/src/u8g_pb8v2.c **** {
 146              		.loc 1 69 1 is_stmt 1 view -0
 147              		.cfi_startproc
 148              		@ args = 0, pretend = 0, frame = 0
 149              		@ frame_needed = 0, uses_anonymous_args = 0
 150              		.loc 1 69 1 is_stmt 0 view .LVU38
 151 0000 08B5     		push	{r3, lr}
 152              	.LCFI3:
 153              		.cfi_def_cfa_offset 8
 154              		.cfi_offset 3, -8
 155              		.cfi_offset 14, -4
  70:Drivers/u8glib/src/u8g_pb8v2.c ****   if ( arg_pixel->y < b->p.page_y0 )
 156              		.loc 1 70 3 is_stmt 1 view .LVU39
 157              		.loc 1 70 17 is_stmt 0 view .LVU40
 158 0002 4A78     		ldrb	r2, [r1, #1]	@ zero_extendqisi2
 159              		.loc 1 70 27 view .LVU41
 160 0004 8378     		ldrb	r3, [r0, #2]	@ zero_extendqisi2
 161              		.loc 1 70 6 view .LVU42
 162 0006 9A42     		cmp	r2, r3
 163 0008 07D3     		bcc	.L5
ARM GAS  C:\Users\Zbigniew\AppData\Local\Temp\cctoDE54.s 			page 5


  71:Drivers/u8glib/src/u8g_pb8v2.c ****     return;
  72:Drivers/u8glib/src/u8g_pb8v2.c ****   if ( arg_pixel->y > b->p.page_y1 )
 164              		.loc 1 72 3 is_stmt 1 view .LVU43
 165              		.loc 1 72 27 is_stmt 0 view .LVU44
 166 000a C378     		ldrb	r3, [r0, #3]	@ zero_extendqisi2
 167              		.loc 1 72 6 view .LVU45
 168 000c 9A42     		cmp	r2, r3
 169 000e 04D8     		bhi	.L5
  73:Drivers/u8glib/src/u8g_pb8v2.c ****     return;
  74:Drivers/u8glib/src/u8g_pb8v2.c ****   if ( arg_pixel->x >= b->width )
 170              		.loc 1 74 3 is_stmt 1 view .LVU46
 171              		.loc 1 74 17 is_stmt 0 view .LVU47
 172 0010 91F800C0 		ldrb	ip, [r1]	@ zero_extendqisi2
 173              		.loc 1 74 25 view .LVU48
 174 0014 4379     		ldrb	r3, [r0, #5]	@ zero_extendqisi2
 175              		.loc 1 74 6 view .LVU49
 176 0016 9C45     		cmp	ip, r3
 177 0018 00D3     		bcc	.L8
 178              	.LVL16:
 179              	.L5:
  75:Drivers/u8glib/src/u8g_pb8v2.c ****     return;
  76:Drivers/u8glib/src/u8g_pb8v2.c ****   u8g_pb8v2_set_pixel(b, arg_pixel->x, arg_pixel->y, arg_pixel->color);
  77:Drivers/u8glib/src/u8g_pb8v2.c **** }
 180              		.loc 1 77 1 view .LVU50
 181 001a 08BD     		pop	{r3, pc}
 182              	.LVL17:
 183              	.L8:
  76:Drivers/u8glib/src/u8g_pb8v2.c **** }
 184              		.loc 1 76 3 is_stmt 1 view .LVU51
 185 001c 0B79     		ldrb	r3, [r1, #4]	@ zero_extendqisi2
 186 001e 6146     		mov	r1, ip
 187              	.LVL18:
  76:Drivers/u8glib/src/u8g_pb8v2.c **** }
 188              		.loc 1 76 3 is_stmt 0 view .LVU52
 189 0020 FFF7FEFF 		bl	u8g_pb8v2_set_pixel
 190              	.LVL19:
  76:Drivers/u8glib/src/u8g_pb8v2.c **** }
 191              		.loc 1 76 3 view .LVU53
 192 0024 F9E7     		b	.L5
 193              		.cfi_endproc
 194              	.LFE2:
 196              		.section	.text.u8g_pb8v2_Set8PixelStd,"ax",%progbits
 197              		.align	1
 198              		.global	u8g_pb8v2_Set8PixelStd
 199              		.syntax unified
 200              		.thumb
 201              		.thumb_func
 203              	u8g_pb8v2_Set8PixelStd:
 204              	.LVL20:
 205              	.LFB3:
  78:Drivers/u8glib/src/u8g_pb8v2.c **** 
  79:Drivers/u8glib/src/u8g_pb8v2.c **** 
  80:Drivers/u8glib/src/u8g_pb8v2.c **** void u8g_pb8v2_Set8PixelStd(u8g_pb_t *b, u8g_dev_arg_pixel_t *arg_pixel)
  81:Drivers/u8glib/src/u8g_pb8v2.c **** {
 206              		.loc 1 81 1 is_stmt 1 view -0
 207              		.cfi_startproc
 208              		@ args = 0, pretend = 0, frame = 0
ARM GAS  C:\Users\Zbigniew\AppData\Local\Temp\cctoDE54.s 			page 6


 209              		@ frame_needed = 0, uses_anonymous_args = 0
 210              		.loc 1 81 1 is_stmt 0 view .LVU55
 211 0000 70B5     		push	{r4, r5, r6, lr}
 212              	.LCFI4:
 213              		.cfi_def_cfa_offset 16
 214              		.cfi_offset 4, -16
 215              		.cfi_offset 5, -12
 216              		.cfi_offset 6, -8
 217              		.cfi_offset 14, -4
 218 0002 0646     		mov	r6, r0
 219 0004 0D46     		mov	r5, r1
  82:Drivers/u8glib/src/u8g_pb8v2.c ****   register uint8_t pixel = arg_pixel->pixel;
 220              		.loc 1 82 3 is_stmt 1 view .LVU56
 221              		.loc 1 82 20 is_stmt 0 view .LVU57
 222 0006 8C78     		ldrb	r4, [r1, #2]	@ zero_extendqisi2
 223              	.LVL21:
 224              		.loc 1 82 20 view .LVU58
 225 0008 0BE0     		b	.L17
 226              	.LVL22:
 227              	.L20:
  83:Drivers/u8glib/src/u8g_pb8v2.c ****   do
  84:Drivers/u8glib/src/u8g_pb8v2.c ****   {
  85:Drivers/u8glib/src/u8g_pb8v2.c ****     if ( pixel & 128 )
  86:Drivers/u8glib/src/u8g_pb8v2.c ****     {
  87:Drivers/u8glib/src/u8g_pb8v2.c ****       u8g_pb8v2_SetPixel(b, arg_pixel);
 228              		.loc 1 87 7 is_stmt 1 view .LVU59
 229 000a 2946     		mov	r1, r5
 230 000c 3046     		mov	r0, r6
 231 000e FFF7FEFF 		bl	u8g_pb8v2_SetPixel
 232              	.LVL23:
 233 0012 09E0     		b	.L10
 234              	.L16:
  88:Drivers/u8glib/src/u8g_pb8v2.c ****     }
  89:Drivers/u8glib/src/u8g_pb8v2.c ****     switch( arg_pixel->dir )
  90:Drivers/u8glib/src/u8g_pb8v2.c ****     {
  91:Drivers/u8glib/src/u8g_pb8v2.c ****       case 0: arg_pixel->x++; break;
 235              		.loc 1 91 15 view .LVU60
 236              		.loc 1 91 24 is_stmt 0 view .LVU61
 237 0014 2B78     		ldrb	r3, [r5]	@ zero_extendqisi2
 238              		.loc 1 91 27 view .LVU62
 239 0016 0133     		adds	r3, r3, #1
 240 0018 2B70     		strb	r3, [r5]
 241              		.loc 1 91 31 is_stmt 1 view .LVU63
 242              	.L11:
  92:Drivers/u8glib/src/u8g_pb8v2.c ****       case 1: arg_pixel->y++; break;
  93:Drivers/u8glib/src/u8g_pb8v2.c ****       case 2: arg_pixel->x--; break;
  94:Drivers/u8glib/src/u8g_pb8v2.c ****       case 3: arg_pixel->y--; break;
  95:Drivers/u8glib/src/u8g_pb8v2.c ****     }
  96:Drivers/u8glib/src/u8g_pb8v2.c ****     pixel <<= 1;
 243              		.loc 1 96 5 view .LVU64
 244              		.loc 1 96 11 is_stmt 0 view .LVU65
 245 001a 6400     		lsls	r4, r4, #1
 246              	.LVL24:
  97:Drivers/u8glib/src/u8g_pb8v2.c ****   } while( pixel != 0  );
 247              		.loc 1 97 10 is_stmt 1 view .LVU66
 248              		.loc 1 97 3 is_stmt 0 view .LVU67
 249 001c 14F0FF04 		ands	r4, r4, #255
ARM GAS  C:\Users\Zbigniew\AppData\Local\Temp\cctoDE54.s 			page 7


 250              	.LVL25:
 251              		.loc 1 97 3 view .LVU68
 252 0020 1CD0     		beq	.L19
 253              	.L17:
 254              	.LVL26:
  83:Drivers/u8glib/src/u8g_pb8v2.c ****   {
 255              		.loc 1 83 3 is_stmt 1 view .LVU69
  85:Drivers/u8glib/src/u8g_pb8v2.c ****     {
 256              		.loc 1 85 5 view .LVU70
  85:Drivers/u8glib/src/u8g_pb8v2.c ****     {
 257              		.loc 1 85 8 is_stmt 0 view .LVU71
 258 0022 14F0800F 		tst	r4, #128
 259 0026 F0D1     		bne	.L20
 260              	.L10:
  89:Drivers/u8glib/src/u8g_pb8v2.c ****     {
 261              		.loc 1 89 5 is_stmt 1 view .LVU72
  89:Drivers/u8glib/src/u8g_pb8v2.c ****     {
 262              		.loc 1 89 22 is_stmt 0 view .LVU73
 263 0028 EB78     		ldrb	r3, [r5, #3]	@ zero_extendqisi2
  89:Drivers/u8glib/src/u8g_pb8v2.c ****     {
 264              		.loc 1 89 5 view .LVU74
 265 002a 032B     		cmp	r3, #3
 266 002c F5D8     		bhi	.L11
 267 002e 01A2     		adr	r2, .L13
 268 0030 52F823F0 		ldr	pc, [r2, r3, lsl #2]
 269              		.p2align 2
 270              	.L13:
 271 0034 15000000 		.word	.L16+1
 272 0038 45000000 		.word	.L15+1
 273 003c 4D000000 		.word	.L14+1
 274 0040 55000000 		.word	.L12+1
 275              		.p2align 1
 276              	.L15:
  92:Drivers/u8glib/src/u8g_pb8v2.c ****       case 2: arg_pixel->x--; break;
 277              		.loc 1 92 15 is_stmt 1 view .LVU75
  92:Drivers/u8glib/src/u8g_pb8v2.c ****       case 2: arg_pixel->x--; break;
 278              		.loc 1 92 24 is_stmt 0 view .LVU76
 279 0044 6B78     		ldrb	r3, [r5, #1]	@ zero_extendqisi2
  92:Drivers/u8glib/src/u8g_pb8v2.c ****       case 2: arg_pixel->x--; break;
 280              		.loc 1 92 27 view .LVU77
 281 0046 0133     		adds	r3, r3, #1
 282 0048 6B70     		strb	r3, [r5, #1]
  92:Drivers/u8glib/src/u8g_pb8v2.c ****       case 2: arg_pixel->x--; break;
 283              		.loc 1 92 31 is_stmt 1 view .LVU78
  92:Drivers/u8glib/src/u8g_pb8v2.c ****       case 2: arg_pixel->x--; break;
 284              		.loc 1 92 7 is_stmt 0 view .LVU79
 285 004a E6E7     		b	.L11
 286              	.L14:
  93:Drivers/u8glib/src/u8g_pb8v2.c ****       case 3: arg_pixel->y--; break;
 287              		.loc 1 93 15 is_stmt 1 view .LVU80
  93:Drivers/u8glib/src/u8g_pb8v2.c ****       case 3: arg_pixel->y--; break;
 288              		.loc 1 93 24 is_stmt 0 view .LVU81
 289 004c 2B78     		ldrb	r3, [r5]	@ zero_extendqisi2
  93:Drivers/u8glib/src/u8g_pb8v2.c ****       case 3: arg_pixel->y--; break;
 290              		.loc 1 93 27 view .LVU82
 291 004e 013B     		subs	r3, r3, #1
 292 0050 2B70     		strb	r3, [r5]
ARM GAS  C:\Users\Zbigniew\AppData\Local\Temp\cctoDE54.s 			page 8


  93:Drivers/u8glib/src/u8g_pb8v2.c ****       case 3: arg_pixel->y--; break;
 293              		.loc 1 93 31 is_stmt 1 view .LVU83
  93:Drivers/u8glib/src/u8g_pb8v2.c ****       case 3: arg_pixel->y--; break;
 294              		.loc 1 93 7 is_stmt 0 view .LVU84
 295 0052 E2E7     		b	.L11
 296              	.L12:
  94:Drivers/u8glib/src/u8g_pb8v2.c ****     }
 297              		.loc 1 94 15 is_stmt 1 view .LVU85
  94:Drivers/u8glib/src/u8g_pb8v2.c ****     }
 298              		.loc 1 94 24 is_stmt 0 view .LVU86
 299 0054 6B78     		ldrb	r3, [r5, #1]	@ zero_extendqisi2
  94:Drivers/u8glib/src/u8g_pb8v2.c ****     }
 300              		.loc 1 94 27 view .LVU87
 301 0056 013B     		subs	r3, r3, #1
 302 0058 6B70     		strb	r3, [r5, #1]
  94:Drivers/u8glib/src/u8g_pb8v2.c ****     }
 303              		.loc 1 94 31 is_stmt 1 view .LVU88
  94:Drivers/u8glib/src/u8g_pb8v2.c ****     }
 304              		.loc 1 94 7 is_stmt 0 view .LVU89
 305 005a DEE7     		b	.L11
 306              	.LVL27:
 307              	.L19:
  98:Drivers/u8glib/src/u8g_pb8v2.c **** 
  99:Drivers/u8glib/src/u8g_pb8v2.c **** }
 308              		.loc 1 99 1 view .LVU90
 309 005c 70BD     		pop	{r4, r5, r6, pc}
 310              		.loc 1 99 1 view .LVU91
 311              		.cfi_endproc
 312              	.LFE3:
 314 005e 00BF     		.section	.text.u8g_dev_pb8v2_base_fn,"ax",%progbits
 315              		.align	1
 316              		.global	u8g_dev_pb8v2_base_fn
 317              		.syntax unified
 318              		.thumb
 319              		.thumb_func
 321              	u8g_dev_pb8v2_base_fn:
 322              	.LVL28:
 323              	.LFB4:
 100:Drivers/u8glib/src/u8g_pb8v2.c **** 
 101:Drivers/u8glib/src/u8g_pb8v2.c **** 
 102:Drivers/u8glib/src/u8g_pb8v2.c **** 
 103:Drivers/u8glib/src/u8g_pb8v2.c **** uint8_t u8g_dev_pb8v2_base_fn(u8g_t *u8g, u8g_dev_t *dev, uint8_t msg, void *arg)
 104:Drivers/u8glib/src/u8g_pb8v2.c **** {
 324              		.loc 1 104 1 is_stmt 1 view -0
 325              		.cfi_startproc
 326              		@ args = 0, pretend = 0, frame = 0
 327              		@ frame_needed = 0, uses_anonymous_args = 0
 328              		.loc 1 104 1 is_stmt 0 view .LVU93
 329 0000 38B5     		push	{r3, r4, r5, lr}
 330              	.LCFI5:
 331              		.cfi_def_cfa_offset 16
 332              		.cfi_offset 3, -16
 333              		.cfi_offset 4, -12
 334              		.cfi_offset 5, -8
 335              		.cfi_offset 14, -4
 336 0002 1C46     		mov	r4, r3
 105:Drivers/u8glib/src/u8g_pb8v2.c ****   u8g_pb_t *pb = (u8g_pb_t *)(dev->dev_mem);
ARM GAS  C:\Users\Zbigniew\AppData\Local\Temp\cctoDE54.s 			page 9


 337              		.loc 1 105 3 is_stmt 1 view .LVU94
 338              		.loc 1 105 13 is_stmt 0 view .LVU95
 339 0004 4D68     		ldr	r5, [r1, #4]
 340              	.LVL29:
 106:Drivers/u8glib/src/u8g_pb8v2.c ****   switch(msg)
 341              		.loc 1 106 3 is_stmt 1 view .LVU96
 342 0006 143A     		subs	r2, r2, #20
 343              	.LVL30:
 344              		.loc 1 106 3 is_stmt 0 view .LVU97
 345 0008 342A     		cmp	r2, #52
 346 000a 50D8     		bhi	.L32
 347 000c DFE802F0 		tbb	[pc, r2]
 348              	.LVL31:
 349              	.L24:
 350 0010 30       		.byte	(.L31-.L24)/2
 351 0011 38       		.byte	(.L30-.L24)/2
 352 0012 4F       		.byte	(.L32-.L24)/2
 353 0013 41       		.byte	(.L29-.L24)/2
 354 0014 4F       		.byte	(.L32-.L24)/2
 355 0015 4F       		.byte	(.L32-.L24)/2
 356 0016 4F       		.byte	(.L32-.L24)/2
 357 0017 4F       		.byte	(.L32-.L24)/2
 358 0018 4F       		.byte	(.L32-.L24)/2
 359 0019 4F       		.byte	(.L32-.L24)/2
 360 001a 4F       		.byte	(.L32-.L24)/2
 361 001b 4F       		.byte	(.L32-.L24)/2
 362 001c 4F       		.byte	(.L32-.L24)/2
 363 001d 4F       		.byte	(.L32-.L24)/2
 364 001e 4F       		.byte	(.L32-.L24)/2
 365 001f 4F       		.byte	(.L32-.L24)/2
 366 0020 4F       		.byte	(.L32-.L24)/2
 367 0021 4F       		.byte	(.L32-.L24)/2
 368 0022 4F       		.byte	(.L32-.L24)/2
 369 0023 4F       		.byte	(.L32-.L24)/2
 370 0024 4F       		.byte	(.L32-.L24)/2
 371 0025 4F       		.byte	(.L32-.L24)/2
 372 0026 4F       		.byte	(.L32-.L24)/2
 373 0027 4F       		.byte	(.L32-.L24)/2
 374 0028 4F       		.byte	(.L32-.L24)/2
 375 0029 4F       		.byte	(.L32-.L24)/2
 376 002a 4F       		.byte	(.L32-.L24)/2
 377 002b 4F       		.byte	(.L32-.L24)/2
 378 002c 4F       		.byte	(.L32-.L24)/2
 379 002d 4F       		.byte	(.L32-.L24)/2
 380 002e 2A       		.byte	(.L28-.L24)/2
 381 002f 4F       		.byte	(.L32-.L24)/2
 382 0030 4F       		.byte	(.L32-.L24)/2
 383 0031 4F       		.byte	(.L32-.L24)/2
 384 0032 4F       		.byte	(.L32-.L24)/2
 385 0033 4F       		.byte	(.L32-.L24)/2
 386 0034 4F       		.byte	(.L32-.L24)/2
 387 0035 4F       		.byte	(.L32-.L24)/2
 388 0036 4F       		.byte	(.L32-.L24)/2
 389 0037 1D       		.byte	(.L27-.L24)/2
 390 0038 4F       		.byte	(.L32-.L24)/2
 391 0039 4F       		.byte	(.L32-.L24)/2
 392 003a 4F       		.byte	(.L32-.L24)/2
ARM GAS  C:\Users\Zbigniew\AppData\Local\Temp\cctoDE54.s 			page 10


 393 003b 4F       		.byte	(.L32-.L24)/2
 394 003c 4F       		.byte	(.L32-.L24)/2
 395 003d 4F       		.byte	(.L32-.L24)/2
 396 003e 4F       		.byte	(.L32-.L24)/2
 397 003f 4F       		.byte	(.L32-.L24)/2
 398 0040 4F       		.byte	(.L32-.L24)/2
 399 0041 4F       		.byte	(.L32-.L24)/2
 400 0042 47       		.byte	(.L26-.L24)/2
 401 0043 4B       		.byte	(.L25-.L24)/2
 402 0044 1B       		.byte	(.L23-.L24)/2
 403 0045 00       		.p2align 1
 404              	.L23:
 405              		.loc 1 106 3 view .LVU98
 406 0046 0220     		movs	r0, #2
 407              	.LVL32:
 408              		.loc 1 106 3 view .LVU99
 409 0048 32E0     		b	.L22
 410              	.LVL33:
 411              	.L27:
 107:Drivers/u8glib/src/u8g_pb8v2.c ****   {
 108:Drivers/u8glib/src/u8g_pb8v2.c ****     case U8G_DEV_MSG_SET_8PIXEL:
 109:Drivers/u8glib/src/u8g_pb8v2.c ****       if ( u8g_pb_Is8PixelVisible(pb, (u8g_dev_arg_pixel_t *)arg) )
 412              		.loc 1 109 7 is_stmt 1 view .LVU100
 413              		.loc 1 109 12 is_stmt 0 view .LVU101
 414 004a 2146     		mov	r1, r4
 415              	.LVL34:
 416              		.loc 1 109 12 view .LVU102
 417 004c 2846     		mov	r0, r5
 418              	.LVL35:
 419              		.loc 1 109 12 view .LVU103
 420 004e FFF7FEFF 		bl	u8g_pb_Is8PixelVisible
 421              	.LVL36:
 422              		.loc 1 109 10 view .LVU104
 423 0052 08B9     		cbnz	r0, .L35
 110:Drivers/u8glib/src/u8g_pb8v2.c ****       {
 111:Drivers/u8glib/src/u8g_pb8v2.c ****         u8g_pb8v2_Set8PixelStd(pb, (u8g_dev_arg_pixel_t *)arg);
 112:Drivers/u8glib/src/u8g_pb8v2.c ****       }
 113:Drivers/u8glib/src/u8g_pb8v2.c ****       break;
 114:Drivers/u8glib/src/u8g_pb8v2.c ****     case U8G_DEV_MSG_SET_PIXEL:
 115:Drivers/u8glib/src/u8g_pb8v2.c ****       u8g_pb8v2_SetPixel(pb, (u8g_dev_arg_pixel_t *)arg);
 116:Drivers/u8glib/src/u8g_pb8v2.c ****       break;
 117:Drivers/u8glib/src/u8g_pb8v2.c ****     case U8G_DEV_MSG_INIT:
 118:Drivers/u8glib/src/u8g_pb8v2.c ****       break;
 119:Drivers/u8glib/src/u8g_pb8v2.c ****     case U8G_DEV_MSG_STOP:
 120:Drivers/u8glib/src/u8g_pb8v2.c ****       break;
 121:Drivers/u8glib/src/u8g_pb8v2.c ****     case U8G_DEV_MSG_PAGE_FIRST:
 122:Drivers/u8glib/src/u8g_pb8v2.c ****       u8g_pb_Clear(pb);
 123:Drivers/u8glib/src/u8g_pb8v2.c ****       u8g_page_First(&(pb->p));
 124:Drivers/u8glib/src/u8g_pb8v2.c ****       break;
 125:Drivers/u8glib/src/u8g_pb8v2.c ****     case U8G_DEV_MSG_PAGE_NEXT:
 126:Drivers/u8glib/src/u8g_pb8v2.c ****       if ( u8g_page_Next(&(pb->p)) == 0 )
 127:Drivers/u8glib/src/u8g_pb8v2.c ****         return 0;
 128:Drivers/u8glib/src/u8g_pb8v2.c ****       u8g_pb_Clear(pb);
 129:Drivers/u8glib/src/u8g_pb8v2.c ****       break;
 130:Drivers/u8glib/src/u8g_pb8v2.c **** #ifdef U8G_DEV_MSG_IS_BBX_INTERSECTION
 131:Drivers/u8glib/src/u8g_pb8v2.c ****     case U8G_DEV_MSG_IS_BBX_INTERSECTION:
 132:Drivers/u8glib/src/u8g_pb8v2.c ****       return u8g_pb_IsIntersection(pb, (u8g_dev_arg_bbx_t *)arg);
ARM GAS  C:\Users\Zbigniew\AppData\Local\Temp\cctoDE54.s 			page 11


 133:Drivers/u8glib/src/u8g_pb8v2.c **** #endif
 134:Drivers/u8glib/src/u8g_pb8v2.c ****     case U8G_DEV_MSG_GET_PAGE_BOX:
 135:Drivers/u8glib/src/u8g_pb8v2.c ****       u8g_pb_GetPageBox(pb, (u8g_box_t *)arg);
 136:Drivers/u8glib/src/u8g_pb8v2.c ****       break;
 137:Drivers/u8glib/src/u8g_pb8v2.c ****     case U8G_DEV_MSG_GET_WIDTH:
 138:Drivers/u8glib/src/u8g_pb8v2.c ****       *((u8g_uint_t *)arg) = pb->width;
 139:Drivers/u8glib/src/u8g_pb8v2.c ****       break;
 140:Drivers/u8glib/src/u8g_pb8v2.c ****     case U8G_DEV_MSG_GET_HEIGHT:
 141:Drivers/u8glib/src/u8g_pb8v2.c ****       *((u8g_uint_t *)arg) = pb->p.total_height;
 142:Drivers/u8glib/src/u8g_pb8v2.c ****       break;
 143:Drivers/u8glib/src/u8g_pb8v2.c ****     case U8G_DEV_MSG_SET_COLOR_ENTRY:
 144:Drivers/u8glib/src/u8g_pb8v2.c ****       break;
 145:Drivers/u8glib/src/u8g_pb8v2.c ****     case U8G_DEV_MSG_SET_XY_CB:
 146:Drivers/u8glib/src/u8g_pb8v2.c ****       break;
 147:Drivers/u8glib/src/u8g_pb8v2.c ****     case U8G_DEV_MSG_GET_MODE:
 148:Drivers/u8glib/src/u8g_pb8v2.c ****       return U8G_MODE_GRAY2BIT;
 149:Drivers/u8glib/src/u8g_pb8v2.c ****   }
 150:Drivers/u8glib/src/u8g_pb8v2.c ****   return 1;
 424              		.loc 1 150 10 view .LVU105
 425 0054 0120     		movs	r0, #1
 426 0056 2BE0     		b	.L22
 427              	.L35:
 111:Drivers/u8glib/src/u8g_pb8v2.c ****       }
 428              		.loc 1 111 9 is_stmt 1 view .LVU106
 429 0058 2146     		mov	r1, r4
 430 005a 2846     		mov	r0, r5
 431 005c FFF7FEFF 		bl	u8g_pb8v2_Set8PixelStd
 432              	.LVL37:
 433              		.loc 1 150 10 is_stmt 0 view .LVU107
 434 0060 0120     		movs	r0, #1
 435 0062 25E0     		b	.L22
 436              	.LVL38:
 437              	.L28:
 115:Drivers/u8glib/src/u8g_pb8v2.c ****       break;
 438              		.loc 1 115 7 is_stmt 1 view .LVU108
 439 0064 2146     		mov	r1, r4
 440              	.LVL39:
 115:Drivers/u8glib/src/u8g_pb8v2.c ****       break;
 441              		.loc 1 115 7 is_stmt 0 view .LVU109
 442 0066 2846     		mov	r0, r5
 443              	.LVL40:
 115:Drivers/u8glib/src/u8g_pb8v2.c ****       break;
 444              		.loc 1 115 7 view .LVU110
 445 0068 FFF7FEFF 		bl	u8g_pb8v2_SetPixel
 446              	.LVL41:
 116:Drivers/u8glib/src/u8g_pb8v2.c ****     case U8G_DEV_MSG_INIT:
 447              		.loc 1 116 7 is_stmt 1 view .LVU111
 448              		.loc 1 150 10 is_stmt 0 view .LVU112
 449 006c 0120     		movs	r0, #1
 116:Drivers/u8glib/src/u8g_pb8v2.c ****     case U8G_DEV_MSG_INIT:
 450              		.loc 1 116 7 view .LVU113
 451 006e 1FE0     		b	.L22
 452              	.LVL42:
 453              	.L31:
 122:Drivers/u8glib/src/u8g_pb8v2.c ****       u8g_page_First(&(pb->p));
 454              		.loc 1 122 7 is_stmt 1 view .LVU114
 455 0070 2846     		mov	r0, r5
ARM GAS  C:\Users\Zbigniew\AppData\Local\Temp\cctoDE54.s 			page 12


 456              	.LVL43:
 122:Drivers/u8glib/src/u8g_pb8v2.c ****       u8g_page_First(&(pb->p));
 457              		.loc 1 122 7 is_stmt 0 view .LVU115
 458 0072 FFF7FEFF 		bl	u8g_pb_Clear
 459              	.LVL44:
 123:Drivers/u8glib/src/u8g_pb8v2.c ****       break;
 460              		.loc 1 123 7 is_stmt 1 view .LVU116
 461 0076 2846     		mov	r0, r5
 462 0078 FFF7FEFF 		bl	u8g_page_First
 463              	.LVL45:
 124:Drivers/u8glib/src/u8g_pb8v2.c ****     case U8G_DEV_MSG_PAGE_NEXT:
 464              		.loc 1 124 7 view .LVU117
 465              		.loc 1 150 10 is_stmt 0 view .LVU118
 466 007c 0120     		movs	r0, #1
 124:Drivers/u8glib/src/u8g_pb8v2.c ****     case U8G_DEV_MSG_PAGE_NEXT:
 467              		.loc 1 124 7 view .LVU119
 468 007e 17E0     		b	.L22
 469              	.LVL46:
 470              	.L30:
 126:Drivers/u8glib/src/u8g_pb8v2.c ****         return 0;
 471              		.loc 1 126 7 is_stmt 1 view .LVU120
 126:Drivers/u8glib/src/u8g_pb8v2.c ****         return 0;
 472              		.loc 1 126 12 is_stmt 0 view .LVU121
 473 0080 2846     		mov	r0, r5
 474              	.LVL47:
 126:Drivers/u8glib/src/u8g_pb8v2.c ****         return 0;
 475              		.loc 1 126 12 view .LVU122
 476 0082 FFF7FEFF 		bl	u8g_page_Next
 477              	.LVL48:
 126:Drivers/u8glib/src/u8g_pb8v2.c ****         return 0;
 478              		.loc 1 126 10 view .LVU123
 479 0086 98B1     		cbz	r0, .L22
 128:Drivers/u8glib/src/u8g_pb8v2.c ****       break;
 480              		.loc 1 128 7 is_stmt 1 view .LVU124
 481 0088 2846     		mov	r0, r5
 482 008a FFF7FEFF 		bl	u8g_pb_Clear
 483              	.LVL49:
 129:Drivers/u8glib/src/u8g_pb8v2.c **** #ifdef U8G_DEV_MSG_IS_BBX_INTERSECTION
 484              		.loc 1 129 7 view .LVU125
 485              		.loc 1 150 10 is_stmt 0 view .LVU126
 486 008e 0120     		movs	r0, #1
 129:Drivers/u8glib/src/u8g_pb8v2.c **** #ifdef U8G_DEV_MSG_IS_BBX_INTERSECTION
 487              		.loc 1 129 7 view .LVU127
 488 0090 0EE0     		b	.L22
 489              	.LVL50:
 490              	.L29:
 135:Drivers/u8glib/src/u8g_pb8v2.c ****       break;
 491              		.loc 1 135 7 is_stmt 1 view .LVU128
 492 0092 2146     		mov	r1, r4
 493              	.LVL51:
 135:Drivers/u8glib/src/u8g_pb8v2.c ****       break;
 494              		.loc 1 135 7 is_stmt 0 view .LVU129
 495 0094 2846     		mov	r0, r5
 496              	.LVL52:
 135:Drivers/u8glib/src/u8g_pb8v2.c ****       break;
 497              		.loc 1 135 7 view .LVU130
 498 0096 FFF7FEFF 		bl	u8g_pb_GetPageBox
ARM GAS  C:\Users\Zbigniew\AppData\Local\Temp\cctoDE54.s 			page 13


 499              	.LVL53:
 136:Drivers/u8glib/src/u8g_pb8v2.c ****     case U8G_DEV_MSG_GET_WIDTH:
 500              		.loc 1 136 7 is_stmt 1 view .LVU131
 501              		.loc 1 150 10 is_stmt 0 view .LVU132
 502 009a 0120     		movs	r0, #1
 136:Drivers/u8glib/src/u8g_pb8v2.c ****     case U8G_DEV_MSG_GET_WIDTH:
 503              		.loc 1 136 7 view .LVU133
 504 009c 08E0     		b	.L22
 505              	.LVL54:
 506              	.L26:
 138:Drivers/u8glib/src/u8g_pb8v2.c ****       break;
 507              		.loc 1 138 7 is_stmt 1 view .LVU134
 138:Drivers/u8glib/src/u8g_pb8v2.c ****       break;
 508              		.loc 1 138 32 is_stmt 0 view .LVU135
 509 009e 6B79     		ldrb	r3, [r5, #5]	@ zero_extendqisi2
 138:Drivers/u8glib/src/u8g_pb8v2.c ****       break;
 510              		.loc 1 138 28 view .LVU136
 511 00a0 2370     		strb	r3, [r4]
 139:Drivers/u8glib/src/u8g_pb8v2.c ****     case U8G_DEV_MSG_GET_HEIGHT:
 512              		.loc 1 139 7 is_stmt 1 view .LVU137
 513              		.loc 1 150 10 is_stmt 0 view .LVU138
 514 00a2 0120     		movs	r0, #1
 515              	.LVL55:
 139:Drivers/u8glib/src/u8g_pb8v2.c ****     case U8G_DEV_MSG_GET_HEIGHT:
 516              		.loc 1 139 7 view .LVU139
 517 00a4 04E0     		b	.L22
 518              	.LVL56:
 519              	.L25:
 141:Drivers/u8glib/src/u8g_pb8v2.c ****       break;
 520              		.loc 1 141 7 is_stmt 1 view .LVU140
 141:Drivers/u8glib/src/u8g_pb8v2.c ****       break;
 521              		.loc 1 141 35 is_stmt 0 view .LVU141
 522 00a6 6B78     		ldrb	r3, [r5, #1]	@ zero_extendqisi2
 141:Drivers/u8glib/src/u8g_pb8v2.c ****       break;
 523              		.loc 1 141 28 view .LVU142
 524 00a8 2370     		strb	r3, [r4]
 142:Drivers/u8glib/src/u8g_pb8v2.c ****     case U8G_DEV_MSG_SET_COLOR_ENTRY:
 525              		.loc 1 142 7 is_stmt 1 view .LVU143
 526              		.loc 1 150 10 is_stmt 0 view .LVU144
 527 00aa 0120     		movs	r0, #1
 528              	.LVL57:
 142:Drivers/u8glib/src/u8g_pb8v2.c ****     case U8G_DEV_MSG_SET_COLOR_ENTRY:
 529              		.loc 1 142 7 view .LVU145
 530 00ac 00E0     		b	.L22
 531              	.LVL58:
 532              	.L32:
 533              		.loc 1 150 10 view .LVU146
 534 00ae 0120     		movs	r0, #1
 535              	.LVL59:
 536              	.L22:
 151:Drivers/u8glib/src/u8g_pb8v2.c **** }
 537              		.loc 1 151 1 view .LVU147
 538 00b0 38BD     		pop	{r3, r4, r5, pc}
 539              		.loc 1 151 1 view .LVU148
 540              		.cfi_endproc
 541              	.LFE4:
 543              		.text
ARM GAS  C:\Users\Zbigniew\AppData\Local\Temp\cctoDE54.s 			page 14


 544              	.Letext0:
 545              		.file 2 "c:\\users\\zbigniew\\appdata\\roaming\\code\\user\\globalstorage\\bmd.stm32-for-vscode\\@
 546              		.file 3 "c:\\users\\zbigniew\\appdata\\roaming\\code\\user\\globalstorage\\bmd.stm32-for-vscode\\@
 547              		.file 4 "Inc/../Drivers/u8glib/inc/u8g.h"
ARM GAS  C:\Users\Zbigniew\AppData\Local\Temp\cctoDE54.s 			page 15


DEFINED SYMBOLS
                            *ABS*:0000000000000000 u8g_pb8v2.c
C:\Users\Zbigniew\AppData\Local\Temp\cctoDE54.s:18     .text.u8g_pb8v2_Init:0000000000000000 $t
C:\Users\Zbigniew\AppData\Local\Temp\cctoDE54.s:24     .text.u8g_pb8v2_Init:0000000000000000 u8g_pb8v2_Init
C:\Users\Zbigniew\AppData\Local\Temp\cctoDE54.s:53     .text.u8g_pb8v2_set_pixel:0000000000000000 $t
C:\Users\Zbigniew\AppData\Local\Temp\cctoDE54.s:59     .text.u8g_pb8v2_set_pixel:0000000000000000 u8g_pb8v2_set_pixel
C:\Users\Zbigniew\AppData\Local\Temp\cctoDE54.s:137    .text.u8g_pb8v2_SetPixel:0000000000000000 $t
C:\Users\Zbigniew\AppData\Local\Temp\cctoDE54.s:143    .text.u8g_pb8v2_SetPixel:0000000000000000 u8g_pb8v2_SetPixel
C:\Users\Zbigniew\AppData\Local\Temp\cctoDE54.s:197    .text.u8g_pb8v2_Set8PixelStd:0000000000000000 $t
C:\Users\Zbigniew\AppData\Local\Temp\cctoDE54.s:203    .text.u8g_pb8v2_Set8PixelStd:0000000000000000 u8g_pb8v2_Set8PixelStd
C:\Users\Zbigniew\AppData\Local\Temp\cctoDE54.s:271    .text.u8g_pb8v2_Set8PixelStd:0000000000000034 $d
C:\Users\Zbigniew\AppData\Local\Temp\cctoDE54.s:275    .text.u8g_pb8v2_Set8PixelStd:0000000000000044 $t
C:\Users\Zbigniew\AppData\Local\Temp\cctoDE54.s:315    .text.u8g_dev_pb8v2_base_fn:0000000000000000 $t
C:\Users\Zbigniew\AppData\Local\Temp\cctoDE54.s:321    .text.u8g_dev_pb8v2_base_fn:0000000000000000 u8g_dev_pb8v2_base_fn
C:\Users\Zbigniew\AppData\Local\Temp\cctoDE54.s:350    .text.u8g_dev_pb8v2_base_fn:0000000000000010 $d
C:\Users\Zbigniew\AppData\Local\Temp\cctoDE54.s:403    .text.u8g_dev_pb8v2_base_fn:0000000000000045 $d
C:\Users\Zbigniew\AppData\Local\Temp\cctoDE54.s:403    .text.u8g_dev_pb8v2_base_fn:0000000000000046 $t

UNDEFINED SYMBOLS
u8g_pb_Clear
u8g_pb_Is8PixelVisible
u8g_page_First
u8g_page_Next
u8g_pb_GetPageBox
