ARM GAS  C:\Users\Zbigniew\AppData\Local\Temp\ccqc4MVg.s 			page 1


   1              		.cpu cortex-m3
   2              		.arch armv7-m
   3              		.fpu softvfp
   4              		.eabi_attribute 20, 1
   5              		.eabi_attribute 21, 1
   6              		.eabi_attribute 23, 3
   7              		.eabi_attribute 24, 1
   8              		.eabi_attribute 25, 1
   9              		.eabi_attribute 26, 1
  10              		.eabi_attribute 30, 1
  11              		.eabi_attribute 34, 1
  12              		.eabi_attribute 18, 4
  13              		.file	"u8g_com_i2c.c"
  14              		.text
  15              	.Ltext0:
  16              		.cfi_sections	.debug_frame
  17              		.section	.text.u8g_i2c_clear_error,"ax",%progbits
  18              		.align	1
  19              		.global	u8g_i2c_clear_error
  20              		.syntax unified
  21              		.thumb
  22              		.thumb_func
  24              	u8g_i2c_clear_error:
  25              	.LFB0:
  26              		.file 1 "Drivers/u8glib/src/u8g_com_i2c.c"
   1:Drivers/u8glib/src/u8g_com_i2c.c **** /*
   2:Drivers/u8glib/src/u8g_com_i2c.c ****   
   3:Drivers/u8glib/src/u8g_com_i2c.c ****   u8g_com_i2c.c
   4:Drivers/u8glib/src/u8g_com_i2c.c **** 
   5:Drivers/u8glib/src/u8g_com_i2c.c ****   generic i2c interface
   6:Drivers/u8glib/src/u8g_com_i2c.c **** 
   7:Drivers/u8glib/src/u8g_com_i2c.c ****   Universal 8bit Graphics Library
   8:Drivers/u8glib/src/u8g_com_i2c.c ****   
   9:Drivers/u8glib/src/u8g_com_i2c.c ****   Copyright (c) 2011, olikraus@gmail.com
  10:Drivers/u8glib/src/u8g_com_i2c.c ****   All rights reserved.
  11:Drivers/u8glib/src/u8g_com_i2c.c **** 
  12:Drivers/u8glib/src/u8g_com_i2c.c ****   Redistribution and use in source and binary forms, with or without modification, 
  13:Drivers/u8glib/src/u8g_com_i2c.c ****   are permitted provided that the following conditions are met:
  14:Drivers/u8glib/src/u8g_com_i2c.c **** 
  15:Drivers/u8glib/src/u8g_com_i2c.c ****   * Redistributions of source code must retain the above copyright notice, this list 
  16:Drivers/u8glib/src/u8g_com_i2c.c ****     of conditions and the following disclaimer.
  17:Drivers/u8glib/src/u8g_com_i2c.c ****     
  18:Drivers/u8glib/src/u8g_com_i2c.c ****   * Redistributions in binary form must reproduce the above copyright notice, this 
  19:Drivers/u8glib/src/u8g_com_i2c.c ****     list of conditions and the following disclaimer in the documentation and/or other 
  20:Drivers/u8glib/src/u8g_com_i2c.c ****     materials provided with the distribution.
  21:Drivers/u8glib/src/u8g_com_i2c.c **** 
  22:Drivers/u8glib/src/u8g_com_i2c.c ****   THIS SOFTWARE IS PROVIDED BY THE COPYRIGHT HOLDERS AND 
  23:Drivers/u8glib/src/u8g_com_i2c.c ****   CONTRIBUTORS "AS IS" AND ANY EXPRESS OR IMPLIED WARRANTIES, 
  24:Drivers/u8glib/src/u8g_com_i2c.c ****   INCLUDING, BUT NOT LIMITED TO, THE IMPLIED WARRANTIES OF 
  25:Drivers/u8glib/src/u8g_com_i2c.c ****   MERCHANTABILITY AND FITNESS FOR A PARTICULAR PURPOSE ARE 
  26:Drivers/u8glib/src/u8g_com_i2c.c ****   DISCLAIMED. IN NO EVENT SHALL THE COPYRIGHT HOLDER OR 
  27:Drivers/u8glib/src/u8g_com_i2c.c ****   CONTRIBUTORS BE LIABLE FOR ANY DIRECT, INDIRECT, INCIDENTAL, 
  28:Drivers/u8glib/src/u8g_com_i2c.c ****   SPECIAL, EXEMPLARY, OR CONSEQUENTIAL DAMAGES (INCLUDING, BUT 
  29:Drivers/u8glib/src/u8g_com_i2c.c ****   NOT LIMITED TO, PROCUREMENT OF SUBSTITUTE GOODS OR SERVICES; 
  30:Drivers/u8glib/src/u8g_com_i2c.c ****   LOSS OF USE, DATA, OR PROFITS; OR BUSINESS INTERRUPTION) HOWEVER 
  31:Drivers/u8glib/src/u8g_com_i2c.c ****   CAUSED AND ON ANY THEORY OF LIABILITY, WHETHER IN CONTRACT, 
  32:Drivers/u8glib/src/u8g_com_i2c.c ****   STRICT LIABILITY, OR TORT (INCLUDING NEGLIGENCE OR OTHERWISE) 
ARM GAS  C:\Users\Zbigniew\AppData\Local\Temp\ccqc4MVg.s 			page 2


  33:Drivers/u8glib/src/u8g_com_i2c.c ****   ARISING IN ANY WAY OUT OF THE USE OF THIS SOFTWARE, EVEN IF 
  34:Drivers/u8glib/src/u8g_com_i2c.c ****   ADVISED OF THE POSSIBILITY OF SUCH DAMAGE.  
  35:Drivers/u8glib/src/u8g_com_i2c.c ****   
  36:Drivers/u8glib/src/u8g_com_i2c.c **** */
  37:Drivers/u8glib/src/u8g_com_i2c.c **** 
  38:Drivers/u8glib/src/u8g_com_i2c.c **** 
  39:Drivers/u8glib/src/u8g_com_i2c.c **** #include "../Drivers/u8glib/inc/u8g.h"
  40:Drivers/u8glib/src/u8g_com_i2c.c **** 
  41:Drivers/u8glib/src/u8g_com_i2c.c **** //#define U8G_I2C_WITH_NO_ACK
  42:Drivers/u8glib/src/u8g_com_i2c.c **** 
  43:Drivers/u8glib/src/u8g_com_i2c.c **** static uint8_t u8g_i2c_err_code;
  44:Drivers/u8glib/src/u8g_com_i2c.c **** static uint8_t u8g_i2c_opt;		/* U8G_I2C_OPT_NO_ACK, SAM: U8G_I2C_OPT_DEV_1 */
  45:Drivers/u8glib/src/u8g_com_i2c.c **** /*
  46:Drivers/u8glib/src/u8g_com_i2c.c ****   position values
  47:Drivers/u8glib/src/u8g_com_i2c.c ****     1: start condition
  48:Drivers/u8glib/src/u8g_com_i2c.c ****     2: sla transfer
  49:Drivers/u8glib/src/u8g_com_i2c.c **** */
  50:Drivers/u8glib/src/u8g_com_i2c.c **** static uint8_t u8g_i2c_err_pos;
  51:Drivers/u8glib/src/u8g_com_i2c.c **** 
  52:Drivers/u8glib/src/u8g_com_i2c.c **** 
  53:Drivers/u8glib/src/u8g_com_i2c.c **** void u8g_i2c_clear_error(void)
  54:Drivers/u8glib/src/u8g_com_i2c.c **** {
  27              		.loc 1 54 1 view -0
  28              		.cfi_startproc
  29              		@ args = 0, pretend = 0, frame = 0
  30              		@ frame_needed = 0, uses_anonymous_args = 0
  31              		@ link register save eliminated.
  55:Drivers/u8glib/src/u8g_com_i2c.c ****   u8g_i2c_err_code = U8G_I2C_ERR_NONE;
  32              		.loc 1 55 3 view .LVU1
  33              		.loc 1 55 20 is_stmt 0 view .LVU2
  34 0000 0023     		movs	r3, #0
  35 0002 024A     		ldr	r2, .L2
  36 0004 1370     		strb	r3, [r2]
  56:Drivers/u8glib/src/u8g_com_i2c.c ****   u8g_i2c_err_pos = 0;
  37              		.loc 1 56 3 is_stmt 1 view .LVU3
  38              		.loc 1 56 19 is_stmt 0 view .LVU4
  39 0006 024A     		ldr	r2, .L2+4
  40 0008 1370     		strb	r3, [r2]
  57:Drivers/u8glib/src/u8g_com_i2c.c **** }
  41              		.loc 1 57 1 view .LVU5
  42 000a 7047     		bx	lr
  43              	.L3:
  44              		.align	2
  45              	.L2:
  46 000c 00000000 		.word	.LANCHOR0
  47 0010 00000000 		.word	.LANCHOR1
  48              		.cfi_endproc
  49              	.LFE0:
  51              		.section	.text.u8g_i2c_get_error,"ax",%progbits
  52              		.align	1
  53              		.global	u8g_i2c_get_error
  54              		.syntax unified
  55              		.thumb
  56              		.thumb_func
  58              	u8g_i2c_get_error:
  59              	.LFB1:
  58:Drivers/u8glib/src/u8g_com_i2c.c **** 
ARM GAS  C:\Users\Zbigniew\AppData\Local\Temp\ccqc4MVg.s 			page 3


  59:Drivers/u8glib/src/u8g_com_i2c.c **** uint8_t  u8g_i2c_get_error(void)
  60:Drivers/u8glib/src/u8g_com_i2c.c **** {
  60              		.loc 1 60 1 is_stmt 1 view -0
  61              		.cfi_startproc
  62              		@ args = 0, pretend = 0, frame = 0
  63              		@ frame_needed = 0, uses_anonymous_args = 0
  64              		@ link register save eliminated.
  61:Drivers/u8glib/src/u8g_com_i2c.c ****   return u8g_i2c_err_code;
  65              		.loc 1 61 3 view .LVU7
  62:Drivers/u8glib/src/u8g_com_i2c.c **** }
  66              		.loc 1 62 1 is_stmt 0 view .LVU8
  67 0000 014B     		ldr	r3, .L5
  68 0002 1878     		ldrb	r0, [r3]	@ zero_extendqisi2
  69 0004 7047     		bx	lr
  70              	.L6:
  71 0006 00BF     		.align	2
  72              	.L5:
  73 0008 00000000 		.word	.LANCHOR0
  74              		.cfi_endproc
  75              	.LFE1:
  77              		.section	.text.u8g_i2c_get_err_pos,"ax",%progbits
  78              		.align	1
  79              		.global	u8g_i2c_get_err_pos
  80              		.syntax unified
  81              		.thumb
  82              		.thumb_func
  84              	u8g_i2c_get_err_pos:
  85              	.LFB2:
  63:Drivers/u8glib/src/u8g_com_i2c.c **** 
  64:Drivers/u8glib/src/u8g_com_i2c.c **** uint8_t u8g_i2c_get_err_pos(void)
  65:Drivers/u8glib/src/u8g_com_i2c.c **** {
  86              		.loc 1 65 1 is_stmt 1 view -0
  87              		.cfi_startproc
  88              		@ args = 0, pretend = 0, frame = 0
  89              		@ frame_needed = 0, uses_anonymous_args = 0
  90              		@ link register save eliminated.
  66:Drivers/u8glib/src/u8g_com_i2c.c ****   return u8g_i2c_err_pos;
  91              		.loc 1 66 3 view .LVU10
  67:Drivers/u8glib/src/u8g_com_i2c.c **** }
  92              		.loc 1 67 1 is_stmt 0 view .LVU11
  93 0000 014B     		ldr	r3, .L8
  94 0002 1878     		ldrb	r0, [r3]	@ zero_extendqisi2
  95 0004 7047     		bx	lr
  96              	.L9:
  97 0006 00BF     		.align	2
  98              	.L8:
  99 0008 00000000 		.word	.LANCHOR1
 100              		.cfi_endproc
 101              	.LFE2:
 103              		.section	.text.u8g_i2c_init,"ax",%progbits
 104              		.align	1
 105              		.global	u8g_i2c_init
 106              		.syntax unified
 107              		.thumb
 108              		.thumb_func
 110              	u8g_i2c_init:
 111              	.LVL0:
ARM GAS  C:\Users\Zbigniew\AppData\Local\Temp\ccqc4MVg.s 			page 4


 112              	.LFB3:
  68:Drivers/u8glib/src/u8g_com_i2c.c **** 
  69:Drivers/u8glib/src/u8g_com_i2c.c **** 
  70:Drivers/u8glib/src/u8g_com_i2c.c **** 
  71:Drivers/u8glib/src/u8g_com_i2c.c **** #if defined(__AVR__)
  72:Drivers/u8glib/src/u8g_com_i2c.c **** 
  73:Drivers/u8glib/src/u8g_com_i2c.c **** static void u8g_i2c_set_error(uint8_t code, uint8_t pos)
  74:Drivers/u8glib/src/u8g_com_i2c.c **** {
  75:Drivers/u8glib/src/u8g_com_i2c.c ****   if ( u8g_i2c_err_code > 0 )
  76:Drivers/u8glib/src/u8g_com_i2c.c ****     return;
  77:Drivers/u8glib/src/u8g_com_i2c.c ****   u8g_i2c_err_code |= code;
  78:Drivers/u8glib/src/u8g_com_i2c.c ****   u8g_i2c_err_pos = pos;
  79:Drivers/u8glib/src/u8g_com_i2c.c **** }
  80:Drivers/u8glib/src/u8g_com_i2c.c **** 
  81:Drivers/u8glib/src/u8g_com_i2c.c **** #define U8G_ATMEGA_HW_TWI
  82:Drivers/u8glib/src/u8g_com_i2c.c **** 
  83:Drivers/u8glib/src/u8g_com_i2c.c **** /* remove the definition for attiny */
  84:Drivers/u8glib/src/u8g_com_i2c.c **** #if __AVR_ARCH__ == 2
  85:Drivers/u8glib/src/u8g_com_i2c.c **** #undef U8G_ATMEGA_HW_TWI
  86:Drivers/u8glib/src/u8g_com_i2c.c **** #endif
  87:Drivers/u8glib/src/u8g_com_i2c.c **** #if __AVR_ARCH__ == 25
  88:Drivers/u8glib/src/u8g_com_i2c.c **** #undef U8G_ATMEGA_HW_TWI
  89:Drivers/u8glib/src/u8g_com_i2c.c **** #endif
  90:Drivers/u8glib/src/u8g_com_i2c.c **** #endif
  91:Drivers/u8glib/src/u8g_com_i2c.c **** 
  92:Drivers/u8glib/src/u8g_com_i2c.c **** #if defined(U8G_ATMEGA_HW_TWI)
  93:Drivers/u8glib/src/u8g_com_i2c.c **** 
  94:Drivers/u8glib/src/u8g_com_i2c.c **** #include <avr/io.h>
  95:Drivers/u8glib/src/u8g_com_i2c.c **** #include <util/twi.h>
  96:Drivers/u8glib/src/u8g_com_i2c.c **** 
  97:Drivers/u8glib/src/u8g_com_i2c.c **** 
  98:Drivers/u8glib/src/u8g_com_i2c.c **** 
  99:Drivers/u8glib/src/u8g_com_i2c.c **** void u8g_i2c_init(uint8_t options)
 100:Drivers/u8glib/src/u8g_com_i2c.c **** {
 101:Drivers/u8glib/src/u8g_com_i2c.c ****   /*
 102:Drivers/u8glib/src/u8g_com_i2c.c ****   TWBR: bit rate register
 103:Drivers/u8glib/src/u8g_com_i2c.c ****   TWSR: status register (contains preselector bits)
 104:Drivers/u8glib/src/u8g_com_i2c.c **** 
 105:Drivers/u8glib/src/u8g_com_i2c.c ****   prescalar
 106:Drivers/u8glib/src/u8g_com_i2c.c ****     0		1
 107:Drivers/u8glib/src/u8g_com_i2c.c ****     1		4
 108:Drivers/u8glib/src/u8g_com_i2c.c ****     2		16
 109:Drivers/u8glib/src/u8g_com_i2c.c ****     3		64
 110:Drivers/u8glib/src/u8g_com_i2c.c **** 
 111:Drivers/u8glib/src/u8g_com_i2c.c ****   f = F_CPU/(16+2*TWBR*prescalar)
 112:Drivers/u8glib/src/u8g_com_i2c.c ****   
 113:Drivers/u8glib/src/u8g_com_i2c.c ****   F_CPU = 16MHz
 114:Drivers/u8glib/src/u8g_com_i2c.c ****     TWBR = 152;
 115:Drivers/u8glib/src/u8g_com_i2c.c ****     TWSR = 0;
 116:Drivers/u8glib/src/u8g_com_i2c.c **** 	--> 50KHz
 117:Drivers/u8glib/src/u8g_com_i2c.c **** 
 118:Drivers/u8glib/src/u8g_com_i2c.c ****     TWBR = 72;
 119:Drivers/u8glib/src/u8g_com_i2c.c ****     TWSR = 0;
 120:Drivers/u8glib/src/u8g_com_i2c.c **** 	--> 100KHz
 121:Drivers/u8glib/src/u8g_com_i2c.c **** 
 122:Drivers/u8glib/src/u8g_com_i2c.c ****     TWBR = 12;
 123:Drivers/u8glib/src/u8g_com_i2c.c ****     TWSR = 0;
ARM GAS  C:\Users\Zbigniew\AppData\Local\Temp\ccqc4MVg.s 			page 5


 124:Drivers/u8glib/src/u8g_com_i2c.c **** 	--> 400KHz
 125:Drivers/u8glib/src/u8g_com_i2c.c **** 
 126:Drivers/u8glib/src/u8g_com_i2c.c ****     F_CPU/(2*100000)-8  --> calculate TWBR value for 100KHz
 127:Drivers/u8glib/src/u8g_com_i2c.c **** */
 128:Drivers/u8glib/src/u8g_com_i2c.c ****   u8g_i2c_opt = options;
 129:Drivers/u8glib/src/u8g_com_i2c.c ****   TWSR = 0;
 130:Drivers/u8glib/src/u8g_com_i2c.c ****   if ( options & U8G_I2C_OPT_FAST )
 131:Drivers/u8glib/src/u8g_com_i2c.c ****   {
 132:Drivers/u8glib/src/u8g_com_i2c.c ****     TWBR = F_CPU/(2*400000)-8;
 133:Drivers/u8glib/src/u8g_com_i2c.c ****   }
 134:Drivers/u8glib/src/u8g_com_i2c.c ****   else
 135:Drivers/u8glib/src/u8g_com_i2c.c ****   {  
 136:Drivers/u8glib/src/u8g_com_i2c.c ****     TWBR = F_CPU/(2*100000)-8;
 137:Drivers/u8glib/src/u8g_com_i2c.c ****   }
 138:Drivers/u8glib/src/u8g_com_i2c.c ****   u8g_i2c_clear_error();
 139:Drivers/u8glib/src/u8g_com_i2c.c **** }
 140:Drivers/u8glib/src/u8g_com_i2c.c **** 
 141:Drivers/u8glib/src/u8g_com_i2c.c **** uint8_t u8g_i2c_wait(uint8_t mask, uint8_t pos)
 142:Drivers/u8glib/src/u8g_com_i2c.c **** {
 143:Drivers/u8glib/src/u8g_com_i2c.c ****   volatile uint16_t cnt = 2000;	/* timout value should be > 280 for 50KHz Bus and 16 Mhz CPU, howev
 144:Drivers/u8glib/src/u8g_com_i2c.c ****   while( !(TWCR & mask) )
 145:Drivers/u8glib/src/u8g_com_i2c.c ****   {
 146:Drivers/u8glib/src/u8g_com_i2c.c ****       if ( cnt == 0 )
 147:Drivers/u8glib/src/u8g_com_i2c.c ****       {
 148:Drivers/u8glib/src/u8g_com_i2c.c **** 	if ( u8g_i2c_opt & U8G_I2C_OPT_NO_ACK )
 149:Drivers/u8glib/src/u8g_com_i2c.c **** 	{
 150:Drivers/u8glib/src/u8g_com_i2c.c **** 	  return 1;	/* all ok */
 151:Drivers/u8glib/src/u8g_com_i2c.c **** 	}
 152:Drivers/u8glib/src/u8g_com_i2c.c **** 	else
 153:Drivers/u8glib/src/u8g_com_i2c.c **** 	{
 154:Drivers/u8glib/src/u8g_com_i2c.c **** 	  u8g_i2c_set_error(U8G_I2C_ERR_TIMEOUT, pos);
 155:Drivers/u8glib/src/u8g_com_i2c.c **** 	  return 0; /* error */
 156:Drivers/u8glib/src/u8g_com_i2c.c **** 	}
 157:Drivers/u8glib/src/u8g_com_i2c.c ****       }
 158:Drivers/u8glib/src/u8g_com_i2c.c ****       cnt--;
 159:Drivers/u8glib/src/u8g_com_i2c.c ****     }
 160:Drivers/u8glib/src/u8g_com_i2c.c ****   return 1;	/* all ok */
 161:Drivers/u8glib/src/u8g_com_i2c.c **** }
 162:Drivers/u8glib/src/u8g_com_i2c.c **** 
 163:Drivers/u8glib/src/u8g_com_i2c.c **** /* sla includes all 8 bits (with r/w bit), assums master transmit */
 164:Drivers/u8glib/src/u8g_com_i2c.c **** uint8_t u8g_i2c_start(uint8_t sla)
 165:Drivers/u8glib/src/u8g_com_i2c.c **** {
 166:Drivers/u8glib/src/u8g_com_i2c.c ****   register uint8_t status;
 167:Drivers/u8glib/src/u8g_com_i2c.c ****   
 168:Drivers/u8glib/src/u8g_com_i2c.c ****   /* send start */
 169:Drivers/u8glib/src/u8g_com_i2c.c ****   TWCR = _BV(TWINT) |  _BV(TWSTA)  |  _BV(TWEN);
 170:Drivers/u8glib/src/u8g_com_i2c.c ****    
 171:Drivers/u8glib/src/u8g_com_i2c.c ****   /* wait */
 172:Drivers/u8glib/src/u8g_com_i2c.c ****   if ( u8g_i2c_wait(_BV(TWINT), 1) == 0 )
 173:Drivers/u8glib/src/u8g_com_i2c.c ****     return 0;
 174:Drivers/u8glib/src/u8g_com_i2c.c ****   
 175:Drivers/u8glib/src/u8g_com_i2c.c ****   status = TW_STATUS;
 176:Drivers/u8glib/src/u8g_com_i2c.c ****  
 177:Drivers/u8glib/src/u8g_com_i2c.c ****   /* check status after start */  
 178:Drivers/u8glib/src/u8g_com_i2c.c ****   if ( status != TW_START && status != TW_REP_START )
 179:Drivers/u8glib/src/u8g_com_i2c.c ****   {
 180:Drivers/u8glib/src/u8g_com_i2c.c ****     u8g_i2c_set_error(U8G_I2C_ERR_BUS, 1);
ARM GAS  C:\Users\Zbigniew\AppData\Local\Temp\ccqc4MVg.s 			page 6


 181:Drivers/u8glib/src/u8g_com_i2c.c ****     return 0;
 182:Drivers/u8glib/src/u8g_com_i2c.c ****   }
 183:Drivers/u8glib/src/u8g_com_i2c.c **** 
 184:Drivers/u8glib/src/u8g_com_i2c.c ****   /* set slave address */  
 185:Drivers/u8glib/src/u8g_com_i2c.c ****   TWDR = sla;
 186:Drivers/u8glib/src/u8g_com_i2c.c ****   
 187:Drivers/u8glib/src/u8g_com_i2c.c ****   /* enable sla transfer */
 188:Drivers/u8glib/src/u8g_com_i2c.c ****   TWCR = _BV(TWINT)  |  _BV(TWEN);
 189:Drivers/u8glib/src/u8g_com_i2c.c **** 
 190:Drivers/u8glib/src/u8g_com_i2c.c ****   /* wait */
 191:Drivers/u8glib/src/u8g_com_i2c.c ****   if ( u8g_i2c_wait(_BV(TWINT), 2) == 0 )
 192:Drivers/u8glib/src/u8g_com_i2c.c ****     return 0;
 193:Drivers/u8glib/src/u8g_com_i2c.c **** 
 194:Drivers/u8glib/src/u8g_com_i2c.c ****   if ( u8g_i2c_opt & U8G_I2C_OPT_NO_ACK )
 195:Drivers/u8glib/src/u8g_com_i2c.c ****   {
 196:Drivers/u8glib/src/u8g_com_i2c.c ****     /* do not check for ACK */
 197:Drivers/u8glib/src/u8g_com_i2c.c ****   }
 198:Drivers/u8glib/src/u8g_com_i2c.c ****   else
 199:Drivers/u8glib/src/u8g_com_i2c.c ****   {
 200:Drivers/u8glib/src/u8g_com_i2c.c ****     status = TW_STATUS;
 201:Drivers/u8glib/src/u8g_com_i2c.c ****     /* check status after sla */  
 202:Drivers/u8glib/src/u8g_com_i2c.c ****     if ( status != TW_MT_SLA_ACK )
 203:Drivers/u8glib/src/u8g_com_i2c.c ****     {
 204:Drivers/u8glib/src/u8g_com_i2c.c ****       u8g_i2c_set_error(U8G_I2C_ERR_BUS, 2);
 205:Drivers/u8glib/src/u8g_com_i2c.c ****       return 0;
 206:Drivers/u8glib/src/u8g_com_i2c.c ****     }
 207:Drivers/u8glib/src/u8g_com_i2c.c ****   }
 208:Drivers/u8glib/src/u8g_com_i2c.c **** 
 209:Drivers/u8glib/src/u8g_com_i2c.c ****    return 1;
 210:Drivers/u8glib/src/u8g_com_i2c.c **** }
 211:Drivers/u8glib/src/u8g_com_i2c.c **** 
 212:Drivers/u8glib/src/u8g_com_i2c.c **** uint8_t u8g_i2c_send_byte(uint8_t data)
 213:Drivers/u8glib/src/u8g_com_i2c.c **** {
 214:Drivers/u8glib/src/u8g_com_i2c.c ****   register uint8_t status;
 215:Drivers/u8glib/src/u8g_com_i2c.c ****   TWDR = data;
 216:Drivers/u8glib/src/u8g_com_i2c.c ****   TWCR = _BV(TWINT)  |  _BV(TWEN);
 217:Drivers/u8glib/src/u8g_com_i2c.c ****   if ( u8g_i2c_wait(_BV(TWINT), 3) == 0 )
 218:Drivers/u8glib/src/u8g_com_i2c.c ****     return 0;
 219:Drivers/u8glib/src/u8g_com_i2c.c ****     
 220:Drivers/u8glib/src/u8g_com_i2c.c ****   if ( u8g_i2c_opt & U8G_I2C_OPT_NO_ACK )
 221:Drivers/u8glib/src/u8g_com_i2c.c ****   {
 222:Drivers/u8glib/src/u8g_com_i2c.c ****     /* do not check for ACK */
 223:Drivers/u8glib/src/u8g_com_i2c.c ****   }
 224:Drivers/u8glib/src/u8g_com_i2c.c ****   else
 225:Drivers/u8glib/src/u8g_com_i2c.c ****   {
 226:Drivers/u8glib/src/u8g_com_i2c.c ****     status = TW_STATUS;  
 227:Drivers/u8glib/src/u8g_com_i2c.c ****     if ( status != TW_MT_DATA_ACK )
 228:Drivers/u8glib/src/u8g_com_i2c.c ****     {
 229:Drivers/u8glib/src/u8g_com_i2c.c ****       u8g_i2c_set_error(U8G_I2C_ERR_BUS, 3);
 230:Drivers/u8glib/src/u8g_com_i2c.c ****       return 0;
 231:Drivers/u8glib/src/u8g_com_i2c.c ****     }
 232:Drivers/u8glib/src/u8g_com_i2c.c ****   }
 233:Drivers/u8glib/src/u8g_com_i2c.c **** 
 234:Drivers/u8glib/src/u8g_com_i2c.c ****   return 1;  
 235:Drivers/u8glib/src/u8g_com_i2c.c **** }
 236:Drivers/u8glib/src/u8g_com_i2c.c **** 
 237:Drivers/u8glib/src/u8g_com_i2c.c **** void u8g_i2c_stop(void)
ARM GAS  C:\Users\Zbigniew\AppData\Local\Temp\ccqc4MVg.s 			page 7


 238:Drivers/u8glib/src/u8g_com_i2c.c **** {
 239:Drivers/u8glib/src/u8g_com_i2c.c ****   /* write stop */
 240:Drivers/u8glib/src/u8g_com_i2c.c ****   TWCR = _BV(TWINT) | _BV(TWEN) | _BV(TWSTO);
 241:Drivers/u8glib/src/u8g_com_i2c.c **** 
 242:Drivers/u8glib/src/u8g_com_i2c.c ****   /* no error is checked for the stop condition */  
 243:Drivers/u8glib/src/u8g_com_i2c.c ****   u8g_i2c_wait(_BV(TWSTO), 4);
 244:Drivers/u8glib/src/u8g_com_i2c.c ****   
 245:Drivers/u8glib/src/u8g_com_i2c.c **** }
 246:Drivers/u8glib/src/u8g_com_i2c.c **** 
 247:Drivers/u8glib/src/u8g_com_i2c.c **** /*
 248:Drivers/u8glib/src/u8g_com_i2c.c **** void twi_send(uint8_t adr, uint8_t data1, uint8_t data2)
 249:Drivers/u8glib/src/u8g_com_i2c.c **** {
 250:Drivers/u8glib/src/u8g_com_i2c.c ****   u8g_i2c_start(adr<<1);
 251:Drivers/u8glib/src/u8g_com_i2c.c ****   u8g_i2c_send_byte(data1);
 252:Drivers/u8glib/src/u8g_com_i2c.c ****   u8g_i2c_send_byte(data2);
 253:Drivers/u8glib/src/u8g_com_i2c.c ****   u8g_i2c_stop();
 254:Drivers/u8glib/src/u8g_com_i2c.c **** }
 255:Drivers/u8glib/src/u8g_com_i2c.c **** */
 256:Drivers/u8glib/src/u8g_com_i2c.c **** 
 257:Drivers/u8glib/src/u8g_com_i2c.c **** #elif defined(ARDUINO) && defined(__SAM3X8E__)
 258:Drivers/u8glib/src/u8g_com_i2c.c **** /* Arduino Due */
 259:Drivers/u8glib/src/u8g_com_i2c.c **** #include "Arduino.h"
 260:Drivers/u8glib/src/u8g_com_i2c.c **** #include "sam.h"
 261:Drivers/u8glib/src/u8g_com_i2c.c **** 
 262:Drivers/u8glib/src/u8g_com_i2c.c **** /*
 263:Drivers/u8glib/src/u8g_com_i2c.c **** 
 264:Drivers/u8glib/src/u8g_com_i2c.c **** Controller
 265:Drivers/u8glib/src/u8g_com_i2c.c **** 
 266:Drivers/u8glib/src/u8g_com_i2c.c **** TWI0 TWCK0 PA18 A			DUE PCB: SCL1
 267:Drivers/u8glib/src/u8g_com_i2c.c **** TWI0 TWD0 PA17 A			DUE PCB: SDA1 
 268:Drivers/u8glib/src/u8g_com_i2c.c **** TWI1 TWCK1 PB13 A			DUE PCB: SCL 21
 269:Drivers/u8glib/src/u8g_com_i2c.c **** TWI1 TWD1 PB12 A			DUE PCB: SDA 20
 270:Drivers/u8glib/src/u8g_com_i2c.c **** 
 271:Drivers/u8glib/src/u8g_com_i2c.c **** Arduino definitions
 272:Drivers/u8glib/src/u8g_com_i2c.c **** 
 273:Drivers/u8glib/src/u8g_com_i2c.c **** #define PIN_WIRE_SDA         (20u)
 274:Drivers/u8glib/src/u8g_com_i2c.c **** #define PIN_WIRE_SCL         (21u)
 275:Drivers/u8glib/src/u8g_com_i2c.c **** #define WIRE_INTERFACE       TWI1
 276:Drivers/u8glib/src/u8g_com_i2c.c **** #define WIRE_INTERFACE_ID    ID_TWI1
 277:Drivers/u8glib/src/u8g_com_i2c.c **** #define WIRE_ISR_HANDLER     TWI1_Handler
 278:Drivers/u8glib/src/u8g_com_i2c.c **** 
 279:Drivers/u8glib/src/u8g_com_i2c.c **** #define PIN_WIRE1_SDA        (70u)
 280:Drivers/u8glib/src/u8g_com_i2c.c **** #define PIN_WIRE1_SCL        (71u)
 281:Drivers/u8glib/src/u8g_com_i2c.c **** #define WIRE1_INTERFACE      TWI0
 282:Drivers/u8glib/src/u8g_com_i2c.c **** #define WIRE1_INTERFACE_ID   ID_TWI0
 283:Drivers/u8glib/src/u8g_com_i2c.c **** #define WIRE1_ISR_HANDLER    TWI0_Handler
 284:Drivers/u8glib/src/u8g_com_i2c.c **** 
 285:Drivers/u8glib/src/u8g_com_i2c.c **** 
 286:Drivers/u8glib/src/u8g_com_i2c.c **** */
 287:Drivers/u8glib/src/u8g_com_i2c.c **** 
 288:Drivers/u8glib/src/u8g_com_i2c.c **** static void i2c_400KHz_delay(void)
 289:Drivers/u8glib/src/u8g_com_i2c.c **** {
 290:Drivers/u8glib/src/u8g_com_i2c.c ****   /* should be at least 4 */
 291:Drivers/u8glib/src/u8g_com_i2c.c ****   /* should be 5 for 100KHz transfer speed */
 292:Drivers/u8glib/src/u8g_com_i2c.c ****  
 293:Drivers/u8glib/src/u8g_com_i2c.c ****   
 294:Drivers/u8glib/src/u8g_com_i2c.c ****   /*
ARM GAS  C:\Users\Zbigniew\AppData\Local\Temp\ccqc4MVg.s 			page 8


 295:Drivers/u8glib/src/u8g_com_i2c.c ****     Arduino Due
 296:Drivers/u8glib/src/u8g_com_i2c.c ****     0x NOP: 470KHz
 297:Drivers/u8glib/src/u8g_com_i2c.c ****     4x NOP: 450KHz
 298:Drivers/u8glib/src/u8g_com_i2c.c ****     8x NOP: 430KHz
 299:Drivers/u8glib/src/u8g_com_i2c.c ****     16x NOP: 400KHz
 300:Drivers/u8glib/src/u8g_com_i2c.c ****   */
 301:Drivers/u8glib/src/u8g_com_i2c.c ****   
 302:Drivers/u8glib/src/u8g_com_i2c.c ****   __NOP();
 303:Drivers/u8glib/src/u8g_com_i2c.c ****   __NOP();
 304:Drivers/u8glib/src/u8g_com_i2c.c ****   __NOP();
 305:Drivers/u8glib/src/u8g_com_i2c.c ****   __NOP();
 306:Drivers/u8glib/src/u8g_com_i2c.c ****   
 307:Drivers/u8glib/src/u8g_com_i2c.c ****   __NOP();
 308:Drivers/u8glib/src/u8g_com_i2c.c ****   __NOP();
 309:Drivers/u8glib/src/u8g_com_i2c.c ****   __NOP();
 310:Drivers/u8glib/src/u8g_com_i2c.c ****   __NOP();
 311:Drivers/u8glib/src/u8g_com_i2c.c **** 
 312:Drivers/u8glib/src/u8g_com_i2c.c ****   __NOP();
 313:Drivers/u8glib/src/u8g_com_i2c.c ****   __NOP();
 314:Drivers/u8glib/src/u8g_com_i2c.c ****   __NOP();
 315:Drivers/u8glib/src/u8g_com_i2c.c ****   __NOP();
 316:Drivers/u8glib/src/u8g_com_i2c.c **** 
 317:Drivers/u8glib/src/u8g_com_i2c.c ****   __NOP();
 318:Drivers/u8glib/src/u8g_com_i2c.c ****   __NOP();
 319:Drivers/u8glib/src/u8g_com_i2c.c ****   __NOP();
 320:Drivers/u8glib/src/u8g_com_i2c.c ****   __NOP();
 321:Drivers/u8glib/src/u8g_com_i2c.c **** }
 322:Drivers/u8glib/src/u8g_com_i2c.c **** 
 323:Drivers/u8glib/src/u8g_com_i2c.c **** static void i2c_100KHz_delay(void)
 324:Drivers/u8glib/src/u8g_com_i2c.c **** {
 325:Drivers/u8glib/src/u8g_com_i2c.c ****   /* 
 326:Drivers/u8glib/src/u8g_com_i2c.c ****     1x u8g_MicroDelay()	ca. 130KHz
 327:Drivers/u8glib/src/u8g_com_i2c.c ****     2x u8g_MicroDelay()	ca. 80KHz 
 328:Drivers/u8glib/src/u8g_com_i2c.c ****   */
 329:Drivers/u8glib/src/u8g_com_i2c.c ****   u8g_MicroDelay();
 330:Drivers/u8glib/src/u8g_com_i2c.c ****   u8g_MicroDelay();  
 331:Drivers/u8glib/src/u8g_com_i2c.c **** }
 332:Drivers/u8glib/src/u8g_com_i2c.c **** 
 333:Drivers/u8glib/src/u8g_com_i2c.c **** 
 334:Drivers/u8glib/src/u8g_com_i2c.c **** uint32_t i2c_started = 0;
 335:Drivers/u8glib/src/u8g_com_i2c.c **** uint32_t i2c_scl_pin = 0;
 336:Drivers/u8glib/src/u8g_com_i2c.c **** uint32_t i2c_sda_pin = 0;
 337:Drivers/u8glib/src/u8g_com_i2c.c **** void (*i2c_delay)(void) = i2c_100KHz_delay;
 338:Drivers/u8glib/src/u8g_com_i2c.c **** 
 339:Drivers/u8glib/src/u8g_com_i2c.c **** const PinDescription *i2c_scl_pin_desc;
 340:Drivers/u8glib/src/u8g_com_i2c.c **** const PinDescription *i2c_sda_pin_desc;
 341:Drivers/u8glib/src/u8g_com_i2c.c **** 
 342:Drivers/u8glib/src/u8g_com_i2c.c **** 
 343:Drivers/u8glib/src/u8g_com_i2c.c **** /* maybe this can be optimized */
 344:Drivers/u8glib/src/u8g_com_i2c.c **** static void i2c_init(void)
 345:Drivers/u8glib/src/u8g_com_i2c.c **** {
 346:Drivers/u8glib/src/u8g_com_i2c.c ****   i2c_sda_pin_desc = &(g_APinDescription[i2c_sda_pin]);
 347:Drivers/u8glib/src/u8g_com_i2c.c ****   i2c_scl_pin_desc = &(g_APinDescription[i2c_scl_pin]);
 348:Drivers/u8glib/src/u8g_com_i2c.c ****   pinMode(i2c_sda_pin, OUTPUT);
 349:Drivers/u8glib/src/u8g_com_i2c.c ****   digitalWrite(i2c_sda_pin, HIGH);
 350:Drivers/u8glib/src/u8g_com_i2c.c ****   pinMode(i2c_scl_pin, OUTPUT);
 351:Drivers/u8glib/src/u8g_com_i2c.c ****   digitalWrite(i2c_scl_pin, HIGH);
ARM GAS  C:\Users\Zbigniew\AppData\Local\Temp\ccqc4MVg.s 			page 9


 352:Drivers/u8glib/src/u8g_com_i2c.c ****   PIO_Configure( i2c_sda_pin_desc->pPort, PIO_OUTPUT_0, i2c_sda_pin_desc->ulPin, PIO_OPENDRAIN );
 353:Drivers/u8glib/src/u8g_com_i2c.c ****   PIO_Configure( i2c_scl_pin_desc->pPort, PIO_OUTPUT_0, i2c_scl_pin_desc->ulPin, PIO_OPENDRAIN );
 354:Drivers/u8glib/src/u8g_com_i2c.c ****   PIO_Clear( i2c_sda_pin_desc->pPort, i2c_sda_pin_desc->ulPin) ;
 355:Drivers/u8glib/src/u8g_com_i2c.c ****   PIO_Clear( i2c_scl_pin_desc->pPort, i2c_scl_pin_desc->ulPin) ;
 356:Drivers/u8glib/src/u8g_com_i2c.c ****   PIO_Configure( i2c_sda_pin_desc->pPort, PIO_INPUT, i2c_sda_pin_desc->ulPin, PIO_DEFAULT ) ;
 357:Drivers/u8glib/src/u8g_com_i2c.c ****   PIO_Configure( i2c_scl_pin_desc->pPort, PIO_INPUT, i2c_scl_pin_desc->ulPin, PIO_DEFAULT ) ;
 358:Drivers/u8glib/src/u8g_com_i2c.c ****   i2c_delay();
 359:Drivers/u8glib/src/u8g_com_i2c.c **** }
 360:Drivers/u8glib/src/u8g_com_i2c.c **** 
 361:Drivers/u8glib/src/u8g_com_i2c.c **** /* actually, the scl line is not observed, so this procedure does not return a value */
 362:Drivers/u8glib/src/u8g_com_i2c.c **** static void i2c_read_scl_and_delay(void)
 363:Drivers/u8glib/src/u8g_com_i2c.c **** {
 364:Drivers/u8glib/src/u8g_com_i2c.c ****   uint32_t dwMask = i2c_scl_pin_desc->ulPin;
 365:Drivers/u8glib/src/u8g_com_i2c.c ****   //PIO_Configure( i2c_scl_pin_desc->pPort, PIO_INPUT, i2c_scl_pin_desc->ulPin, PIO_DEFAULT ) ;
 366:Drivers/u8glib/src/u8g_com_i2c.c ****   //PIO_SetInput( i2c_scl_pin_desc->pPort, i2c_scl_pin_desc->ulPin, PIO_DEFAULT ) ;
 367:Drivers/u8glib/src/u8g_com_i2c.c **** 
 368:Drivers/u8glib/src/u8g_com_i2c.c ****   /* set as input */
 369:Drivers/u8glib/src/u8g_com_i2c.c ****   i2c_scl_pin_desc->pPort->PIO_ODR = dwMask ;
 370:Drivers/u8glib/src/u8g_com_i2c.c ****   i2c_scl_pin_desc->pPort->PIO_PER = dwMask ;
 371:Drivers/u8glib/src/u8g_com_i2c.c **** 
 372:Drivers/u8glib/src/u8g_com_i2c.c ****   i2c_delay();
 373:Drivers/u8glib/src/u8g_com_i2c.c **** }
 374:Drivers/u8glib/src/u8g_com_i2c.c **** 
 375:Drivers/u8glib/src/u8g_com_i2c.c **** static void i2c_clear_scl(void)
 376:Drivers/u8glib/src/u8g_com_i2c.c **** {
 377:Drivers/u8glib/src/u8g_com_i2c.c ****   uint32_t dwMask = i2c_scl_pin_desc->ulPin;
 378:Drivers/u8glib/src/u8g_com_i2c.c ****   
 379:Drivers/u8glib/src/u8g_com_i2c.c ****   /* set open collector and drive low */
 380:Drivers/u8glib/src/u8g_com_i2c.c ****   //PIO_Configure( i2c_scl_pin_desc->pPort, PIO_OUTPUT_0, i2c_scl_pin_desc->ulPin, PIO_OPENDRAIN );
 381:Drivers/u8glib/src/u8g_com_i2c.c ****   //PIO_SetOutput( i2c_scl_pin_desc->pPort, i2c_scl_pin_desc->ulPin, 0, 1, 0);
 382:Drivers/u8glib/src/u8g_com_i2c.c **** 
 383:Drivers/u8glib/src/u8g_com_i2c.c ****   /* open drain, zero default output */
 384:Drivers/u8glib/src/u8g_com_i2c.c ****   i2c_scl_pin_desc->pPort->PIO_MDER = dwMask;
 385:Drivers/u8glib/src/u8g_com_i2c.c ****   i2c_scl_pin_desc->pPort->PIO_CODR = dwMask;
 386:Drivers/u8glib/src/u8g_com_i2c.c ****   i2c_scl_pin_desc->pPort->PIO_OER = dwMask;
 387:Drivers/u8glib/src/u8g_com_i2c.c ****   i2c_scl_pin_desc->pPort->PIO_PER = dwMask;
 388:Drivers/u8glib/src/u8g_com_i2c.c **** 
 389:Drivers/u8glib/src/u8g_com_i2c.c ****   //PIO_Clear( i2c_scl_pin_desc->pPort, i2c_scl_pin_desc->ulPin) ;
 390:Drivers/u8glib/src/u8g_com_i2c.c **** }
 391:Drivers/u8glib/src/u8g_com_i2c.c **** 
 392:Drivers/u8glib/src/u8g_com_i2c.c **** static uint8_t i2c_read_sda(void)
 393:Drivers/u8glib/src/u8g_com_i2c.c **** {
 394:Drivers/u8glib/src/u8g_com_i2c.c ****   uint32_t dwMask = i2c_sda_pin_desc->ulPin;
 395:Drivers/u8glib/src/u8g_com_i2c.c ****   //PIO_Configure( i2c_sda_pin_desc->pPort, PIO_INPUT, i2c_sda_pin_desc->ulPin, PIO_DEFAULT ) ;
 396:Drivers/u8glib/src/u8g_com_i2c.c ****   //PIO_SetInput( i2c_sda_pin_desc->pPort, i2c_sda_pin_desc->ulPin, PIO_DEFAULT ) ;
 397:Drivers/u8glib/src/u8g_com_i2c.c **** 
 398:Drivers/u8glib/src/u8g_com_i2c.c ****   /* set as input */
 399:Drivers/u8glib/src/u8g_com_i2c.c ****   i2c_sda_pin_desc->pPort->PIO_ODR = dwMask ;
 400:Drivers/u8glib/src/u8g_com_i2c.c ****   i2c_sda_pin_desc->pPort->PIO_PER = dwMask ;
 401:Drivers/u8glib/src/u8g_com_i2c.c **** 
 402:Drivers/u8glib/src/u8g_com_i2c.c **** 
 403:Drivers/u8glib/src/u8g_com_i2c.c ****   return 1;
 404:Drivers/u8glib/src/u8g_com_i2c.c **** }
 405:Drivers/u8glib/src/u8g_com_i2c.c **** 
 406:Drivers/u8glib/src/u8g_com_i2c.c **** static void i2c_clear_sda(void)
 407:Drivers/u8glib/src/u8g_com_i2c.c **** {
 408:Drivers/u8glib/src/u8g_com_i2c.c ****   uint32_t dwMask = i2c_sda_pin_desc->ulPin;
ARM GAS  C:\Users\Zbigniew\AppData\Local\Temp\ccqc4MVg.s 			page 10


 409:Drivers/u8glib/src/u8g_com_i2c.c ****   
 410:Drivers/u8glib/src/u8g_com_i2c.c ****   /* set open collector and drive low */
 411:Drivers/u8glib/src/u8g_com_i2c.c ****   //PIO_Configure( i2c_sda_pin_desc->pPort, PIO_OUTPUT_0, i2c_sda_pin_desc->ulPin, PIO_OPENDRAIN );
 412:Drivers/u8glib/src/u8g_com_i2c.c ****   //PIO_SetOutput( i2c_sda_pin_desc->pPort, i2c_sda_pin_desc->ulPin, 0, 1, 0);
 413:Drivers/u8glib/src/u8g_com_i2c.c ****   
 414:Drivers/u8glib/src/u8g_com_i2c.c ****   /* open drain, zero default output */
 415:Drivers/u8glib/src/u8g_com_i2c.c ****   i2c_sda_pin_desc->pPort->PIO_MDER = dwMask ;
 416:Drivers/u8glib/src/u8g_com_i2c.c ****   i2c_sda_pin_desc->pPort->PIO_CODR = dwMask ;
 417:Drivers/u8glib/src/u8g_com_i2c.c ****   i2c_sda_pin_desc->pPort->PIO_OER = dwMask ;
 418:Drivers/u8glib/src/u8g_com_i2c.c ****   i2c_sda_pin_desc->pPort->PIO_PER = dwMask ;
 419:Drivers/u8glib/src/u8g_com_i2c.c ****   
 420:Drivers/u8glib/src/u8g_com_i2c.c ****   //PIO_Clear( i2c_sda_pin_desc->pPort, i2c_sda_pin_desc->ulPin) ;
 421:Drivers/u8glib/src/u8g_com_i2c.c **** }
 422:Drivers/u8glib/src/u8g_com_i2c.c **** 
 423:Drivers/u8glib/src/u8g_com_i2c.c **** static void i2c_start(void)
 424:Drivers/u8glib/src/u8g_com_i2c.c **** {
 425:Drivers/u8glib/src/u8g_com_i2c.c ****   if ( i2c_started != 0 )
 426:Drivers/u8glib/src/u8g_com_i2c.c ****   {
 427:Drivers/u8glib/src/u8g_com_i2c.c ****     /* if already started: do restart */
 428:Drivers/u8glib/src/u8g_com_i2c.c ****     i2c_read_sda();     /* SDA = 1 */
 429:Drivers/u8glib/src/u8g_com_i2c.c ****     i2c_delay();
 430:Drivers/u8glib/src/u8g_com_i2c.c ****     i2c_read_scl_and_delay();
 431:Drivers/u8glib/src/u8g_com_i2c.c ****   }
 432:Drivers/u8glib/src/u8g_com_i2c.c ****   i2c_read_sda();
 433:Drivers/u8glib/src/u8g_com_i2c.c ****   /*
 434:Drivers/u8glib/src/u8g_com_i2c.c ****   if (i2c_read_sda() == 0)
 435:Drivers/u8glib/src/u8g_com_i2c.c ****   {
 436:Drivers/u8glib/src/u8g_com_i2c.c ****     // do something because arbitration is lost
 437:Drivers/u8glib/src/u8g_com_i2c.c ****   }
 438:Drivers/u8glib/src/u8g_com_i2c.c ****   */
 439:Drivers/u8glib/src/u8g_com_i2c.c ****   /* send the start condition, both lines go from 1 to 0 */
 440:Drivers/u8glib/src/u8g_com_i2c.c ****   i2c_clear_sda();
 441:Drivers/u8glib/src/u8g_com_i2c.c ****   i2c_delay();
 442:Drivers/u8glib/src/u8g_com_i2c.c ****   i2c_clear_scl();
 443:Drivers/u8glib/src/u8g_com_i2c.c ****   i2c_started = 1;
 444:Drivers/u8glib/src/u8g_com_i2c.c **** }
 445:Drivers/u8glib/src/u8g_com_i2c.c **** 
 446:Drivers/u8glib/src/u8g_com_i2c.c **** 
 447:Drivers/u8glib/src/u8g_com_i2c.c **** static void i2c_stop(void)
 448:Drivers/u8glib/src/u8g_com_i2c.c **** {
 449:Drivers/u8glib/src/u8g_com_i2c.c ****   /* set SDA to 0 */
 450:Drivers/u8glib/src/u8g_com_i2c.c ****   i2c_clear_sda();  
 451:Drivers/u8glib/src/u8g_com_i2c.c ****   i2c_delay();
 452:Drivers/u8glib/src/u8g_com_i2c.c ****  
 453:Drivers/u8glib/src/u8g_com_i2c.c ****   /* now release all lines */
 454:Drivers/u8glib/src/u8g_com_i2c.c ****   i2c_read_scl_and_delay();
 455:Drivers/u8glib/src/u8g_com_i2c.c ****  
 456:Drivers/u8glib/src/u8g_com_i2c.c ****   /* set SDA to 1 */
 457:Drivers/u8glib/src/u8g_com_i2c.c ****   i2c_read_sda();
 458:Drivers/u8glib/src/u8g_com_i2c.c ****   i2c_delay();
 459:Drivers/u8glib/src/u8g_com_i2c.c ****   i2c_started = 0;
 460:Drivers/u8glib/src/u8g_com_i2c.c **** }
 461:Drivers/u8glib/src/u8g_com_i2c.c **** 
 462:Drivers/u8glib/src/u8g_com_i2c.c **** static void i2c_write_bit(uint8_t val)
 463:Drivers/u8glib/src/u8g_com_i2c.c **** {
 464:Drivers/u8glib/src/u8g_com_i2c.c ****   if (val)
 465:Drivers/u8glib/src/u8g_com_i2c.c ****     i2c_read_sda();
ARM GAS  C:\Users\Zbigniew\AppData\Local\Temp\ccqc4MVg.s 			page 11


 466:Drivers/u8glib/src/u8g_com_i2c.c ****   else
 467:Drivers/u8glib/src/u8g_com_i2c.c ****     i2c_clear_sda();
 468:Drivers/u8glib/src/u8g_com_i2c.c ****  
 469:Drivers/u8glib/src/u8g_com_i2c.c ****   i2c_delay();
 470:Drivers/u8glib/src/u8g_com_i2c.c ****   i2c_read_scl_and_delay();
 471:Drivers/u8glib/src/u8g_com_i2c.c ****   i2c_clear_scl();
 472:Drivers/u8glib/src/u8g_com_i2c.c **** }
 473:Drivers/u8glib/src/u8g_com_i2c.c **** 
 474:Drivers/u8glib/src/u8g_com_i2c.c **** static uint8_t i2c_read_bit(void)
 475:Drivers/u8glib/src/u8g_com_i2c.c **** {
 476:Drivers/u8glib/src/u8g_com_i2c.c ****   uint8_t val;
 477:Drivers/u8glib/src/u8g_com_i2c.c ****   /* do not drive SDA */
 478:Drivers/u8glib/src/u8g_com_i2c.c ****   i2c_read_sda();
 479:Drivers/u8glib/src/u8g_com_i2c.c ****   i2c_delay();
 480:Drivers/u8glib/src/u8g_com_i2c.c ****   i2c_read_scl_and_delay();
 481:Drivers/u8glib/src/u8g_com_i2c.c ****   val = i2c_read_sda();
 482:Drivers/u8glib/src/u8g_com_i2c.c ****   i2c_delay();
 483:Drivers/u8glib/src/u8g_com_i2c.c ****   i2c_clear_scl();
 484:Drivers/u8glib/src/u8g_com_i2c.c ****   return val;
 485:Drivers/u8glib/src/u8g_com_i2c.c **** }
 486:Drivers/u8glib/src/u8g_com_i2c.c **** 
 487:Drivers/u8glib/src/u8g_com_i2c.c **** static uint8_t i2c_write_byte(uint8_t b)
 488:Drivers/u8glib/src/u8g_com_i2c.c **** {
 489:Drivers/u8glib/src/u8g_com_i2c.c ****   i2c_write_bit(b & 128);
 490:Drivers/u8glib/src/u8g_com_i2c.c ****   i2c_write_bit(b & 64);
 491:Drivers/u8glib/src/u8g_com_i2c.c ****   i2c_write_bit(b & 32);
 492:Drivers/u8glib/src/u8g_com_i2c.c ****   i2c_write_bit(b & 16);
 493:Drivers/u8glib/src/u8g_com_i2c.c ****   i2c_write_bit(b & 8);
 494:Drivers/u8glib/src/u8g_com_i2c.c ****   i2c_write_bit(b & 4);
 495:Drivers/u8glib/src/u8g_com_i2c.c ****   i2c_write_bit(b & 2);
 496:Drivers/u8glib/src/u8g_com_i2c.c ****   i2c_write_bit(b & 1);
 497:Drivers/u8glib/src/u8g_com_i2c.c ****     
 498:Drivers/u8glib/src/u8g_com_i2c.c ****   /* read ack from client */
 499:Drivers/u8glib/src/u8g_com_i2c.c ****   /* 0: ack was given by client */
 500:Drivers/u8glib/src/u8g_com_i2c.c ****   /* 1: nothing happend during ack cycle */  
 501:Drivers/u8glib/src/u8g_com_i2c.c ****   return i2c_read_bit();
 502:Drivers/u8glib/src/u8g_com_i2c.c **** }
 503:Drivers/u8glib/src/u8g_com_i2c.c **** 
 504:Drivers/u8glib/src/u8g_com_i2c.c **** 
 505:Drivers/u8glib/src/u8g_com_i2c.c **** 
 506:Drivers/u8glib/src/u8g_com_i2c.c **** void u8g_i2c_init(uint8_t options)
 507:Drivers/u8glib/src/u8g_com_i2c.c **** {
 508:Drivers/u8glib/src/u8g_com_i2c.c ****   u8g_i2c_opt = options;
 509:Drivers/u8glib/src/u8g_com_i2c.c ****   u8g_i2c_clear_error();
 510:Drivers/u8glib/src/u8g_com_i2c.c **** 
 511:Drivers/u8glib/src/u8g_com_i2c.c ****   if ( u8g_i2c_opt & U8G_I2C_OPT_FAST )
 512:Drivers/u8glib/src/u8g_com_i2c.c ****   {
 513:Drivers/u8glib/src/u8g_com_i2c.c ****     i2c_delay = i2c_400KHz_delay;
 514:Drivers/u8glib/src/u8g_com_i2c.c ****   }
 515:Drivers/u8glib/src/u8g_com_i2c.c ****   else
 516:Drivers/u8glib/src/u8g_com_i2c.c ****   {
 517:Drivers/u8glib/src/u8g_com_i2c.c ****     i2c_delay = i2c_100KHz_delay;
 518:Drivers/u8glib/src/u8g_com_i2c.c ****   }
 519:Drivers/u8glib/src/u8g_com_i2c.c **** 
 520:Drivers/u8glib/src/u8g_com_i2c.c **** 
 521:Drivers/u8glib/src/u8g_com_i2c.c ****   if ( u8g_i2c_opt & U8G_I2C_OPT_DEV_1 )
 522:Drivers/u8glib/src/u8g_com_i2c.c ****   {
ARM GAS  C:\Users\Zbigniew\AppData\Local\Temp\ccqc4MVg.s 			page 12


 523:Drivers/u8glib/src/u8g_com_i2c.c ****     i2c_scl_pin = PIN_WIRE1_SCL;
 524:Drivers/u8glib/src/u8g_com_i2c.c ****     i2c_sda_pin = PIN_WIRE1_SDA;
 525:Drivers/u8glib/src/u8g_com_i2c.c ****     
 526:Drivers/u8glib/src/u8g_com_i2c.c ****     //REG_PIOA_PDR = PIO_PB12A_TWD1 | PIO_PB13A_TWCK1;
 527:Drivers/u8glib/src/u8g_com_i2c.c ****   }
 528:Drivers/u8glib/src/u8g_com_i2c.c ****   else
 529:Drivers/u8glib/src/u8g_com_i2c.c ****   {    
 530:Drivers/u8glib/src/u8g_com_i2c.c ****     
 531:Drivers/u8glib/src/u8g_com_i2c.c ****     i2c_scl_pin = PIN_WIRE_SCL;
 532:Drivers/u8glib/src/u8g_com_i2c.c ****     i2c_sda_pin = PIN_WIRE_SDA;
 533:Drivers/u8glib/src/u8g_com_i2c.c ****     
 534:Drivers/u8glib/src/u8g_com_i2c.c ****     //REG_PIOA_PDR = PIO_PA17A_TWD0 | PIO_PA18A_TWCK0;
 535:Drivers/u8glib/src/u8g_com_i2c.c ****   }
 536:Drivers/u8glib/src/u8g_com_i2c.c ****   
 537:Drivers/u8glib/src/u8g_com_i2c.c ****   i2c_init();
 538:Drivers/u8glib/src/u8g_com_i2c.c **** 
 539:Drivers/u8glib/src/u8g_com_i2c.c **** }
 540:Drivers/u8glib/src/u8g_com_i2c.c **** 
 541:Drivers/u8glib/src/u8g_com_i2c.c **** /* sla includes also the r/w bit */
 542:Drivers/u8glib/src/u8g_com_i2c.c **** uint8_t u8g_i2c_start(uint8_t sla)
 543:Drivers/u8glib/src/u8g_com_i2c.c **** {  
 544:Drivers/u8glib/src/u8g_com_i2c.c ****   i2c_start();
 545:Drivers/u8glib/src/u8g_com_i2c.c ****   i2c_write_byte(sla);
 546:Drivers/u8glib/src/u8g_com_i2c.c ****   return 1;
 547:Drivers/u8glib/src/u8g_com_i2c.c **** }
 548:Drivers/u8glib/src/u8g_com_i2c.c **** 
 549:Drivers/u8glib/src/u8g_com_i2c.c **** uint8_t u8g_i2c_send_byte(uint8_t data)
 550:Drivers/u8glib/src/u8g_com_i2c.c **** {
 551:Drivers/u8glib/src/u8g_com_i2c.c ****   return i2c_write_byte(data);
 552:Drivers/u8glib/src/u8g_com_i2c.c **** }
 553:Drivers/u8glib/src/u8g_com_i2c.c **** 
 554:Drivers/u8glib/src/u8g_com_i2c.c **** void u8g_i2c_stop(void)
 555:Drivers/u8glib/src/u8g_com_i2c.c **** {
 556:Drivers/u8glib/src/u8g_com_i2c.c ****   i2c_stop();
 557:Drivers/u8glib/src/u8g_com_i2c.c **** }
 558:Drivers/u8glib/src/u8g_com_i2c.c **** 
 559:Drivers/u8glib/src/u8g_com_i2c.c **** 
 560:Drivers/u8glib/src/u8g_com_i2c.c **** #elif defined(U8G_RASPBERRY_PI)
 561:Drivers/u8glib/src/u8g_com_i2c.c **** 
 562:Drivers/u8glib/src/u8g_com_i2c.c **** #include <wiringPi.h>
 563:Drivers/u8glib/src/u8g_com_i2c.c **** #include <wiringPiI2C.h>
 564:Drivers/u8glib/src/u8g_com_i2c.c **** #include <stdio.h>
 565:Drivers/u8glib/src/u8g_com_i2c.c **** #include <stdlib.h>
 566:Drivers/u8glib/src/u8g_com_i2c.c **** #include <errno.h>
 567:Drivers/u8glib/src/u8g_com_i2c.c **** 
 568:Drivers/u8glib/src/u8g_com_i2c.c **** #define I2C_SLA         0x3c
 569:Drivers/u8glib/src/u8g_com_i2c.c **** 
 570:Drivers/u8glib/src/u8g_com_i2c.c **** static int fd=-1;
 571:Drivers/u8glib/src/u8g_com_i2c.c **** static uint8_t i2cMode = 0;
 572:Drivers/u8glib/src/u8g_com_i2c.c **** 
 573:Drivers/u8glib/src/u8g_com_i2c.c **** void u8g_i2c_init(uint8_t options) {
 574:Drivers/u8glib/src/u8g_com_i2c.c ****    u8g_i2c_clear_error();
 575:Drivers/u8glib/src/u8g_com_i2c.c ****    u8g_i2c_opt = options;
 576:Drivers/u8glib/src/u8g_com_i2c.c **** 
 577:Drivers/u8glib/src/u8g_com_i2c.c ****    if (wiringPiSetup() == -1) {
 578:Drivers/u8glib/src/u8g_com_i2c.c ****       printf("wiringPi-Error\n");
 579:Drivers/u8glib/src/u8g_com_i2c.c ****       exit(1);
ARM GAS  C:\Users\Zbigniew\AppData\Local\Temp\ccqc4MVg.s 			page 13


 580:Drivers/u8glib/src/u8g_com_i2c.c ****    }
 581:Drivers/u8glib/src/u8g_com_i2c.c **** 
 582:Drivers/u8glib/src/u8g_com_i2c.c ****    fd = wiringPiI2CSetup(I2C_SLA);
 583:Drivers/u8glib/src/u8g_com_i2c.c ****    if (fd < 0) {
 584:Drivers/u8glib/src/u8g_com_i2c.c ****       printf ("Unable to open I2C device 0: %s\n", strerror (errno)) ;
 585:Drivers/u8glib/src/u8g_com_i2c.c ****       exit (1) ;
 586:Drivers/u8glib/src/u8g_com_i2c.c ****    }
 587:Drivers/u8glib/src/u8g_com_i2c.c ****    //u8g_SetPIOutput(u8g, U8G_PI_RESET);
 588:Drivers/u8glib/src/u8g_com_i2c.c ****    //u8g_SetPIOutput(u8g, U8G_PI_A0);
 589:Drivers/u8glib/src/u8g_com_i2c.c **** }
 590:Drivers/u8glib/src/u8g_com_i2c.c **** uint8_t u8g_i2c_start(uint8_t sla) {
 591:Drivers/u8glib/src/u8g_com_i2c.c ****    u8g_i2c_send_mode(0);
 592:Drivers/u8glib/src/u8g_com_i2c.c **** 
 593:Drivers/u8glib/src/u8g_com_i2c.c ****    return 1;
 594:Drivers/u8glib/src/u8g_com_i2c.c **** }
 595:Drivers/u8glib/src/u8g_com_i2c.c **** 
 596:Drivers/u8glib/src/u8g_com_i2c.c **** void u8g_i2c_stop(void) {
 597:Drivers/u8glib/src/u8g_com_i2c.c **** }
 598:Drivers/u8glib/src/u8g_com_i2c.c **** 
 599:Drivers/u8glib/src/u8g_com_i2c.c **** uint8_t u8g_i2c_send_mode(uint8_t mode) {
 600:Drivers/u8glib/src/u8g_com_i2c.c ****    i2cMode = mode;
 601:Drivers/u8glib/src/u8g_com_i2c.c **** } 
 602:Drivers/u8glib/src/u8g_com_i2c.c **** 
 603:Drivers/u8glib/src/u8g_com_i2c.c **** uint8_t u8g_i2c_send_byte(uint8_t data) {
 604:Drivers/u8glib/src/u8g_com_i2c.c ****    wiringPiI2CWriteReg8(fd, i2cMode, data);
 605:Drivers/u8glib/src/u8g_com_i2c.c **** 
 606:Drivers/u8glib/src/u8g_com_i2c.c ****    return 1;
 607:Drivers/u8glib/src/u8g_com_i2c.c **** }
 608:Drivers/u8glib/src/u8g_com_i2c.c **** 
 609:Drivers/u8glib/src/u8g_com_i2c.c **** uint8_t u8g_i2c_wait(uint8_t mask, uint8_t pos)
 610:Drivers/u8glib/src/u8g_com_i2c.c **** {
 611:Drivers/u8glib/src/u8g_com_i2c.c ****   return 1;
 612:Drivers/u8glib/src/u8g_com_i2c.c **** }
 613:Drivers/u8glib/src/u8g_com_i2c.c **** 
 614:Drivers/u8glib/src/u8g_com_i2c.c **** #else
 615:Drivers/u8glib/src/u8g_com_i2c.c **** 
 616:Drivers/u8glib/src/u8g_com_i2c.c **** /* empty interface */
 617:Drivers/u8glib/src/u8g_com_i2c.c **** 
 618:Drivers/u8glib/src/u8g_com_i2c.c **** void u8g_i2c_init(uint8_t options)
 619:Drivers/u8glib/src/u8g_com_i2c.c **** {
 113              		.loc 1 619 1 is_stmt 1 view -0
 114              		.cfi_startproc
 115              		@ args = 0, pretend = 0, frame = 0
 116              		@ frame_needed = 0, uses_anonymous_args = 0
 117              		.loc 1 619 1 is_stmt 0 view .LVU13
 118 0000 08B5     		push	{r3, lr}
 119              	.LCFI0:
 120              		.cfi_def_cfa_offset 8
 121              		.cfi_offset 3, -8
 122              		.cfi_offset 14, -4
 620:Drivers/u8glib/src/u8g_com_i2c.c ****   u8g_i2c_clear_error();
 123              		.loc 1 620 3 is_stmt 1 view .LVU14
 124 0002 FFF7FEFF 		bl	u8g_i2c_clear_error
 125              	.LVL1:
 621:Drivers/u8glib/src/u8g_com_i2c.c **** }
 126              		.loc 1 621 1 is_stmt 0 view .LVU15
 127 0006 08BD     		pop	{r3, pc}
ARM GAS  C:\Users\Zbigniew\AppData\Local\Temp\ccqc4MVg.s 			page 14


 128              		.cfi_endproc
 129              	.LFE3:
 131              		.section	.text.u8g_i2c_wait,"ax",%progbits
 132              		.align	1
 133              		.global	u8g_i2c_wait
 134              		.syntax unified
 135              		.thumb
 136              		.thumb_func
 138              	u8g_i2c_wait:
 139              	.LVL2:
 140              	.LFB4:
 622:Drivers/u8glib/src/u8g_com_i2c.c **** 
 623:Drivers/u8glib/src/u8g_com_i2c.c **** uint8_t u8g_i2c_wait(uint8_t mask, uint8_t pos)
 624:Drivers/u8glib/src/u8g_com_i2c.c **** {
 141              		.loc 1 624 1 is_stmt 1 view -0
 142              		.cfi_startproc
 143              		@ args = 0, pretend = 0, frame = 0
 144              		@ frame_needed = 0, uses_anonymous_args = 0
 145              		@ link register save eliminated.
 625:Drivers/u8glib/src/u8g_com_i2c.c ****   return 1;
 146              		.loc 1 625 3 view .LVU17
 626:Drivers/u8glib/src/u8g_com_i2c.c **** }
 147              		.loc 1 626 1 is_stmt 0 view .LVU18
 148 0000 0120     		movs	r0, #1
 149              	.LVL3:
 150              		.loc 1 626 1 view .LVU19
 151 0002 7047     		bx	lr
 152              		.cfi_endproc
 153              	.LFE4:
 155              		.section	.text.u8g_i2c_start,"ax",%progbits
 156              		.align	1
 157              		.global	u8g_i2c_start
 158              		.syntax unified
 159              		.thumb
 160              		.thumb_func
 162              	u8g_i2c_start:
 163              	.LVL4:
 164              	.LFB5:
 627:Drivers/u8glib/src/u8g_com_i2c.c **** 
 628:Drivers/u8glib/src/u8g_com_i2c.c **** uint8_t u8g_i2c_start(uint8_t sla)
 629:Drivers/u8glib/src/u8g_com_i2c.c **** {
 165              		.loc 1 629 1 is_stmt 1 view -0
 166              		.cfi_startproc
 167              		@ args = 0, pretend = 0, frame = 0
 168              		@ frame_needed = 0, uses_anonymous_args = 0
 169              		@ link register save eliminated.
 630:Drivers/u8glib/src/u8g_com_i2c.c ****   return 1;
 170              		.loc 1 630 3 view .LVU21
 631:Drivers/u8glib/src/u8g_com_i2c.c **** }
 171              		.loc 1 631 1 is_stmt 0 view .LVU22
 172 0000 0120     		movs	r0, #1
 173              	.LVL5:
 174              		.loc 1 631 1 view .LVU23
 175 0002 7047     		bx	lr
 176              		.cfi_endproc
 177              	.LFE5:
 179              		.section	.text.u8g_i2c_send_byte,"ax",%progbits
ARM GAS  C:\Users\Zbigniew\AppData\Local\Temp\ccqc4MVg.s 			page 15


 180              		.align	1
 181              		.global	u8g_i2c_send_byte
 182              		.syntax unified
 183              		.thumb
 184              		.thumb_func
 186              	u8g_i2c_send_byte:
 187              	.LVL6:
 188              	.LFB6:
 632:Drivers/u8glib/src/u8g_com_i2c.c **** uint8_t u8g_i2c_send_byte(uint8_t data)
 633:Drivers/u8glib/src/u8g_com_i2c.c **** {
 189              		.loc 1 633 1 is_stmt 1 view -0
 190              		.cfi_startproc
 191              		@ args = 0, pretend = 0, frame = 0
 192              		@ frame_needed = 0, uses_anonymous_args = 0
 193              		@ link register save eliminated.
 634:Drivers/u8glib/src/u8g_com_i2c.c ****   return 1;
 194              		.loc 1 634 3 view .LVU25
 635:Drivers/u8glib/src/u8g_com_i2c.c **** }
 195              		.loc 1 635 1 is_stmt 0 view .LVU26
 196 0000 0120     		movs	r0, #1
 197              	.LVL7:
 198              		.loc 1 635 1 view .LVU27
 199 0002 7047     		bx	lr
 200              		.cfi_endproc
 201              	.LFE6:
 203              		.section	.text.u8g_i2c_stop,"ax",%progbits
 204              		.align	1
 205              		.global	u8g_i2c_stop
 206              		.syntax unified
 207              		.thumb
 208              		.thumb_func
 210              	u8g_i2c_stop:
 211              	.LFB7:
 636:Drivers/u8glib/src/u8g_com_i2c.c **** 
 637:Drivers/u8glib/src/u8g_com_i2c.c **** void u8g_i2c_stop(void)
 638:Drivers/u8glib/src/u8g_com_i2c.c **** {
 212              		.loc 1 638 1 is_stmt 1 view -0
 213              		.cfi_startproc
 214              		@ args = 0, pretend = 0, frame = 0
 215              		@ frame_needed = 0, uses_anonymous_args = 0
 216              		@ link register save eliminated.
 639:Drivers/u8glib/src/u8g_com_i2c.c **** }
 217              		.loc 1 639 1 view .LVU29
 218 0000 7047     		bx	lr
 219              		.cfi_endproc
 220              	.LFE7:
 222              		.section	.bss.u8g_i2c_err_code,"aw",%nobits
 223              		.set	.LANCHOR0,. + 0
 226              	u8g_i2c_err_code:
 227 0000 00       		.space	1
 228              		.section	.bss.u8g_i2c_err_pos,"aw",%nobits
 229              		.set	.LANCHOR1,. + 0
 232              	u8g_i2c_err_pos:
 233 0000 00       		.space	1
 234              		.text
 235              	.Letext0:
 236              		.file 2 "c:\\users\\zbigniew\\appdata\\roaming\\code\\user\\globalstorage\\bmd.stm32-for-vscode\\@
ARM GAS  C:\Users\Zbigniew\AppData\Local\Temp\ccqc4MVg.s 			page 16


 237              		.file 3 "c:\\users\\zbigniew\\appdata\\roaming\\code\\user\\globalstorage\\bmd.stm32-for-vscode\\@
ARM GAS  C:\Users\Zbigniew\AppData\Local\Temp\ccqc4MVg.s 			page 17


DEFINED SYMBOLS
                            *ABS*:0000000000000000 u8g_com_i2c.c
C:\Users\Zbigniew\AppData\Local\Temp\ccqc4MVg.s:18     .text.u8g_i2c_clear_error:0000000000000000 $t
C:\Users\Zbigniew\AppData\Local\Temp\ccqc4MVg.s:24     .text.u8g_i2c_clear_error:0000000000000000 u8g_i2c_clear_error
C:\Users\Zbigniew\AppData\Local\Temp\ccqc4MVg.s:46     .text.u8g_i2c_clear_error:000000000000000c $d
C:\Users\Zbigniew\AppData\Local\Temp\ccqc4MVg.s:52     .text.u8g_i2c_get_error:0000000000000000 $t
C:\Users\Zbigniew\AppData\Local\Temp\ccqc4MVg.s:58     .text.u8g_i2c_get_error:0000000000000000 u8g_i2c_get_error
C:\Users\Zbigniew\AppData\Local\Temp\ccqc4MVg.s:73     .text.u8g_i2c_get_error:0000000000000008 $d
C:\Users\Zbigniew\AppData\Local\Temp\ccqc4MVg.s:78     .text.u8g_i2c_get_err_pos:0000000000000000 $t
C:\Users\Zbigniew\AppData\Local\Temp\ccqc4MVg.s:84     .text.u8g_i2c_get_err_pos:0000000000000000 u8g_i2c_get_err_pos
C:\Users\Zbigniew\AppData\Local\Temp\ccqc4MVg.s:99     .text.u8g_i2c_get_err_pos:0000000000000008 $d
C:\Users\Zbigniew\AppData\Local\Temp\ccqc4MVg.s:104    .text.u8g_i2c_init:0000000000000000 $t
C:\Users\Zbigniew\AppData\Local\Temp\ccqc4MVg.s:110    .text.u8g_i2c_init:0000000000000000 u8g_i2c_init
C:\Users\Zbigniew\AppData\Local\Temp\ccqc4MVg.s:132    .text.u8g_i2c_wait:0000000000000000 $t
C:\Users\Zbigniew\AppData\Local\Temp\ccqc4MVg.s:138    .text.u8g_i2c_wait:0000000000000000 u8g_i2c_wait
C:\Users\Zbigniew\AppData\Local\Temp\ccqc4MVg.s:156    .text.u8g_i2c_start:0000000000000000 $t
C:\Users\Zbigniew\AppData\Local\Temp\ccqc4MVg.s:162    .text.u8g_i2c_start:0000000000000000 u8g_i2c_start
C:\Users\Zbigniew\AppData\Local\Temp\ccqc4MVg.s:180    .text.u8g_i2c_send_byte:0000000000000000 $t
C:\Users\Zbigniew\AppData\Local\Temp\ccqc4MVg.s:186    .text.u8g_i2c_send_byte:0000000000000000 u8g_i2c_send_byte
C:\Users\Zbigniew\AppData\Local\Temp\ccqc4MVg.s:204    .text.u8g_i2c_stop:0000000000000000 $t
C:\Users\Zbigniew\AppData\Local\Temp\ccqc4MVg.s:210    .text.u8g_i2c_stop:0000000000000000 u8g_i2c_stop
C:\Users\Zbigniew\AppData\Local\Temp\ccqc4MVg.s:226    .bss.u8g_i2c_err_code:0000000000000000 u8g_i2c_err_code
C:\Users\Zbigniew\AppData\Local\Temp\ccqc4MVg.s:227    .bss.u8g_i2c_err_code:0000000000000000 $d
C:\Users\Zbigniew\AppData\Local\Temp\ccqc4MVg.s:232    .bss.u8g_i2c_err_pos:0000000000000000 u8g_i2c_err_pos
C:\Users\Zbigniew\AppData\Local\Temp\ccqc4MVg.s:233    .bss.u8g_i2c_err_pos:0000000000000000 $d

NO UNDEFINED SYMBOLS
