ARM GAS  C:\Users\Zbigniew\AppData\Local\Temp\ccjgY1JK.s 			page 1


   1              		.cpu cortex-m3
   2              		.arch armv7-m
   3              		.fpu softvfp
   4              		.eabi_attribute 20, 1
   5              		.eabi_attribute 21, 1
   6              		.eabi_attribute 23, 3
   7              		.eabi_attribute 24, 1
   8              		.eabi_attribute 25, 1
   9              		.eabi_attribute 26, 1
  10              		.eabi_attribute 30, 1
  11              		.eabi_attribute 34, 1
  12              		.eabi_attribute 18, 4
  13              		.file	"u8g_page.c"
  14              		.text
  15              	.Ltext0:
  16              		.cfi_sections	.debug_frame
  17              		.section	.text.u8g_page_First,"ax",%progbits
  18              		.align	1
  19              		.global	u8g_page_First
  20              		.syntax unified
  21              		.thumb
  22              		.thumb_func
  24              	u8g_page_First:
  25              	.LVL0:
  26              	.LFB1:
  27              		.file 1 "Drivers/u8glib/src/u8g_page.c"
   1:Drivers/u8glib/src/u8g_page.c **** /*
   2:Drivers/u8glib/src/u8g_page.c **** 
   3:Drivers/u8glib/src/u8g_page.c ****   u8g_page.c
   4:Drivers/u8glib/src/u8g_page.c ****   
   5:Drivers/u8glib/src/u8g_page.c ****   page helper functions, only called by the dev handler.
   6:Drivers/u8glib/src/u8g_page.c **** 
   7:Drivers/u8glib/src/u8g_page.c ****   Universal 8bit Graphics Library
   8:Drivers/u8glib/src/u8g_page.c ****   
   9:Drivers/u8glib/src/u8g_page.c ****   Copyright (c) 2011, olikraus@gmail.com
  10:Drivers/u8glib/src/u8g_page.c ****   All rights reserved.
  11:Drivers/u8glib/src/u8g_page.c **** 
  12:Drivers/u8glib/src/u8g_page.c ****   Redistribution and use in source and binary forms, with or without modification, 
  13:Drivers/u8glib/src/u8g_page.c ****   are permitted provided that the following conditions are met:
  14:Drivers/u8glib/src/u8g_page.c **** 
  15:Drivers/u8glib/src/u8g_page.c ****   * Redistributions of source code must retain the above copyright notice, this list 
  16:Drivers/u8glib/src/u8g_page.c ****     of conditions and the following disclaimer.
  17:Drivers/u8glib/src/u8g_page.c ****     
  18:Drivers/u8glib/src/u8g_page.c ****   * Redistributions in binary form must reproduce the above copyright notice, this 
  19:Drivers/u8glib/src/u8g_page.c ****     list of conditions and the following disclaimer in the documentation and/or other 
  20:Drivers/u8glib/src/u8g_page.c ****     materials provided with the distribution.
  21:Drivers/u8glib/src/u8g_page.c **** 
  22:Drivers/u8glib/src/u8g_page.c ****   THIS SOFTWARE IS PROVIDED BY THE COPYRIGHT HOLDERS AND 
  23:Drivers/u8glib/src/u8g_page.c ****   CONTRIBUTORS "AS IS" AND ANY EXPRESS OR IMPLIED WARRANTIES, 
  24:Drivers/u8glib/src/u8g_page.c ****   INCLUDING, BUT NOT LIMITED TO, THE IMPLIED WARRANTIES OF 
  25:Drivers/u8glib/src/u8g_page.c ****   MERCHANTABILITY AND FITNESS FOR A PARTICULAR PURPOSE ARE 
  26:Drivers/u8glib/src/u8g_page.c ****   DISCLAIMED. IN NO EVENT SHALL THE COPYRIGHT HOLDER OR 
  27:Drivers/u8glib/src/u8g_page.c ****   CONTRIBUTORS BE LIABLE FOR ANY DIRECT, INDIRECT, INCIDENTAL, 
  28:Drivers/u8glib/src/u8g_page.c ****   SPECIAL, EXEMPLARY, OR CONSEQUENTIAL DAMAGES (INCLUDING, BUT 
  29:Drivers/u8glib/src/u8g_page.c ****   NOT LIMITED TO, PROCUREMENT OF SUBSTITUTE GOODS OR SERVICES; 
  30:Drivers/u8glib/src/u8g_page.c ****   LOSS OF USE, DATA, OR PROFITS; OR BUSINESS INTERRUPTION) HOWEVER 
  31:Drivers/u8glib/src/u8g_page.c ****   CAUSED AND ON ANY THEORY OF LIABILITY, WHETHER IN CONTRACT, 
ARM GAS  C:\Users\Zbigniew\AppData\Local\Temp\ccjgY1JK.s 			page 2


  32:Drivers/u8glib/src/u8g_page.c ****   STRICT LIABILITY, OR TORT (INCLUDING NEGLIGENCE OR OTHERWISE) 
  33:Drivers/u8glib/src/u8g_page.c ****   ARISING IN ANY WAY OUT OF THE USE OF THIS SOFTWARE, EVEN IF 
  34:Drivers/u8glib/src/u8g_page.c ****   ADVISED OF THE POSSIBILITY OF SUCH DAMAGE.  
  35:Drivers/u8glib/src/u8g_page.c ****   
  36:Drivers/u8glib/src/u8g_page.c ****   
  37:Drivers/u8glib/src/u8g_page.c **** */
  38:Drivers/u8glib/src/u8g_page.c **** 
  39:Drivers/u8glib/src/u8g_page.c **** #include "../Drivers/u8glib/inc/u8g.h"
  40:Drivers/u8glib/src/u8g_page.c **** 
  41:Drivers/u8glib/src/u8g_page.c **** /*
  42:Drivers/u8glib/src/u8g_page.c ****   setup page count structure
  43:Drivers/u8glib/src/u8g_page.c ****   conditions: page_height <= total_height
  44:Drivers/u8glib/src/u8g_page.c **** */
  45:Drivers/u8glib/src/u8g_page.c **** void u8g_page_Init(u8g_page_t *p, u8g_uint_t page_height, u8g_uint_t total_height )
  46:Drivers/u8glib/src/u8g_page.c **** {
  47:Drivers/u8glib/src/u8g_page.c ****   p->page_height = page_height;
  48:Drivers/u8glib/src/u8g_page.c ****   p->total_height = total_height;
  49:Drivers/u8glib/src/u8g_page.c ****   p->page = 0;
  50:Drivers/u8glib/src/u8g_page.c ****   u8g_page_First(p);
  51:Drivers/u8glib/src/u8g_page.c **** }
  52:Drivers/u8glib/src/u8g_page.c **** 
  53:Drivers/u8glib/src/u8g_page.c **** void u8g_page_First(u8g_page_t *p)
  54:Drivers/u8glib/src/u8g_page.c **** {
  28              		.loc 1 54 1 view -0
  29              		.cfi_startproc
  30              		@ args = 0, pretend = 0, frame = 0
  31              		@ frame_needed = 0, uses_anonymous_args = 0
  32              		@ link register save eliminated.
  55:Drivers/u8glib/src/u8g_page.c ****   p->page_y0 = 0;
  33              		.loc 1 55 3 view .LVU1
  34              		.loc 1 55 14 is_stmt 0 view .LVU2
  35 0000 0022     		movs	r2, #0
  36 0002 8270     		strb	r2, [r0, #2]
  56:Drivers/u8glib/src/u8g_page.c ****   p->page_y1 = p->page_height;
  37              		.loc 1 56 3 is_stmt 1 view .LVU3
  38              		.loc 1 56 17 is_stmt 0 view .LVU4
  39 0004 0378     		ldrb	r3, [r0]	@ zero_extendqisi2
  40              		.loc 1 56 14 view .LVU5
  41 0006 C370     		strb	r3, [r0, #3]
  57:Drivers/u8glib/src/u8g_page.c ****   p->page_y1--;
  42              		.loc 1 57 3 is_stmt 1 view .LVU6
  43              		.loc 1 57 13 is_stmt 0 view .LVU7
  44 0008 013B     		subs	r3, r3, #1
  45 000a C370     		strb	r3, [r0, #3]
  58:Drivers/u8glib/src/u8g_page.c ****   p->page = 0;
  46              		.loc 1 58 3 is_stmt 1 view .LVU8
  47              		.loc 1 58 11 is_stmt 0 view .LVU9
  48 000c 0271     		strb	r2, [r0, #4]
  59:Drivers/u8glib/src/u8g_page.c **** }
  49              		.loc 1 59 1 view .LVU10
  50 000e 7047     		bx	lr
  51              		.cfi_endproc
  52              	.LFE1:
  54              		.section	.text.u8g_page_Init,"ax",%progbits
  55              		.align	1
  56              		.global	u8g_page_Init
  57              		.syntax unified
ARM GAS  C:\Users\Zbigniew\AppData\Local\Temp\ccjgY1JK.s 			page 3


  58              		.thumb
  59              		.thumb_func
  61              	u8g_page_Init:
  62              	.LVL1:
  63              	.LFB0:
  46:Drivers/u8glib/src/u8g_page.c ****   p->page_height = page_height;
  64              		.loc 1 46 1 is_stmt 1 view -0
  65              		.cfi_startproc
  66              		@ args = 0, pretend = 0, frame = 0
  67              		@ frame_needed = 0, uses_anonymous_args = 0
  46:Drivers/u8glib/src/u8g_page.c ****   p->page_height = page_height;
  68              		.loc 1 46 1 is_stmt 0 view .LVU12
  69 0000 08B5     		push	{r3, lr}
  70              	.LCFI0:
  71              		.cfi_def_cfa_offset 8
  72              		.cfi_offset 3, -8
  73              		.cfi_offset 14, -4
  47:Drivers/u8glib/src/u8g_page.c ****   p->total_height = total_height;
  74              		.loc 1 47 3 is_stmt 1 view .LVU13
  47:Drivers/u8glib/src/u8g_page.c ****   p->total_height = total_height;
  75              		.loc 1 47 18 is_stmt 0 view .LVU14
  76 0002 0170     		strb	r1, [r0]
  48:Drivers/u8glib/src/u8g_page.c ****   p->page = 0;
  77              		.loc 1 48 3 is_stmt 1 view .LVU15
  48:Drivers/u8glib/src/u8g_page.c ****   p->page = 0;
  78              		.loc 1 48 19 is_stmt 0 view .LVU16
  79 0004 4270     		strb	r2, [r0, #1]
  49:Drivers/u8glib/src/u8g_page.c ****   u8g_page_First(p);
  80              		.loc 1 49 3 is_stmt 1 view .LVU17
  49:Drivers/u8glib/src/u8g_page.c ****   u8g_page_First(p);
  81              		.loc 1 49 11 is_stmt 0 view .LVU18
  82 0006 0022     		movs	r2, #0
  83              	.LVL2:
  49:Drivers/u8glib/src/u8g_page.c ****   u8g_page_First(p);
  84              		.loc 1 49 11 view .LVU19
  85 0008 0271     		strb	r2, [r0, #4]
  50:Drivers/u8glib/src/u8g_page.c **** }
  86              		.loc 1 50 3 is_stmt 1 view .LVU20
  87 000a FFF7FEFF 		bl	u8g_page_First
  88              	.LVL3:
  51:Drivers/u8glib/src/u8g_page.c **** 
  89              		.loc 1 51 1 is_stmt 0 view .LVU21
  90 000e 08BD     		pop	{r3, pc}
  91              		.cfi_endproc
  92              	.LFE0:
  94              		.section	.text.u8g_page_Next,"ax",%progbits
  95              		.align	1
  96              		.global	u8g_page_Next
  97              		.syntax unified
  98              		.thumb
  99              		.thumb_func
 101              	u8g_page_Next:
 102              	.LVL4:
 103              	.LFB2:
  60:Drivers/u8glib/src/u8g_page.c **** 
  61:Drivers/u8glib/src/u8g_page.c **** uint8_t u8g_page_Next(u8g_page_t * p)
  62:Drivers/u8glib/src/u8g_page.c **** {
ARM GAS  C:\Users\Zbigniew\AppData\Local\Temp\ccjgY1JK.s 			page 4


 104              		.loc 1 62 1 is_stmt 1 view -0
 105              		.cfi_startproc
 106              		@ args = 0, pretend = 0, frame = 0
 107              		@ frame_needed = 0, uses_anonymous_args = 0
 108              		@ link register save eliminated.
  63:Drivers/u8glib/src/u8g_page.c ****   register u8g_uint_t y1;
 109              		.loc 1 63 3 view .LVU23
  64:Drivers/u8glib/src/u8g_page.c ****   p->page_y0 += p->page_height;
 110              		.loc 1 64 3 view .LVU24
 111              		.loc 1 64 18 is_stmt 0 view .LVU25
 112 0000 0278     		ldrb	r2, [r0]	@ zero_extendqisi2
 113              		.loc 1 64 14 view .LVU26
 114 0002 8378     		ldrb	r3, [r0, #2]	@ zero_extendqisi2
 115 0004 1344     		add	r3, r3, r2
 116 0006 DBB2     		uxtb	r3, r3
 117 0008 8370     		strb	r3, [r0, #2]
  65:Drivers/u8glib/src/u8g_page.c ****   if ( p->page_y0 >= p->total_height )
 118              		.loc 1 65 3 is_stmt 1 view .LVU27
 119              		.loc 1 65 23 is_stmt 0 view .LVU28
 120 000a 4178     		ldrb	r1, [r0, #1]	@ zero_extendqisi2
 121              		.loc 1 65 6 view .LVU29
 122 000c 8B42     		cmp	r3, r1
 123 000e 0CD2     		bcs	.L7
  66:Drivers/u8glib/src/u8g_page.c ****     return 0;
  67:Drivers/u8glib/src/u8g_page.c ****   p->page++;
 124              		.loc 1 67 3 is_stmt 1 view .LVU30
 125              		.loc 1 67 4 is_stmt 0 view .LVU31
 126 0010 0379     		ldrb	r3, [r0, #4]	@ zero_extendqisi2
 127              		.loc 1 67 10 view .LVU32
 128 0012 0133     		adds	r3, r3, #1
 129 0014 0371     		strb	r3, [r0, #4]
  68:Drivers/u8glib/src/u8g_page.c ****   y1 = p->page_y1;
 130              		.loc 1 68 3 is_stmt 1 view .LVU33
 131              		.loc 1 68 6 is_stmt 0 view .LVU34
 132 0016 C378     		ldrb	r3, [r0, #3]	@ zero_extendqisi2
 133              	.LVL5:
  69:Drivers/u8glib/src/u8g_page.c ****   y1 += p->page_height;
 134              		.loc 1 69 3 is_stmt 1 view .LVU35
 135              		.loc 1 69 6 is_stmt 0 view .LVU36
 136 0018 1A44     		add	r2, r2, r3
 137 001a D2B2     		uxtb	r2, r2
 138              	.LVL6:
  70:Drivers/u8glib/src/u8g_page.c ****   if ( y1 >= p->total_height )
 139              		.loc 1 70 3 is_stmt 1 view .LVU37
 140              		.loc 1 70 6 is_stmt 0 view .LVU38
 141 001c 9142     		cmp	r1, r2
 142 001e 01D8     		bhi	.L6
  71:Drivers/u8glib/src/u8g_page.c ****   {
  72:Drivers/u8glib/src/u8g_page.c ****     y1 = p->total_height;
 143              		.loc 1 72 5 is_stmt 1 view .LVU39
 144              	.LVL7:
  73:Drivers/u8glib/src/u8g_page.c ****     y1--;
 145              		.loc 1 73 5 view .LVU40
 146              		.loc 1 73 7 is_stmt 0 view .LVU41
 147 0020 4A1E     		subs	r2, r1, #1
 148 0022 D2B2     		uxtb	r2, r2
 149              	.LVL8:
ARM GAS  C:\Users\Zbigniew\AppData\Local\Temp\ccjgY1JK.s 			page 5


 150              	.L6:
  74:Drivers/u8glib/src/u8g_page.c ****   }
  75:Drivers/u8glib/src/u8g_page.c ****   p->page_y1 = y1;
 151              		.loc 1 75 3 is_stmt 1 view .LVU42
 152              		.loc 1 75 14 is_stmt 0 view .LVU43
 153 0024 C270     		strb	r2, [r0, #3]
  76:Drivers/u8glib/src/u8g_page.c ****   
  77:Drivers/u8glib/src/u8g_page.c ****   return 1;
 154              		.loc 1 77 3 is_stmt 1 view .LVU44
 155              		.loc 1 77 10 is_stmt 0 view .LVU45
 156 0026 0120     		movs	r0, #1
 157              	.LVL9:
 158              		.loc 1 77 10 view .LVU46
 159 0028 7047     		bx	lr
 160              	.LVL10:
 161              	.L7:
  66:Drivers/u8glib/src/u8g_page.c ****   p->page++;
 162              		.loc 1 66 12 view .LVU47
 163 002a 0020     		movs	r0, #0
 164              	.LVL11:
  78:Drivers/u8glib/src/u8g_page.c **** }
 165              		.loc 1 78 1 view .LVU48
 166 002c 7047     		bx	lr
 167              		.cfi_endproc
 168              	.LFE2:
 170              		.text
 171              	.Letext0:
 172              		.file 2 "c:\\users\\zbigniew\\appdata\\roaming\\code\\user\\globalstorage\\bmd.stm32-for-vscode\\@
 173              		.file 3 "c:\\users\\zbigniew\\appdata\\roaming\\code\\user\\globalstorage\\bmd.stm32-for-vscode\\@
 174              		.file 4 "Inc/../Drivers/u8glib/inc/u8g.h"
ARM GAS  C:\Users\Zbigniew\AppData\Local\Temp\ccjgY1JK.s 			page 6


DEFINED SYMBOLS
                            *ABS*:0000000000000000 u8g_page.c
C:\Users\Zbigniew\AppData\Local\Temp\ccjgY1JK.s:18     .text.u8g_page_First:0000000000000000 $t
C:\Users\Zbigniew\AppData\Local\Temp\ccjgY1JK.s:24     .text.u8g_page_First:0000000000000000 u8g_page_First
C:\Users\Zbigniew\AppData\Local\Temp\ccjgY1JK.s:55     .text.u8g_page_Init:0000000000000000 $t
C:\Users\Zbigniew\AppData\Local\Temp\ccjgY1JK.s:61     .text.u8g_page_Init:0000000000000000 u8g_page_Init
C:\Users\Zbigniew\AppData\Local\Temp\ccjgY1JK.s:95     .text.u8g_page_Next:0000000000000000 $t
C:\Users\Zbigniew\AppData\Local\Temp\ccjgY1JK.s:101    .text.u8g_page_Next:0000000000000000 u8g_page_Next

NO UNDEFINED SYMBOLS
