ARM GAS  C:\Users\Zbigniew\AppData\Local\Temp\ccYwIOQj.s 			page 1


   1              		.cpu cortex-m3
   2              		.arch armv7-m
   3              		.fpu softvfp
   4              		.eabi_attribute 20, 1
   5              		.eabi_attribute 21, 1
   6              		.eabi_attribute 23, 3
   7              		.eabi_attribute 24, 1
   8              		.eabi_attribute 25, 1
   9              		.eabi_attribute 26, 1
  10              		.eabi_attribute 30, 1
  11              		.eabi_attribute 34, 1
  12              		.eabi_attribute 18, 4
  13              		.file	"u8g_pb16h1.c"
  14              		.text
  15              	.Ltext0:
  16              		.cfi_sections	.debug_frame
  17              		.section	.text.u8g_pb16h1_Clear,"ax",%progbits
  18              		.align	1
  19              		.global	u8g_pb16h1_Clear
  20              		.syntax unified
  21              		.thumb
  22              		.thumb_func
  24              	u8g_pb16h1_Clear:
  25              	.LVL0:
  26              	.LFB0:
  27              		.file 1 "Drivers/u8glib/src/u8g_pb16h1.c"
   1:Drivers/u8glib/src/u8g_pb16h1.c **** /*
   2:Drivers/u8glib/src/u8g_pb16h1.c **** 
   3:Drivers/u8glib/src/u8g_pb16h1.c ****   u8g_pb16h1.c
   4:Drivers/u8glib/src/u8g_pb16h1.c ****   
   5:Drivers/u8glib/src/u8g_pb16h1.c ****   2x 8bit height monochrom (1 bit) page buffer
   6:Drivers/u8glib/src/u8g_pb16h1.c ****   byte has horizontal orientation
   7:Drivers/u8glib/src/u8g_pb16h1.c **** 
   8:Drivers/u8glib/src/u8g_pb16h1.c ****   Universal 8bit Graphics Library
   9:Drivers/u8glib/src/u8g_pb16h1.c ****   
  10:Drivers/u8glib/src/u8g_pb16h1.c ****   Copyright (c) 2012, olikraus@gmail.com
  11:Drivers/u8glib/src/u8g_pb16h1.c ****   All rights reserved.
  12:Drivers/u8glib/src/u8g_pb16h1.c **** 
  13:Drivers/u8glib/src/u8g_pb16h1.c ****   Redistribution and use in source and binary forms, with or without modification, 
  14:Drivers/u8glib/src/u8g_pb16h1.c ****   are permitted provided that the following conditions are met:
  15:Drivers/u8glib/src/u8g_pb16h1.c **** 
  16:Drivers/u8glib/src/u8g_pb16h1.c ****   * Redistributions of source code must retain the above copyright notice, this list 
  17:Drivers/u8glib/src/u8g_pb16h1.c ****     of conditions and the following disclaimer.
  18:Drivers/u8glib/src/u8g_pb16h1.c ****     
  19:Drivers/u8glib/src/u8g_pb16h1.c ****   * Redistributions in binary form must reproduce the above copyright notice, this 
  20:Drivers/u8glib/src/u8g_pb16h1.c ****     list of conditions and the following disclaimer in the documentation and/or other 
  21:Drivers/u8glib/src/u8g_pb16h1.c ****     materials provided with the distribution.
  22:Drivers/u8glib/src/u8g_pb16h1.c **** 
  23:Drivers/u8glib/src/u8g_pb16h1.c ****   THIS SOFTWARE IS PROVIDED BY THE COPYRIGHT HOLDERS AND 
  24:Drivers/u8glib/src/u8g_pb16h1.c ****   CONTRIBUTORS "AS IS" AND ANY EXPRESS OR IMPLIED WARRANTIES, 
  25:Drivers/u8glib/src/u8g_pb16h1.c ****   INCLUDING, BUT NOT LIMITED TO, THE IMPLIED WARRANTIES OF 
  26:Drivers/u8glib/src/u8g_pb16h1.c ****   MERCHANTABILITY AND FITNESS FOR A PARTICULAR PURPOSE ARE 
  27:Drivers/u8glib/src/u8g_pb16h1.c ****   DISCLAIMED. IN NO EVENT SHALL THE COPYRIGHT HOLDER OR 
  28:Drivers/u8glib/src/u8g_pb16h1.c ****   CONTRIBUTORS BE LIABLE FOR ANY DIRECT, INDIRECT, INCIDENTAL, 
  29:Drivers/u8glib/src/u8g_pb16h1.c ****   SPECIAL, EXEMPLARY, OR CONSEQUENTIAL DAMAGES (INCLUDING, BUT 
  30:Drivers/u8glib/src/u8g_pb16h1.c ****   NOT LIMITED TO, PROCUREMENT OF SUBSTITUTE GOODS OR SERVICES; 
  31:Drivers/u8glib/src/u8g_pb16h1.c ****   LOSS OF USE, DATA, OR PROFITS; OR BUSINESS INTERRUPTION) HOWEVER 
ARM GAS  C:\Users\Zbigniew\AppData\Local\Temp\ccYwIOQj.s 			page 2


  32:Drivers/u8glib/src/u8g_pb16h1.c ****   CAUSED AND ON ANY THEORY OF LIABILITY, WHETHER IN CONTRACT, 
  33:Drivers/u8glib/src/u8g_pb16h1.c ****   STRICT LIABILITY, OR TORT (INCLUDING NEGLIGENCE OR OTHERWISE) 
  34:Drivers/u8glib/src/u8g_pb16h1.c ****   ARISING IN ANY WAY OUT OF THE USE OF THIS SOFTWARE, EVEN IF 
  35:Drivers/u8glib/src/u8g_pb16h1.c ****   ADVISED OF THE POSSIBILITY OF SUCH DAMAGE.  
  36:Drivers/u8glib/src/u8g_pb16h1.c **** 
  37:Drivers/u8glib/src/u8g_pb16h1.c **** 
  38:Drivers/u8glib/src/u8g_pb16h1.c ****   total buffer size is limited to 2*256 bytes because of the calculation inside the set pixel proce
  39:Drivers/u8glib/src/u8g_pb16h1.c **** 
  40:Drivers/u8glib/src/u8g_pb16h1.c **** 
  41:Drivers/u8glib/src/u8g_pb16h1.c **** */
  42:Drivers/u8glib/src/u8g_pb16h1.c **** 
  43:Drivers/u8glib/src/u8g_pb16h1.c **** #include "../Drivers/u8glib/inc/u8g.h"
  44:Drivers/u8glib/src/u8g_pb16h1.c **** #include <string.h>
  45:Drivers/u8glib/src/u8g_pb16h1.c **** 
  46:Drivers/u8glib/src/u8g_pb16h1.c **** 
  47:Drivers/u8glib/src/u8g_pb16h1.c **** void u8g_pb16h1_Init(u8g_pb_t *b, void *buf, u8g_uint_t width) U8G_NOINLINE;
  48:Drivers/u8glib/src/u8g_pb16h1.c **** void u8g_pb16h1_set_pixel(u8g_pb_t *b, u8g_uint_t x, u8g_uint_t y, uint8_t color_index) U8G_NOINLIN
  49:Drivers/u8glib/src/u8g_pb16h1.c **** void u8g_pb16h1_SetPixel(u8g_pb_t *b, const u8g_dev_arg_pixel_t * const arg_pixel) U8G_NOINLINE ;
  50:Drivers/u8glib/src/u8g_pb16h1.c **** void u8g_pb16h1_Set8PixelStd(u8g_pb_t *b, u8g_dev_arg_pixel_t *arg_pixel) U8G_NOINLINE;
  51:Drivers/u8glib/src/u8g_pb16h1.c **** uint8_t u8g_dev_pb8h1_base_fn(u8g_t *u8g, u8g_dev_t *dev, uint8_t msg, void *arg);
  52:Drivers/u8glib/src/u8g_pb16h1.c **** 
  53:Drivers/u8glib/src/u8g_pb16h1.c **** void u8g_pb16h1_Clear(u8g_pb_t *b)
  54:Drivers/u8glib/src/u8g_pb16h1.c **** {
  28              		.loc 1 54 1 view -0
  29              		.cfi_startproc
  30              		@ args = 0, pretend = 0, frame = 0
  31              		@ frame_needed = 0, uses_anonymous_args = 0
  32              		@ link register save eliminated.
  55:Drivers/u8glib/src/u8g_pb16h1.c ****   uint8_t *ptr = (uint8_t *)b->buf;
  33              		.loc 1 55 3 view .LVU1
  34              		.loc 1 55 12 is_stmt 0 view .LVU2
  35 0000 8368     		ldr	r3, [r0, #8]
  36              	.LVL1:
  56:Drivers/u8glib/src/u8g_pb16h1.c ****   uint8_t *end_ptr = ptr;
  37              		.loc 1 56 3 is_stmt 1 view .LVU3
  57:Drivers/u8glib/src/u8g_pb16h1.c ****   end_ptr += b->width*2;
  38              		.loc 1 57 3 view .LVU4
  39              		.loc 1 57 15 is_stmt 0 view .LVU5
  40 0002 4079     		ldrb	r0, [r0, #5]	@ zero_extendqisi2
  41              	.LVL2:
  42              		.loc 1 57 11 view .LVU6
  43 0004 03EB4000 		add	r0, r3, r0, lsl #1
  44              	.LVL3:
  45              	.L2:
  58:Drivers/u8glib/src/u8g_pb16h1.c ****   do
  46              		.loc 1 58 3 is_stmt 1 discriminator 1 view .LVU7
  59:Drivers/u8glib/src/u8g_pb16h1.c ****   {
  60:Drivers/u8glib/src/u8g_pb16h1.c ****     *ptr++ = 0;
  47              		.loc 1 60 5 discriminator 1 view .LVU8
  48 0008 1A46     		mov	r2, r3
  49              		.loc 1 60 9 is_stmt 0 discriminator 1 view .LVU9
  50 000a 0133     		adds	r3, r3, #1
  51              	.LVL4:
  52              		.loc 1 60 12 discriminator 1 view .LVU10
  53 000c 0021     		movs	r1, #0
  54 000e 1170     		strb	r1, [r2]
  61:Drivers/u8glib/src/u8g_pb16h1.c ****   } while( ptr != end_ptr );
ARM GAS  C:\Users\Zbigniew\AppData\Local\Temp\ccYwIOQj.s 			page 3


  55              		.loc 1 61 10 is_stmt 1 discriminator 1 view .LVU11
  56              		.loc 1 61 3 is_stmt 0 discriminator 1 view .LVU12
  57 0010 9842     		cmp	r0, r3
  58 0012 F9D1     		bne	.L2
  62:Drivers/u8glib/src/u8g_pb16h1.c **** }
  59              		.loc 1 62 1 view .LVU13
  60 0014 7047     		bx	lr
  61              		.cfi_endproc
  62              	.LFE0:
  64              		.section	.text.u8g_pb16h1_Init,"ax",%progbits
  65              		.align	1
  66              		.global	u8g_pb16h1_Init
  67              		.syntax unified
  68              		.thumb
  69              		.thumb_func
  71              	u8g_pb16h1_Init:
  72              	.LVL5:
  73              	.LFB1:
  63:Drivers/u8glib/src/u8g_pb16h1.c **** 
  64:Drivers/u8glib/src/u8g_pb16h1.c **** 
  65:Drivers/u8glib/src/u8g_pb16h1.c **** 
  66:Drivers/u8glib/src/u8g_pb16h1.c **** void u8g_pb16h1_Init(u8g_pb_t *b, void *buf, u8g_uint_t width)
  67:Drivers/u8glib/src/u8g_pb16h1.c **** {
  74              		.loc 1 67 1 is_stmt 1 view -0
  75              		.cfi_startproc
  76              		@ args = 0, pretend = 0, frame = 0
  77              		@ frame_needed = 0, uses_anonymous_args = 0
  78              		.loc 1 67 1 is_stmt 0 view .LVU15
  79 0000 08B5     		push	{r3, lr}
  80              	.LCFI0:
  81              		.cfi_def_cfa_offset 8
  82              		.cfi_offset 3, -8
  83              		.cfi_offset 14, -4
  68:Drivers/u8glib/src/u8g_pb16h1.c ****   b->buf = buf;
  84              		.loc 1 68 3 is_stmt 1 view .LVU16
  85              		.loc 1 68 10 is_stmt 0 view .LVU17
  86 0002 8160     		str	r1, [r0, #8]
  69:Drivers/u8glib/src/u8g_pb16h1.c ****   b->width = width;
  87              		.loc 1 69 3 is_stmt 1 view .LVU18
  88              		.loc 1 69 12 is_stmt 0 view .LVU19
  89 0004 4271     		strb	r2, [r0, #5]
  70:Drivers/u8glib/src/u8g_pb16h1.c ****   u8g_pb16h1_Clear(b);
  90              		.loc 1 70 3 is_stmt 1 view .LVU20
  91 0006 FFF7FEFF 		bl	u8g_pb16h1_Clear
  92              	.LVL6:
  71:Drivers/u8glib/src/u8g_pb16h1.c **** }
  93              		.loc 1 71 1 is_stmt 0 view .LVU21
  94 000a 08BD     		pop	{r3, pc}
  95              		.cfi_endproc
  96              	.LFE1:
  98              		.section	.text.u8g_pb16h1_set_pixel,"ax",%progbits
  99              		.align	1
 100              		.global	u8g_pb16h1_set_pixel
 101              		.syntax unified
 102              		.thumb
 103              		.thumb_func
 105              	u8g_pb16h1_set_pixel:
ARM GAS  C:\Users\Zbigniew\AppData\Local\Temp\ccYwIOQj.s 			page 4


 106              	.LVL7:
 107              	.LFB2:
  72:Drivers/u8glib/src/u8g_pb16h1.c **** 
  73:Drivers/u8glib/src/u8g_pb16h1.c **** 
  74:Drivers/u8glib/src/u8g_pb16h1.c **** /* limitation: total buffer must not exceed 2*256 bytes */
  75:Drivers/u8glib/src/u8g_pb16h1.c **** void u8g_pb16h1_set_pixel(u8g_pb_t *b, u8g_uint_t x, u8g_uint_t y, uint8_t color_index)
  76:Drivers/u8glib/src/u8g_pb16h1.c **** {
 108              		.loc 1 76 1 is_stmt 1 view -0
 109              		.cfi_startproc
 110              		@ args = 0, pretend = 0, frame = 0
 111              		@ frame_needed = 0, uses_anonymous_args = 0
 112              		@ link register save eliminated.
 113              		.loc 1 76 1 is_stmt 0 view .LVU23
 114 0000 10B4     		push	{r4}
 115              	.LCFI1:
 116              		.cfi_def_cfa_offset 4
 117              		.cfi_offset 4, -4
  77:Drivers/u8glib/src/u8g_pb16h1.c ****   register uint8_t mask;
 118              		.loc 1 77 3 is_stmt 1 view .LVU24
  78:Drivers/u8glib/src/u8g_pb16h1.c ****   u8g_uint_t tmp;
 119              		.loc 1 78 3 view .LVU25
  79:Drivers/u8glib/src/u8g_pb16h1.c ****   uint8_t *ptr = b->buf;
 120              		.loc 1 79 3 view .LVU26
 121              		.loc 1 79 12 is_stmt 0 view .LVU27
 122 0002 8468     		ldr	r4, [r0, #8]
 123              	.LVL8:
  80:Drivers/u8glib/src/u8g_pb16h1.c ****   
  81:Drivers/u8glib/src/u8g_pb16h1.c ****   y -= b->p.page_y0;
 124              		.loc 1 81 3 is_stmt 1 view .LVU28
 125              		.loc 1 81 12 is_stmt 0 view .LVU29
 126 0004 90F802C0 		ldrb	ip, [r0, #2]	@ zero_extendqisi2
 127              		.loc 1 81 5 view .LVU30
 128 0008 A2EB0C02 		sub	r2, r2, ip
 129              	.LVL9:
 130              		.loc 1 81 5 view .LVU31
 131 000c D2B2     		uxtb	r2, r2
 132              	.LVL10:
  82:Drivers/u8glib/src/u8g_pb16h1.c ****   if ( y >= 8 )
 133              		.loc 1 82 3 is_stmt 1 view .LVU32
 134              		.loc 1 82 6 is_stmt 0 view .LVU33
 135 000e 072A     		cmp	r2, #7
 136 0010 04D9     		bls	.L6
  83:Drivers/u8glib/src/u8g_pb16h1.c ****   {
  84:Drivers/u8glib/src/u8g_pb16h1.c ****     ptr += b->width;
 137              		.loc 1 84 5 is_stmt 1 view .LVU34
 138              		.loc 1 84 13 is_stmt 0 view .LVU35
 139 0012 90F805C0 		ldrb	ip, [r0, #5]	@ zero_extendqisi2
 140              		.loc 1 84 9 view .LVU36
 141 0016 6444     		add	r4, r4, ip
 142              	.LVL11:
  85:Drivers/u8glib/src/u8g_pb16h1.c ****     y &= 0x07;
 143              		.loc 1 85 5 is_stmt 1 view .LVU37
 144              		.loc 1 85 7 is_stmt 0 view .LVU38
 145 0018 02F00702 		and	r2, r2, #7
 146              	.LVL12:
 147              	.L6:
  86:Drivers/u8glib/src/u8g_pb16h1.c ****   }
ARM GAS  C:\Users\Zbigniew\AppData\Local\Temp\ccYwIOQj.s 			page 5


  87:Drivers/u8glib/src/u8g_pb16h1.c ****   tmp = b->width;
 148              		.loc 1 87 3 is_stmt 1 view .LVU39
 149              		.loc 1 87 7 is_stmt 0 view .LVU40
 150 001c 4079     		ldrb	r0, [r0, #5]	@ zero_extendqisi2
 151              	.LVL13:
  88:Drivers/u8glib/src/u8g_pb16h1.c ****   tmp >>= 3;
 152              		.loc 1 88 3 is_stmt 1 view .LVU41
 153              		.loc 1 88 7 is_stmt 0 view .LVU42
 154 001e C008     		lsrs	r0, r0, #3
 155              	.LVL14:
  89:Drivers/u8glib/src/u8g_pb16h1.c ****   tmp *= (uint8_t)y;
 156              		.loc 1 89 3 is_stmt 1 view .LVU43
 157              		.loc 1 89 7 is_stmt 0 view .LVU44
 158 0020 00FB02F2 		mul	r2, r0, r2
 159              	.LVL15:
 160              		.loc 1 89 7 view .LVU45
 161 0024 D2B2     		uxtb	r2, r2
 162              	.LVL16:
  90:Drivers/u8glib/src/u8g_pb16h1.c ****   ptr += tmp;
 163              		.loc 1 90 3 is_stmt 1 view .LVU46
  91:Drivers/u8glib/src/u8g_pb16h1.c ****   
  92:Drivers/u8glib/src/u8g_pb16h1.c ****   mask = 0x080;
 164              		.loc 1 92 3 view .LVU47
  93:Drivers/u8glib/src/u8g_pb16h1.c ****   mask >>= x & 7;
 165              		.loc 1 93 3 view .LVU48
 166              		.loc 1 93 14 is_stmt 0 view .LVU49
 167 0026 01F0070C 		and	ip, r1, #7
 168              		.loc 1 93 8 view .LVU50
 169 002a 8020     		movs	r0, #128
 170 002c 40FA0CF0 		asr	r0, r0, ip
 171 0030 C0B2     		uxtb	r0, r0
 172              	.LVL17:
  94:Drivers/u8glib/src/u8g_pb16h1.c ****   x >>= 3;
 173              		.loc 1 94 3 is_stmt 1 view .LVU51
  95:Drivers/u8glib/src/u8g_pb16h1.c ****   ptr += x;
 174              		.loc 1 95 3 view .LVU52
 175              		.loc 1 95 7 is_stmt 0 view .LVU53
 176 0032 02EBD102 		add	r2, r2, r1, lsr #3
 177              	.LVL18:
  96:Drivers/u8glib/src/u8g_pb16h1.c ****   if ( color_index )
 178              		.loc 1 96 3 is_stmt 1 view .LVU54
 179              		.loc 1 96 6 is_stmt 0 view .LVU55
 180 0036 23B1     		cbz	r3, .L7
  97:Drivers/u8glib/src/u8g_pb16h1.c ****   {
  98:Drivers/u8glib/src/u8g_pb16h1.c ****     *ptr |= mask;
 181              		.loc 1 98 5 is_stmt 1 view .LVU56
 182              		.loc 1 98 10 is_stmt 0 view .LVU57
 183 0038 A35C     		ldrb	r3, [r4, r2]	@ zero_extendqisi2
 184              	.LVL19:
 185              		.loc 1 98 10 view .LVU58
 186 003a 1843     		orrs	r0, r0, r3
 187              	.LVL20:
 188              		.loc 1 98 10 view .LVU59
 189 003c A054     		strb	r0, [r4, r2]
 190              	.LVL21:
 191              	.L5:
  99:Drivers/u8glib/src/u8g_pb16h1.c ****   }
ARM GAS  C:\Users\Zbigniew\AppData\Local\Temp\ccYwIOQj.s 			page 6


 100:Drivers/u8glib/src/u8g_pb16h1.c ****   else
 101:Drivers/u8glib/src/u8g_pb16h1.c ****   {
 102:Drivers/u8glib/src/u8g_pb16h1.c ****     mask ^=0xff;
 103:Drivers/u8glib/src/u8g_pb16h1.c ****     *ptr &= mask;
 104:Drivers/u8glib/src/u8g_pb16h1.c ****   }
 105:Drivers/u8glib/src/u8g_pb16h1.c ****   
 106:Drivers/u8glib/src/u8g_pb16h1.c **** }
 192              		.loc 1 106 1 view .LVU60
 193 003e 10BC     		pop	{r4}
 194              	.LCFI2:
 195              		.cfi_remember_state
 196              		.cfi_restore 4
 197              		.cfi_def_cfa_offset 0
 198              	.LVL22:
 199              		.loc 1 106 1 view .LVU61
 200 0040 7047     		bx	lr
 201              	.LVL23:
 202              	.L7:
 203              	.LCFI3:
 204              		.cfi_restore_state
 102:Drivers/u8glib/src/u8g_pb16h1.c ****     *ptr &= mask;
 205              		.loc 1 102 5 is_stmt 1 view .LVU62
 103:Drivers/u8glib/src/u8g_pb16h1.c ****   }
 206              		.loc 1 103 5 view .LVU63
 103:Drivers/u8glib/src/u8g_pb16h1.c ****   }
 207              		.loc 1 103 10 is_stmt 0 view .LVU64
 208 0042 A35C     		ldrb	r3, [r4, r2]	@ zero_extendqisi2
 209              	.LVL24:
 103:Drivers/u8glib/src/u8g_pb16h1.c ****   }
 210              		.loc 1 103 10 view .LVU65
 211 0044 23EA0000 		bic	r0, r3, r0
 212              	.LVL25:
 103:Drivers/u8glib/src/u8g_pb16h1.c ****   }
 213              		.loc 1 103 10 view .LVU66
 214 0048 A054     		strb	r0, [r4, r2]
 215              		.loc 1 106 1 view .LVU67
 216 004a F8E7     		b	.L5
 217              		.cfi_endproc
 218              	.LFE2:
 220              		.section	.text.u8g_pb16h1_SetPixel,"ax",%progbits
 221              		.align	1
 222              		.global	u8g_pb16h1_SetPixel
 223              		.syntax unified
 224              		.thumb
 225              		.thumb_func
 227              	u8g_pb16h1_SetPixel:
 228              	.LVL26:
 229              	.LFB3:
 107:Drivers/u8glib/src/u8g_pb16h1.c **** 
 108:Drivers/u8glib/src/u8g_pb16h1.c **** 
 109:Drivers/u8glib/src/u8g_pb16h1.c **** void u8g_pb16h1_SetPixel(u8g_pb_t *b, const u8g_dev_arg_pixel_t * const arg_pixel)
 110:Drivers/u8glib/src/u8g_pb16h1.c **** {
 230              		.loc 1 110 1 is_stmt 1 view -0
 231              		.cfi_startproc
 232              		@ args = 0, pretend = 0, frame = 0
 233              		@ frame_needed = 0, uses_anonymous_args = 0
 234              		.loc 1 110 1 is_stmt 0 view .LVU69
ARM GAS  C:\Users\Zbigniew\AppData\Local\Temp\ccYwIOQj.s 			page 7


 235 0000 08B5     		push	{r3, lr}
 236              	.LCFI4:
 237              		.cfi_def_cfa_offset 8
 238              		.cfi_offset 3, -8
 239              		.cfi_offset 14, -4
 111:Drivers/u8glib/src/u8g_pb16h1.c ****   if ( arg_pixel->y < b->p.page_y0 )
 240              		.loc 1 111 3 is_stmt 1 view .LVU70
 241              		.loc 1 111 17 is_stmt 0 view .LVU71
 242 0002 4A78     		ldrb	r2, [r1, #1]	@ zero_extendqisi2
 243              		.loc 1 111 27 view .LVU72
 244 0004 8378     		ldrb	r3, [r0, #2]	@ zero_extendqisi2
 245              		.loc 1 111 6 view .LVU73
 246 0006 9A42     		cmp	r2, r3
 247 0008 07D3     		bcc	.L10
 112:Drivers/u8glib/src/u8g_pb16h1.c ****     return;
 113:Drivers/u8glib/src/u8g_pb16h1.c ****   if ( arg_pixel->y > b->p.page_y1 )
 248              		.loc 1 113 3 is_stmt 1 view .LVU74
 249              		.loc 1 113 27 is_stmt 0 view .LVU75
 250 000a C378     		ldrb	r3, [r0, #3]	@ zero_extendqisi2
 251              		.loc 1 113 6 view .LVU76
 252 000c 9A42     		cmp	r2, r3
 253 000e 04D8     		bhi	.L10
 114:Drivers/u8glib/src/u8g_pb16h1.c ****     return;
 115:Drivers/u8glib/src/u8g_pb16h1.c ****   if ( arg_pixel->x >= b->width )
 254              		.loc 1 115 3 is_stmt 1 view .LVU77
 255              		.loc 1 115 17 is_stmt 0 view .LVU78
 256 0010 91F800C0 		ldrb	ip, [r1]	@ zero_extendqisi2
 257              		.loc 1 115 25 view .LVU79
 258 0014 4379     		ldrb	r3, [r0, #5]	@ zero_extendqisi2
 259              		.loc 1 115 6 view .LVU80
 260 0016 9C45     		cmp	ip, r3
 261 0018 00D3     		bcc	.L13
 262              	.LVL27:
 263              	.L10:
 116:Drivers/u8glib/src/u8g_pb16h1.c ****     return;
 117:Drivers/u8glib/src/u8g_pb16h1.c ****   u8g_pb16h1_set_pixel(b, arg_pixel->x, arg_pixel->y, arg_pixel->color);
 118:Drivers/u8glib/src/u8g_pb16h1.c **** }
 264              		.loc 1 118 1 view .LVU81
 265 001a 08BD     		pop	{r3, pc}
 266              	.LVL28:
 267              	.L13:
 117:Drivers/u8glib/src/u8g_pb16h1.c **** }
 268              		.loc 1 117 3 is_stmt 1 view .LVU82
 269 001c 0B79     		ldrb	r3, [r1, #4]	@ zero_extendqisi2
 270 001e 6146     		mov	r1, ip
 271              	.LVL29:
 117:Drivers/u8glib/src/u8g_pb16h1.c **** }
 272              		.loc 1 117 3 is_stmt 0 view .LVU83
 273 0020 FFF7FEFF 		bl	u8g_pb16h1_set_pixel
 274              	.LVL30:
 117:Drivers/u8glib/src/u8g_pb16h1.c **** }
 275              		.loc 1 117 3 view .LVU84
 276 0024 F9E7     		b	.L10
 277              		.cfi_endproc
 278              	.LFE3:
 280              		.section	.text.u8g_pb16h1_Set8PixelStd,"ax",%progbits
 281              		.align	1
ARM GAS  C:\Users\Zbigniew\AppData\Local\Temp\ccYwIOQj.s 			page 8


 282              		.global	u8g_pb16h1_Set8PixelStd
 283              		.syntax unified
 284              		.thumb
 285              		.thumb_func
 287              	u8g_pb16h1_Set8PixelStd:
 288              	.LVL31:
 289              	.LFB4:
 119:Drivers/u8glib/src/u8g_pb16h1.c **** 
 120:Drivers/u8glib/src/u8g_pb16h1.c **** void u8g_pb16h1_Set8PixelStd(u8g_pb_t *b, u8g_dev_arg_pixel_t *arg_pixel)
 121:Drivers/u8glib/src/u8g_pb16h1.c **** {
 290              		.loc 1 121 1 is_stmt 1 view -0
 291              		.cfi_startproc
 292              		@ args = 0, pretend = 0, frame = 0
 293              		@ frame_needed = 0, uses_anonymous_args = 0
 294              		.loc 1 121 1 is_stmt 0 view .LVU86
 295 0000 70B5     		push	{r4, r5, r6, lr}
 296              	.LCFI5:
 297              		.cfi_def_cfa_offset 16
 298              		.cfi_offset 4, -16
 299              		.cfi_offset 5, -12
 300              		.cfi_offset 6, -8
 301              		.cfi_offset 14, -4
 302 0002 0646     		mov	r6, r0
 303 0004 0D46     		mov	r5, r1
 122:Drivers/u8glib/src/u8g_pb16h1.c ****   register uint8_t pixel = arg_pixel->pixel;
 304              		.loc 1 122 3 is_stmt 1 view .LVU87
 305              		.loc 1 122 20 is_stmt 0 view .LVU88
 306 0006 8C78     		ldrb	r4, [r1, #2]	@ zero_extendqisi2
 307              	.LVL32:
 308              		.loc 1 122 20 view .LVU89
 309 0008 0BE0     		b	.L22
 310              	.LVL33:
 311              	.L25:
 123:Drivers/u8glib/src/u8g_pb16h1.c ****   do
 124:Drivers/u8glib/src/u8g_pb16h1.c ****   {
 125:Drivers/u8glib/src/u8g_pb16h1.c ****     if ( pixel & 128 )
 126:Drivers/u8glib/src/u8g_pb16h1.c ****     {
 127:Drivers/u8glib/src/u8g_pb16h1.c ****       u8g_pb16h1_SetPixel(b, arg_pixel);
 312              		.loc 1 127 7 is_stmt 1 view .LVU90
 313 000a 2946     		mov	r1, r5
 314 000c 3046     		mov	r0, r6
 315 000e FFF7FEFF 		bl	u8g_pb16h1_SetPixel
 316              	.LVL34:
 317 0012 09E0     		b	.L15
 318              	.L21:
 128:Drivers/u8glib/src/u8g_pb16h1.c ****     }
 129:Drivers/u8glib/src/u8g_pb16h1.c ****     switch( arg_pixel->dir )
 130:Drivers/u8glib/src/u8g_pb16h1.c ****     {
 131:Drivers/u8glib/src/u8g_pb16h1.c ****       case 0: arg_pixel->x++; break;
 319              		.loc 1 131 15 view .LVU91
 320              		.loc 1 131 24 is_stmt 0 view .LVU92
 321 0014 2B78     		ldrb	r3, [r5]	@ zero_extendqisi2
 322              		.loc 1 131 27 view .LVU93
 323 0016 0133     		adds	r3, r3, #1
 324 0018 2B70     		strb	r3, [r5]
 325              		.loc 1 131 31 is_stmt 1 view .LVU94
 326              	.L16:
ARM GAS  C:\Users\Zbigniew\AppData\Local\Temp\ccYwIOQj.s 			page 9


 132:Drivers/u8glib/src/u8g_pb16h1.c ****       case 1: arg_pixel->y++; break;
 133:Drivers/u8glib/src/u8g_pb16h1.c ****       case 2: arg_pixel->x--; break;
 134:Drivers/u8glib/src/u8g_pb16h1.c ****       case 3: arg_pixel->y--; break;
 135:Drivers/u8glib/src/u8g_pb16h1.c ****     }
 136:Drivers/u8glib/src/u8g_pb16h1.c ****     pixel <<= 1;
 327              		.loc 1 136 5 view .LVU95
 328              		.loc 1 136 11 is_stmt 0 view .LVU96
 329 001a 6400     		lsls	r4, r4, #1
 330              	.LVL35:
 137:Drivers/u8glib/src/u8g_pb16h1.c ****   } while( pixel != 0  );
 331              		.loc 1 137 10 is_stmt 1 view .LVU97
 332              		.loc 1 137 3 is_stmt 0 view .LVU98
 333 001c 14F0FF04 		ands	r4, r4, #255
 334              	.LVL36:
 335              		.loc 1 137 3 view .LVU99
 336 0020 1CD0     		beq	.L24
 337              	.L22:
 338              	.LVL37:
 123:Drivers/u8glib/src/u8g_pb16h1.c ****   {
 339              		.loc 1 123 3 is_stmt 1 view .LVU100
 125:Drivers/u8glib/src/u8g_pb16h1.c ****     {
 340              		.loc 1 125 5 view .LVU101
 125:Drivers/u8glib/src/u8g_pb16h1.c ****     {
 341              		.loc 1 125 8 is_stmt 0 view .LVU102
 342 0022 14F0800F 		tst	r4, #128
 343 0026 F0D1     		bne	.L25
 344              	.L15:
 129:Drivers/u8glib/src/u8g_pb16h1.c ****     {
 345              		.loc 1 129 5 is_stmt 1 view .LVU103
 129:Drivers/u8glib/src/u8g_pb16h1.c ****     {
 346              		.loc 1 129 22 is_stmt 0 view .LVU104
 347 0028 EB78     		ldrb	r3, [r5, #3]	@ zero_extendqisi2
 129:Drivers/u8glib/src/u8g_pb16h1.c ****     {
 348              		.loc 1 129 5 view .LVU105
 349 002a 032B     		cmp	r3, #3
 350 002c F5D8     		bhi	.L16
 351 002e 01A2     		adr	r2, .L18
 352 0030 52F823F0 		ldr	pc, [r2, r3, lsl #2]
 353              		.p2align 2
 354              	.L18:
 355 0034 15000000 		.word	.L21+1
 356 0038 45000000 		.word	.L20+1
 357 003c 4D000000 		.word	.L19+1
 358 0040 55000000 		.word	.L17+1
 359              		.p2align 1
 360              	.L20:
 132:Drivers/u8glib/src/u8g_pb16h1.c ****       case 2: arg_pixel->x--; break;
 361              		.loc 1 132 15 is_stmt 1 view .LVU106
 132:Drivers/u8glib/src/u8g_pb16h1.c ****       case 2: arg_pixel->x--; break;
 362              		.loc 1 132 24 is_stmt 0 view .LVU107
 363 0044 6B78     		ldrb	r3, [r5, #1]	@ zero_extendqisi2
 132:Drivers/u8glib/src/u8g_pb16h1.c ****       case 2: arg_pixel->x--; break;
 364              		.loc 1 132 27 view .LVU108
 365 0046 0133     		adds	r3, r3, #1
 366 0048 6B70     		strb	r3, [r5, #1]
 132:Drivers/u8glib/src/u8g_pb16h1.c ****       case 2: arg_pixel->x--; break;
 367              		.loc 1 132 31 is_stmt 1 view .LVU109
ARM GAS  C:\Users\Zbigniew\AppData\Local\Temp\ccYwIOQj.s 			page 10


 132:Drivers/u8glib/src/u8g_pb16h1.c ****       case 2: arg_pixel->x--; break;
 368              		.loc 1 132 7 is_stmt 0 view .LVU110
 369 004a E6E7     		b	.L16
 370              	.L19:
 133:Drivers/u8glib/src/u8g_pb16h1.c ****       case 3: arg_pixel->y--; break;
 371              		.loc 1 133 15 is_stmt 1 view .LVU111
 133:Drivers/u8glib/src/u8g_pb16h1.c ****       case 3: arg_pixel->y--; break;
 372              		.loc 1 133 24 is_stmt 0 view .LVU112
 373 004c 2B78     		ldrb	r3, [r5]	@ zero_extendqisi2
 133:Drivers/u8glib/src/u8g_pb16h1.c ****       case 3: arg_pixel->y--; break;
 374              		.loc 1 133 27 view .LVU113
 375 004e 013B     		subs	r3, r3, #1
 376 0050 2B70     		strb	r3, [r5]
 133:Drivers/u8glib/src/u8g_pb16h1.c ****       case 3: arg_pixel->y--; break;
 377              		.loc 1 133 31 is_stmt 1 view .LVU114
 133:Drivers/u8glib/src/u8g_pb16h1.c ****       case 3: arg_pixel->y--; break;
 378              		.loc 1 133 7 is_stmt 0 view .LVU115
 379 0052 E2E7     		b	.L16
 380              	.L17:
 134:Drivers/u8glib/src/u8g_pb16h1.c ****     }
 381              		.loc 1 134 15 is_stmt 1 view .LVU116
 134:Drivers/u8glib/src/u8g_pb16h1.c ****     }
 382              		.loc 1 134 24 is_stmt 0 view .LVU117
 383 0054 6B78     		ldrb	r3, [r5, #1]	@ zero_extendqisi2
 134:Drivers/u8glib/src/u8g_pb16h1.c ****     }
 384              		.loc 1 134 27 view .LVU118
 385 0056 013B     		subs	r3, r3, #1
 386 0058 6B70     		strb	r3, [r5, #1]
 134:Drivers/u8glib/src/u8g_pb16h1.c ****     }
 387              		.loc 1 134 31 is_stmt 1 view .LVU119
 134:Drivers/u8glib/src/u8g_pb16h1.c ****     }
 388              		.loc 1 134 7 is_stmt 0 view .LVU120
 389 005a DEE7     		b	.L16
 390              	.LVL38:
 391              	.L24:
 138:Drivers/u8glib/src/u8g_pb16h1.c **** }
 392              		.loc 1 138 1 view .LVU121
 393 005c 70BD     		pop	{r4, r5, r6, pc}
 394              		.loc 1 138 1 view .LVU122
 395              		.cfi_endproc
 396              	.LFE4:
 398 005e 00BF     		.section	.text.u8g_pb16h1_Set8PixelOpt2,"ax",%progbits
 399              		.align	1
 400              		.global	u8g_pb16h1_Set8PixelOpt2
 401              		.syntax unified
 402              		.thumb
 403              		.thumb_func
 405              	u8g_pb16h1_Set8PixelOpt2:
 406              	.LVL39:
 407              	.LFB5:
 139:Drivers/u8glib/src/u8g_pb16h1.c **** 
 140:Drivers/u8glib/src/u8g_pb16h1.c **** void u8g_pb16h1_Set8PixelOpt2(u8g_pb_t *b, u8g_dev_arg_pixel_t *arg_pixel)
 141:Drivers/u8glib/src/u8g_pb16h1.c **** {
 408              		.loc 1 141 1 is_stmt 1 view -0
 409              		.cfi_startproc
 410              		@ args = 0, pretend = 0, frame = 0
 411              		@ frame_needed = 0, uses_anonymous_args = 0
ARM GAS  C:\Users\Zbigniew\AppData\Local\Temp\ccYwIOQj.s 			page 11


 412              		.loc 1 141 1 is_stmt 0 view .LVU124
 413 0000 2DE9F041 		push	{r4, r5, r6, r7, r8, lr}
 414              	.LCFI6:
 415              		.cfi_def_cfa_offset 24
 416              		.cfi_offset 4, -24
 417              		.cfi_offset 5, -20
 418              		.cfi_offset 6, -16
 419              		.cfi_offset 7, -12
 420              		.cfi_offset 8, -8
 421              		.cfi_offset 14, -4
 422 0004 8046     		mov	r8, r0
 423 0006 0D46     		mov	r5, r1
 142:Drivers/u8glib/src/u8g_pb16h1.c ****   register uint8_t pixel = arg_pixel->pixel;
 424              		.loc 1 142 3 is_stmt 1 view .LVU125
 425              		.loc 1 142 20 is_stmt 0 view .LVU126
 426 0008 8C78     		ldrb	r4, [r1, #2]	@ zero_extendqisi2
 427              	.LVL40:
 143:Drivers/u8glib/src/u8g_pb16h1.c ****   u8g_uint_t dx = 0;
 428              		.loc 1 143 3 is_stmt 1 view .LVU127
 144:Drivers/u8glib/src/u8g_pb16h1.c ****   u8g_uint_t dy = 0;
 429              		.loc 1 144 3 view .LVU128
 145:Drivers/u8glib/src/u8g_pb16h1.c ****   
 146:Drivers/u8glib/src/u8g_pb16h1.c ****   switch( arg_pixel->dir )
 430              		.loc 1 146 3 view .LVU129
 431              		.loc 1 146 20 is_stmt 0 view .LVU130
 432 000a CE78     		ldrb	r6, [r1, #3]	@ zero_extendqisi2
 433              		.loc 1 146 3 view .LVU131
 434 000c 032E     		cmp	r6, #3
 435 000e 03D8     		bhi	.L27
 436 0010 DFE806F0 		tbb	[pc, r6]
 437              	.L29:
 438 0014 0D       		.byte	(.L35-.L29)/2
 439 0015 05       		.byte	(.L31-.L29)/2
 440 0016 07       		.byte	(.L30-.L29)/2
 441 0017 0A       		.byte	(.L28-.L29)/2
 442              		.p2align 1
 443              	.L27:
 444 0018 0026     		movs	r6, #0
 445 001a 3746     		mov	r7, r6
 446 001c 13E0     		b	.L34
 447              	.L31:
 147:Drivers/u8glib/src/u8g_pb16h1.c ****   {
 148:Drivers/u8glib/src/u8g_pb16h1.c ****     case 0: dx++; break;
 149:Drivers/u8glib/src/u8g_pb16h1.c ****     case 1: dy++; break;
 448              		.loc 1 149 13 is_stmt 1 view .LVU132
 449              	.LVL41:
 450              		.loc 1 149 19 view .LVU133
 143:Drivers/u8glib/src/u8g_pb16h1.c ****   u8g_uint_t dy = 0;
 451              		.loc 1 143 14 is_stmt 0 view .LVU134
 452 001e 0027     		movs	r7, #0
 453              		.loc 1 149 5 view .LVU135
 454 0020 11E0     		b	.L34
 455              	.LVL42:
 456              	.L30:
 150:Drivers/u8glib/src/u8g_pb16h1.c ****     case 2: dx--; break;
 457              		.loc 1 150 13 is_stmt 1 view .LVU136
 458              		.loc 1 150 19 view .LVU137
ARM GAS  C:\Users\Zbigniew\AppData\Local\Temp\ccYwIOQj.s 			page 12


 144:Drivers/u8glib/src/u8g_pb16h1.c ****   
 459              		.loc 1 144 14 is_stmt 0 view .LVU138
 460 0022 0026     		movs	r6, #0
 461              		.loc 1 150 15 view .LVU139
 462 0024 FF27     		movs	r7, #255
 463              		.loc 1 150 5 view .LVU140
 464 0026 0EE0     		b	.L34
 465              	.LVL43:
 466              	.L28:
 151:Drivers/u8glib/src/u8g_pb16h1.c ****     case 3: dy--; break;
 467              		.loc 1 151 13 is_stmt 1 view .LVU141
 468              		.loc 1 151 19 view .LVU142
 469              		.loc 1 151 15 is_stmt 0 view .LVU143
 470 0028 FF26     		movs	r6, #255
 143:Drivers/u8glib/src/u8g_pb16h1.c ****   u8g_uint_t dy = 0;
 471              		.loc 1 143 14 view .LVU144
 472 002a 0027     		movs	r7, #0
 473              		.loc 1 151 5 view .LVU145
 474 002c 0BE0     		b	.L34
 475              	.LVL44:
 476              	.L35:
 148:Drivers/u8glib/src/u8g_pb16h1.c ****     case 1: dy++; break;
 477              		.loc 1 148 15 view .LVU146
 478 002e 0127     		movs	r7, #1
 479              	.LVL45:
 148:Drivers/u8glib/src/u8g_pb16h1.c ****     case 1: dy++; break;
 480              		.loc 1 148 15 view .LVU147
 481 0030 09E0     		b	.L34
 482              	.LVL46:
 483              	.L33:
 152:Drivers/u8glib/src/u8g_pb16h1.c ****   }
 153:Drivers/u8glib/src/u8g_pb16h1.c ****   
 154:Drivers/u8glib/src/u8g_pb16h1.c ****   do
 155:Drivers/u8glib/src/u8g_pb16h1.c ****   {
 156:Drivers/u8glib/src/u8g_pb16h1.c ****     if ( pixel & 128 )
 157:Drivers/u8glib/src/u8g_pb16h1.c ****       u8g_pb16h1_SetPixel(b, arg_pixel);
 158:Drivers/u8glib/src/u8g_pb16h1.c ****     arg_pixel->x += dx;
 484              		.loc 1 158 5 is_stmt 1 view .LVU148
 485              		.loc 1 158 18 is_stmt 0 view .LVU149
 486 0032 2B78     		ldrb	r3, [r5]	@ zero_extendqisi2
 487 0034 3B44     		add	r3, r3, r7
 488 0036 2B70     		strb	r3, [r5]
 159:Drivers/u8glib/src/u8g_pb16h1.c ****     arg_pixel->y += dy;
 489              		.loc 1 159 5 is_stmt 1 view .LVU150
 490              		.loc 1 159 18 is_stmt 0 view .LVU151
 491 0038 6B78     		ldrb	r3, [r5, #1]	@ zero_extendqisi2
 492 003a 3344     		add	r3, r3, r6
 493 003c 6B70     		strb	r3, [r5, #1]
 160:Drivers/u8glib/src/u8g_pb16h1.c ****     pixel <<= 1;
 494              		.loc 1 160 5 is_stmt 1 view .LVU152
 495              		.loc 1 160 11 is_stmt 0 view .LVU153
 496 003e 6400     		lsls	r4, r4, #1
 497              	.LVL47:
 161:Drivers/u8glib/src/u8g_pb16h1.c ****   } while( pixel != 0  );  
 498              		.loc 1 161 10 is_stmt 1 view .LVU154
 499              		.loc 1 161 3 is_stmt 0 view .LVU155
 500 0040 14F0FF04 		ands	r4, r4, #255
ARM GAS  C:\Users\Zbigniew\AppData\Local\Temp\ccYwIOQj.s 			page 13


 501              	.LVL48:
 502              		.loc 1 161 3 view .LVU156
 503 0044 07D0     		beq	.L37
 504              	.LVL49:
 505              	.L34:
 154:Drivers/u8glib/src/u8g_pb16h1.c ****   {
 506              		.loc 1 154 3 is_stmt 1 view .LVU157
 156:Drivers/u8glib/src/u8g_pb16h1.c ****       u8g_pb16h1_SetPixel(b, arg_pixel);
 507              		.loc 1 156 5 view .LVU158
 156:Drivers/u8glib/src/u8g_pb16h1.c ****       u8g_pb16h1_SetPixel(b, arg_pixel);
 508              		.loc 1 156 8 is_stmt 0 view .LVU159
 509 0046 14F0800F 		tst	r4, #128
 510 004a F2D0     		beq	.L33
 157:Drivers/u8glib/src/u8g_pb16h1.c ****     arg_pixel->x += dx;
 511              		.loc 1 157 7 is_stmt 1 view .LVU160
 512 004c 2946     		mov	r1, r5
 513 004e 4046     		mov	r0, r8
 514 0050 FFF7FEFF 		bl	u8g_pb16h1_SetPixel
 515              	.LVL50:
 516 0054 EDE7     		b	.L33
 517              	.LVL51:
 518              	.L37:
 162:Drivers/u8glib/src/u8g_pb16h1.c **** }
 519              		.loc 1 162 1 is_stmt 0 view .LVU161
 520 0056 BDE8F081 		pop	{r4, r5, r6, r7, r8, pc}
 521              		.loc 1 162 1 view .LVU162
 522              		.cfi_endproc
 523              	.LFE5:
 525              		.section	.text.u8g_dev_pb16h1_base_fn,"ax",%progbits
 526              		.align	1
 527              		.global	u8g_dev_pb16h1_base_fn
 528              		.syntax unified
 529              		.thumb
 530              		.thumb_func
 532              	u8g_dev_pb16h1_base_fn:
 533              	.LVL52:
 534              	.LFB6:
 163:Drivers/u8glib/src/u8g_pb16h1.c **** 
 164:Drivers/u8glib/src/u8g_pb16h1.c **** 
 165:Drivers/u8glib/src/u8g_pb16h1.c **** uint8_t u8g_dev_pb16h1_base_fn(u8g_t *u8g, u8g_dev_t *dev, uint8_t msg, void *arg)
 166:Drivers/u8glib/src/u8g_pb16h1.c **** {
 535              		.loc 1 166 1 is_stmt 1 view -0
 536              		.cfi_startproc
 537              		@ args = 0, pretend = 0, frame = 0
 538              		@ frame_needed = 0, uses_anonymous_args = 0
 539              		.loc 1 166 1 is_stmt 0 view .LVU164
 540 0000 38B5     		push	{r3, r4, r5, lr}
 541              	.LCFI7:
 542              		.cfi_def_cfa_offset 16
 543              		.cfi_offset 3, -16
 544              		.cfi_offset 4, -12
 545              		.cfi_offset 5, -8
 546              		.cfi_offset 14, -4
 547 0002 1C46     		mov	r4, r3
 167:Drivers/u8glib/src/u8g_pb16h1.c ****   u8g_pb_t *pb = (u8g_pb_t *)(dev->dev_mem);
 548              		.loc 1 167 3 is_stmt 1 view .LVU165
 549              		.loc 1 167 13 is_stmt 0 view .LVU166
ARM GAS  C:\Users\Zbigniew\AppData\Local\Temp\ccYwIOQj.s 			page 14


 550 0004 4D68     		ldr	r5, [r1, #4]
 551              	.LVL53:
 168:Drivers/u8glib/src/u8g_pb16h1.c ****   switch(msg)
 552              		.loc 1 168 3 is_stmt 1 view .LVU167
 553 0006 143A     		subs	r2, r2, #20
 554              	.LVL54:
 555              		.loc 1 168 3 is_stmt 0 view .LVU168
 556 0008 332A     		cmp	r2, #51
 557 000a 4DD8     		bhi	.L48
 558 000c DFE802F0 		tbb	[pc, r2]
 559              	.LVL55:
 560              	.L41:
 561 0010 2D       		.byte	(.L47-.L41)/2
 562 0011 35       		.byte	(.L46-.L41)/2
 563 0012 4C       		.byte	(.L48-.L41)/2
 564 0013 3E       		.byte	(.L45-.L41)/2
 565 0014 4C       		.byte	(.L48-.L41)/2
 566 0015 4C       		.byte	(.L48-.L41)/2
 567 0016 4C       		.byte	(.L48-.L41)/2
 568 0017 4C       		.byte	(.L48-.L41)/2
 569 0018 4C       		.byte	(.L48-.L41)/2
 570 0019 4C       		.byte	(.L48-.L41)/2
 571 001a 4C       		.byte	(.L48-.L41)/2
 572 001b 4C       		.byte	(.L48-.L41)/2
 573 001c 4C       		.byte	(.L48-.L41)/2
 574 001d 4C       		.byte	(.L48-.L41)/2
 575 001e 4C       		.byte	(.L48-.L41)/2
 576 001f 4C       		.byte	(.L48-.L41)/2
 577 0020 4C       		.byte	(.L48-.L41)/2
 578 0021 4C       		.byte	(.L48-.L41)/2
 579 0022 4C       		.byte	(.L48-.L41)/2
 580 0023 4C       		.byte	(.L48-.L41)/2
 581 0024 4C       		.byte	(.L48-.L41)/2
 582 0025 4C       		.byte	(.L48-.L41)/2
 583 0026 4C       		.byte	(.L48-.L41)/2
 584 0027 4C       		.byte	(.L48-.L41)/2
 585 0028 4C       		.byte	(.L48-.L41)/2
 586 0029 4C       		.byte	(.L48-.L41)/2
 587 002a 4C       		.byte	(.L48-.L41)/2
 588 002b 4C       		.byte	(.L48-.L41)/2
 589 002c 4C       		.byte	(.L48-.L41)/2
 590 002d 4C       		.byte	(.L48-.L41)/2
 591 002e 27       		.byte	(.L44-.L41)/2
 592 002f 4C       		.byte	(.L48-.L41)/2
 593 0030 4C       		.byte	(.L48-.L41)/2
 594 0031 4C       		.byte	(.L48-.L41)/2
 595 0032 4C       		.byte	(.L48-.L41)/2
 596 0033 4C       		.byte	(.L48-.L41)/2
 597 0034 4C       		.byte	(.L48-.L41)/2
 598 0035 4C       		.byte	(.L48-.L41)/2
 599 0036 4C       		.byte	(.L48-.L41)/2
 600 0037 1A       		.byte	(.L43-.L41)/2
 601 0038 4C       		.byte	(.L48-.L41)/2
 602 0039 4C       		.byte	(.L48-.L41)/2
 603 003a 4C       		.byte	(.L48-.L41)/2
 604 003b 4C       		.byte	(.L48-.L41)/2
 605 003c 4C       		.byte	(.L48-.L41)/2
ARM GAS  C:\Users\Zbigniew\AppData\Local\Temp\ccYwIOQj.s 			page 15


 606 003d 4C       		.byte	(.L48-.L41)/2
 607 003e 4C       		.byte	(.L48-.L41)/2
 608 003f 4C       		.byte	(.L48-.L41)/2
 609 0040 4C       		.byte	(.L48-.L41)/2
 610 0041 4C       		.byte	(.L48-.L41)/2
 611 0042 44       		.byte	(.L42-.L41)/2
 612 0043 48       		.byte	(.L40-.L41)/2
 613              		.p2align 1
 614              	.L43:
 169:Drivers/u8glib/src/u8g_pb16h1.c ****   {
 170:Drivers/u8glib/src/u8g_pb16h1.c ****     case U8G_DEV_MSG_SET_8PIXEL:
 171:Drivers/u8glib/src/u8g_pb16h1.c ****       if ( u8g_pb_Is8PixelVisible(pb, (u8g_dev_arg_pixel_t *)arg) )
 615              		.loc 1 171 7 is_stmt 1 view .LVU169
 616              		.loc 1 171 12 is_stmt 0 view .LVU170
 617 0044 2146     		mov	r1, r4
 618              	.LVL56:
 619              		.loc 1 171 12 view .LVU171
 620 0046 2846     		mov	r0, r5
 621              	.LVL57:
 622              		.loc 1 171 12 view .LVU172
 623 0048 FFF7FEFF 		bl	u8g_pb_Is8PixelVisible
 624              	.LVL58:
 625              		.loc 1 171 10 view .LVU173
 626 004c 08B9     		cbnz	r0, .L51
 172:Drivers/u8glib/src/u8g_pb16h1.c ****         u8g_pb16h1_Set8PixelOpt2(pb, (u8g_dev_arg_pixel_t *)arg);
 173:Drivers/u8glib/src/u8g_pb16h1.c ****       break;
 174:Drivers/u8glib/src/u8g_pb16h1.c ****     case U8G_DEV_MSG_SET_PIXEL:
 175:Drivers/u8glib/src/u8g_pb16h1.c ****       u8g_pb16h1_SetPixel(pb, (u8g_dev_arg_pixel_t *)arg);
 176:Drivers/u8glib/src/u8g_pb16h1.c ****       break;
 177:Drivers/u8glib/src/u8g_pb16h1.c ****     case U8G_DEV_MSG_INIT:
 178:Drivers/u8glib/src/u8g_pb16h1.c ****       break;
 179:Drivers/u8glib/src/u8g_pb16h1.c ****     case U8G_DEV_MSG_STOP:
 180:Drivers/u8glib/src/u8g_pb16h1.c ****       break;
 181:Drivers/u8glib/src/u8g_pb16h1.c ****     case U8G_DEV_MSG_PAGE_FIRST:
 182:Drivers/u8glib/src/u8g_pb16h1.c ****       u8g_pb16h1_Clear(pb);
 183:Drivers/u8glib/src/u8g_pb16h1.c ****       u8g_page_First(&(pb->p));
 184:Drivers/u8glib/src/u8g_pb16h1.c ****       break;
 185:Drivers/u8glib/src/u8g_pb16h1.c ****     case U8G_DEV_MSG_PAGE_NEXT:
 186:Drivers/u8glib/src/u8g_pb16h1.c ****       if ( u8g_page_Next(&(pb->p)) == 0 )
 187:Drivers/u8glib/src/u8g_pb16h1.c ****         return 0;
 188:Drivers/u8glib/src/u8g_pb16h1.c ****       u8g_pb16h1_Clear(pb);
 189:Drivers/u8glib/src/u8g_pb16h1.c ****       break;
 190:Drivers/u8glib/src/u8g_pb16h1.c **** #ifdef U8G_DEV_MSG_IS_BBX_INTERSECTION
 191:Drivers/u8glib/src/u8g_pb16h1.c ****     case U8G_DEV_MSG_IS_BBX_INTERSECTION:
 192:Drivers/u8glib/src/u8g_pb16h1.c ****       return u8g_pb_IsIntersection(pb, (u8g_dev_arg_bbx_t *)arg);
 193:Drivers/u8glib/src/u8g_pb16h1.c **** #endif
 194:Drivers/u8glib/src/u8g_pb16h1.c ****     case U8G_DEV_MSG_GET_PAGE_BOX:
 195:Drivers/u8glib/src/u8g_pb16h1.c ****       u8g_pb_GetPageBox(pb, (u8g_box_t *)arg);
 196:Drivers/u8glib/src/u8g_pb16h1.c ****       break;
 197:Drivers/u8glib/src/u8g_pb16h1.c ****     case U8G_DEV_MSG_GET_WIDTH:
 198:Drivers/u8glib/src/u8g_pb16h1.c ****       *((u8g_uint_t *)arg) = pb->width;
 199:Drivers/u8glib/src/u8g_pb16h1.c ****       break;
 200:Drivers/u8glib/src/u8g_pb16h1.c ****     case U8G_DEV_MSG_GET_HEIGHT:
 201:Drivers/u8glib/src/u8g_pb16h1.c ****       *((u8g_uint_t *)arg) = pb->p.total_height;
 202:Drivers/u8glib/src/u8g_pb16h1.c ****       break;
 203:Drivers/u8glib/src/u8g_pb16h1.c ****     case U8G_DEV_MSG_SET_COLOR_ENTRY:
 204:Drivers/u8glib/src/u8g_pb16h1.c ****       break;
ARM GAS  C:\Users\Zbigniew\AppData\Local\Temp\ccYwIOQj.s 			page 16


 205:Drivers/u8glib/src/u8g_pb16h1.c ****     case U8G_DEV_MSG_SET_XY_CB:
 206:Drivers/u8glib/src/u8g_pb16h1.c ****       break;
 207:Drivers/u8glib/src/u8g_pb16h1.c ****     case U8G_DEV_MSG_GET_MODE:
 208:Drivers/u8glib/src/u8g_pb16h1.c ****       return U8G_MODE_BW;
 209:Drivers/u8glib/src/u8g_pb16h1.c ****   }
 210:Drivers/u8glib/src/u8g_pb16h1.c ****   return 1;
 627              		.loc 1 210 10 view .LVU174
 628 004e 0120     		movs	r0, #1
 629 0050 2BE0     		b	.L39
 630              	.L51:
 172:Drivers/u8glib/src/u8g_pb16h1.c ****         u8g_pb16h1_Set8PixelOpt2(pb, (u8g_dev_arg_pixel_t *)arg);
 631              		.loc 1 172 9 is_stmt 1 view .LVU175
 632 0052 2146     		mov	r1, r4
 633 0054 2846     		mov	r0, r5
 634 0056 FFF7FEFF 		bl	u8g_pb16h1_Set8PixelOpt2
 635              	.LVL59:
 636              		.loc 1 210 10 is_stmt 0 view .LVU176
 637 005a 0120     		movs	r0, #1
 638 005c 25E0     		b	.L39
 639              	.LVL60:
 640              	.L44:
 175:Drivers/u8glib/src/u8g_pb16h1.c ****       break;
 641              		.loc 1 175 7 is_stmt 1 view .LVU177
 642 005e 2146     		mov	r1, r4
 643              	.LVL61:
 175:Drivers/u8glib/src/u8g_pb16h1.c ****       break;
 644              		.loc 1 175 7 is_stmt 0 view .LVU178
 645 0060 2846     		mov	r0, r5
 646              	.LVL62:
 175:Drivers/u8glib/src/u8g_pb16h1.c ****       break;
 647              		.loc 1 175 7 view .LVU179
 648 0062 FFF7FEFF 		bl	u8g_pb16h1_SetPixel
 649              	.LVL63:
 176:Drivers/u8glib/src/u8g_pb16h1.c ****     case U8G_DEV_MSG_INIT:
 650              		.loc 1 176 7 is_stmt 1 view .LVU180
 651              		.loc 1 210 10 is_stmt 0 view .LVU181
 652 0066 0120     		movs	r0, #1
 176:Drivers/u8glib/src/u8g_pb16h1.c ****     case U8G_DEV_MSG_INIT:
 653              		.loc 1 176 7 view .LVU182
 654 0068 1FE0     		b	.L39
 655              	.LVL64:
 656              	.L47:
 182:Drivers/u8glib/src/u8g_pb16h1.c ****       u8g_page_First(&(pb->p));
 657              		.loc 1 182 7 is_stmt 1 view .LVU183
 658 006a 2846     		mov	r0, r5
 659              	.LVL65:
 182:Drivers/u8glib/src/u8g_pb16h1.c ****       u8g_page_First(&(pb->p));
 660              		.loc 1 182 7 is_stmt 0 view .LVU184
 661 006c FFF7FEFF 		bl	u8g_pb16h1_Clear
 662              	.LVL66:
 183:Drivers/u8glib/src/u8g_pb16h1.c ****       break;
 663              		.loc 1 183 7 is_stmt 1 view .LVU185
 664 0070 2846     		mov	r0, r5
 665 0072 FFF7FEFF 		bl	u8g_page_First
 666              	.LVL67:
 184:Drivers/u8glib/src/u8g_pb16h1.c ****     case U8G_DEV_MSG_PAGE_NEXT:
 667              		.loc 1 184 7 view .LVU186
ARM GAS  C:\Users\Zbigniew\AppData\Local\Temp\ccYwIOQj.s 			page 17


 668              		.loc 1 210 10 is_stmt 0 view .LVU187
 669 0076 0120     		movs	r0, #1
 184:Drivers/u8glib/src/u8g_pb16h1.c ****     case U8G_DEV_MSG_PAGE_NEXT:
 670              		.loc 1 184 7 view .LVU188
 671 0078 17E0     		b	.L39
 672              	.LVL68:
 673              	.L46:
 186:Drivers/u8glib/src/u8g_pb16h1.c ****         return 0;
 674              		.loc 1 186 7 is_stmt 1 view .LVU189
 186:Drivers/u8glib/src/u8g_pb16h1.c ****         return 0;
 675              		.loc 1 186 12 is_stmt 0 view .LVU190
 676 007a 2846     		mov	r0, r5
 677              	.LVL69:
 186:Drivers/u8glib/src/u8g_pb16h1.c ****         return 0;
 678              		.loc 1 186 12 view .LVU191
 679 007c FFF7FEFF 		bl	u8g_page_Next
 680              	.LVL70:
 186:Drivers/u8glib/src/u8g_pb16h1.c ****         return 0;
 681              		.loc 1 186 10 view .LVU192
 682 0080 98B1     		cbz	r0, .L39
 188:Drivers/u8glib/src/u8g_pb16h1.c ****       break;
 683              		.loc 1 188 7 is_stmt 1 view .LVU193
 684 0082 2846     		mov	r0, r5
 685 0084 FFF7FEFF 		bl	u8g_pb16h1_Clear
 686              	.LVL71:
 189:Drivers/u8glib/src/u8g_pb16h1.c **** #ifdef U8G_DEV_MSG_IS_BBX_INTERSECTION
 687              		.loc 1 189 7 view .LVU194
 688              		.loc 1 210 10 is_stmt 0 view .LVU195
 689 0088 0120     		movs	r0, #1
 189:Drivers/u8glib/src/u8g_pb16h1.c **** #ifdef U8G_DEV_MSG_IS_BBX_INTERSECTION
 690              		.loc 1 189 7 view .LVU196
 691 008a 0EE0     		b	.L39
 692              	.LVL72:
 693              	.L45:
 195:Drivers/u8glib/src/u8g_pb16h1.c ****       break;
 694              		.loc 1 195 7 is_stmt 1 view .LVU197
 695 008c 2146     		mov	r1, r4
 696              	.LVL73:
 195:Drivers/u8glib/src/u8g_pb16h1.c ****       break;
 697              		.loc 1 195 7 is_stmt 0 view .LVU198
 698 008e 2846     		mov	r0, r5
 699              	.LVL74:
 195:Drivers/u8glib/src/u8g_pb16h1.c ****       break;
 700              		.loc 1 195 7 view .LVU199
 701 0090 FFF7FEFF 		bl	u8g_pb_GetPageBox
 702              	.LVL75:
 196:Drivers/u8glib/src/u8g_pb16h1.c ****     case U8G_DEV_MSG_GET_WIDTH:
 703              		.loc 1 196 7 is_stmt 1 view .LVU200
 704              		.loc 1 210 10 is_stmt 0 view .LVU201
 705 0094 0120     		movs	r0, #1
 196:Drivers/u8glib/src/u8g_pb16h1.c ****     case U8G_DEV_MSG_GET_WIDTH:
 706              		.loc 1 196 7 view .LVU202
 707 0096 08E0     		b	.L39
 708              	.LVL76:
 709              	.L42:
 198:Drivers/u8glib/src/u8g_pb16h1.c ****       break;
 710              		.loc 1 198 7 is_stmt 1 view .LVU203
ARM GAS  C:\Users\Zbigniew\AppData\Local\Temp\ccYwIOQj.s 			page 18


 198:Drivers/u8glib/src/u8g_pb16h1.c ****       break;
 711              		.loc 1 198 32 is_stmt 0 view .LVU204
 712 0098 6B79     		ldrb	r3, [r5, #5]	@ zero_extendqisi2
 198:Drivers/u8glib/src/u8g_pb16h1.c ****       break;
 713              		.loc 1 198 28 view .LVU205
 714 009a 2370     		strb	r3, [r4]
 199:Drivers/u8glib/src/u8g_pb16h1.c ****     case U8G_DEV_MSG_GET_HEIGHT:
 715              		.loc 1 199 7 is_stmt 1 view .LVU206
 716              		.loc 1 210 10 is_stmt 0 view .LVU207
 717 009c 0120     		movs	r0, #1
 718              	.LVL77:
 199:Drivers/u8glib/src/u8g_pb16h1.c ****     case U8G_DEV_MSG_GET_HEIGHT:
 719              		.loc 1 199 7 view .LVU208
 720 009e 04E0     		b	.L39
 721              	.LVL78:
 722              	.L40:
 201:Drivers/u8glib/src/u8g_pb16h1.c ****       break;
 723              		.loc 1 201 7 is_stmt 1 view .LVU209
 201:Drivers/u8glib/src/u8g_pb16h1.c ****       break;
 724              		.loc 1 201 35 is_stmt 0 view .LVU210
 725 00a0 6B78     		ldrb	r3, [r5, #1]	@ zero_extendqisi2
 201:Drivers/u8glib/src/u8g_pb16h1.c ****       break;
 726              		.loc 1 201 28 view .LVU211
 727 00a2 2370     		strb	r3, [r4]
 202:Drivers/u8glib/src/u8g_pb16h1.c ****     case U8G_DEV_MSG_SET_COLOR_ENTRY:
 728              		.loc 1 202 7 is_stmt 1 view .LVU212
 729              		.loc 1 210 10 is_stmt 0 view .LVU213
 730 00a4 0120     		movs	r0, #1
 731              	.LVL79:
 202:Drivers/u8glib/src/u8g_pb16h1.c ****     case U8G_DEV_MSG_SET_COLOR_ENTRY:
 732              		.loc 1 202 7 view .LVU214
 733 00a6 00E0     		b	.L39
 734              	.LVL80:
 735              	.L48:
 168:Drivers/u8glib/src/u8g_pb16h1.c ****   {
 736              		.loc 1 168 3 view .LVU215
 737 00a8 0120     		movs	r0, #1
 738              	.LVL81:
 739              	.L39:
 211:Drivers/u8glib/src/u8g_pb16h1.c **** }
 740              		.loc 1 211 1 view .LVU216
 741 00aa 38BD     		pop	{r3, r4, r5, pc}
 742              		.loc 1 211 1 view .LVU217
 743              		.cfi_endproc
 744              	.LFE6:
 746              		.text
 747              	.Letext0:
 748              		.file 2 "c:\\users\\zbigniew\\appdata\\roaming\\code\\user\\globalstorage\\bmd.stm32-for-vscode\\@
 749              		.file 3 "c:\\users\\zbigniew\\appdata\\roaming\\code\\user\\globalstorage\\bmd.stm32-for-vscode\\@
 750              		.file 4 "Inc/../Drivers/u8glib/inc/u8g.h"
ARM GAS  C:\Users\Zbigniew\AppData\Local\Temp\ccYwIOQj.s 			page 19


DEFINED SYMBOLS
                            *ABS*:0000000000000000 u8g_pb16h1.c
C:\Users\Zbigniew\AppData\Local\Temp\ccYwIOQj.s:18     .text.u8g_pb16h1_Clear:0000000000000000 $t
C:\Users\Zbigniew\AppData\Local\Temp\ccYwIOQj.s:24     .text.u8g_pb16h1_Clear:0000000000000000 u8g_pb16h1_Clear
C:\Users\Zbigniew\AppData\Local\Temp\ccYwIOQj.s:65     .text.u8g_pb16h1_Init:0000000000000000 $t
C:\Users\Zbigniew\AppData\Local\Temp\ccYwIOQj.s:71     .text.u8g_pb16h1_Init:0000000000000000 u8g_pb16h1_Init
C:\Users\Zbigniew\AppData\Local\Temp\ccYwIOQj.s:99     .text.u8g_pb16h1_set_pixel:0000000000000000 $t
C:\Users\Zbigniew\AppData\Local\Temp\ccYwIOQj.s:105    .text.u8g_pb16h1_set_pixel:0000000000000000 u8g_pb16h1_set_pixel
C:\Users\Zbigniew\AppData\Local\Temp\ccYwIOQj.s:221    .text.u8g_pb16h1_SetPixel:0000000000000000 $t
C:\Users\Zbigniew\AppData\Local\Temp\ccYwIOQj.s:227    .text.u8g_pb16h1_SetPixel:0000000000000000 u8g_pb16h1_SetPixel
C:\Users\Zbigniew\AppData\Local\Temp\ccYwIOQj.s:281    .text.u8g_pb16h1_Set8PixelStd:0000000000000000 $t
C:\Users\Zbigniew\AppData\Local\Temp\ccYwIOQj.s:287    .text.u8g_pb16h1_Set8PixelStd:0000000000000000 u8g_pb16h1_Set8PixelStd
C:\Users\Zbigniew\AppData\Local\Temp\ccYwIOQj.s:355    .text.u8g_pb16h1_Set8PixelStd:0000000000000034 $d
C:\Users\Zbigniew\AppData\Local\Temp\ccYwIOQj.s:359    .text.u8g_pb16h1_Set8PixelStd:0000000000000044 $t
C:\Users\Zbigniew\AppData\Local\Temp\ccYwIOQj.s:399    .text.u8g_pb16h1_Set8PixelOpt2:0000000000000000 $t
C:\Users\Zbigniew\AppData\Local\Temp\ccYwIOQj.s:405    .text.u8g_pb16h1_Set8PixelOpt2:0000000000000000 u8g_pb16h1_Set8PixelOpt2
C:\Users\Zbigniew\AppData\Local\Temp\ccYwIOQj.s:438    .text.u8g_pb16h1_Set8PixelOpt2:0000000000000014 $d
C:\Users\Zbigniew\AppData\Local\Temp\ccYwIOQj.s:442    .text.u8g_pb16h1_Set8PixelOpt2:0000000000000018 $t
C:\Users\Zbigniew\AppData\Local\Temp\ccYwIOQj.s:526    .text.u8g_dev_pb16h1_base_fn:0000000000000000 $t
C:\Users\Zbigniew\AppData\Local\Temp\ccYwIOQj.s:532    .text.u8g_dev_pb16h1_base_fn:0000000000000000 u8g_dev_pb16h1_base_fn
C:\Users\Zbigniew\AppData\Local\Temp\ccYwIOQj.s:561    .text.u8g_dev_pb16h1_base_fn:0000000000000010 $d
C:\Users\Zbigniew\AppData\Local\Temp\ccYwIOQj.s:613    .text.u8g_dev_pb16h1_base_fn:0000000000000044 $t

UNDEFINED SYMBOLS
u8g_pb_Is8PixelVisible
u8g_page_First
u8g_page_Next
u8g_pb_GetPageBox
