ARM GAS  C:\Users\Zbigniew\AppData\Local\Temp\ccLyTEQS.s 			page 1


   1              		.cpu cortex-m3
   2              		.arch armv7-m
   3              		.fpu softvfp
   4              		.eabi_attribute 20, 1
   5              		.eabi_attribute 21, 1
   6              		.eabi_attribute 23, 3
   7              		.eabi_attribute 24, 1
   8              		.eabi_attribute 25, 1
   9              		.eabi_attribute 26, 1
  10              		.eabi_attribute 30, 1
  11              		.eabi_attribute 34, 1
  12              		.eabi_attribute 18, 4
  13              		.file	"u8g_pb.c"
  14              		.text
  15              	.Ltext0:
  16              		.cfi_sections	.debug_frame
  17              		.section	.text.u8g_pb_Clear,"ax",%progbits
  18              		.align	1
  19              		.global	u8g_pb_Clear
  20              		.syntax unified
  21              		.thumb
  22              		.thumb_func
  24              	u8g_pb_Clear:
  25              	.LVL0:
  26              	.LFB0:
  27              		.file 1 "Drivers/u8glib/src/u8g_pb.c"
   1:Drivers/u8glib/src/u8g_pb.c **** /*
   2:Drivers/u8glib/src/u8g_pb.c **** 
   3:Drivers/u8glib/src/u8g_pb.c ****   u8g_pb.c
   4:Drivers/u8glib/src/u8g_pb.c ****   
   5:Drivers/u8glib/src/u8g_pb.c ****   common procedures for the page buffer
   6:Drivers/u8glib/src/u8g_pb.c **** 
   7:Drivers/u8glib/src/u8g_pb.c ****   Universal 8bit Graphics Library
   8:Drivers/u8glib/src/u8g_pb.c ****   
   9:Drivers/u8glib/src/u8g_pb.c ****   Copyright (c) 2011, olikraus@gmail.com
  10:Drivers/u8glib/src/u8g_pb.c ****   All rights reserved.
  11:Drivers/u8glib/src/u8g_pb.c **** 
  12:Drivers/u8glib/src/u8g_pb.c ****   Redistribution and use in source and binary forms, with or without modification, 
  13:Drivers/u8glib/src/u8g_pb.c ****   are permitted provided that the following conditions are met:
  14:Drivers/u8glib/src/u8g_pb.c **** 
  15:Drivers/u8glib/src/u8g_pb.c ****   * Redistributions of source code must retain the above copyright notice, this list 
  16:Drivers/u8glib/src/u8g_pb.c ****     of conditions and the following disclaimer.
  17:Drivers/u8glib/src/u8g_pb.c ****     
  18:Drivers/u8glib/src/u8g_pb.c ****   * Redistributions in binary form must reproduce the above copyright notice, this 
  19:Drivers/u8glib/src/u8g_pb.c ****     list of conditions and the following disclaimer in the documentation and/or other 
  20:Drivers/u8glib/src/u8g_pb.c ****     materials provided with the distribution.
  21:Drivers/u8glib/src/u8g_pb.c **** 
  22:Drivers/u8glib/src/u8g_pb.c ****   THIS SOFTWARE IS PROVIDED BY THE COPYRIGHT HOLDERS AND 
  23:Drivers/u8glib/src/u8g_pb.c ****   CONTRIBUTORS "AS IS" AND ANY EXPRESS OR IMPLIED WARRANTIES, 
  24:Drivers/u8glib/src/u8g_pb.c ****   INCLUDING, BUT NOT LIMITED TO, THE IMPLIED WARRANTIES OF 
  25:Drivers/u8glib/src/u8g_pb.c ****   MERCHANTABILITY AND FITNESS FOR A PARTICULAR PURPOSE ARE 
  26:Drivers/u8glib/src/u8g_pb.c ****   DISCLAIMED. IN NO EVENT SHALL THE COPYRIGHT HOLDER OR 
  27:Drivers/u8glib/src/u8g_pb.c ****   CONTRIBUTORS BE LIABLE FOR ANY DIRECT, INDIRECT, INCIDENTAL, 
  28:Drivers/u8glib/src/u8g_pb.c ****   SPECIAL, EXEMPLARY, OR CONSEQUENTIAL DAMAGES (INCLUDING, BUT 
  29:Drivers/u8glib/src/u8g_pb.c ****   NOT LIMITED TO, PROCUREMENT OF SUBSTITUTE GOODS OR SERVICES; 
  30:Drivers/u8glib/src/u8g_pb.c ****   LOSS OF USE, DATA, OR PROFITS; OR BUSINESS INTERRUPTION) HOWEVER 
  31:Drivers/u8glib/src/u8g_pb.c ****   CAUSED AND ON ANY THEORY OF LIABILITY, WHETHER IN CONTRACT, 
ARM GAS  C:\Users\Zbigniew\AppData\Local\Temp\ccLyTEQS.s 			page 2


  32:Drivers/u8glib/src/u8g_pb.c ****   STRICT LIABILITY, OR TORT (INCLUDING NEGLIGENCE OR OTHERWISE) 
  33:Drivers/u8glib/src/u8g_pb.c ****   ARISING IN ANY WAY OUT OF THE USE OF THIS SOFTWARE, EVEN IF 
  34:Drivers/u8glib/src/u8g_pb.c ****   ADVISED OF THE POSSIBILITY OF SUCH DAMAGE.  
  35:Drivers/u8glib/src/u8g_pb.c ****   
  36:Drivers/u8glib/src/u8g_pb.c ****   
  37:Drivers/u8glib/src/u8g_pb.c **** */
  38:Drivers/u8glib/src/u8g_pb.c **** 
  39:Drivers/u8glib/src/u8g_pb.c **** #include "../Drivers/u8glib/inc/u8g.h"
  40:Drivers/u8glib/src/u8g_pb.c **** 
  41:Drivers/u8glib/src/u8g_pb.c **** void u8g_pb_Clear(u8g_pb_t *b)
  42:Drivers/u8glib/src/u8g_pb.c **** {
  28              		.loc 1 42 1 view -0
  29              		.cfi_startproc
  30              		@ args = 0, pretend = 0, frame = 0
  31              		@ frame_needed = 0, uses_anonymous_args = 0
  32              		@ link register save eliminated.
  43:Drivers/u8glib/src/u8g_pb.c ****   uint8_t *ptr = (uint8_t *)b->buf;
  33              		.loc 1 43 3 view .LVU1
  34              		.loc 1 43 12 is_stmt 0 view .LVU2
  35 0000 8368     		ldr	r3, [r0, #8]
  36              	.LVL1:
  44:Drivers/u8glib/src/u8g_pb.c ****   uint8_t *end_ptr = ptr;
  37              		.loc 1 44 3 is_stmt 1 view .LVU3
  45:Drivers/u8glib/src/u8g_pb.c ****   end_ptr += b->width;
  38              		.loc 1 45 3 view .LVU4
  39              		.loc 1 45 15 is_stmt 0 view .LVU5
  40 0002 4079     		ldrb	r0, [r0, #5]	@ zero_extendqisi2
  41              	.LVL2:
  42              		.loc 1 45 11 view .LVU6
  43 0004 1844     		add	r0, r0, r3
  44              	.LVL3:
  45              	.L2:
  46:Drivers/u8glib/src/u8g_pb.c ****   do
  46              		.loc 1 46 3 is_stmt 1 discriminator 1 view .LVU7
  47:Drivers/u8glib/src/u8g_pb.c ****   {
  48:Drivers/u8glib/src/u8g_pb.c ****     *ptr++ = 0;
  47              		.loc 1 48 5 discriminator 1 view .LVU8
  48 0006 1A46     		mov	r2, r3
  49              		.loc 1 48 9 is_stmt 0 discriminator 1 view .LVU9
  50 0008 0133     		adds	r3, r3, #1
  51              	.LVL4:
  52              		.loc 1 48 12 discriminator 1 view .LVU10
  53 000a 0021     		movs	r1, #0
  54 000c 1170     		strb	r1, [r2]
  49:Drivers/u8glib/src/u8g_pb.c ****   } while( ptr != end_ptr );
  55              		.loc 1 49 10 is_stmt 1 discriminator 1 view .LVU11
  56              		.loc 1 49 3 is_stmt 0 discriminator 1 view .LVU12
  57 000e 9842     		cmp	r0, r3
  58 0010 F9D1     		bne	.L2
  50:Drivers/u8glib/src/u8g_pb.c **** }
  59              		.loc 1 50 1 view .LVU13
  60 0012 7047     		bx	lr
  61              		.cfi_endproc
  62              	.LFE0:
  64              		.section	.text.u8g_pb_IsYIntersection,"ax",%progbits
  65              		.align	1
  66              		.global	u8g_pb_IsYIntersection
ARM GAS  C:\Users\Zbigniew\AppData\Local\Temp\ccLyTEQS.s 			page 3


  67              		.syntax unified
  68              		.thumb
  69              		.thumb_func
  71              	u8g_pb_IsYIntersection:
  72              	.LVL5:
  73              	.LFB1:
  51:Drivers/u8glib/src/u8g_pb.c **** 
  52:Drivers/u8glib/src/u8g_pb.c **** /* the following procedure does not work. why? Can be checked with descpic */
  53:Drivers/u8glib/src/u8g_pb.c **** /*
  54:Drivers/u8glib/src/u8g_pb.c **** void u8g_pb_Clear(u8g_pb_t *b)
  55:Drivers/u8glib/src/u8g_pb.c **** {
  56:Drivers/u8glib/src/u8g_pb.c ****   uint8_t *ptr = (uint8_t *)b->buf;
  57:Drivers/u8glib/src/u8g_pb.c ****   uint8_t cnt = b->width;
  58:Drivers/u8glib/src/u8g_pb.c ****   do
  59:Drivers/u8glib/src/u8g_pb.c ****   {
  60:Drivers/u8glib/src/u8g_pb.c ****     *ptr++ = 0;
  61:Drivers/u8glib/src/u8g_pb.c ****     cnt--;
  62:Drivers/u8glib/src/u8g_pb.c ****   } while( cnt != 0 );
  63:Drivers/u8glib/src/u8g_pb.c **** }
  64:Drivers/u8glib/src/u8g_pb.c **** */
  65:Drivers/u8glib/src/u8g_pb.c **** 
  66:Drivers/u8glib/src/u8g_pb.c **** /*
  67:Drivers/u8glib/src/u8g_pb.c ****   intersection assumptions:
  68:Drivers/u8glib/src/u8g_pb.c ****     a1 <= a2 is always true    
  69:Drivers/u8glib/src/u8g_pb.c **** */
  70:Drivers/u8glib/src/u8g_pb.c ****   /*
  71:Drivers/u8glib/src/u8g_pb.c ****     minimized version
  72:Drivers/u8glib/src/u8g_pb.c ****     ---1----0 1             b1 <= a2 && b1 > b2
  73:Drivers/u8glib/src/u8g_pb.c ****     -----1--0 1             b2 >= a1 && b1 > b2
  74:Drivers/u8glib/src/u8g_pb.c ****     ---1-1--- 1             b1 <= a2 && b2 >= a1
  75:Drivers/u8glib/src/u8g_pb.c ****   */
  76:Drivers/u8glib/src/u8g_pb.c **** /*
  77:Drivers/u8glib/src/u8g_pb.c **** uint8_t u8g_pb8v1_IsYIntersection___Old(u8g_pb_t *b, u8g_uint_t v0, u8g_uint_t v1)
  78:Drivers/u8glib/src/u8g_pb.c **** {
  79:Drivers/u8glib/src/u8g_pb.c ****   uint8_t c0, c1, c;
  80:Drivers/u8glib/src/u8g_pb.c ****   c0 = v0 <= b->p.page_y1;
  81:Drivers/u8glib/src/u8g_pb.c ****   c1 = v1 >= b->p.page_y0;
  82:Drivers/u8glib/src/u8g_pb.c ****   c = v0 > v1;
  83:Drivers/u8glib/src/u8g_pb.c ****   if ( c0 && c1 ) return 1;
  84:Drivers/u8glib/src/u8g_pb.c ****   if ( c0 && c ) return 1;
  85:Drivers/u8glib/src/u8g_pb.c ****   if ( c1 && c ) return 1;
  86:Drivers/u8glib/src/u8g_pb.c ****   return 0;
  87:Drivers/u8glib/src/u8g_pb.c **** }
  88:Drivers/u8glib/src/u8g_pb.c **** */
  89:Drivers/u8glib/src/u8g_pb.c **** 
  90:Drivers/u8glib/src/u8g_pb.c **** uint8_t u8g_pb_IsYIntersection(u8g_pb_t *pb, u8g_uint_t v0, u8g_uint_t v1)
  91:Drivers/u8glib/src/u8g_pb.c **** {
  74              		.loc 1 91 1 is_stmt 1 view -0
  75              		.cfi_startproc
  76              		@ args = 0, pretend = 0, frame = 0
  77              		@ frame_needed = 0, uses_anonymous_args = 0
  78              		@ link register save eliminated.
  92:Drivers/u8glib/src/u8g_pb.c ****   uint8_t c1, c2, c3, tmp;
  79              		.loc 1 92 3 view .LVU15
  93:Drivers/u8glib/src/u8g_pb.c ****   c1 = v0 <= pb->p.page_y1;
  80              		.loc 1 93 3 view .LVU16
  81              		.loc 1 93 19 is_stmt 0 view .LVU17
ARM GAS  C:\Users\Zbigniew\AppData\Local\Temp\ccLyTEQS.s 			page 4


  82 0000 C378     		ldrb	r3, [r0, #3]	@ zero_extendqisi2
  83              		.loc 1 93 11 view .LVU18
  84 0002 8B42     		cmp	r3, r1
  85 0004 34BF     		ite	cc
  86 0006 0023     		movcc	r3, #0
  87 0008 0123     		movcs	r3, #1
  88              	.LVL6:
  94:Drivers/u8glib/src/u8g_pb.c ****   c2 = v1 >= pb->p.page_y0;
  89              		.loc 1 94 3 is_stmt 1 view .LVU19
  90              		.loc 1 94 19 is_stmt 0 view .LVU20
  91 000a 90F802C0 		ldrb	ip, [r0, #2]	@ zero_extendqisi2
  92              	.LVL7:
  95:Drivers/u8glib/src/u8g_pb.c ****   c3 = v0 > v1;
  93              		.loc 1 95 3 is_stmt 1 view .LVU21
  94              		.loc 1 95 11 is_stmt 0 view .LVU22
  95 000e 9142     		cmp	r1, r2
  96 0010 94BF     		ite	ls
  97 0012 0021     		movls	r1, #0
  98              	.LVL8:
  99              		.loc 1 95 11 view .LVU23
 100 0014 0121     		movhi	r1, #1
 101              	.LVL9:
  96:Drivers/u8glib/src/u8g_pb.c ****   /*
  97:Drivers/u8glib/src/u8g_pb.c ****   if ( c1 && c2 )
  98:Drivers/u8glib/src/u8g_pb.c ****     return 1;
  99:Drivers/u8glib/src/u8g_pb.c ****   if ( c1 && c3 )
 100:Drivers/u8glib/src/u8g_pb.c ****     return 1;
 101:Drivers/u8glib/src/u8g_pb.c ****   if ( c2 && c3 )
 102:Drivers/u8glib/src/u8g_pb.c ****     return 1;
 103:Drivers/u8glib/src/u8g_pb.c ****   return 0;
 104:Drivers/u8glib/src/u8g_pb.c ****   */
 105:Drivers/u8glib/src/u8g_pb.c ****   
 106:Drivers/u8glib/src/u8g_pb.c ****   tmp = c1;
 102              		.loc 1 106 3 is_stmt 1 view .LVU24
 107:Drivers/u8glib/src/u8g_pb.c ****   c1 &= c2;
 103              		.loc 1 107 3 view .LVU25
 108:Drivers/u8glib/src/u8g_pb.c ****   c2 &= c3;
 104              		.loc 1 108 3 view .LVU26
 109:Drivers/u8glib/src/u8g_pb.c ****   c3 &= tmp;
 105              		.loc 1 109 3 view .LVU27
 110:Drivers/u8glib/src/u8g_pb.c ****   c1 |= c2;
 106              		.loc 1 110 3 view .LVU28
 111:Drivers/u8glib/src/u8g_pb.c ****   c1 |= c3;
 107              		.loc 1 111 3 view .LVU29
 108              		.loc 1 111 6 is_stmt 0 view .LVU30
 109 0016 43EA0100 		orr	r0, r3, r1
 110              	.LVL10:
 111              		.loc 1 111 6 view .LVU31
 112 001a 9445     		cmp	ip, r2
 113 001c 8CBF     		ite	hi
 114 001e 0020     		movhi	r0, #0
 115 0020 00F00100 		andls	r0, r0, #1
 116 0024 1940     		ands	r1, r1, r3
 117              	.LVL11:
 112:Drivers/u8glib/src/u8g_pb.c ****   return c1 & 1;
 118              		.loc 1 112 3 is_stmt 1 view .LVU32
 113:Drivers/u8glib/src/u8g_pb.c **** }
ARM GAS  C:\Users\Zbigniew\AppData\Local\Temp\ccLyTEQS.s 			page 5


 119              		.loc 1 113 1 is_stmt 0 view .LVU33
 120 0026 0843     		orrs	r0, r0, r1
 121              	.LVL12:
 122              		.loc 1 113 1 view .LVU34
 123 0028 7047     		bx	lr
 124              		.cfi_endproc
 125              	.LFE1:
 127              		.section	.text.u8g_pb_IsXIntersection,"ax",%progbits
 128              		.align	1
 129              		.global	u8g_pb_IsXIntersection
 130              		.syntax unified
 131              		.thumb
 132              		.thumb_func
 134              	u8g_pb_IsXIntersection:
 135              	.LVL13:
 136              	.LFB2:
 114:Drivers/u8glib/src/u8g_pb.c **** 
 115:Drivers/u8glib/src/u8g_pb.c **** 
 116:Drivers/u8glib/src/u8g_pb.c **** uint8_t u8g_pb_IsXIntersection(u8g_pb_t *b, u8g_uint_t v0, u8g_uint_t v1)
 117:Drivers/u8glib/src/u8g_pb.c **** {
 137              		.loc 1 117 1 is_stmt 1 view -0
 138              		.cfi_startproc
 139              		@ args = 0, pretend = 0, frame = 0
 140              		@ frame_needed = 0, uses_anonymous_args = 0
 141              		@ link register save eliminated.
 118:Drivers/u8glib/src/u8g_pb.c ****   uint8_t /*c0, c1, */ c2, c3;
 142              		.loc 1 118 3 view .LVU36
 119:Drivers/u8glib/src/u8g_pb.c ****   /*
 120:Drivers/u8glib/src/u8g_pb.c ****     conditions: b->p.page_y0 < b->p.page_y1
 121:Drivers/u8glib/src/u8g_pb.c ****     there are no restriction on v0 and v1. If v0 > v1, then warp around unsigned is assumed
 122:Drivers/u8glib/src/u8g_pb.c ****   */
 123:Drivers/u8glib/src/u8g_pb.c ****   /*
 124:Drivers/u8glib/src/u8g_pb.c ****   c0 = v0 < 0;
 125:Drivers/u8glib/src/u8g_pb.c ****   c1 = v1 < 0;
 126:Drivers/u8glib/src/u8g_pb.c ****   */
 127:Drivers/u8glib/src/u8g_pb.c ****   c2 = v0 > b->width;
 143              		.loc 1 127 3 view .LVU37
 144              		.loc 1 127 14 is_stmt 0 view .LVU38
 145 0000 4379     		ldrb	r3, [r0, #5]	@ zero_extendqisi2
 146              	.LVL14:
 128:Drivers/u8glib/src/u8g_pb.c ****   c3 = v1 > b->width;
 147              		.loc 1 128 3 is_stmt 1 view .LVU39
 129:Drivers/u8glib/src/u8g_pb.c ****   /*if ( c0 && c1 ) return 0;*/
 130:Drivers/u8glib/src/u8g_pb.c ****   if ( c2 && c3 ) return 0;
 148              		.loc 1 130 3 view .LVU40
 149              		.loc 1 130 6 is_stmt 0 view .LVU41
 150 0002 8B42     		cmp	r3, r1
 151 0004 03D2     		bcs	.L6
 152              		.loc 1 130 11 discriminator 1 view .LVU42
 153 0006 9342     		cmp	r3, r2
 154 0008 03D3     		bcc	.L7
 131:Drivers/u8glib/src/u8g_pb.c ****   /*if ( c1 && c2 ) return 0;*/
 132:Drivers/u8glib/src/u8g_pb.c ****   return 1;
 155              		.loc 1 132 10 view .LVU43
 156 000a 0120     		movs	r0, #1
 157              	.LVL15:
 158              		.loc 1 132 10 view .LVU44
ARM GAS  C:\Users\Zbigniew\AppData\Local\Temp\ccLyTEQS.s 			page 6


 159 000c 7047     		bx	lr
 160              	.LVL16:
 161              	.L6:
 162              		.loc 1 132 10 view .LVU45
 163 000e 0120     		movs	r0, #1
 164              	.LVL17:
 165              		.loc 1 132 10 view .LVU46
 166 0010 7047     		bx	lr
 167              	.LVL18:
 168              	.L7:
 130:Drivers/u8glib/src/u8g_pb.c ****   /*if ( c1 && c2 ) return 0;*/
 169              		.loc 1 130 26 view .LVU47
 170 0012 0020     		movs	r0, #0
 171              	.LVL19:
 133:Drivers/u8glib/src/u8g_pb.c **** }
 172              		.loc 1 133 1 view .LVU48
 173 0014 7047     		bx	lr
 174              		.cfi_endproc
 175              	.LFE2:
 177              		.section	.text.u8g_pb_IsIntersection,"ax",%progbits
 178              		.align	1
 179              		.global	u8g_pb_IsIntersection
 180              		.syntax unified
 181              		.thumb
 182              		.thumb_func
 184              	u8g_pb_IsIntersection:
 185              	.LVL20:
 186              	.LFB3:
 134:Drivers/u8glib/src/u8g_pb.c **** 
 135:Drivers/u8glib/src/u8g_pb.c **** uint8_t u8g_pb_IsIntersection(u8g_pb_t *pb, u8g_dev_arg_bbx_t *bbx)
 136:Drivers/u8glib/src/u8g_pb.c **** {
 187              		.loc 1 136 1 is_stmt 1 view -0
 188              		.cfi_startproc
 189              		@ args = 0, pretend = 0, frame = 0
 190              		@ frame_needed = 0, uses_anonymous_args = 0
 191              		.loc 1 136 1 is_stmt 0 view .LVU50
 192 0000 38B5     		push	{r3, r4, r5, lr}
 193              	.LCFI0:
 194              		.cfi_def_cfa_offset 16
 195              		.cfi_offset 3, -16
 196              		.cfi_offset 4, -12
 197              		.cfi_offset 5, -8
 198              		.cfi_offset 14, -4
 199 0002 0546     		mov	r5, r0
 200 0004 0C46     		mov	r4, r1
 137:Drivers/u8glib/src/u8g_pb.c ****   u8g_uint_t tmp;
 201              		.loc 1 137 3 is_stmt 1 view .LVU51
 138:Drivers/u8glib/src/u8g_pb.c **** 
 139:Drivers/u8glib/src/u8g_pb.c ****   tmp = bbx->y;
 202              		.loc 1 139 3 view .LVU52
 203              		.loc 1 139 7 is_stmt 0 view .LVU53
 204 0006 4978     		ldrb	r1, [r1, #1]	@ zero_extendqisi2
 205              	.LVL21:
 140:Drivers/u8glib/src/u8g_pb.c ****   tmp += bbx->h;
 206              		.loc 1 140 3 is_stmt 1 view .LVU54
 207              		.loc 1 140 13 is_stmt 0 view .LVU55
 208 0008 E278     		ldrb	r2, [r4, #3]	@ zero_extendqisi2
ARM GAS  C:\Users\Zbigniew\AppData\Local\Temp\ccLyTEQS.s 			page 7


 209              		.loc 1 140 7 view .LVU56
 210 000a 0A44     		add	r2, r2, r1
 211 000c D2B2     		uxtb	r2, r2
 212              	.LVL22:
 141:Drivers/u8glib/src/u8g_pb.c ****   tmp--;
 213              		.loc 1 141 3 is_stmt 1 view .LVU57
 214              		.loc 1 141 6 is_stmt 0 view .LVU58
 215 000e 013A     		subs	r2, r2, #1
 216              	.LVL23:
 142:Drivers/u8glib/src/u8g_pb.c ****   
 143:Drivers/u8glib/src/u8g_pb.c ****   if ( u8g_pb_IsYIntersection(pb, bbx->y, tmp) == 0 )
 217              		.loc 1 143 3 is_stmt 1 view .LVU59
 218              		.loc 1 143 8 is_stmt 0 view .LVU60
 219 0010 D2B2     		uxtb	r2, r2
 220              		.loc 1 143 8 view .LVU61
 221 0012 FFF7FEFF 		bl	u8g_pb_IsYIntersection
 222              	.LVL24:
 223              		.loc 1 143 6 view .LVU62
 224 0016 40B1     		cbz	r0, .L9
 144:Drivers/u8glib/src/u8g_pb.c ****     return 0;
 145:Drivers/u8glib/src/u8g_pb.c ****   
 146:Drivers/u8glib/src/u8g_pb.c ****   /* maybe this one can be skiped... probability is very high to have an intersection, so it would 
 147:Drivers/u8glib/src/u8g_pb.c ****   tmp = bbx->x;
 225              		.loc 1 147 3 is_stmt 1 view .LVU63
 226              		.loc 1 147 7 is_stmt 0 view .LVU64
 227 0018 2178     		ldrb	r1, [r4]	@ zero_extendqisi2
 228              	.LVL25:
 148:Drivers/u8glib/src/u8g_pb.c ****   tmp += bbx->w;
 229              		.loc 1 148 3 is_stmt 1 view .LVU65
 230              		.loc 1 148 13 is_stmt 0 view .LVU66
 231 001a A278     		ldrb	r2, [r4, #2]	@ zero_extendqisi2
 232              		.loc 1 148 7 view .LVU67
 233 001c 0A44     		add	r2, r2, r1
 234 001e D2B2     		uxtb	r2, r2
 235              	.LVL26:
 149:Drivers/u8glib/src/u8g_pb.c ****   tmp--;
 236              		.loc 1 149 3 is_stmt 1 view .LVU68
 237              		.loc 1 149 6 is_stmt 0 view .LVU69
 238 0020 013A     		subs	r2, r2, #1
 239              	.LVL27:
 150:Drivers/u8glib/src/u8g_pb.c ****     
 151:Drivers/u8glib/src/u8g_pb.c ****   return u8g_pb_IsXIntersection(pb, bbx->x, tmp);
 240              		.loc 1 151 3 is_stmt 1 view .LVU70
 241              		.loc 1 151 10 is_stmt 0 view .LVU71
 242 0022 D2B2     		uxtb	r2, r2
 243              		.loc 1 151 10 view .LVU72
 244 0024 2846     		mov	r0, r5
 245 0026 FFF7FEFF 		bl	u8g_pb_IsXIntersection
 246              	.LVL28:
 247              	.L9:
 152:Drivers/u8glib/src/u8g_pb.c **** }
 248              		.loc 1 152 1 view .LVU73
 249 002a 38BD     		pop	{r3, r4, r5, pc}
 250              		.loc 1 152 1 view .LVU74
 251              		.cfi_endproc
 252              	.LFE3:
 254              		.section	.text.u8g_pb_GetPageBox,"ax",%progbits
ARM GAS  C:\Users\Zbigniew\AppData\Local\Temp\ccLyTEQS.s 			page 8


 255              		.align	1
 256              		.global	u8g_pb_GetPageBox
 257              		.syntax unified
 258              		.thumb
 259              		.thumb_func
 261              	u8g_pb_GetPageBox:
 262              	.LVL29:
 263              	.LFB4:
 153:Drivers/u8glib/src/u8g_pb.c **** 
 154:Drivers/u8glib/src/u8g_pb.c **** void u8g_pb_GetPageBox(u8g_pb_t *pb, u8g_box_t *box)
 155:Drivers/u8glib/src/u8g_pb.c **** {
 264              		.loc 1 155 1 is_stmt 1 view -0
 265              		.cfi_startproc
 266              		@ args = 0, pretend = 0, frame = 0
 267              		@ frame_needed = 0, uses_anonymous_args = 0
 268              		@ link register save eliminated.
 156:Drivers/u8glib/src/u8g_pb.c ****   box->x0 = 0;
 269              		.loc 1 156 3 view .LVU76
 270              		.loc 1 156 11 is_stmt 0 view .LVU77
 271 0000 0023     		movs	r3, #0
 272 0002 0B70     		strb	r3, [r1]
 157:Drivers/u8glib/src/u8g_pb.c ****   box->y0 = pb->p.page_y0;
 273              		.loc 1 157 3 is_stmt 1 view .LVU78
 274              		.loc 1 157 18 is_stmt 0 view .LVU79
 275 0004 8378     		ldrb	r3, [r0, #2]	@ zero_extendqisi2
 276              		.loc 1 157 11 view .LVU80
 277 0006 4B70     		strb	r3, [r1, #1]
 158:Drivers/u8glib/src/u8g_pb.c ****   box->x1 = pb->width;
 278              		.loc 1 158 3 is_stmt 1 view .LVU81
 279              		.loc 1 158 15 is_stmt 0 view .LVU82
 280 0008 4379     		ldrb	r3, [r0, #5]	@ zero_extendqisi2
 281              		.loc 1 158 11 view .LVU83
 282 000a 8B70     		strb	r3, [r1, #2]
 159:Drivers/u8glib/src/u8g_pb.c ****   box->x1--;
 283              		.loc 1 159 3 is_stmt 1 view .LVU84
 284              		.loc 1 159 10 is_stmt 0 view .LVU85
 285 000c 013B     		subs	r3, r3, #1
 286 000e 8B70     		strb	r3, [r1, #2]
 160:Drivers/u8glib/src/u8g_pb.c ****   box->y1 = pb->p.page_y1;
 287              		.loc 1 160 3 is_stmt 1 view .LVU86
 288              		.loc 1 160 18 is_stmt 0 view .LVU87
 289 0010 C378     		ldrb	r3, [r0, #3]	@ zero_extendqisi2
 290              		.loc 1 160 11 view .LVU88
 291 0012 CB70     		strb	r3, [r1, #3]
 161:Drivers/u8glib/src/u8g_pb.c **** }
 292              		.loc 1 161 1 view .LVU89
 293 0014 7047     		bx	lr
 294              		.cfi_endproc
 295              	.LFE4:
 297              		.section	.text.u8g_pb_Is8PixelVisible,"ax",%progbits
 298              		.align	1
 299              		.global	u8g_pb_Is8PixelVisible
 300              		.syntax unified
 301              		.thumb
 302              		.thumb_func
 304              	u8g_pb_Is8PixelVisible:
 305              	.LVL30:
ARM GAS  C:\Users\Zbigniew\AppData\Local\Temp\ccLyTEQS.s 			page 9


 306              	.LFB5:
 162:Drivers/u8glib/src/u8g_pb.c **** 
 163:Drivers/u8glib/src/u8g_pb.c **** 
 164:Drivers/u8glib/src/u8g_pb.c **** uint8_t u8g_pb_Is8PixelVisible(u8g_pb_t *b, u8g_dev_arg_pixel_t *arg_pixel)
 165:Drivers/u8glib/src/u8g_pb.c **** {
 307              		.loc 1 165 1 is_stmt 1 view -0
 308              		.cfi_startproc
 309              		@ args = 0, pretend = 0, frame = 0
 310              		@ frame_needed = 0, uses_anonymous_args = 0
 311              		.loc 1 165 1 is_stmt 0 view .LVU91
 312 0000 08B5     		push	{r3, lr}
 313              	.LCFI1:
 314              		.cfi_def_cfa_offset 8
 315              		.cfi_offset 3, -8
 316              		.cfi_offset 14, -4
 317 0002 0B46     		mov	r3, r1
 166:Drivers/u8glib/src/u8g_pb.c ****   u8g_uint_t v0, v1;
 318              		.loc 1 166 3 is_stmt 1 view .LVU92
 167:Drivers/u8glib/src/u8g_pb.c ****   v0 = arg_pixel->y;
 319              		.loc 1 167 3 view .LVU93
 320              		.loc 1 167 6 is_stmt 0 view .LVU94
 321 0004 4978     		ldrb	r1, [r1, #1]	@ zero_extendqisi2
 322              	.LVL31:
 168:Drivers/u8glib/src/u8g_pb.c ****   v1 = v0;
 323              		.loc 1 168 3 is_stmt 1 view .LVU95
 169:Drivers/u8glib/src/u8g_pb.c ****   switch( arg_pixel->dir )
 324              		.loc 1 169 3 view .LVU96
 325              		.loc 1 169 20 is_stmt 0 view .LVU97
 326 0006 DB78     		ldrb	r3, [r3, #3]	@ zero_extendqisi2
 327              	.LVL32:
 328              		.loc 1 169 3 view .LVU98
 329 0008 012B     		cmp	r3, #1
 330 000a 05D0     		beq	.L13
 331 000c 032B     		cmp	r3, #3
 332 000e 07D0     		beq	.L14
 333 0010 0A46     		mov	r2, r1
 334              	.LVL33:
 335              	.L15:
 170:Drivers/u8glib/src/u8g_pb.c ****   {
 171:Drivers/u8glib/src/u8g_pb.c ****     case 0:
 172:Drivers/u8glib/src/u8g_pb.c ****       break;
 173:Drivers/u8glib/src/u8g_pb.c ****     case 1:  
 174:Drivers/u8glib/src/u8g_pb.c ****       v1 += 8;          /* this is independent from the page height */
 175:Drivers/u8glib/src/u8g_pb.c ****       break;
 176:Drivers/u8glib/src/u8g_pb.c ****     case 2:  
 177:Drivers/u8glib/src/u8g_pb.c ****       break;
 178:Drivers/u8glib/src/u8g_pb.c ****     case 3: 
 179:Drivers/u8glib/src/u8g_pb.c ****       v0 -= 8;
 180:Drivers/u8glib/src/u8g_pb.c ****       break;
 181:Drivers/u8glib/src/u8g_pb.c ****   }
 182:Drivers/u8glib/src/u8g_pb.c ****   return u8g_pb_IsYIntersection(b, v0, v1);
 336              		.loc 1 182 3 is_stmt 1 view .LVU99
 337              		.loc 1 182 10 is_stmt 0 view .LVU100
 338 0012 FFF7FEFF 		bl	u8g_pb_IsYIntersection
 339              	.LVL34:
 183:Drivers/u8glib/src/u8g_pb.c **** }
 340              		.loc 1 183 1 view .LVU101
ARM GAS  C:\Users\Zbigniew\AppData\Local\Temp\ccLyTEQS.s 			page 10


 341 0016 08BD     		pop	{r3, pc}
 342              	.LVL35:
 343              	.L13:
 174:Drivers/u8glib/src/u8g_pb.c ****       break;
 344              		.loc 1 174 7 is_stmt 1 view .LVU102
 174:Drivers/u8glib/src/u8g_pb.c ****       break;
 345              		.loc 1 174 10 is_stmt 0 view .LVU103
 346 0018 01F10802 		add	r2, r1, #8
 347 001c D2B2     		uxtb	r2, r2
 348              	.LVL36:
 175:Drivers/u8glib/src/u8g_pb.c ****     case 2:  
 349              		.loc 1 175 7 is_stmt 1 view .LVU104
 350 001e F8E7     		b	.L15
 351              	.LVL37:
 352              	.L14:
 179:Drivers/u8glib/src/u8g_pb.c ****       break;
 353              		.loc 1 179 7 view .LVU105
 179:Drivers/u8glib/src/u8g_pb.c ****       break;
 354              		.loc 1 179 10 is_stmt 0 view .LVU106
 355 0020 A1F10803 		sub	r3, r1, #8
 356              	.LVL38:
 180:Drivers/u8glib/src/u8g_pb.c ****   }
 357              		.loc 1 180 7 is_stmt 1 view .LVU107
 168:Drivers/u8glib/src/u8g_pb.c ****   switch( arg_pixel->dir )
 358              		.loc 1 168 6 is_stmt 0 view .LVU108
 359 0024 0A46     		mov	r2, r1
 179:Drivers/u8glib/src/u8g_pb.c ****       break;
 360              		.loc 1 179 10 view .LVU109
 361 0026 D9B2     		uxtb	r1, r3
 362              	.LVL39:
 180:Drivers/u8glib/src/u8g_pb.c ****   }
 363              		.loc 1 180 7 view .LVU110
 364 0028 F3E7     		b	.L15
 365              		.cfi_endproc
 366              	.LFE5:
 368              		.section	.text.u8g_pb_WriteBuffer,"ax",%progbits
 369              		.align	1
 370              		.global	u8g_pb_WriteBuffer
 371              		.syntax unified
 372              		.thumb
 373              		.thumb_func
 375              	u8g_pb_WriteBuffer:
 376              	.LVL40:
 377              	.LFB6:
 184:Drivers/u8glib/src/u8g_pb.c **** 
 185:Drivers/u8glib/src/u8g_pb.c **** 
 186:Drivers/u8glib/src/u8g_pb.c **** 
 187:Drivers/u8glib/src/u8g_pb.c **** uint8_t u8g_pb_WriteBuffer(u8g_pb_t *b, u8g_t *u8g, u8g_dev_t *dev)
 188:Drivers/u8glib/src/u8g_pb.c **** {
 378              		.loc 1 188 1 is_stmt 1 view -0
 379              		.cfi_startproc
 380              		@ args = 0, pretend = 0, frame = 0
 381              		@ frame_needed = 0, uses_anonymous_args = 0
 382              		.loc 1 188 1 is_stmt 0 view .LVU112
 383 0000 08B5     		push	{r3, lr}
 384              	.LCFI2:
 385              		.cfi_def_cfa_offset 8
ARM GAS  C:\Users\Zbigniew\AppData\Local\Temp\ccLyTEQS.s 			page 11


 386              		.cfi_offset 3, -8
 387              		.cfi_offset 14, -4
 388 0002 8446     		mov	ip, r0
 389 0004 0846     		mov	r0, r1
 390              	.LVL41:
 391              		.loc 1 188 1 view .LVU113
 392 0006 1146     		mov	r1, r2
 393              	.LVL42:
 189:Drivers/u8glib/src/u8g_pb.c ****   return u8g_WriteSequence(u8g, dev, b->width, b->buf);  
 394              		.loc 1 189 3 is_stmt 1 view .LVU114
 395              		.loc 1 189 10 is_stmt 0 view .LVU115
 396 0008 DCF80830 		ldr	r3, [ip, #8]
 397 000c 9CF80520 		ldrb	r2, [ip, #5]	@ zero_extendqisi2
 398              	.LVL43:
 399              		.loc 1 189 10 view .LVU116
 400 0010 FFF7FEFF 		bl	u8g_WriteSequence
 401              	.LVL44:
 190:Drivers/u8glib/src/u8g_pb.c **** }
 402              		.loc 1 190 1 view .LVU117
 403 0014 08BD     		pop	{r3, pc}
 404              		.cfi_endproc
 405              	.LFE6:
 407              		.text
 408              	.Letext0:
 409              		.file 2 "c:\\users\\zbigniew\\appdata\\roaming\\code\\user\\globalstorage\\bmd.stm32-for-vscode\\@
 410              		.file 3 "c:\\users\\zbigniew\\appdata\\roaming\\code\\user\\globalstorage\\bmd.stm32-for-vscode\\@
 411              		.file 4 "Inc/../Drivers/u8glib/inc/u8g.h"
ARM GAS  C:\Users\Zbigniew\AppData\Local\Temp\ccLyTEQS.s 			page 12


DEFINED SYMBOLS
                            *ABS*:0000000000000000 u8g_pb.c
C:\Users\Zbigniew\AppData\Local\Temp\ccLyTEQS.s:18     .text.u8g_pb_Clear:0000000000000000 $t
C:\Users\Zbigniew\AppData\Local\Temp\ccLyTEQS.s:24     .text.u8g_pb_Clear:0000000000000000 u8g_pb_Clear
C:\Users\Zbigniew\AppData\Local\Temp\ccLyTEQS.s:65     .text.u8g_pb_IsYIntersection:0000000000000000 $t
C:\Users\Zbigniew\AppData\Local\Temp\ccLyTEQS.s:71     .text.u8g_pb_IsYIntersection:0000000000000000 u8g_pb_IsYIntersection
C:\Users\Zbigniew\AppData\Local\Temp\ccLyTEQS.s:128    .text.u8g_pb_IsXIntersection:0000000000000000 $t
C:\Users\Zbigniew\AppData\Local\Temp\ccLyTEQS.s:134    .text.u8g_pb_IsXIntersection:0000000000000000 u8g_pb_IsXIntersection
C:\Users\Zbigniew\AppData\Local\Temp\ccLyTEQS.s:178    .text.u8g_pb_IsIntersection:0000000000000000 $t
C:\Users\Zbigniew\AppData\Local\Temp\ccLyTEQS.s:184    .text.u8g_pb_IsIntersection:0000000000000000 u8g_pb_IsIntersection
C:\Users\Zbigniew\AppData\Local\Temp\ccLyTEQS.s:255    .text.u8g_pb_GetPageBox:0000000000000000 $t
C:\Users\Zbigniew\AppData\Local\Temp\ccLyTEQS.s:261    .text.u8g_pb_GetPageBox:0000000000000000 u8g_pb_GetPageBox
C:\Users\Zbigniew\AppData\Local\Temp\ccLyTEQS.s:298    .text.u8g_pb_Is8PixelVisible:0000000000000000 $t
C:\Users\Zbigniew\AppData\Local\Temp\ccLyTEQS.s:304    .text.u8g_pb_Is8PixelVisible:0000000000000000 u8g_pb_Is8PixelVisible
C:\Users\Zbigniew\AppData\Local\Temp\ccLyTEQS.s:369    .text.u8g_pb_WriteBuffer:0000000000000000 $t
C:\Users\Zbigniew\AppData\Local\Temp\ccLyTEQS.s:375    .text.u8g_pb_WriteBuffer:0000000000000000 u8g_pb_WriteBuffer

UNDEFINED SYMBOLS
u8g_WriteSequence
