ARM GAS  C:\Users\Zbigniew\AppData\Local\Temp\ccGNfw63.s 			page 1


   1              		.cpu cortex-m3
   2              		.arch armv7-m
   3              		.fpu softvfp
   4              		.eabi_attribute 20, 1
   5              		.eabi_attribute 21, 1
   6              		.eabi_attribute 23, 3
   7              		.eabi_attribute 24, 1
   8              		.eabi_attribute 25, 1
   9              		.eabi_attribute 26, 1
  10              		.eabi_attribute 30, 1
  11              		.eabi_attribute 34, 1
  12              		.eabi_attribute 18, 4
  13              		.file	"u8g_pb16v2.c"
  14              		.text
  15              	.Ltext0:
  16              		.cfi_sections	.debug_frame
  17              		.section	.text.u8g_pb16v2_Clear,"ax",%progbits
  18              		.align	1
  19              		.global	u8g_pb16v2_Clear
  20              		.syntax unified
  21              		.thumb
  22              		.thumb_func
  24              	u8g_pb16v2_Clear:
  25              	.LVL0:
  26              	.LFB0:
  27              		.file 1 "Drivers/u8glib/src/u8g_pb16v2.c"
   1:Drivers/u8glib/src/u8g_pb16v2.c **** /*
   2:Drivers/u8glib/src/u8g_pb16v2.c **** 
   3:Drivers/u8glib/src/u8g_pb16v2.c ****   u8g_pb16v2.c
   4:Drivers/u8glib/src/u8g_pb16v2.c ****   
   5:Drivers/u8glib/src/u8g_pb16v2.c ****   16 bit height 2 bit per pixel page buffer
   6:Drivers/u8glib/src/u8g_pb16v2.c ****   byte has vertical orientation
   7:Drivers/u8glib/src/u8g_pb16v2.c **** 
   8:Drivers/u8glib/src/u8g_pb16v2.c ****   Universal 8bit Graphics Library
   9:Drivers/u8glib/src/u8g_pb16v2.c ****   
  10:Drivers/u8glib/src/u8g_pb16v2.c ****   Copyright (c) 2012, olikraus@gmail.com
  11:Drivers/u8glib/src/u8g_pb16v2.c ****   All rights reserved.
  12:Drivers/u8glib/src/u8g_pb16v2.c **** 
  13:Drivers/u8glib/src/u8g_pb16v2.c ****   Redistribution and use in source and binary forms, with or without modification, 
  14:Drivers/u8glib/src/u8g_pb16v2.c ****   are permitted provided that the following conditions are met:
  15:Drivers/u8glib/src/u8g_pb16v2.c **** 
  16:Drivers/u8glib/src/u8g_pb16v2.c ****   * Redistributions of source code must retain the above copyright notice, this list 
  17:Drivers/u8glib/src/u8g_pb16v2.c ****     of conditions and the following disclaimer.
  18:Drivers/u8glib/src/u8g_pb16v2.c ****     
  19:Drivers/u8glib/src/u8g_pb16v2.c ****   * Redistributions in binary form must reproduce the above copyright notice, this 
  20:Drivers/u8glib/src/u8g_pb16v2.c ****     list of conditions and the following disclaimer in the documentation and/or other 
  21:Drivers/u8glib/src/u8g_pb16v2.c ****     materials provided with the distribution.
  22:Drivers/u8glib/src/u8g_pb16v2.c **** 
  23:Drivers/u8glib/src/u8g_pb16v2.c ****   THIS SOFTWARE IS PROVIDED BY THE COPYRIGHT HOLDERS AND 
  24:Drivers/u8glib/src/u8g_pb16v2.c ****   CONTRIBUTORS "AS IS" AND ANY EXPRESS OR IMPLIED WARRANTIES, 
  25:Drivers/u8glib/src/u8g_pb16v2.c ****   INCLUDING, BUT NOT LIMITED TO, THE IMPLIED WARRANTIES OF 
  26:Drivers/u8glib/src/u8g_pb16v2.c ****   MERCHANTABILITY AND FITNESS FOR A PARTICULAR PURPOSE ARE 
  27:Drivers/u8glib/src/u8g_pb16v2.c ****   DISCLAIMED. IN NO EVENT SHALL THE COPYRIGHT HOLDER OR 
  28:Drivers/u8glib/src/u8g_pb16v2.c ****   CONTRIBUTORS BE LIABLE FOR ANY DIRECT, INDIRECT, INCIDENTAL, 
  29:Drivers/u8glib/src/u8g_pb16v2.c ****   SPECIAL, EXEMPLARY, OR CONSEQUENTIAL DAMAGES (INCLUDING, BUT 
  30:Drivers/u8glib/src/u8g_pb16v2.c ****   NOT LIMITED TO, PROCUREMENT OF SUBSTITUTE GOODS OR SERVICES; 
  31:Drivers/u8glib/src/u8g_pb16v2.c ****   LOSS OF USE, DATA, OR PROFITS; OR BUSINESS INTERRUPTION) HOWEVER 
ARM GAS  C:\Users\Zbigniew\AppData\Local\Temp\ccGNfw63.s 			page 2


  32:Drivers/u8glib/src/u8g_pb16v2.c ****   CAUSED AND ON ANY THEORY OF LIABILITY, WHETHER IN CONTRACT, 
  33:Drivers/u8glib/src/u8g_pb16v2.c ****   STRICT LIABILITY, OR TORT (INCLUDING NEGLIGENCE OR OTHERWISE) 
  34:Drivers/u8glib/src/u8g_pb16v2.c ****   ARISING IN ANY WAY OUT OF THE USE OF THIS SOFTWARE, EVEN IF 
  35:Drivers/u8glib/src/u8g_pb16v2.c ****   ADVISED OF THE POSSIBILITY OF SUCH DAMAGE.  
  36:Drivers/u8glib/src/u8g_pb16v2.c ****   
  37:Drivers/u8glib/src/u8g_pb16v2.c **** 
  38:Drivers/u8glib/src/u8g_pb16v2.c **** */
  39:Drivers/u8glib/src/u8g_pb16v2.c **** 
  40:Drivers/u8glib/src/u8g_pb16v2.c **** #include "../Drivers/u8glib/inc/u8g.h"
  41:Drivers/u8glib/src/u8g_pb16v2.c **** #include <string.h>
  42:Drivers/u8glib/src/u8g_pb16v2.c **** 
  43:Drivers/u8glib/src/u8g_pb16v2.c **** 
  44:Drivers/u8glib/src/u8g_pb16v2.c **** void u8g_pb16v2_Clear(u8g_pb_t *b)
  45:Drivers/u8glib/src/u8g_pb16v2.c **** {
  28              		.loc 1 45 1 view -0
  29              		.cfi_startproc
  30              		@ args = 0, pretend = 0, frame = 0
  31              		@ frame_needed = 0, uses_anonymous_args = 0
  32              		@ link register save eliminated.
  46:Drivers/u8glib/src/u8g_pb16v2.c ****   uint8_t *ptr = (uint8_t *)b->buf;
  33              		.loc 1 46 3 view .LVU1
  34              		.loc 1 46 12 is_stmt 0 view .LVU2
  35 0000 8368     		ldr	r3, [r0, #8]
  36              	.LVL1:
  47:Drivers/u8glib/src/u8g_pb16v2.c ****   uint8_t *end_ptr = ptr;
  37              		.loc 1 47 3 is_stmt 1 view .LVU3
  48:Drivers/u8glib/src/u8g_pb16v2.c ****   
  49:Drivers/u8glib/src/u8g_pb16v2.c ****   /* two bits per pixel, 16 bits height --> 8 pixel --> 4 pixel per byte */
  50:Drivers/u8glib/src/u8g_pb16v2.c ****   end_ptr += b->width;
  38              		.loc 1 50 3 view .LVU4
  39              		.loc 1 50 15 is_stmt 0 view .LVU5
  40 0002 4079     		ldrb	r0, [r0, #5]	@ zero_extendqisi2
  41              	.LVL2:
  51:Drivers/u8glib/src/u8g_pb16v2.c ****   end_ptr += b->width;
  42              		.loc 1 51 3 is_stmt 1 view .LVU6
  43              		.loc 1 51 11 is_stmt 0 view .LVU7
  44 0004 03EB4000 		add	r0, r3, r0, lsl #1
  45              	.LVL3:
  46              	.L2:
  52:Drivers/u8glib/src/u8g_pb16v2.c ****   
  53:Drivers/u8glib/src/u8g_pb16v2.c ****   do
  47              		.loc 1 53 3 is_stmt 1 discriminator 1 view .LVU8
  54:Drivers/u8glib/src/u8g_pb16v2.c ****   {
  55:Drivers/u8glib/src/u8g_pb16v2.c ****     *ptr++ = 0;
  48              		.loc 1 55 5 discriminator 1 view .LVU9
  49 0008 1A46     		mov	r2, r3
  50              		.loc 1 55 9 is_stmt 0 discriminator 1 view .LVU10
  51 000a 0133     		adds	r3, r3, #1
  52              	.LVL4:
  53              		.loc 1 55 12 discriminator 1 view .LVU11
  54 000c 0021     		movs	r1, #0
  55 000e 1170     		strb	r1, [r2]
  56:Drivers/u8glib/src/u8g_pb16v2.c ****   } while( ptr != end_ptr );
  56              		.loc 1 56 10 is_stmt 1 discriminator 1 view .LVU12
  57              		.loc 1 56 3 is_stmt 0 discriminator 1 view .LVU13
  58 0010 9842     		cmp	r0, r3
  59 0012 F9D1     		bne	.L2
ARM GAS  C:\Users\Zbigniew\AppData\Local\Temp\ccGNfw63.s 			page 3


  57:Drivers/u8glib/src/u8g_pb16v2.c **** }
  60              		.loc 1 57 1 view .LVU14
  61 0014 7047     		bx	lr
  62              		.cfi_endproc
  63              	.LFE0:
  65              		.section	.text.u8g_pb16v2Init,"ax",%progbits
  66              		.align	1
  67              		.global	u8g_pb16v2Init
  68              		.syntax unified
  69              		.thumb
  70              		.thumb_func
  72              	u8g_pb16v2Init:
  73              	.LVL5:
  74              	.LFB1:
  58:Drivers/u8glib/src/u8g_pb16v2.c **** 
  59:Drivers/u8glib/src/u8g_pb16v2.c **** void u8g_pb16v2Init(u8g_pb_t *b, void *buf, u8g_uint_t width)
  60:Drivers/u8glib/src/u8g_pb16v2.c **** {
  75              		.loc 1 60 1 is_stmt 1 view -0
  76              		.cfi_startproc
  77              		@ args = 0, pretend = 0, frame = 0
  78              		@ frame_needed = 0, uses_anonymous_args = 0
  79              		.loc 1 60 1 is_stmt 0 view .LVU16
  80 0000 08B5     		push	{r3, lr}
  81              	.LCFI0:
  82              		.cfi_def_cfa_offset 8
  83              		.cfi_offset 3, -8
  84              		.cfi_offset 14, -4
  61:Drivers/u8glib/src/u8g_pb16v2.c ****   b->buf = buf;
  85              		.loc 1 61 3 is_stmt 1 view .LVU17
  86              		.loc 1 61 10 is_stmt 0 view .LVU18
  87 0002 8160     		str	r1, [r0, #8]
  62:Drivers/u8glib/src/u8g_pb16v2.c ****   b->width = width;
  88              		.loc 1 62 3 is_stmt 1 view .LVU19
  89              		.loc 1 62 12 is_stmt 0 view .LVU20
  90 0004 4271     		strb	r2, [r0, #5]
  63:Drivers/u8glib/src/u8g_pb16v2.c ****   u8g_pb16v2_Clear(b);
  91              		.loc 1 63 3 is_stmt 1 view .LVU21
  92 0006 FFF7FEFF 		bl	u8g_pb16v2_Clear
  93              	.LVL6:
  64:Drivers/u8glib/src/u8g_pb16v2.c **** }
  94              		.loc 1 64 1 is_stmt 0 view .LVU22
  95 000a 08BD     		pop	{r3, pc}
  96              		.cfi_endproc
  97              	.LFE1:
  99              		.section	.text.u8g_pb16v2_set_pixel,"ax",%progbits
 100              		.align	1
 101              		.global	u8g_pb16v2_set_pixel
 102              		.syntax unified
 103              		.thumb
 104              		.thumb_func
 106              	u8g_pb16v2_set_pixel:
 107              	.LVL7:
 108              	.LFB2:
  65:Drivers/u8glib/src/u8g_pb16v2.c **** 
  66:Drivers/u8glib/src/u8g_pb16v2.c **** void u8g_pb16v2_set_pixel(u8g_pb_t *b, u8g_uint_t x, u8g_uint_t y, uint8_t color_index)
  67:Drivers/u8glib/src/u8g_pb16v2.c **** {
 109              		.loc 1 67 1 is_stmt 1 view -0
ARM GAS  C:\Users\Zbigniew\AppData\Local\Temp\ccGNfw63.s 			page 4


 110              		.cfi_startproc
 111              		@ args = 0, pretend = 0, frame = 0
 112              		@ frame_needed = 0, uses_anonymous_args = 0
 113              		@ link register save eliminated.
 114              		.loc 1 67 1 is_stmt 0 view .LVU24
 115 0000 10B4     		push	{r4}
 116              	.LCFI1:
 117              		.cfi_def_cfa_offset 4
 118              		.cfi_offset 4, -4
  68:Drivers/u8glib/src/u8g_pb16v2.c ****   register uint8_t mask;
 119              		.loc 1 68 3 is_stmt 1 view .LVU25
  69:Drivers/u8glib/src/u8g_pb16v2.c ****   uint8_t *ptr = b->buf;
 120              		.loc 1 69 3 view .LVU26
 121              		.loc 1 69 12 is_stmt 0 view .LVU27
 122 0002 8468     		ldr	r4, [r0, #8]
 123              	.LVL8:
  70:Drivers/u8glib/src/u8g_pb16v2.c ****   y -= b->p.page_y0;
 124              		.loc 1 70 3 is_stmt 1 view .LVU28
 125              		.loc 1 70 12 is_stmt 0 view .LVU29
 126 0004 90F802C0 		ldrb	ip, [r0, #2]	@ zero_extendqisi2
 127              		.loc 1 70 5 view .LVU30
 128 0008 A2EB0C02 		sub	r2, r2, ip
 129              	.LVL9:
 130              		.loc 1 70 5 view .LVU31
 131 000c D2B2     		uxtb	r2, r2
 132              	.LVL10:
  71:Drivers/u8glib/src/u8g_pb16v2.c ****   if ( y >= 4 )
 133              		.loc 1 71 3 is_stmt 1 view .LVU32
 134              		.loc 1 71 6 is_stmt 0 view .LVU33
 135 000e 032A     		cmp	r2, #3
 136 0010 01D9     		bls	.L6
  72:Drivers/u8glib/src/u8g_pb16v2.c ****   {
  73:Drivers/u8glib/src/u8g_pb16v2.c ****     ptr += b->width;
 137              		.loc 1 73 5 is_stmt 1 view .LVU34
 138              		.loc 1 73 13 is_stmt 0 view .LVU35
 139 0012 4079     		ldrb	r0, [r0, #5]	@ zero_extendqisi2
 140              	.LVL11:
 141              		.loc 1 73 9 view .LVU36
 142 0014 0444     		add	r4, r4, r0
 143              	.LVL12:
 144              	.L6:
  74:Drivers/u8glib/src/u8g_pb16v2.c ****   }
  75:Drivers/u8glib/src/u8g_pb16v2.c ****   mask = 0x03;
 145              		.loc 1 75 3 is_stmt 1 view .LVU37
  76:Drivers/u8glib/src/u8g_pb16v2.c ****   y &= 0x03;
 146              		.loc 1 76 3 view .LVU38
  77:Drivers/u8glib/src/u8g_pb16v2.c ****   y <<= 1;
 147              		.loc 1 77 3 view .LVU39
 148 0016 5200     		lsls	r2, r2, #1
 149              	.LVL13:
 150              		.loc 1 77 5 is_stmt 0 view .LVU40
 151 0018 02F00602 		and	r2, r2, #6
 152              	.LVL14:
  78:Drivers/u8glib/src/u8g_pb16v2.c ****   mask <<= y;
 153              		.loc 1 78 3 is_stmt 1 view .LVU41
 154              		.loc 1 78 8 is_stmt 0 view .LVU42
 155 001c 0320     		movs	r0, #3
ARM GAS  C:\Users\Zbigniew\AppData\Local\Temp\ccGNfw63.s 			page 5


 156 001e 9040     		lsls	r0, r0, r2
 157 0020 C0B2     		uxtb	r0, r0
 158              	.LVL15:
  79:Drivers/u8glib/src/u8g_pb16v2.c ****   mask ^=0xff;
 159              		.loc 1 79 3 is_stmt 1 view .LVU43
  80:Drivers/u8glib/src/u8g_pb16v2.c ****   color_index &= 3;
 160              		.loc 1 80 3 view .LVU44
 161              		.loc 1 80 15 is_stmt 0 view .LVU45
 162 0022 03F00303 		and	r3, r3, #3
 163              	.LVL16:
  81:Drivers/u8glib/src/u8g_pb16v2.c ****   color_index <<= y;
 164              		.loc 1 81 3 is_stmt 1 view .LVU46
 165              		.loc 1 81 15 is_stmt 0 view .LVU47
 166 0026 03FA02F2 		lsl	r2, r3, r2
 167              	.LVL17:
 168              		.loc 1 81 15 view .LVU48
 169 002a D2B2     		uxtb	r2, r2
 170              	.LVL18:
  82:Drivers/u8glib/src/u8g_pb16v2.c ****   ptr += x;
 171              		.loc 1 82 3 is_stmt 1 view .LVU49
  83:Drivers/u8glib/src/u8g_pb16v2.c ****   *ptr &= mask;
 172              		.loc 1 83 3 view .LVU50
 173              		.loc 1 83 8 is_stmt 0 view .LVU51
 174 002c 635C     		ldrb	r3, [r4, r1]	@ zero_extendqisi2
 175 002e 23EA0003 		bic	r3, r3, r0
 176 0032 6354     		strb	r3, [r4, r1]
  84:Drivers/u8glib/src/u8g_pb16v2.c ****   *ptr |= color_index;
 177              		.loc 1 84 3 is_stmt 1 view .LVU52
 178              		.loc 1 84 8 is_stmt 0 view .LVU53
 179 0034 1A43     		orrs	r2, r2, r3
 180              	.LVL19:
 181              		.loc 1 84 8 view .LVU54
 182 0036 6254     		strb	r2, [r4, r1]
  85:Drivers/u8glib/src/u8g_pb16v2.c **** }
 183              		.loc 1 85 1 view .LVU55
 184 0038 10BC     		pop	{r4}
 185              	.LCFI2:
 186              		.cfi_restore 4
 187              		.cfi_def_cfa_offset 0
 188              	.LVL20:
 189              		.loc 1 85 1 view .LVU56
 190 003a 7047     		bx	lr
 191              		.cfi_endproc
 192              	.LFE2:
 194              		.section	.text.u8g_pb16v2_SetPixel,"ax",%progbits
 195              		.align	1
 196              		.global	u8g_pb16v2_SetPixel
 197              		.syntax unified
 198              		.thumb
 199              		.thumb_func
 201              	u8g_pb16v2_SetPixel:
 202              	.LVL21:
 203              	.LFB3:
  86:Drivers/u8glib/src/u8g_pb16v2.c **** 
  87:Drivers/u8glib/src/u8g_pb16v2.c **** 
  88:Drivers/u8glib/src/u8g_pb16v2.c **** void u8g_pb16v2_SetPixel(u8g_pb_t *b, const u8g_dev_arg_pixel_t * const arg_pixel)
  89:Drivers/u8glib/src/u8g_pb16v2.c **** {
ARM GAS  C:\Users\Zbigniew\AppData\Local\Temp\ccGNfw63.s 			page 6


 204              		.loc 1 89 1 is_stmt 1 view -0
 205              		.cfi_startproc
 206              		@ args = 0, pretend = 0, frame = 0
 207              		@ frame_needed = 0, uses_anonymous_args = 0
 208              		.loc 1 89 1 is_stmt 0 view .LVU58
 209 0000 08B5     		push	{r3, lr}
 210              	.LCFI3:
 211              		.cfi_def_cfa_offset 8
 212              		.cfi_offset 3, -8
 213              		.cfi_offset 14, -4
  90:Drivers/u8glib/src/u8g_pb16v2.c ****   if ( arg_pixel->y < b->p.page_y0 )
 214              		.loc 1 90 3 is_stmt 1 view .LVU59
 215              		.loc 1 90 17 is_stmt 0 view .LVU60
 216 0002 4A78     		ldrb	r2, [r1, #1]	@ zero_extendqisi2
 217              		.loc 1 90 27 view .LVU61
 218 0004 8378     		ldrb	r3, [r0, #2]	@ zero_extendqisi2
 219              		.loc 1 90 6 view .LVU62
 220 0006 9A42     		cmp	r2, r3
 221 0008 07D3     		bcc	.L8
  91:Drivers/u8glib/src/u8g_pb16v2.c ****     return;
  92:Drivers/u8glib/src/u8g_pb16v2.c ****   if ( arg_pixel->y > b->p.page_y1 )
 222              		.loc 1 92 3 is_stmt 1 view .LVU63
 223              		.loc 1 92 27 is_stmt 0 view .LVU64
 224 000a C378     		ldrb	r3, [r0, #3]	@ zero_extendqisi2
 225              		.loc 1 92 6 view .LVU65
 226 000c 9A42     		cmp	r2, r3
 227 000e 04D8     		bhi	.L8
  93:Drivers/u8glib/src/u8g_pb16v2.c ****     return;
  94:Drivers/u8glib/src/u8g_pb16v2.c ****   if ( arg_pixel->x >= b->width )
 228              		.loc 1 94 3 is_stmt 1 view .LVU66
 229              		.loc 1 94 17 is_stmt 0 view .LVU67
 230 0010 91F800C0 		ldrb	ip, [r1]	@ zero_extendqisi2
 231              		.loc 1 94 25 view .LVU68
 232 0014 4379     		ldrb	r3, [r0, #5]	@ zero_extendqisi2
 233              		.loc 1 94 6 view .LVU69
 234 0016 9C45     		cmp	ip, r3
 235 0018 00D3     		bcc	.L11
 236              	.LVL22:
 237              	.L8:
  95:Drivers/u8glib/src/u8g_pb16v2.c ****     return;
  96:Drivers/u8glib/src/u8g_pb16v2.c ****   u8g_pb16v2_set_pixel(b, arg_pixel->x, arg_pixel->y, arg_pixel->color);
  97:Drivers/u8glib/src/u8g_pb16v2.c **** }
 238              		.loc 1 97 1 view .LVU70
 239 001a 08BD     		pop	{r3, pc}
 240              	.LVL23:
 241              	.L11:
  96:Drivers/u8glib/src/u8g_pb16v2.c **** }
 242              		.loc 1 96 3 is_stmt 1 view .LVU71
 243 001c 0B79     		ldrb	r3, [r1, #4]	@ zero_extendqisi2
 244 001e 6146     		mov	r1, ip
 245              	.LVL24:
  96:Drivers/u8glib/src/u8g_pb16v2.c **** }
 246              		.loc 1 96 3 is_stmt 0 view .LVU72
 247 0020 FFF7FEFF 		bl	u8g_pb16v2_set_pixel
 248              	.LVL25:
  96:Drivers/u8glib/src/u8g_pb16v2.c **** }
 249              		.loc 1 96 3 view .LVU73
ARM GAS  C:\Users\Zbigniew\AppData\Local\Temp\ccGNfw63.s 			page 7


 250 0024 F9E7     		b	.L8
 251              		.cfi_endproc
 252              	.LFE3:
 254              		.section	.text.u8g_pb16v2_Set8PixelStd,"ax",%progbits
 255              		.align	1
 256              		.global	u8g_pb16v2_Set8PixelStd
 257              		.syntax unified
 258              		.thumb
 259              		.thumb_func
 261              	u8g_pb16v2_Set8PixelStd:
 262              	.LVL26:
 263              	.LFB4:
  98:Drivers/u8glib/src/u8g_pb16v2.c **** 
  99:Drivers/u8glib/src/u8g_pb16v2.c **** 
 100:Drivers/u8glib/src/u8g_pb16v2.c **** void u8g_pb16v2_Set8PixelStd(u8g_pb_t *b, u8g_dev_arg_pixel_t *arg_pixel)
 101:Drivers/u8glib/src/u8g_pb16v2.c **** {
 264              		.loc 1 101 1 is_stmt 1 view -0
 265              		.cfi_startproc
 266              		@ args = 0, pretend = 0, frame = 0
 267              		@ frame_needed = 0, uses_anonymous_args = 0
 268              		.loc 1 101 1 is_stmt 0 view .LVU75
 269 0000 70B5     		push	{r4, r5, r6, lr}
 270              	.LCFI4:
 271              		.cfi_def_cfa_offset 16
 272              		.cfi_offset 4, -16
 273              		.cfi_offset 5, -12
 274              		.cfi_offset 6, -8
 275              		.cfi_offset 14, -4
 276 0002 0646     		mov	r6, r0
 277 0004 0D46     		mov	r5, r1
 102:Drivers/u8glib/src/u8g_pb16v2.c ****   register uint8_t pixel = arg_pixel->pixel;
 278              		.loc 1 102 3 is_stmt 1 view .LVU76
 279              		.loc 1 102 20 is_stmt 0 view .LVU77
 280 0006 8C78     		ldrb	r4, [r1, #2]	@ zero_extendqisi2
 281              	.LVL27:
 282              		.loc 1 102 20 view .LVU78
 283 0008 0BE0     		b	.L20
 284              	.LVL28:
 285              	.L23:
 103:Drivers/u8glib/src/u8g_pb16v2.c ****   do
 104:Drivers/u8glib/src/u8g_pb16v2.c ****   {
 105:Drivers/u8glib/src/u8g_pb16v2.c ****     if ( pixel & 128 )
 106:Drivers/u8glib/src/u8g_pb16v2.c ****     {
 107:Drivers/u8glib/src/u8g_pb16v2.c ****       u8g_pb16v2_SetPixel(b, arg_pixel);
 286              		.loc 1 107 7 is_stmt 1 view .LVU79
 287 000a 2946     		mov	r1, r5
 288 000c 3046     		mov	r0, r6
 289 000e FFF7FEFF 		bl	u8g_pb16v2_SetPixel
 290              	.LVL29:
 291 0012 09E0     		b	.L13
 292              	.L19:
 108:Drivers/u8glib/src/u8g_pb16v2.c ****     }
 109:Drivers/u8glib/src/u8g_pb16v2.c ****     switch( arg_pixel->dir )
 110:Drivers/u8glib/src/u8g_pb16v2.c ****     {
 111:Drivers/u8glib/src/u8g_pb16v2.c ****       case 0: arg_pixel->x++; break;
 293              		.loc 1 111 15 view .LVU80
 294              		.loc 1 111 24 is_stmt 0 view .LVU81
ARM GAS  C:\Users\Zbigniew\AppData\Local\Temp\ccGNfw63.s 			page 8


 295 0014 2B78     		ldrb	r3, [r5]	@ zero_extendqisi2
 296              		.loc 1 111 27 view .LVU82
 297 0016 0133     		adds	r3, r3, #1
 298 0018 2B70     		strb	r3, [r5]
 299              		.loc 1 111 31 is_stmt 1 view .LVU83
 300              	.L14:
 112:Drivers/u8glib/src/u8g_pb16v2.c ****       case 1: arg_pixel->y++; break;
 113:Drivers/u8glib/src/u8g_pb16v2.c ****       case 2: arg_pixel->x--; break;
 114:Drivers/u8glib/src/u8g_pb16v2.c ****       case 3: arg_pixel->y--; break;
 115:Drivers/u8glib/src/u8g_pb16v2.c ****     }
 116:Drivers/u8glib/src/u8g_pb16v2.c ****     pixel <<= 1;
 301              		.loc 1 116 5 view .LVU84
 302              		.loc 1 116 11 is_stmt 0 view .LVU85
 303 001a 6400     		lsls	r4, r4, #1
 304              	.LVL30:
 117:Drivers/u8glib/src/u8g_pb16v2.c ****   } while( pixel != 0  );
 305              		.loc 1 117 10 is_stmt 1 view .LVU86
 306              		.loc 1 117 3 is_stmt 0 view .LVU87
 307 001c 14F0FF04 		ands	r4, r4, #255
 308              	.LVL31:
 309              		.loc 1 117 3 view .LVU88
 310 0020 1CD0     		beq	.L22
 311              	.L20:
 312              	.LVL32:
 103:Drivers/u8glib/src/u8g_pb16v2.c ****   {
 313              		.loc 1 103 3 is_stmt 1 view .LVU89
 105:Drivers/u8glib/src/u8g_pb16v2.c ****     {
 314              		.loc 1 105 5 view .LVU90
 105:Drivers/u8glib/src/u8g_pb16v2.c ****     {
 315              		.loc 1 105 8 is_stmt 0 view .LVU91
 316 0022 14F0800F 		tst	r4, #128
 317 0026 F0D1     		bne	.L23
 318              	.L13:
 109:Drivers/u8glib/src/u8g_pb16v2.c ****     {
 319              		.loc 1 109 5 is_stmt 1 view .LVU92
 109:Drivers/u8glib/src/u8g_pb16v2.c ****     {
 320              		.loc 1 109 22 is_stmt 0 view .LVU93
 321 0028 EB78     		ldrb	r3, [r5, #3]	@ zero_extendqisi2
 109:Drivers/u8glib/src/u8g_pb16v2.c ****     {
 322              		.loc 1 109 5 view .LVU94
 323 002a 032B     		cmp	r3, #3
 324 002c F5D8     		bhi	.L14
 325 002e 01A2     		adr	r2, .L16
 326 0030 52F823F0 		ldr	pc, [r2, r3, lsl #2]
 327              		.p2align 2
 328              	.L16:
 329 0034 15000000 		.word	.L19+1
 330 0038 45000000 		.word	.L18+1
 331 003c 4D000000 		.word	.L17+1
 332 0040 55000000 		.word	.L15+1
 333              		.p2align 1
 334              	.L18:
 112:Drivers/u8glib/src/u8g_pb16v2.c ****       case 2: arg_pixel->x--; break;
 335              		.loc 1 112 15 is_stmt 1 view .LVU95
 112:Drivers/u8glib/src/u8g_pb16v2.c ****       case 2: arg_pixel->x--; break;
 336              		.loc 1 112 24 is_stmt 0 view .LVU96
 337 0044 6B78     		ldrb	r3, [r5, #1]	@ zero_extendqisi2
ARM GAS  C:\Users\Zbigniew\AppData\Local\Temp\ccGNfw63.s 			page 9


 112:Drivers/u8glib/src/u8g_pb16v2.c ****       case 2: arg_pixel->x--; break;
 338              		.loc 1 112 27 view .LVU97
 339 0046 0133     		adds	r3, r3, #1
 340 0048 6B70     		strb	r3, [r5, #1]
 112:Drivers/u8glib/src/u8g_pb16v2.c ****       case 2: arg_pixel->x--; break;
 341              		.loc 1 112 31 is_stmt 1 view .LVU98
 112:Drivers/u8glib/src/u8g_pb16v2.c ****       case 2: arg_pixel->x--; break;
 342              		.loc 1 112 7 is_stmt 0 view .LVU99
 343 004a E6E7     		b	.L14
 344              	.L17:
 113:Drivers/u8glib/src/u8g_pb16v2.c ****       case 3: arg_pixel->y--; break;
 345              		.loc 1 113 15 is_stmt 1 view .LVU100
 113:Drivers/u8glib/src/u8g_pb16v2.c ****       case 3: arg_pixel->y--; break;
 346              		.loc 1 113 24 is_stmt 0 view .LVU101
 347 004c 2B78     		ldrb	r3, [r5]	@ zero_extendqisi2
 113:Drivers/u8glib/src/u8g_pb16v2.c ****       case 3: arg_pixel->y--; break;
 348              		.loc 1 113 27 view .LVU102
 349 004e 013B     		subs	r3, r3, #1
 350 0050 2B70     		strb	r3, [r5]
 113:Drivers/u8glib/src/u8g_pb16v2.c ****       case 3: arg_pixel->y--; break;
 351              		.loc 1 113 31 is_stmt 1 view .LVU103
 113:Drivers/u8glib/src/u8g_pb16v2.c ****       case 3: arg_pixel->y--; break;
 352              		.loc 1 113 7 is_stmt 0 view .LVU104
 353 0052 E2E7     		b	.L14
 354              	.L15:
 114:Drivers/u8glib/src/u8g_pb16v2.c ****     }
 355              		.loc 1 114 15 is_stmt 1 view .LVU105
 114:Drivers/u8glib/src/u8g_pb16v2.c ****     }
 356              		.loc 1 114 24 is_stmt 0 view .LVU106
 357 0054 6B78     		ldrb	r3, [r5, #1]	@ zero_extendqisi2
 114:Drivers/u8glib/src/u8g_pb16v2.c ****     }
 358              		.loc 1 114 27 view .LVU107
 359 0056 013B     		subs	r3, r3, #1
 360 0058 6B70     		strb	r3, [r5, #1]
 114:Drivers/u8glib/src/u8g_pb16v2.c ****     }
 361              		.loc 1 114 31 is_stmt 1 view .LVU108
 114:Drivers/u8glib/src/u8g_pb16v2.c ****     }
 362              		.loc 1 114 7 is_stmt 0 view .LVU109
 363 005a DEE7     		b	.L14
 364              	.LVL33:
 365              	.L22:
 118:Drivers/u8glib/src/u8g_pb16v2.c **** }
 366              		.loc 1 118 1 view .LVU110
 367 005c 70BD     		pop	{r4, r5, r6, pc}
 368              		.loc 1 118 1 view .LVU111
 369              		.cfi_endproc
 370              	.LFE4:
 372 005e 00BF     		.section	.text.u8g_dev_pb16v2_base_fn,"ax",%progbits
 373              		.align	1
 374              		.global	u8g_dev_pb16v2_base_fn
 375              		.syntax unified
 376              		.thumb
 377              		.thumb_func
 379              	u8g_dev_pb16v2_base_fn:
 380              	.LVL34:
 381              	.LFB5:
 119:Drivers/u8glib/src/u8g_pb16v2.c **** 
ARM GAS  C:\Users\Zbigniew\AppData\Local\Temp\ccGNfw63.s 			page 10


 120:Drivers/u8glib/src/u8g_pb16v2.c **** 
 121:Drivers/u8glib/src/u8g_pb16v2.c **** 
 122:Drivers/u8glib/src/u8g_pb16v2.c **** uint8_t u8g_dev_pb16v2_base_fn(u8g_t *u8g, u8g_dev_t *dev, uint8_t msg, void *arg)
 123:Drivers/u8glib/src/u8g_pb16v2.c **** {
 382              		.loc 1 123 1 is_stmt 1 view -0
 383              		.cfi_startproc
 384              		@ args = 0, pretend = 0, frame = 0
 385              		@ frame_needed = 0, uses_anonymous_args = 0
 386              		.loc 1 123 1 is_stmt 0 view .LVU113
 387 0000 38B5     		push	{r3, r4, r5, lr}
 388              	.LCFI5:
 389              		.cfi_def_cfa_offset 16
 390              		.cfi_offset 3, -16
 391              		.cfi_offset 4, -12
 392              		.cfi_offset 5, -8
 393              		.cfi_offset 14, -4
 394 0002 1C46     		mov	r4, r3
 124:Drivers/u8glib/src/u8g_pb16v2.c ****   u8g_pb_t *pb = (u8g_pb_t *)(dev->dev_mem);
 395              		.loc 1 124 3 is_stmt 1 view .LVU114
 396              		.loc 1 124 13 is_stmt 0 view .LVU115
 397 0004 4D68     		ldr	r5, [r1, #4]
 398              	.LVL35:
 125:Drivers/u8glib/src/u8g_pb16v2.c ****   switch(msg)
 399              		.loc 1 125 3 is_stmt 1 view .LVU116
 400 0006 143A     		subs	r2, r2, #20
 401              	.LVL36:
 402              		.loc 1 125 3 is_stmt 0 view .LVU117
 403 0008 342A     		cmp	r2, #52
 404 000a 50D8     		bhi	.L35
 405 000c DFE802F0 		tbb	[pc, r2]
 406              	.LVL37:
 407              	.L27:
 408 0010 30       		.byte	(.L34-.L27)/2
 409 0011 38       		.byte	(.L33-.L27)/2
 410 0012 4F       		.byte	(.L35-.L27)/2
 411 0013 41       		.byte	(.L32-.L27)/2
 412 0014 4F       		.byte	(.L35-.L27)/2
 413 0015 4F       		.byte	(.L35-.L27)/2
 414 0016 4F       		.byte	(.L35-.L27)/2
 415 0017 4F       		.byte	(.L35-.L27)/2
 416 0018 4F       		.byte	(.L35-.L27)/2
 417 0019 4F       		.byte	(.L35-.L27)/2
 418 001a 4F       		.byte	(.L35-.L27)/2
 419 001b 4F       		.byte	(.L35-.L27)/2
 420 001c 4F       		.byte	(.L35-.L27)/2
 421 001d 4F       		.byte	(.L35-.L27)/2
 422 001e 4F       		.byte	(.L35-.L27)/2
 423 001f 4F       		.byte	(.L35-.L27)/2
 424 0020 4F       		.byte	(.L35-.L27)/2
 425 0021 4F       		.byte	(.L35-.L27)/2
 426 0022 4F       		.byte	(.L35-.L27)/2
 427 0023 4F       		.byte	(.L35-.L27)/2
 428 0024 4F       		.byte	(.L35-.L27)/2
 429 0025 4F       		.byte	(.L35-.L27)/2
 430 0026 4F       		.byte	(.L35-.L27)/2
 431 0027 4F       		.byte	(.L35-.L27)/2
 432 0028 4F       		.byte	(.L35-.L27)/2
ARM GAS  C:\Users\Zbigniew\AppData\Local\Temp\ccGNfw63.s 			page 11


 433 0029 4F       		.byte	(.L35-.L27)/2
 434 002a 4F       		.byte	(.L35-.L27)/2
 435 002b 4F       		.byte	(.L35-.L27)/2
 436 002c 4F       		.byte	(.L35-.L27)/2
 437 002d 4F       		.byte	(.L35-.L27)/2
 438 002e 2A       		.byte	(.L31-.L27)/2
 439 002f 4F       		.byte	(.L35-.L27)/2
 440 0030 4F       		.byte	(.L35-.L27)/2
 441 0031 4F       		.byte	(.L35-.L27)/2
 442 0032 4F       		.byte	(.L35-.L27)/2
 443 0033 4F       		.byte	(.L35-.L27)/2
 444 0034 4F       		.byte	(.L35-.L27)/2
 445 0035 4F       		.byte	(.L35-.L27)/2
 446 0036 4F       		.byte	(.L35-.L27)/2
 447 0037 1D       		.byte	(.L30-.L27)/2
 448 0038 4F       		.byte	(.L35-.L27)/2
 449 0039 4F       		.byte	(.L35-.L27)/2
 450 003a 4F       		.byte	(.L35-.L27)/2
 451 003b 4F       		.byte	(.L35-.L27)/2
 452 003c 4F       		.byte	(.L35-.L27)/2
 453 003d 4F       		.byte	(.L35-.L27)/2
 454 003e 4F       		.byte	(.L35-.L27)/2
 455 003f 4F       		.byte	(.L35-.L27)/2
 456 0040 4F       		.byte	(.L35-.L27)/2
 457 0041 4F       		.byte	(.L35-.L27)/2
 458 0042 47       		.byte	(.L29-.L27)/2
 459 0043 4B       		.byte	(.L28-.L27)/2
 460 0044 1B       		.byte	(.L26-.L27)/2
 461 0045 00       		.p2align 1
 462              	.L26:
 463              		.loc 1 125 3 view .LVU118
 464 0046 0220     		movs	r0, #2
 465              	.LVL38:
 466              		.loc 1 125 3 view .LVU119
 467 0048 32E0     		b	.L25
 468              	.LVL39:
 469              	.L30:
 126:Drivers/u8glib/src/u8g_pb16v2.c ****   {
 127:Drivers/u8glib/src/u8g_pb16v2.c ****     case U8G_DEV_MSG_SET_8PIXEL:
 128:Drivers/u8glib/src/u8g_pb16v2.c ****       if ( u8g_pb_Is8PixelVisible(pb, (u8g_dev_arg_pixel_t *)arg) )
 470              		.loc 1 128 7 is_stmt 1 view .LVU120
 471              		.loc 1 128 12 is_stmt 0 view .LVU121
 472 004a 2146     		mov	r1, r4
 473              	.LVL40:
 474              		.loc 1 128 12 view .LVU122
 475 004c 2846     		mov	r0, r5
 476              	.LVL41:
 477              		.loc 1 128 12 view .LVU123
 478 004e FFF7FEFF 		bl	u8g_pb_Is8PixelVisible
 479              	.LVL42:
 480              		.loc 1 128 10 view .LVU124
 481 0052 08B9     		cbnz	r0, .L38
 129:Drivers/u8glib/src/u8g_pb16v2.c ****       {
 130:Drivers/u8glib/src/u8g_pb16v2.c ****         u8g_pb16v2_Set8PixelStd(pb, (u8g_dev_arg_pixel_t *)arg);
 131:Drivers/u8glib/src/u8g_pb16v2.c ****       }
 132:Drivers/u8glib/src/u8g_pb16v2.c ****       break;
 133:Drivers/u8glib/src/u8g_pb16v2.c ****     case U8G_DEV_MSG_SET_PIXEL:
ARM GAS  C:\Users\Zbigniew\AppData\Local\Temp\ccGNfw63.s 			page 12


 134:Drivers/u8glib/src/u8g_pb16v2.c ****       u8g_pb16v2_SetPixel(pb, (u8g_dev_arg_pixel_t *)arg);
 135:Drivers/u8glib/src/u8g_pb16v2.c ****       break;
 136:Drivers/u8glib/src/u8g_pb16v2.c ****     case U8G_DEV_MSG_INIT:
 137:Drivers/u8glib/src/u8g_pb16v2.c ****       break;
 138:Drivers/u8glib/src/u8g_pb16v2.c ****     case U8G_DEV_MSG_STOP:
 139:Drivers/u8glib/src/u8g_pb16v2.c ****       break;
 140:Drivers/u8glib/src/u8g_pb16v2.c ****     case U8G_DEV_MSG_PAGE_FIRST:
 141:Drivers/u8glib/src/u8g_pb16v2.c ****       u8g_pb16v2_Clear(pb);
 142:Drivers/u8glib/src/u8g_pb16v2.c ****       u8g_page_First(&(pb->p));
 143:Drivers/u8glib/src/u8g_pb16v2.c ****       break;
 144:Drivers/u8glib/src/u8g_pb16v2.c ****     case U8G_DEV_MSG_PAGE_NEXT:
 145:Drivers/u8glib/src/u8g_pb16v2.c ****       if ( u8g_page_Next(&(pb->p)) == 0 )
 146:Drivers/u8glib/src/u8g_pb16v2.c ****         return 0;
 147:Drivers/u8glib/src/u8g_pb16v2.c ****       u8g_pb16v2_Clear(pb);
 148:Drivers/u8glib/src/u8g_pb16v2.c ****       break;
 149:Drivers/u8glib/src/u8g_pb16v2.c **** #ifdef U8G_DEV_MSG_IS_BBX_INTERSECTION
 150:Drivers/u8glib/src/u8g_pb16v2.c ****     case U8G_DEV_MSG_IS_BBX_INTERSECTION:
 151:Drivers/u8glib/src/u8g_pb16v2.c ****       return u8g_pb_IsIntersection(pb, (u8g_dev_arg_bbx_t *)arg);
 152:Drivers/u8glib/src/u8g_pb16v2.c **** #endif
 153:Drivers/u8glib/src/u8g_pb16v2.c ****     case U8G_DEV_MSG_GET_PAGE_BOX:
 154:Drivers/u8glib/src/u8g_pb16v2.c ****       u8g_pb_GetPageBox(pb, (u8g_box_t *)arg);
 155:Drivers/u8glib/src/u8g_pb16v2.c ****       break;
 156:Drivers/u8glib/src/u8g_pb16v2.c ****     case U8G_DEV_MSG_GET_WIDTH:
 157:Drivers/u8glib/src/u8g_pb16v2.c ****       *((u8g_uint_t *)arg) = pb->width;
 158:Drivers/u8glib/src/u8g_pb16v2.c ****       break;
 159:Drivers/u8glib/src/u8g_pb16v2.c ****     case U8G_DEV_MSG_GET_HEIGHT:
 160:Drivers/u8glib/src/u8g_pb16v2.c ****       *((u8g_uint_t *)arg) = pb->p.total_height;
 161:Drivers/u8glib/src/u8g_pb16v2.c ****       break;
 162:Drivers/u8glib/src/u8g_pb16v2.c ****     case U8G_DEV_MSG_SET_COLOR_ENTRY:
 163:Drivers/u8glib/src/u8g_pb16v2.c ****       break;
 164:Drivers/u8glib/src/u8g_pb16v2.c ****     case U8G_DEV_MSG_SET_XY_CB:
 165:Drivers/u8glib/src/u8g_pb16v2.c ****       break;
 166:Drivers/u8glib/src/u8g_pb16v2.c ****     case U8G_DEV_MSG_GET_MODE:
 167:Drivers/u8glib/src/u8g_pb16v2.c ****       return U8G_MODE_GRAY2BIT;
 168:Drivers/u8glib/src/u8g_pb16v2.c ****   }
 169:Drivers/u8glib/src/u8g_pb16v2.c ****   return 1;
 482              		.loc 1 169 10 view .LVU125
 483 0054 0120     		movs	r0, #1
 484 0056 2BE0     		b	.L25
 485              	.L38:
 130:Drivers/u8glib/src/u8g_pb16v2.c ****       }
 486              		.loc 1 130 9 is_stmt 1 view .LVU126
 487 0058 2146     		mov	r1, r4
 488 005a 2846     		mov	r0, r5
 489 005c FFF7FEFF 		bl	u8g_pb16v2_Set8PixelStd
 490              	.LVL43:
 491              		.loc 1 169 10 is_stmt 0 view .LVU127
 492 0060 0120     		movs	r0, #1
 493 0062 25E0     		b	.L25
 494              	.LVL44:
 495              	.L31:
 134:Drivers/u8glib/src/u8g_pb16v2.c ****       break;
 496              		.loc 1 134 7 is_stmt 1 view .LVU128
 497 0064 2146     		mov	r1, r4
 498              	.LVL45:
 134:Drivers/u8glib/src/u8g_pb16v2.c ****       break;
 499              		.loc 1 134 7 is_stmt 0 view .LVU129
ARM GAS  C:\Users\Zbigniew\AppData\Local\Temp\ccGNfw63.s 			page 13


 500 0066 2846     		mov	r0, r5
 501              	.LVL46:
 134:Drivers/u8glib/src/u8g_pb16v2.c ****       break;
 502              		.loc 1 134 7 view .LVU130
 503 0068 FFF7FEFF 		bl	u8g_pb16v2_SetPixel
 504              	.LVL47:
 135:Drivers/u8glib/src/u8g_pb16v2.c ****     case U8G_DEV_MSG_INIT:
 505              		.loc 1 135 7 is_stmt 1 view .LVU131
 506              		.loc 1 169 10 is_stmt 0 view .LVU132
 507 006c 0120     		movs	r0, #1
 135:Drivers/u8glib/src/u8g_pb16v2.c ****     case U8G_DEV_MSG_INIT:
 508              		.loc 1 135 7 view .LVU133
 509 006e 1FE0     		b	.L25
 510              	.LVL48:
 511              	.L34:
 141:Drivers/u8glib/src/u8g_pb16v2.c ****       u8g_page_First(&(pb->p));
 512              		.loc 1 141 7 is_stmt 1 view .LVU134
 513 0070 2846     		mov	r0, r5
 514              	.LVL49:
 141:Drivers/u8glib/src/u8g_pb16v2.c ****       u8g_page_First(&(pb->p));
 515              		.loc 1 141 7 is_stmt 0 view .LVU135
 516 0072 FFF7FEFF 		bl	u8g_pb16v2_Clear
 517              	.LVL50:
 142:Drivers/u8glib/src/u8g_pb16v2.c ****       break;
 518              		.loc 1 142 7 is_stmt 1 view .LVU136
 519 0076 2846     		mov	r0, r5
 520 0078 FFF7FEFF 		bl	u8g_page_First
 521              	.LVL51:
 143:Drivers/u8glib/src/u8g_pb16v2.c ****     case U8G_DEV_MSG_PAGE_NEXT:
 522              		.loc 1 143 7 view .LVU137
 523              		.loc 1 169 10 is_stmt 0 view .LVU138
 524 007c 0120     		movs	r0, #1
 143:Drivers/u8glib/src/u8g_pb16v2.c ****     case U8G_DEV_MSG_PAGE_NEXT:
 525              		.loc 1 143 7 view .LVU139
 526 007e 17E0     		b	.L25
 527              	.LVL52:
 528              	.L33:
 145:Drivers/u8glib/src/u8g_pb16v2.c ****         return 0;
 529              		.loc 1 145 7 is_stmt 1 view .LVU140
 145:Drivers/u8glib/src/u8g_pb16v2.c ****         return 0;
 530              		.loc 1 145 12 is_stmt 0 view .LVU141
 531 0080 2846     		mov	r0, r5
 532              	.LVL53:
 145:Drivers/u8glib/src/u8g_pb16v2.c ****         return 0;
 533              		.loc 1 145 12 view .LVU142
 534 0082 FFF7FEFF 		bl	u8g_page_Next
 535              	.LVL54:
 145:Drivers/u8glib/src/u8g_pb16v2.c ****         return 0;
 536              		.loc 1 145 10 view .LVU143
 537 0086 98B1     		cbz	r0, .L25
 147:Drivers/u8glib/src/u8g_pb16v2.c ****       break;
 538              		.loc 1 147 7 is_stmt 1 view .LVU144
 539 0088 2846     		mov	r0, r5
 540 008a FFF7FEFF 		bl	u8g_pb16v2_Clear
 541              	.LVL55:
 148:Drivers/u8glib/src/u8g_pb16v2.c **** #ifdef U8G_DEV_MSG_IS_BBX_INTERSECTION
 542              		.loc 1 148 7 view .LVU145
ARM GAS  C:\Users\Zbigniew\AppData\Local\Temp\ccGNfw63.s 			page 14


 543              		.loc 1 169 10 is_stmt 0 view .LVU146
 544 008e 0120     		movs	r0, #1
 148:Drivers/u8glib/src/u8g_pb16v2.c **** #ifdef U8G_DEV_MSG_IS_BBX_INTERSECTION
 545              		.loc 1 148 7 view .LVU147
 546 0090 0EE0     		b	.L25
 547              	.LVL56:
 548              	.L32:
 154:Drivers/u8glib/src/u8g_pb16v2.c ****       break;
 549              		.loc 1 154 7 is_stmt 1 view .LVU148
 550 0092 2146     		mov	r1, r4
 551              	.LVL57:
 154:Drivers/u8glib/src/u8g_pb16v2.c ****       break;
 552              		.loc 1 154 7 is_stmt 0 view .LVU149
 553 0094 2846     		mov	r0, r5
 554              	.LVL58:
 154:Drivers/u8glib/src/u8g_pb16v2.c ****       break;
 555              		.loc 1 154 7 view .LVU150
 556 0096 FFF7FEFF 		bl	u8g_pb_GetPageBox
 557              	.LVL59:
 155:Drivers/u8glib/src/u8g_pb16v2.c ****     case U8G_DEV_MSG_GET_WIDTH:
 558              		.loc 1 155 7 is_stmt 1 view .LVU151
 559              		.loc 1 169 10 is_stmt 0 view .LVU152
 560 009a 0120     		movs	r0, #1
 155:Drivers/u8glib/src/u8g_pb16v2.c ****     case U8G_DEV_MSG_GET_WIDTH:
 561              		.loc 1 155 7 view .LVU153
 562 009c 08E0     		b	.L25
 563              	.LVL60:
 564              	.L29:
 157:Drivers/u8glib/src/u8g_pb16v2.c ****       break;
 565              		.loc 1 157 7 is_stmt 1 view .LVU154
 157:Drivers/u8glib/src/u8g_pb16v2.c ****       break;
 566              		.loc 1 157 32 is_stmt 0 view .LVU155
 567 009e 6B79     		ldrb	r3, [r5, #5]	@ zero_extendqisi2
 157:Drivers/u8glib/src/u8g_pb16v2.c ****       break;
 568              		.loc 1 157 28 view .LVU156
 569 00a0 2370     		strb	r3, [r4]
 158:Drivers/u8glib/src/u8g_pb16v2.c ****     case U8G_DEV_MSG_GET_HEIGHT:
 570              		.loc 1 158 7 is_stmt 1 view .LVU157
 571              		.loc 1 169 10 is_stmt 0 view .LVU158
 572 00a2 0120     		movs	r0, #1
 573              	.LVL61:
 158:Drivers/u8glib/src/u8g_pb16v2.c ****     case U8G_DEV_MSG_GET_HEIGHT:
 574              		.loc 1 158 7 view .LVU159
 575 00a4 04E0     		b	.L25
 576              	.LVL62:
 577              	.L28:
 160:Drivers/u8glib/src/u8g_pb16v2.c ****       break;
 578              		.loc 1 160 7 is_stmt 1 view .LVU160
 160:Drivers/u8glib/src/u8g_pb16v2.c ****       break;
 579              		.loc 1 160 35 is_stmt 0 view .LVU161
 580 00a6 6B78     		ldrb	r3, [r5, #1]	@ zero_extendqisi2
 160:Drivers/u8glib/src/u8g_pb16v2.c ****       break;
 581              		.loc 1 160 28 view .LVU162
 582 00a8 2370     		strb	r3, [r4]
 161:Drivers/u8glib/src/u8g_pb16v2.c ****     case U8G_DEV_MSG_SET_COLOR_ENTRY:
 583              		.loc 1 161 7 is_stmt 1 view .LVU163
 584              		.loc 1 169 10 is_stmt 0 view .LVU164
ARM GAS  C:\Users\Zbigniew\AppData\Local\Temp\ccGNfw63.s 			page 15


 585 00aa 0120     		movs	r0, #1
 586              	.LVL63:
 161:Drivers/u8glib/src/u8g_pb16v2.c ****     case U8G_DEV_MSG_SET_COLOR_ENTRY:
 587              		.loc 1 161 7 view .LVU165
 588 00ac 00E0     		b	.L25
 589              	.LVL64:
 590              	.L35:
 591              		.loc 1 169 10 view .LVU166
 592 00ae 0120     		movs	r0, #1
 593              	.LVL65:
 594              	.L25:
 170:Drivers/u8glib/src/u8g_pb16v2.c **** }
 595              		.loc 1 170 1 view .LVU167
 596 00b0 38BD     		pop	{r3, r4, r5, pc}
 597              		.loc 1 170 1 view .LVU168
 598              		.cfi_endproc
 599              	.LFE5:
 601              		.text
 602              	.Letext0:
 603              		.file 2 "c:\\users\\zbigniew\\appdata\\roaming\\code\\user\\globalstorage\\bmd.stm32-for-vscode\\@
 604              		.file 3 "c:\\users\\zbigniew\\appdata\\roaming\\code\\user\\globalstorage\\bmd.stm32-for-vscode\\@
 605              		.file 4 "Inc/../Drivers/u8glib/inc/u8g.h"
ARM GAS  C:\Users\Zbigniew\AppData\Local\Temp\ccGNfw63.s 			page 16


DEFINED SYMBOLS
                            *ABS*:0000000000000000 u8g_pb16v2.c
C:\Users\Zbigniew\AppData\Local\Temp\ccGNfw63.s:18     .text.u8g_pb16v2_Clear:0000000000000000 $t
C:\Users\Zbigniew\AppData\Local\Temp\ccGNfw63.s:24     .text.u8g_pb16v2_Clear:0000000000000000 u8g_pb16v2_Clear
C:\Users\Zbigniew\AppData\Local\Temp\ccGNfw63.s:66     .text.u8g_pb16v2Init:0000000000000000 $t
C:\Users\Zbigniew\AppData\Local\Temp\ccGNfw63.s:72     .text.u8g_pb16v2Init:0000000000000000 u8g_pb16v2Init
C:\Users\Zbigniew\AppData\Local\Temp\ccGNfw63.s:100    .text.u8g_pb16v2_set_pixel:0000000000000000 $t
C:\Users\Zbigniew\AppData\Local\Temp\ccGNfw63.s:106    .text.u8g_pb16v2_set_pixel:0000000000000000 u8g_pb16v2_set_pixel
C:\Users\Zbigniew\AppData\Local\Temp\ccGNfw63.s:195    .text.u8g_pb16v2_SetPixel:0000000000000000 $t
C:\Users\Zbigniew\AppData\Local\Temp\ccGNfw63.s:201    .text.u8g_pb16v2_SetPixel:0000000000000000 u8g_pb16v2_SetPixel
C:\Users\Zbigniew\AppData\Local\Temp\ccGNfw63.s:255    .text.u8g_pb16v2_Set8PixelStd:0000000000000000 $t
C:\Users\Zbigniew\AppData\Local\Temp\ccGNfw63.s:261    .text.u8g_pb16v2_Set8PixelStd:0000000000000000 u8g_pb16v2_Set8PixelStd
C:\Users\Zbigniew\AppData\Local\Temp\ccGNfw63.s:329    .text.u8g_pb16v2_Set8PixelStd:0000000000000034 $d
C:\Users\Zbigniew\AppData\Local\Temp\ccGNfw63.s:333    .text.u8g_pb16v2_Set8PixelStd:0000000000000044 $t
C:\Users\Zbigniew\AppData\Local\Temp\ccGNfw63.s:373    .text.u8g_dev_pb16v2_base_fn:0000000000000000 $t
C:\Users\Zbigniew\AppData\Local\Temp\ccGNfw63.s:379    .text.u8g_dev_pb16v2_base_fn:0000000000000000 u8g_dev_pb16v2_base_fn
C:\Users\Zbigniew\AppData\Local\Temp\ccGNfw63.s:408    .text.u8g_dev_pb16v2_base_fn:0000000000000010 $d
C:\Users\Zbigniew\AppData\Local\Temp\ccGNfw63.s:461    .text.u8g_dev_pb16v2_base_fn:0000000000000045 $d
C:\Users\Zbigniew\AppData\Local\Temp\ccGNfw63.s:461    .text.u8g_dev_pb16v2_base_fn:0000000000000046 $t

UNDEFINED SYMBOLS
u8g_pb_Is8PixelVisible
u8g_page_First
u8g_page_Next
u8g_pb_GetPageBox
