ARM GAS  C:\Users\Zbigniew\AppData\Local\Temp\ccsf5RNc.s 			page 1


   1              		.cpu cortex-m3
   2              		.arch armv7-m
   3              		.fpu softvfp
   4              		.eabi_attribute 20, 1
   5              		.eabi_attribute 21, 1
   6              		.eabi_attribute 23, 3
   7              		.eabi_attribute 24, 1
   8              		.eabi_attribute 25, 1
   9              		.eabi_attribute 26, 1
  10              		.eabi_attribute 30, 1
  11              		.eabi_attribute 34, 1
  12              		.eabi_attribute 18, 4
  13              		.file	"u8g_com_api_16gr.c"
  14              		.text
  15              	.Ltext0:
  16              		.cfi_sections	.debug_frame
  17              		.section	.text.u8g_WriteByteBWTo16GrDevice,"ax",%progbits
  18              		.align	1
  19              		.global	u8g_WriteByteBWTo16GrDevice
  20              		.syntax unified
  21              		.thumb
  22              		.thumb_func
  24              	u8g_WriteByteBWTo16GrDevice:
  25              	.LVL0:
  26              	.LFB0:
  27              		.file 1 "Drivers/u8glib/src/u8g_com_api_16gr.c"
   1:Drivers/u8glib/src/u8g_com_api_16gr.c **** /*
   2:Drivers/u8glib/src/u8g_com_api_16gr.c **** 
   3:Drivers/u8glib/src/u8g_com_api_16gr.c ****   u8g_com_api_16gr.c
   4:Drivers/u8glib/src/u8g_com_api_16gr.c ****   
   5:Drivers/u8glib/src/u8g_com_api_16gr.c ****   Extension of the com api for devices with 16 graylevels (4 bit per pixel).
   6:Drivers/u8glib/src/u8g_com_api_16gr.c ****   This should fit to the 8h and 16h architectures (pb8v1, pb8v2, pb16v1, pb16v2), 
   7:Drivers/u8glib/src/u8g_com_api_16gr.c ****   mainly intended for SSD OLEDs
   8:Drivers/u8glib/src/u8g_com_api_16gr.c **** 
   9:Drivers/u8glib/src/u8g_com_api_16gr.c ****   Universal 8bit Graphics Library
  10:Drivers/u8glib/src/u8g_com_api_16gr.c ****   
  11:Drivers/u8glib/src/u8g_com_api_16gr.c ****   Copyright (c) 2011, olikraus@gmail.com
  12:Drivers/u8glib/src/u8g_com_api_16gr.c ****   All rights reserved.
  13:Drivers/u8glib/src/u8g_com_api_16gr.c **** 
  14:Drivers/u8glib/src/u8g_com_api_16gr.c ****   Redistribution and use in source and binary forms, with or without modification, 
  15:Drivers/u8glib/src/u8g_com_api_16gr.c ****   are permitted provided that the following conditions are met:
  16:Drivers/u8glib/src/u8g_com_api_16gr.c **** 
  17:Drivers/u8glib/src/u8g_com_api_16gr.c ****   * Redistributions of source code must retain the above copyright notice, this list 
  18:Drivers/u8glib/src/u8g_com_api_16gr.c ****     of conditions and the following disclaimer.
  19:Drivers/u8glib/src/u8g_com_api_16gr.c ****     
  20:Drivers/u8glib/src/u8g_com_api_16gr.c ****   * Redistributions in binary form must reproduce the above copyright notice, this 
  21:Drivers/u8glib/src/u8g_com_api_16gr.c ****     list of conditions and the following disclaimer in the documentation and/or other 
  22:Drivers/u8glib/src/u8g_com_api_16gr.c ****     materials provided with the distribution.
  23:Drivers/u8glib/src/u8g_com_api_16gr.c **** 
  24:Drivers/u8glib/src/u8g_com_api_16gr.c ****   THIS SOFTWARE IS PROVIDED BY THE COPYRIGHT HOLDERS AND 
  25:Drivers/u8glib/src/u8g_com_api_16gr.c ****   CONTRIBUTORS "AS IS" AND ANY EXPRESS OR IMPLIED WARRANTIES, 
  26:Drivers/u8glib/src/u8g_com_api_16gr.c ****   INCLUDING, BUT NOT LIMITED TO, THE IMPLIED WARRANTIES OF 
  27:Drivers/u8glib/src/u8g_com_api_16gr.c ****   MERCHANTABILITY AND FITNESS FOR A PARTICULAR PURPOSE ARE 
  28:Drivers/u8glib/src/u8g_com_api_16gr.c ****   DISCLAIMED. IN NO EVENT SHALL THE COPYRIGHT HOLDER OR 
  29:Drivers/u8glib/src/u8g_com_api_16gr.c ****   CONTRIBUTORS BE LIABLE FOR ANY DIRECT, INDIRECT, INCIDENTAL, 
  30:Drivers/u8glib/src/u8g_com_api_16gr.c ****   SPECIAL, EXEMPLARY, OR CONSEQUENTIAL DAMAGES (INCLUDING, BUT 
  31:Drivers/u8glib/src/u8g_com_api_16gr.c ****   NOT LIMITED TO, PROCUREMENT OF SUBSTITUTE GOODS OR SERVICES; 
ARM GAS  C:\Users\Zbigniew\AppData\Local\Temp\ccsf5RNc.s 			page 2


  32:Drivers/u8glib/src/u8g_com_api_16gr.c ****   LOSS OF USE, DATA, OR PROFITS; OR BUSINESS INTERRUPTION) HOWEVER 
  33:Drivers/u8glib/src/u8g_com_api_16gr.c ****   CAUSED AND ON ANY THEORY OF LIABILITY, WHETHER IN CONTRACT, 
  34:Drivers/u8glib/src/u8g_com_api_16gr.c ****   STRICT LIABILITY, OR TORT (INCLUDING NEGLIGENCE OR OTHERWISE) 
  35:Drivers/u8glib/src/u8g_com_api_16gr.c ****   ARISING IN ANY WAY OUT OF THE USE OF THIS SOFTWARE, EVEN IF 
  36:Drivers/u8glib/src/u8g_com_api_16gr.c ****   ADVISED OF THE POSSIBILITY OF SUCH DAMAGE.  
  37:Drivers/u8glib/src/u8g_com_api_16gr.c ****   
  38:Drivers/u8glib/src/u8g_com_api_16gr.c ****   
  39:Drivers/u8glib/src/u8g_com_api_16gr.c **** */
  40:Drivers/u8glib/src/u8g_com_api_16gr.c **** 
  41:Drivers/u8glib/src/u8g_com_api_16gr.c **** #include "../Drivers/u8glib/inc/u8g.h"
  42:Drivers/u8glib/src/u8g_com_api_16gr.c **** 
  43:Drivers/u8glib/src/u8g_com_api_16gr.c **** /* interpret b as a monochrome bit pattern, write value 15 for high bit and value 0 for a low bit *
  44:Drivers/u8glib/src/u8g_com_api_16gr.c **** /* topbit (msb) is sent last */
  45:Drivers/u8glib/src/u8g_com_api_16gr.c **** /* example: b = 0x083 will send 0xff, 0x00, 0x00, 0xf0 */
  46:Drivers/u8glib/src/u8g_com_api_16gr.c **** uint8_t u8g_WriteByteBWTo16GrDevice(u8g_t *u8g, u8g_dev_t *dev, uint8_t b)
  47:Drivers/u8glib/src/u8g_com_api_16gr.c **** {
  28              		.loc 1 47 1 view -0
  29              		.cfi_startproc
  30              		@ args = 0, pretend = 0, frame = 0
  31              		@ frame_needed = 0, uses_anonymous_args = 0
  32              		.loc 1 47 1 is_stmt 0 view .LVU1
  33 0000 10B5     		push	{r4, lr}
  34              	.LCFI0:
  35              		.cfi_def_cfa_offset 8
  36              		.cfi_offset 4, -8
  37              		.cfi_offset 14, -4
  48:Drivers/u8glib/src/u8g_com_api_16gr.c ****   static uint8_t buf[4];
  38              		.loc 1 48 3 is_stmt 1 view .LVU2
  49:Drivers/u8glib/src/u8g_com_api_16gr.c ****   static uint8_t map[4] = { 0, 0x00f, 0x0f0, 0x0ff };
  39              		.loc 1 49 3 view .LVU3
  50:Drivers/u8glib/src/u8g_com_api_16gr.c ****   buf [3] = map[b & 3];
  40              		.loc 1 50 3 view .LVU4
  41              		.loc 1 50 19 is_stmt 0 view .LVU5
  42 0002 02F00303 		and	r3, r2, #3
  43              		.loc 1 50 16 view .LVU6
  44 0006 0D4C     		ldr	r4, .L3
  45 0008 14F803C0 		ldrb	ip, [r4, r3]	@ zero_extendqisi2
  46              		.loc 1 50 11 view .LVU7
  47 000c 0C4B     		ldr	r3, .L3+4
  48 000e 83F803C0 		strb	ip, [r3, #3]
  51:Drivers/u8glib/src/u8g_com_api_16gr.c ****   b>>=2;
  49              		.loc 1 51 3 is_stmt 1 view .LVU8
  50              	.LVL1:
  52:Drivers/u8glib/src/u8g_com_api_16gr.c ****   buf [2] = map[b & 3];
  51              		.loc 1 52 3 view .LVU9
  52              		.loc 1 52 19 is_stmt 0 view .LVU10
  53 0012 C2F3810C 		ubfx	ip, r2, #2, #2
  54              		.loc 1 52 16 view .LVU11
  55 0016 14F80CC0 		ldrb	ip, [r4, ip]	@ zero_extendqisi2
  56              		.loc 1 52 11 view .LVU12
  57 001a 83F802C0 		strb	ip, [r3, #2]
  53:Drivers/u8glib/src/u8g_com_api_16gr.c ****   b>>=2;
  58              		.loc 1 53 3 is_stmt 1 view .LVU13
  59              	.LVL2:
  54:Drivers/u8glib/src/u8g_com_api_16gr.c ****   buf [1] = map[b & 3];
  60              		.loc 1 54 3 view .LVU14
  61              		.loc 1 54 19 is_stmt 0 view .LVU15
ARM GAS  C:\Users\Zbigniew\AppData\Local\Temp\ccsf5RNc.s 			page 3


  62 001e C2F3011C 		ubfx	ip, r2, #4, #2
  63              		.loc 1 54 16 view .LVU16
  64 0022 14F80CC0 		ldrb	ip, [r4, ip]	@ zero_extendqisi2
  65              		.loc 1 54 11 view .LVU17
  66 0026 83F801C0 		strb	ip, [r3, #1]
  55:Drivers/u8glib/src/u8g_com_api_16gr.c ****   b>>=2;
  67              		.loc 1 55 3 is_stmt 1 view .LVU18
  68              		.loc 1 55 4 is_stmt 0 view .LVU19
  69 002a 9209     		lsrs	r2, r2, #6
  70              	.LVL3:
  56:Drivers/u8glib/src/u8g_com_api_16gr.c ****   buf [0] = map[b & 3];
  71              		.loc 1 56 3 is_stmt 1 view .LVU20
  72              		.loc 1 56 16 is_stmt 0 view .LVU21
  73 002c A25C     		ldrb	r2, [r4, r2]	@ zero_extendqisi2
  74              	.LVL4:
  75              		.loc 1 56 11 view .LVU22
  76 002e 1A70     		strb	r2, [r3]
  57:Drivers/u8glib/src/u8g_com_api_16gr.c ****   return dev->com_fn(u8g, U8G_COM_MSG_WRITE_SEQ, 4, buf);
  77              		.loc 1 57 3 is_stmt 1 view .LVU23
  78              		.loc 1 57 13 is_stmt 0 view .LVU24
  79 0030 8C68     		ldr	r4, [r1, #8]
  80              		.loc 1 57 10 view .LVU25
  81 0032 0422     		movs	r2, #4
  82 0034 0621     		movs	r1, #6
  83              	.LVL5:
  84              		.loc 1 57 10 view .LVU26
  85 0036 A047     		blx	r4
  86              	.LVL6:
  58:Drivers/u8glib/src/u8g_com_api_16gr.c **** }
  87              		.loc 1 58 1 view .LVU27
  88 0038 10BD     		pop	{r4, pc}
  89              	.L4:
  90 003a 00BF     		.align	2
  91              	.L3:
  92 003c 00000000 		.word	.LANCHOR0
  93 0040 00000000 		.word	.LANCHOR1
  94              		.cfi_endproc
  95              	.LFE0:
  97              		.section	.text.u8g_WriteSequenceBWTo16GrDevice,"ax",%progbits
  98              		.align	1
  99              		.global	u8g_WriteSequenceBWTo16GrDevice
 100              		.syntax unified
 101              		.thumb
 102              		.thumb_func
 104              	u8g_WriteSequenceBWTo16GrDevice:
 105              	.LVL7:
 106              	.LFB1:
  59:Drivers/u8glib/src/u8g_com_api_16gr.c **** 
  60:Drivers/u8glib/src/u8g_com_api_16gr.c **** uint8_t u8g_WriteSequenceBWTo16GrDevice(u8g_t *u8g, u8g_dev_t *dev, uint8_t cnt, uint8_t *ptr)
  61:Drivers/u8glib/src/u8g_com_api_16gr.c **** {
 107              		.loc 1 61 1 is_stmt 1 view -0
 108              		.cfi_startproc
 109              		@ args = 0, pretend = 0, frame = 0
 110              		@ frame_needed = 0, uses_anonymous_args = 0
 111              		.loc 1 61 1 is_stmt 0 view .LVU29
 112 0000 F8B5     		push	{r3, r4, r5, r6, r7, lr}
 113              	.LCFI1:
ARM GAS  C:\Users\Zbigniew\AppData\Local\Temp\ccsf5RNc.s 			page 4


 114              		.cfi_def_cfa_offset 24
 115              		.cfi_offset 3, -24
 116              		.cfi_offset 4, -20
 117              		.cfi_offset 5, -16
 118              		.cfi_offset 6, -12
 119              		.cfi_offset 7, -8
 120              		.cfi_offset 14, -4
 121 0002 0746     		mov	r7, r0
 122 0004 0E46     		mov	r6, r1
 123 0006 1446     		mov	r4, r2
 124 0008 1D46     		mov	r5, r3
 125              	.LVL8:
 126              	.L7:
  62:Drivers/u8glib/src/u8g_com_api_16gr.c ****   do
 127              		.loc 1 62 3 is_stmt 1 view .LVU30
  63:Drivers/u8glib/src/u8g_com_api_16gr.c ****   {
  64:Drivers/u8glib/src/u8g_com_api_16gr.c ****     if ( u8g_WriteByteBWTo16GrDevice(u8g, dev, *ptr++) == 0 )
 128              		.loc 1 64 5 view .LVU31
 129              		.loc 1 64 10 is_stmt 0 view .LVU32
 130 000a 2A78     		ldrb	r2, [r5]	@ zero_extendqisi2
 131 000c 0135     		adds	r5, r5, #1
 132              	.LVL9:
 133              		.loc 1 64 10 view .LVU33
 134 000e 3146     		mov	r1, r6
 135 0010 3846     		mov	r0, r7
 136 0012 FFF7FEFF 		bl	u8g_WriteByteBWTo16GrDevice
 137              	.LVL10:
 138              		.loc 1 64 8 view .LVU34
 139 0016 0346     		mov	r3, r0
 140 0018 20B1     		cbz	r0, .L6
  65:Drivers/u8glib/src/u8g_com_api_16gr.c ****       return 0;
  66:Drivers/u8glib/src/u8g_com_api_16gr.c ****     cnt--;
 141              		.loc 1 66 5 is_stmt 1 view .LVU35
 142              		.loc 1 66 8 is_stmt 0 view .LVU36
 143 001a 621E     		subs	r2, r4, #1
 144              	.LVL11:
  67:Drivers/u8glib/src/u8g_com_api_16gr.c ****   } while( cnt != 0 );
 145              		.loc 1 67 10 is_stmt 1 view .LVU37
 146              		.loc 1 67 3 is_stmt 0 view .LVU38
 147 001c 12F0FF04 		ands	r4, r2, #255
 148 0020 F3D1     		bne	.L7
  68:Drivers/u8glib/src/u8g_com_api_16gr.c ****   return 1;
 149              		.loc 1 68 10 view .LVU39
 150 0022 0123     		movs	r3, #1
 151              	.LVL12:
 152              	.L6:
  69:Drivers/u8glib/src/u8g_com_api_16gr.c **** }
 153              		.loc 1 69 1 view .LVU40
 154 0024 1846     		mov	r0, r3
 155 0026 F8BD     		pop	{r3, r4, r5, r6, r7, pc}
 156              		.loc 1 69 1 view .LVU41
 157              		.cfi_endproc
 158              	.LFE1:
 160              		.section	.text.u8g_WriteByte4LTo16GrDevice,"ax",%progbits
 161              		.align	1
 162              		.global	u8g_WriteByte4LTo16GrDevice
 163              		.syntax unified
ARM GAS  C:\Users\Zbigniew\AppData\Local\Temp\ccsf5RNc.s 			page 5


 164              		.thumb
 165              		.thumb_func
 167              	u8g_WriteByte4LTo16GrDevice:
 168              	.LVL13:
 169              	.LFB2:
  70:Drivers/u8glib/src/u8g_com_api_16gr.c **** 
  71:Drivers/u8glib/src/u8g_com_api_16gr.c **** /* interpret b as a 4L bit pattern, write values 0x000, 0x004, 0x008, 0x00c */
  72:Drivers/u8glib/src/u8g_com_api_16gr.c **** uint8_t u8g_WriteByte4LTo16GrDevice(u8g_t *u8g, u8g_dev_t *dev, uint8_t b)
  73:Drivers/u8glib/src/u8g_com_api_16gr.c **** {
 170              		.loc 1 73 1 is_stmt 1 view -0
 171              		.cfi_startproc
 172              		@ args = 0, pretend = 0, frame = 0
 173              		@ frame_needed = 0, uses_anonymous_args = 0
 174              		.loc 1 73 1 is_stmt 0 view .LVU43
 175 0000 F8B5     		push	{r3, r4, r5, r6, r7, lr}
 176              	.LCFI2:
 177              		.cfi_def_cfa_offset 24
 178              		.cfi_offset 3, -24
 179              		.cfi_offset 4, -20
 180              		.cfi_offset 5, -16
 181              		.cfi_offset 6, -12
 182              		.cfi_offset 7, -8
 183              		.cfi_offset 14, -4
 184 0002 0646     		mov	r6, r0
 185 0004 0D46     		mov	r5, r1
  74:Drivers/u8glib/src/u8g_com_api_16gr.c ****   //static uint8_t map[16] = { 0x000, 0x004, 0x008, 0x00c, 0x040, 0x044, 0x048, 0x04c, 0x080, 0x084
  75:Drivers/u8glib/src/u8g_com_api_16gr.c ****   //static uint8_t map[16] = { 0x000, 0x004, 0x00a, 0x00f, 0x040, 0x044, 0x04a, 0x04f, 0x0a0, 0x0a4
  76:Drivers/u8glib/src/u8g_com_api_16gr.c ****   static uint8_t map[16] = { 0x000, 0x040, 0x0a0, 0x0f0, 0x004, 0x044, 0x0a4, 0x0f4, 0x00a, 0x04a, 
 186              		.loc 1 76 3 is_stmt 1 view .LVU44
  77:Drivers/u8glib/src/u8g_com_api_16gr.c ****   uint8_t bb;
 187              		.loc 1 77 3 view .LVU45
  78:Drivers/u8glib/src/u8g_com_api_16gr.c ****   bb = b;
 188              		.loc 1 78 3 view .LVU46
 189              	.LVL14:
  79:Drivers/u8glib/src/u8g_com_api_16gr.c ****   bb &= 15;
 190              		.loc 1 79 3 view .LVU47
 191              		.loc 1 79 6 is_stmt 0 view .LVU48
 192 0006 02F00F01 		and	r1, r2, #15
 193              	.LVL15:
  80:Drivers/u8glib/src/u8g_com_api_16gr.c ****   b>>=4;
 194              		.loc 1 80 3 is_stmt 1 view .LVU49
 195              		.loc 1 80 4 is_stmt 0 view .LVU50
 196 000a 1409     		lsrs	r4, r2, #4
 197              	.LVL16:
  81:Drivers/u8glib/src/u8g_com_api_16gr.c ****   dev->com_fn(u8g, U8G_COM_MSG_WRITE_BYTE, map[bb], NULL);
 198              		.loc 1 81 3 is_stmt 1 view .LVU51
 199 000c 064F     		ldr	r7, .L11
 200 000e 0023     		movs	r3, #0
 201 0010 7A5C     		ldrb	r2, [r7, r1]	@ zero_extendqisi2
 202 0012 0521     		movs	r1, #5
 203              	.LVL17:
 204              		.loc 1 81 3 is_stmt 0 view .LVU52
 205 0014 D5F808C0 		ldr	ip, [r5, #8]
 206 0018 E047     		blx	ip
 207              	.LVL18:
  82:Drivers/u8glib/src/u8g_com_api_16gr.c ****   return dev->com_fn(u8g, U8G_COM_MSG_WRITE_BYTE, map[b], NULL);
 208              		.loc 1 82 3 is_stmt 1 view .LVU53
ARM GAS  C:\Users\Zbigniew\AppData\Local\Temp\ccsf5RNc.s 			page 6


 209              		.loc 1 82 13 is_stmt 0 view .LVU54
 210 001a AD68     		ldr	r5, [r5, #8]
 211              	.LVL19:
 212              		.loc 1 82 10 view .LVU55
 213 001c 0023     		movs	r3, #0
 214 001e 3A5D     		ldrb	r2, [r7, r4]	@ zero_extendqisi2
 215 0020 0521     		movs	r1, #5
 216 0022 3046     		mov	r0, r6
 217 0024 A847     		blx	r5
 218              	.LVL20:
  83:Drivers/u8glib/src/u8g_com_api_16gr.c **** }
 219              		.loc 1 83 1 view .LVU56
 220 0026 F8BD     		pop	{r3, r4, r5, r6, r7, pc}
 221              	.LVL21:
 222              	.L12:
 223              		.loc 1 83 1 view .LVU57
 224              		.align	2
 225              	.L11:
 226 0028 00000000 		.word	.LANCHOR2
 227              		.cfi_endproc
 228              	.LFE2:
 230              		.section	.text.u8g_WriteSequence4LTo16GrDevice,"ax",%progbits
 231              		.align	1
 232              		.global	u8g_WriteSequence4LTo16GrDevice
 233              		.syntax unified
 234              		.thumb
 235              		.thumb_func
 237              	u8g_WriteSequence4LTo16GrDevice:
 238              	.LVL22:
 239              	.LFB3:
  84:Drivers/u8glib/src/u8g_com_api_16gr.c **** 
  85:Drivers/u8glib/src/u8g_com_api_16gr.c **** uint8_t u8g_WriteSequence4LTo16GrDevice(u8g_t *u8g, u8g_dev_t *dev, uint8_t cnt, uint8_t *ptr)
  86:Drivers/u8glib/src/u8g_com_api_16gr.c **** {
 240              		.loc 1 86 1 is_stmt 1 view -0
 241              		.cfi_startproc
 242              		@ args = 0, pretend = 0, frame = 0
 243              		@ frame_needed = 0, uses_anonymous_args = 0
 244              		.loc 1 86 1 is_stmt 0 view .LVU59
 245 0000 F8B5     		push	{r3, r4, r5, r6, r7, lr}
 246              	.LCFI3:
 247              		.cfi_def_cfa_offset 24
 248              		.cfi_offset 3, -24
 249              		.cfi_offset 4, -20
 250              		.cfi_offset 5, -16
 251              		.cfi_offset 6, -12
 252              		.cfi_offset 7, -8
 253              		.cfi_offset 14, -4
 254 0002 0746     		mov	r7, r0
 255 0004 0E46     		mov	r6, r1
 256 0006 1446     		mov	r4, r2
 257 0008 1D46     		mov	r5, r3
 258              	.LVL23:
 259              	.L15:
  87:Drivers/u8glib/src/u8g_com_api_16gr.c ****   do
 260              		.loc 1 87 3 is_stmt 1 view .LVU60
  88:Drivers/u8glib/src/u8g_com_api_16gr.c ****   {
  89:Drivers/u8glib/src/u8g_com_api_16gr.c ****     if ( u8g_WriteByte4LTo16GrDevice(u8g, dev, *ptr++) == 0 )
ARM GAS  C:\Users\Zbigniew\AppData\Local\Temp\ccsf5RNc.s 			page 7


 261              		.loc 1 89 5 view .LVU61
 262              		.loc 1 89 10 is_stmt 0 view .LVU62
 263 000a 2A78     		ldrb	r2, [r5]	@ zero_extendqisi2
 264 000c 0135     		adds	r5, r5, #1
 265              	.LVL24:
 266              		.loc 1 89 10 view .LVU63
 267 000e 3146     		mov	r1, r6
 268 0010 3846     		mov	r0, r7
 269 0012 FFF7FEFF 		bl	u8g_WriteByte4LTo16GrDevice
 270              	.LVL25:
 271              		.loc 1 89 8 view .LVU64
 272 0016 0346     		mov	r3, r0
 273 0018 20B1     		cbz	r0, .L14
  90:Drivers/u8glib/src/u8g_com_api_16gr.c ****       return 0;
  91:Drivers/u8glib/src/u8g_com_api_16gr.c ****     cnt--;
 274              		.loc 1 91 5 is_stmt 1 view .LVU65
 275              		.loc 1 91 8 is_stmt 0 view .LVU66
 276 001a 621E     		subs	r2, r4, #1
 277              	.LVL26:
  92:Drivers/u8glib/src/u8g_com_api_16gr.c ****   } while( cnt != 0 );
 278              		.loc 1 92 10 is_stmt 1 view .LVU67
 279              		.loc 1 92 3 is_stmt 0 view .LVU68
 280 001c 12F0FF04 		ands	r4, r2, #255
 281 0020 F3D1     		bne	.L15
  93:Drivers/u8glib/src/u8g_com_api_16gr.c ****   return 1;
 282              		.loc 1 93 10 view .LVU69
 283 0022 0123     		movs	r3, #1
 284              	.LVL27:
 285              	.L14:
  94:Drivers/u8glib/src/u8g_com_api_16gr.c **** }
 286              		.loc 1 94 1 view .LVU70
 287 0024 1846     		mov	r0, r3
 288 0026 F8BD     		pop	{r3, r4, r5, r6, r7, pc}
 289              		.loc 1 94 1 view .LVU71
 290              		.cfi_endproc
 291              	.LFE3:
 293              		.section	.bss.buf.1,"aw",%nobits
 294              		.align	2
 295              		.set	.LANCHOR1,. + 0
 298              	buf.1:
 299 0000 00000000 		.space	4
 300              		.section	.rodata.map.0,"a"
 301              		.align	2
 302              		.set	.LANCHOR2,. + 0
 305              	map.0:
 306 0000 0040A0F0 		.ascii	"\000@\240\360\004D\244\364\012J\252\372\017O\257\377"
 306      0444A4F4 
 306      0A4AAAFA 
 306      0F4FAFFF 
 307              		.section	.rodata.map.2,"a"
 308              		.align	2
 309              		.set	.LANCHOR0,. + 0
 312              	map.2:
 313 0000 000FF0FF 		.ascii	"\000\017\360\377"
 314              		.text
 315              	.Letext0:
 316              		.file 2 "c:\\users\\zbigniew\\appdata\\roaming\\code\\user\\globalstorage\\bmd.stm32-for-vscode\\@
ARM GAS  C:\Users\Zbigniew\AppData\Local\Temp\ccsf5RNc.s 			page 8


 317              		.file 3 "c:\\users\\zbigniew\\appdata\\roaming\\code\\user\\globalstorage\\bmd.stm32-for-vscode\\@
 318              		.file 4 "Inc/../Drivers/u8glib/inc/u8g.h"
ARM GAS  C:\Users\Zbigniew\AppData\Local\Temp\ccsf5RNc.s 			page 9


DEFINED SYMBOLS
                            *ABS*:0000000000000000 u8g_com_api_16gr.c
C:\Users\Zbigniew\AppData\Local\Temp\ccsf5RNc.s:18     .text.u8g_WriteByteBWTo16GrDevice:0000000000000000 $t
C:\Users\Zbigniew\AppData\Local\Temp\ccsf5RNc.s:24     .text.u8g_WriteByteBWTo16GrDevice:0000000000000000 u8g_WriteByteBWTo16GrDevice
C:\Users\Zbigniew\AppData\Local\Temp\ccsf5RNc.s:92     .text.u8g_WriteByteBWTo16GrDevice:000000000000003c $d
C:\Users\Zbigniew\AppData\Local\Temp\ccsf5RNc.s:98     .text.u8g_WriteSequenceBWTo16GrDevice:0000000000000000 $t
C:\Users\Zbigniew\AppData\Local\Temp\ccsf5RNc.s:104    .text.u8g_WriteSequenceBWTo16GrDevice:0000000000000000 u8g_WriteSequenceBWTo16GrDevice
C:\Users\Zbigniew\AppData\Local\Temp\ccsf5RNc.s:161    .text.u8g_WriteByte4LTo16GrDevice:0000000000000000 $t
C:\Users\Zbigniew\AppData\Local\Temp\ccsf5RNc.s:167    .text.u8g_WriteByte4LTo16GrDevice:0000000000000000 u8g_WriteByte4LTo16GrDevice
C:\Users\Zbigniew\AppData\Local\Temp\ccsf5RNc.s:226    .text.u8g_WriteByte4LTo16GrDevice:0000000000000028 $d
C:\Users\Zbigniew\AppData\Local\Temp\ccsf5RNc.s:231    .text.u8g_WriteSequence4LTo16GrDevice:0000000000000000 $t
C:\Users\Zbigniew\AppData\Local\Temp\ccsf5RNc.s:237    .text.u8g_WriteSequence4LTo16GrDevice:0000000000000000 u8g_WriteSequence4LTo16GrDevice
C:\Users\Zbigniew\AppData\Local\Temp\ccsf5RNc.s:294    .bss.buf.1:0000000000000000 $d
C:\Users\Zbigniew\AppData\Local\Temp\ccsf5RNc.s:298    .bss.buf.1:0000000000000000 buf.1
C:\Users\Zbigniew\AppData\Local\Temp\ccsf5RNc.s:301    .rodata.map.0:0000000000000000 $d
C:\Users\Zbigniew\AppData\Local\Temp\ccsf5RNc.s:305    .rodata.map.0:0000000000000000 map.0
C:\Users\Zbigniew\AppData\Local\Temp\ccsf5RNc.s:308    .rodata.map.2:0000000000000000 $d
C:\Users\Zbigniew\AppData\Local\Temp\ccsf5RNc.s:312    .rodata.map.2:0000000000000000 map.2

NO UNDEFINED SYMBOLS
