ARM GAS  C:\Users\Zbigniew\AppData\Local\Temp\cc5D7EaR.s 			page 1


   1              		.cpu cortex-m3
   2              		.arch armv7-m
   3              		.fpu softvfp
   4              		.eabi_attribute 20, 1
   5              		.eabi_attribute 21, 1
   6              		.eabi_attribute 23, 3
   7              		.eabi_attribute 24, 1
   8              		.eabi_attribute 25, 1
   9              		.eabi_attribute 26, 1
  10              		.eabi_attribute 30, 1
  11              		.eabi_attribute 34, 1
  12              		.eabi_attribute 18, 4
  13              		.file	"u8g_pb8v1.c"
  14              		.text
  15              	.Ltext0:
  16              		.cfi_sections	.debug_frame
  17              		.section	.text.u8g_pb8v1_Init,"ax",%progbits
  18              		.align	1
  19              		.global	u8g_pb8v1_Init
  20              		.syntax unified
  21              		.thumb
  22              		.thumb_func
  24              	u8g_pb8v1_Init:
  25              	.LVL0:
  26              	.LFB0:
  27              		.file 1 "Drivers/u8glib/src/u8g_pb8v1.c"
   1:Drivers/u8glib/src/u8g_pb8v1.c **** /*
   2:Drivers/u8glib/src/u8g_pb8v1.c **** 
   3:Drivers/u8glib/src/u8g_pb8v1.c ****   u8g_pb8v1.c
   4:Drivers/u8glib/src/u8g_pb8v1.c ****   
   5:Drivers/u8glib/src/u8g_pb8v1.c ****   8bit height monochrom (1 bit) page buffer
   6:Drivers/u8glib/src/u8g_pb8v1.c ****   byte has vertical orientation
   7:Drivers/u8glib/src/u8g_pb8v1.c **** 
   8:Drivers/u8glib/src/u8g_pb8v1.c ****   Universal 8bit Graphics Library
   9:Drivers/u8glib/src/u8g_pb8v1.c ****   
  10:Drivers/u8glib/src/u8g_pb8v1.c ****   Copyright (c) 2011, olikraus@gmail.com
  11:Drivers/u8glib/src/u8g_pb8v1.c ****   All rights reserved.
  12:Drivers/u8glib/src/u8g_pb8v1.c **** 
  13:Drivers/u8glib/src/u8g_pb8v1.c ****   Redistribution and use in source and binary forms, with or without modification, 
  14:Drivers/u8glib/src/u8g_pb8v1.c ****   are permitted provided that the following conditions are met:
  15:Drivers/u8glib/src/u8g_pb8v1.c **** 
  16:Drivers/u8glib/src/u8g_pb8v1.c ****   * Redistributions of source code must retain the above copyright notice, this list 
  17:Drivers/u8glib/src/u8g_pb8v1.c ****     of conditions and the following disclaimer.
  18:Drivers/u8glib/src/u8g_pb8v1.c ****     
  19:Drivers/u8glib/src/u8g_pb8v1.c ****   * Redistributions in binary form must reproduce the above copyright notice, this 
  20:Drivers/u8glib/src/u8g_pb8v1.c ****     list of conditions and the following disclaimer in the documentation and/or other 
  21:Drivers/u8glib/src/u8g_pb8v1.c ****     materials provided with the distribution.
  22:Drivers/u8glib/src/u8g_pb8v1.c **** 
  23:Drivers/u8glib/src/u8g_pb8v1.c ****   THIS SOFTWARE IS PROVIDED BY THE COPYRIGHT HOLDERS AND 
  24:Drivers/u8glib/src/u8g_pb8v1.c ****   CONTRIBUTORS "AS IS" AND ANY EXPRESS OR IMPLIED WARRANTIES, 
  25:Drivers/u8glib/src/u8g_pb8v1.c ****   INCLUDING, BUT NOT LIMITED TO, THE IMPLIED WARRANTIES OF 
  26:Drivers/u8glib/src/u8g_pb8v1.c ****   MERCHANTABILITY AND FITNESS FOR A PARTICULAR PURPOSE ARE 
  27:Drivers/u8glib/src/u8g_pb8v1.c ****   DISCLAIMED. IN NO EVENT SHALL THE COPYRIGHT HOLDER OR 
  28:Drivers/u8glib/src/u8g_pb8v1.c ****   CONTRIBUTORS BE LIABLE FOR ANY DIRECT, INDIRECT, INCIDENTAL, 
  29:Drivers/u8glib/src/u8g_pb8v1.c ****   SPECIAL, EXEMPLARY, OR CONSEQUENTIAL DAMAGES (INCLUDING, BUT 
  30:Drivers/u8glib/src/u8g_pb8v1.c ****   NOT LIMITED TO, PROCUREMENT OF SUBSTITUTE GOODS OR SERVICES; 
  31:Drivers/u8glib/src/u8g_pb8v1.c ****   LOSS OF USE, DATA, OR PROFITS; OR BUSINESS INTERRUPTION) HOWEVER 
ARM GAS  C:\Users\Zbigniew\AppData\Local\Temp\cc5D7EaR.s 			page 2


  32:Drivers/u8glib/src/u8g_pb8v1.c ****   CAUSED AND ON ANY THEORY OF LIABILITY, WHETHER IN CONTRACT, 
  33:Drivers/u8glib/src/u8g_pb8v1.c ****   STRICT LIABILITY, OR TORT (INCLUDING NEGLIGENCE OR OTHERWISE) 
  34:Drivers/u8glib/src/u8g_pb8v1.c ****   ARISING IN ANY WAY OUT OF THE USE OF THIS SOFTWARE, EVEN IF 
  35:Drivers/u8glib/src/u8g_pb8v1.c ****   ADVISED OF THE POSSIBILITY OF SUCH DAMAGE.  
  36:Drivers/u8glib/src/u8g_pb8v1.c ****   
  37:Drivers/u8glib/src/u8g_pb8v1.c **** 
  38:Drivers/u8glib/src/u8g_pb8v1.c **** */
  39:Drivers/u8glib/src/u8g_pb8v1.c **** 
  40:Drivers/u8glib/src/u8g_pb8v1.c **** #include "../Drivers/u8glib/inc/u8g.h"
  41:Drivers/u8glib/src/u8g_pb8v1.c **** #include <string.h>
  42:Drivers/u8glib/src/u8g_pb8v1.c **** 
  43:Drivers/u8glib/src/u8g_pb8v1.c **** 
  44:Drivers/u8glib/src/u8g_pb8v1.c **** void u8g_pb8v1_Init(u8g_pb_t *b, void *buf, u8g_uint_t width) U8G_NOINLINE;
  45:Drivers/u8glib/src/u8g_pb8v1.c **** void u8g_pb8v1_set_pixel(u8g_pb_t *b, u8g_uint_t x, u8g_uint_t y, uint8_t color_index) U8G_NOINLINE
  46:Drivers/u8glib/src/u8g_pb8v1.c **** void u8g_pb8v1_SetPixel(u8g_pb_t *b, const u8g_dev_arg_pixel_t * const arg_pixel) U8G_NOINLINE ;
  47:Drivers/u8glib/src/u8g_pb8v1.c **** void u8g_pb8v1_Set8PixelStd(u8g_pb_t *b, u8g_dev_arg_pixel_t *arg_pixel) U8G_NOINLINE;
  48:Drivers/u8glib/src/u8g_pb8v1.c **** 
  49:Drivers/u8glib/src/u8g_pb8v1.c **** /* Obsolete, usually set by the init of the structure */
  50:Drivers/u8glib/src/u8g_pb8v1.c **** void u8g_pb8v1_Init(u8g_pb_t *b, void *buf, u8g_uint_t width)
  51:Drivers/u8glib/src/u8g_pb8v1.c **** {
  28              		.loc 1 51 1 view -0
  29              		.cfi_startproc
  30              		@ args = 0, pretend = 0, frame = 0
  31              		@ frame_needed = 0, uses_anonymous_args = 0
  32              		.loc 1 51 1 is_stmt 0 view .LVU1
  33 0000 08B5     		push	{r3, lr}
  34              	.LCFI0:
  35              		.cfi_def_cfa_offset 8
  36              		.cfi_offset 3, -8
  37              		.cfi_offset 14, -4
  52:Drivers/u8glib/src/u8g_pb8v1.c ****   b->buf = buf;
  38              		.loc 1 52 3 is_stmt 1 view .LVU2
  39              		.loc 1 52 10 is_stmt 0 view .LVU3
  40 0002 8160     		str	r1, [r0, #8]
  53:Drivers/u8glib/src/u8g_pb8v1.c ****   b->width = width;
  41              		.loc 1 53 3 is_stmt 1 view .LVU4
  42              		.loc 1 53 12 is_stmt 0 view .LVU5
  43 0004 4271     		strb	r2, [r0, #5]
  54:Drivers/u8glib/src/u8g_pb8v1.c ****   u8g_pb_Clear(b);
  44              		.loc 1 54 3 is_stmt 1 view .LVU6
  45 0006 FFF7FEFF 		bl	u8g_pb_Clear
  46              	.LVL1:
  55:Drivers/u8glib/src/u8g_pb8v1.c **** }
  47              		.loc 1 55 1 is_stmt 0 view .LVU7
  48 000a 08BD     		pop	{r3, pc}
  49              		.cfi_endproc
  50              	.LFE0:
  52              		.section	.text.u8g_pb8v1_set_pixel,"ax",%progbits
  53              		.align	1
  54              		.global	u8g_pb8v1_set_pixel
  55              		.syntax unified
  56              		.thumb
  57              		.thumb_func
  59              	u8g_pb8v1_set_pixel:
  60              	.LVL2:
  61              	.LFB1:
  56:Drivers/u8glib/src/u8g_pb8v1.c **** 
ARM GAS  C:\Users\Zbigniew\AppData\Local\Temp\cc5D7EaR.s 			page 3


  57:Drivers/u8glib/src/u8g_pb8v1.c **** void u8g_pb8v1_set_pixel(u8g_pb_t *b, u8g_uint_t x, u8g_uint_t y, uint8_t color_index)
  58:Drivers/u8glib/src/u8g_pb8v1.c **** {
  62              		.loc 1 58 1 is_stmt 1 view -0
  63              		.cfi_startproc
  64              		@ args = 0, pretend = 0, frame = 0
  65              		@ frame_needed = 0, uses_anonymous_args = 0
  66              		@ link register save eliminated.
  67              		.loc 1 58 1 is_stmt 0 view .LVU9
  68 0000 10B4     		push	{r4}
  69              	.LCFI1:
  70              		.cfi_def_cfa_offset 4
  71              		.cfi_offset 4, -4
  59:Drivers/u8glib/src/u8g_pb8v1.c ****   register uint8_t mask;
  72              		.loc 1 59 3 is_stmt 1 view .LVU10
  60:Drivers/u8glib/src/u8g_pb8v1.c ****   uint8_t *ptr = b->buf;
  73              		.loc 1 60 3 view .LVU11
  74              		.loc 1 60 12 is_stmt 0 view .LVU12
  75 0002 8468     		ldr	r4, [r0, #8]
  76              	.LVL3:
  61:Drivers/u8glib/src/u8g_pb8v1.c ****   
  62:Drivers/u8glib/src/u8g_pb8v1.c ****   y -= b->p.page_y0;
  77              		.loc 1 62 3 is_stmt 1 view .LVU13
  78              		.loc 1 62 12 is_stmt 0 view .LVU14
  79 0004 8078     		ldrb	r0, [r0, #2]	@ zero_extendqisi2
  80              	.LVL4:
  81              		.loc 1 62 5 view .LVU15
  82 0006 121A     		subs	r2, r2, r0
  83              	.LVL5:
  63:Drivers/u8glib/src/u8g_pb8v1.c ****   mask = 1;
  84              		.loc 1 63 3 is_stmt 1 view .LVU16
  64:Drivers/u8glib/src/u8g_pb8v1.c ****   y &= 0x07;
  85              		.loc 1 64 3 view .LVU17
  86              		.loc 1 64 5 is_stmt 0 view .LVU18
  87 0008 02F00700 		and	r0, r2, #7
  88              	.LVL6:
  65:Drivers/u8glib/src/u8g_pb8v1.c ****   mask <<= y;
  89              		.loc 1 65 3 is_stmt 1 view .LVU19
  90              		.loc 1 65 8 is_stmt 0 view .LVU20
  91 000c 0122     		movs	r2, #1
  92 000e 8240     		lsls	r2, r2, r0
  93 0010 D2B2     		uxtb	r2, r2
  94              	.LVL7:
  66:Drivers/u8glib/src/u8g_pb8v1.c ****   ptr += x;
  95              		.loc 1 66 3 is_stmt 1 view .LVU21
  67:Drivers/u8glib/src/u8g_pb8v1.c ****   if ( color_index )
  96              		.loc 1 67 3 view .LVU22
  97              		.loc 1 67 6 is_stmt 0 view .LVU23
  98 0012 23B1     		cbz	r3, .L4
  68:Drivers/u8glib/src/u8g_pb8v1.c ****   {
  69:Drivers/u8glib/src/u8g_pb8v1.c ****     *ptr |= mask;
  99              		.loc 1 69 5 is_stmt 1 view .LVU24
 100              		.loc 1 69 10 is_stmt 0 view .LVU25
 101 0014 635C     		ldrb	r3, [r4, r1]	@ zero_extendqisi2
 102              	.LVL8:
 103              		.loc 1 69 10 view .LVU26
 104 0016 1A43     		orrs	r2, r2, r3
 105              	.LVL9:
ARM GAS  C:\Users\Zbigniew\AppData\Local\Temp\cc5D7EaR.s 			page 4


 106              		.loc 1 69 10 view .LVU27
 107 0018 6254     		strb	r2, [r4, r1]
 108              	.LVL10:
 109              	.L3:
  70:Drivers/u8glib/src/u8g_pb8v1.c ****   }
  71:Drivers/u8glib/src/u8g_pb8v1.c ****   else
  72:Drivers/u8glib/src/u8g_pb8v1.c ****   {
  73:Drivers/u8glib/src/u8g_pb8v1.c ****     mask ^=0xff;
  74:Drivers/u8glib/src/u8g_pb8v1.c ****     *ptr &= mask;
  75:Drivers/u8glib/src/u8g_pb8v1.c ****   }
  76:Drivers/u8glib/src/u8g_pb8v1.c **** }
 110              		.loc 1 76 1 view .LVU28
 111 001a 10BC     		pop	{r4}
 112              	.LCFI2:
 113              		.cfi_remember_state
 114              		.cfi_restore 4
 115              		.cfi_def_cfa_offset 0
 116              	.LVL11:
 117              		.loc 1 76 1 view .LVU29
 118 001c 7047     		bx	lr
 119              	.LVL12:
 120              	.L4:
 121              	.LCFI3:
 122              		.cfi_restore_state
  73:Drivers/u8glib/src/u8g_pb8v1.c ****     *ptr &= mask;
 123              		.loc 1 73 5 is_stmt 1 view .LVU30
  74:Drivers/u8glib/src/u8g_pb8v1.c ****   }
 124              		.loc 1 74 5 view .LVU31
  74:Drivers/u8glib/src/u8g_pb8v1.c ****   }
 125              		.loc 1 74 10 is_stmt 0 view .LVU32
 126 001e 635C     		ldrb	r3, [r4, r1]	@ zero_extendqisi2
 127              	.LVL13:
  74:Drivers/u8glib/src/u8g_pb8v1.c ****   }
 128              		.loc 1 74 10 view .LVU33
 129 0020 23EA0202 		bic	r2, r3, r2
 130              	.LVL14:
  74:Drivers/u8glib/src/u8g_pb8v1.c ****   }
 131              		.loc 1 74 10 view .LVU34
 132 0024 6254     		strb	r2, [r4, r1]
 133              		.loc 1 76 1 view .LVU35
 134 0026 F8E7     		b	.L3
 135              		.cfi_endproc
 136              	.LFE1:
 138              		.section	.text.u8g_pb8v1_SetPixel,"ax",%progbits
 139              		.align	1
 140              		.global	u8g_pb8v1_SetPixel
 141              		.syntax unified
 142              		.thumb
 143              		.thumb_func
 145              	u8g_pb8v1_SetPixel:
 146              	.LVL15:
 147              	.LFB2:
  77:Drivers/u8glib/src/u8g_pb8v1.c **** 
  78:Drivers/u8glib/src/u8g_pb8v1.c **** 
  79:Drivers/u8glib/src/u8g_pb8v1.c **** void u8g_pb8v1_SetPixel(u8g_pb_t *b, const u8g_dev_arg_pixel_t * const arg_pixel)
  80:Drivers/u8glib/src/u8g_pb8v1.c **** {
 148              		.loc 1 80 1 is_stmt 1 view -0
ARM GAS  C:\Users\Zbigniew\AppData\Local\Temp\cc5D7EaR.s 			page 5


 149              		.cfi_startproc
 150              		@ args = 0, pretend = 0, frame = 0
 151              		@ frame_needed = 0, uses_anonymous_args = 0
 152              		.loc 1 80 1 is_stmt 0 view .LVU37
 153 0000 08B5     		push	{r3, lr}
 154              	.LCFI4:
 155              		.cfi_def_cfa_offset 8
 156              		.cfi_offset 3, -8
 157              		.cfi_offset 14, -4
  81:Drivers/u8glib/src/u8g_pb8v1.c ****   if ( arg_pixel->y < b->p.page_y0 )
 158              		.loc 1 81 3 is_stmt 1 view .LVU38
 159              		.loc 1 81 17 is_stmt 0 view .LVU39
 160 0002 4A78     		ldrb	r2, [r1, #1]	@ zero_extendqisi2
 161              		.loc 1 81 27 view .LVU40
 162 0004 8378     		ldrb	r3, [r0, #2]	@ zero_extendqisi2
 163              		.loc 1 81 6 view .LVU41
 164 0006 9A42     		cmp	r2, r3
 165 0008 07D3     		bcc	.L7
  82:Drivers/u8glib/src/u8g_pb8v1.c ****     return;
  83:Drivers/u8glib/src/u8g_pb8v1.c ****   if ( arg_pixel->y > b->p.page_y1 )
 166              		.loc 1 83 3 is_stmt 1 view .LVU42
 167              		.loc 1 83 27 is_stmt 0 view .LVU43
 168 000a C378     		ldrb	r3, [r0, #3]	@ zero_extendqisi2
 169              		.loc 1 83 6 view .LVU44
 170 000c 9A42     		cmp	r2, r3
 171 000e 04D8     		bhi	.L7
  84:Drivers/u8glib/src/u8g_pb8v1.c ****     return;
  85:Drivers/u8glib/src/u8g_pb8v1.c ****   if ( arg_pixel->x >= b->width )
 172              		.loc 1 85 3 is_stmt 1 view .LVU45
 173              		.loc 1 85 17 is_stmt 0 view .LVU46
 174 0010 91F800C0 		ldrb	ip, [r1]	@ zero_extendqisi2
 175              		.loc 1 85 25 view .LVU47
 176 0014 4379     		ldrb	r3, [r0, #5]	@ zero_extendqisi2
 177              		.loc 1 85 6 view .LVU48
 178 0016 9C45     		cmp	ip, r3
 179 0018 00D3     		bcc	.L10
 180              	.LVL16:
 181              	.L7:
  86:Drivers/u8glib/src/u8g_pb8v1.c ****     return;
  87:Drivers/u8glib/src/u8g_pb8v1.c ****   u8g_pb8v1_set_pixel(b, arg_pixel->x, arg_pixel->y, arg_pixel->color);
  88:Drivers/u8glib/src/u8g_pb8v1.c **** }
 182              		.loc 1 88 1 view .LVU49
 183 001a 08BD     		pop	{r3, pc}
 184              	.LVL17:
 185              	.L10:
  87:Drivers/u8glib/src/u8g_pb8v1.c **** }
 186              		.loc 1 87 3 is_stmt 1 view .LVU50
 187 001c 0B79     		ldrb	r3, [r1, #4]	@ zero_extendqisi2
 188 001e 6146     		mov	r1, ip
 189              	.LVL18:
  87:Drivers/u8glib/src/u8g_pb8v1.c **** }
 190              		.loc 1 87 3 is_stmt 0 view .LVU51
 191 0020 FFF7FEFF 		bl	u8g_pb8v1_set_pixel
 192              	.LVL19:
  87:Drivers/u8glib/src/u8g_pb8v1.c **** }
 193              		.loc 1 87 3 view .LVU52
 194 0024 F9E7     		b	.L7
ARM GAS  C:\Users\Zbigniew\AppData\Local\Temp\cc5D7EaR.s 			page 6


 195              		.cfi_endproc
 196              	.LFE2:
 198              		.section	.text.u8g_pb8v1_Set8PixelStd,"ax",%progbits
 199              		.align	1
 200              		.global	u8g_pb8v1_Set8PixelStd
 201              		.syntax unified
 202              		.thumb
 203              		.thumb_func
 205              	u8g_pb8v1_Set8PixelStd:
 206              	.LVL20:
 207              	.LFB3:
  89:Drivers/u8glib/src/u8g_pb8v1.c **** 
  90:Drivers/u8glib/src/u8g_pb8v1.c **** void u8g_pb8v1_Set8PixelStd(u8g_pb_t *b, u8g_dev_arg_pixel_t *arg_pixel)
  91:Drivers/u8glib/src/u8g_pb8v1.c **** {
 208              		.loc 1 91 1 is_stmt 1 view -0
 209              		.cfi_startproc
 210              		@ args = 0, pretend = 0, frame = 0
 211              		@ frame_needed = 0, uses_anonymous_args = 0
 212              		.loc 1 91 1 is_stmt 0 view .LVU54
 213 0000 70B5     		push	{r4, r5, r6, lr}
 214              	.LCFI5:
 215              		.cfi_def_cfa_offset 16
 216              		.cfi_offset 4, -16
 217              		.cfi_offset 5, -12
 218              		.cfi_offset 6, -8
 219              		.cfi_offset 14, -4
 220 0002 0646     		mov	r6, r0
 221 0004 0D46     		mov	r5, r1
  92:Drivers/u8glib/src/u8g_pb8v1.c ****   register uint8_t pixel = arg_pixel->pixel;
 222              		.loc 1 92 3 is_stmt 1 view .LVU55
 223              		.loc 1 92 20 is_stmt 0 view .LVU56
 224 0006 8C78     		ldrb	r4, [r1, #2]	@ zero_extendqisi2
 225              	.LVL21:
 226              		.loc 1 92 20 view .LVU57
 227 0008 0BE0     		b	.L19
 228              	.LVL22:
 229              	.L22:
  93:Drivers/u8glib/src/u8g_pb8v1.c ****   do
  94:Drivers/u8glib/src/u8g_pb8v1.c ****   {
  95:Drivers/u8glib/src/u8g_pb8v1.c ****     if ( pixel & 128 )
  96:Drivers/u8glib/src/u8g_pb8v1.c ****     {
  97:Drivers/u8glib/src/u8g_pb8v1.c ****       u8g_pb8v1_SetPixel(b, arg_pixel);
 230              		.loc 1 97 7 is_stmt 1 view .LVU58
 231 000a 2946     		mov	r1, r5
 232 000c 3046     		mov	r0, r6
 233 000e FFF7FEFF 		bl	u8g_pb8v1_SetPixel
 234              	.LVL23:
 235 0012 09E0     		b	.L12
 236              	.L18:
  98:Drivers/u8glib/src/u8g_pb8v1.c ****     }
  99:Drivers/u8glib/src/u8g_pb8v1.c ****     switch( arg_pixel->dir )
 100:Drivers/u8glib/src/u8g_pb8v1.c ****     {
 101:Drivers/u8glib/src/u8g_pb8v1.c ****       case 0: arg_pixel->x++; break;
 237              		.loc 1 101 15 view .LVU59
 238              		.loc 1 101 24 is_stmt 0 view .LVU60
 239 0014 2B78     		ldrb	r3, [r5]	@ zero_extendqisi2
 240              		.loc 1 101 27 view .LVU61
ARM GAS  C:\Users\Zbigniew\AppData\Local\Temp\cc5D7EaR.s 			page 7


 241 0016 0133     		adds	r3, r3, #1
 242 0018 2B70     		strb	r3, [r5]
 243              		.loc 1 101 31 is_stmt 1 view .LVU62
 244              	.L13:
 102:Drivers/u8glib/src/u8g_pb8v1.c ****       case 1: arg_pixel->y++; break;
 103:Drivers/u8glib/src/u8g_pb8v1.c ****       case 2: arg_pixel->x--; break;
 104:Drivers/u8glib/src/u8g_pb8v1.c ****       case 3: arg_pixel->y--; break;
 105:Drivers/u8glib/src/u8g_pb8v1.c ****     }
 106:Drivers/u8glib/src/u8g_pb8v1.c ****     pixel <<= 1;
 245              		.loc 1 106 5 view .LVU63
 246              		.loc 1 106 11 is_stmt 0 view .LVU64
 247 001a 6400     		lsls	r4, r4, #1
 248              	.LVL24:
 107:Drivers/u8glib/src/u8g_pb8v1.c ****   } while( pixel != 0  );
 249              		.loc 1 107 10 is_stmt 1 view .LVU65
 250              		.loc 1 107 3 is_stmt 0 view .LVU66
 251 001c 14F0FF04 		ands	r4, r4, #255
 252              	.LVL25:
 253              		.loc 1 107 3 view .LVU67
 254 0020 1CD0     		beq	.L21
 255              	.L19:
 256              	.LVL26:
  93:Drivers/u8glib/src/u8g_pb8v1.c ****   {
 257              		.loc 1 93 3 is_stmt 1 view .LVU68
  95:Drivers/u8glib/src/u8g_pb8v1.c ****     {
 258              		.loc 1 95 5 view .LVU69
  95:Drivers/u8glib/src/u8g_pb8v1.c ****     {
 259              		.loc 1 95 8 is_stmt 0 view .LVU70
 260 0022 14F0800F 		tst	r4, #128
 261 0026 F0D1     		bne	.L22
 262              	.L12:
  99:Drivers/u8glib/src/u8g_pb8v1.c ****     {
 263              		.loc 1 99 5 is_stmt 1 view .LVU71
  99:Drivers/u8glib/src/u8g_pb8v1.c ****     {
 264              		.loc 1 99 22 is_stmt 0 view .LVU72
 265 0028 EB78     		ldrb	r3, [r5, #3]	@ zero_extendqisi2
  99:Drivers/u8glib/src/u8g_pb8v1.c ****     {
 266              		.loc 1 99 5 view .LVU73
 267 002a 032B     		cmp	r3, #3
 268 002c F5D8     		bhi	.L13
 269 002e 01A2     		adr	r2, .L15
 270 0030 52F823F0 		ldr	pc, [r2, r3, lsl #2]
 271              		.p2align 2
 272              	.L15:
 273 0034 15000000 		.word	.L18+1
 274 0038 45000000 		.word	.L17+1
 275 003c 4D000000 		.word	.L16+1
 276 0040 55000000 		.word	.L14+1
 277              		.p2align 1
 278              	.L17:
 102:Drivers/u8glib/src/u8g_pb8v1.c ****       case 2: arg_pixel->x--; break;
 279              		.loc 1 102 15 is_stmt 1 view .LVU74
 102:Drivers/u8glib/src/u8g_pb8v1.c ****       case 2: arg_pixel->x--; break;
 280              		.loc 1 102 24 is_stmt 0 view .LVU75
 281 0044 6B78     		ldrb	r3, [r5, #1]	@ zero_extendqisi2
 102:Drivers/u8glib/src/u8g_pb8v1.c ****       case 2: arg_pixel->x--; break;
 282              		.loc 1 102 27 view .LVU76
ARM GAS  C:\Users\Zbigniew\AppData\Local\Temp\cc5D7EaR.s 			page 8


 283 0046 0133     		adds	r3, r3, #1
 284 0048 6B70     		strb	r3, [r5, #1]
 102:Drivers/u8glib/src/u8g_pb8v1.c ****       case 2: arg_pixel->x--; break;
 285              		.loc 1 102 31 is_stmt 1 view .LVU77
 102:Drivers/u8glib/src/u8g_pb8v1.c ****       case 2: arg_pixel->x--; break;
 286              		.loc 1 102 7 is_stmt 0 view .LVU78
 287 004a E6E7     		b	.L13
 288              	.L16:
 103:Drivers/u8glib/src/u8g_pb8v1.c ****       case 3: arg_pixel->y--; break;
 289              		.loc 1 103 15 is_stmt 1 view .LVU79
 103:Drivers/u8glib/src/u8g_pb8v1.c ****       case 3: arg_pixel->y--; break;
 290              		.loc 1 103 24 is_stmt 0 view .LVU80
 291 004c 2B78     		ldrb	r3, [r5]	@ zero_extendqisi2
 103:Drivers/u8glib/src/u8g_pb8v1.c ****       case 3: arg_pixel->y--; break;
 292              		.loc 1 103 27 view .LVU81
 293 004e 013B     		subs	r3, r3, #1
 294 0050 2B70     		strb	r3, [r5]
 103:Drivers/u8glib/src/u8g_pb8v1.c ****       case 3: arg_pixel->y--; break;
 295              		.loc 1 103 31 is_stmt 1 view .LVU82
 103:Drivers/u8glib/src/u8g_pb8v1.c ****       case 3: arg_pixel->y--; break;
 296              		.loc 1 103 7 is_stmt 0 view .LVU83
 297 0052 E2E7     		b	.L13
 298              	.L14:
 104:Drivers/u8glib/src/u8g_pb8v1.c ****     }
 299              		.loc 1 104 15 is_stmt 1 view .LVU84
 104:Drivers/u8glib/src/u8g_pb8v1.c ****     }
 300              		.loc 1 104 24 is_stmt 0 view .LVU85
 301 0054 6B78     		ldrb	r3, [r5, #1]	@ zero_extendqisi2
 104:Drivers/u8glib/src/u8g_pb8v1.c ****     }
 302              		.loc 1 104 27 view .LVU86
 303 0056 013B     		subs	r3, r3, #1
 304 0058 6B70     		strb	r3, [r5, #1]
 104:Drivers/u8glib/src/u8g_pb8v1.c ****     }
 305              		.loc 1 104 31 is_stmt 1 view .LVU87
 104:Drivers/u8glib/src/u8g_pb8v1.c ****     }
 306              		.loc 1 104 7 is_stmt 0 view .LVU88
 307 005a DEE7     		b	.L13
 308              	.LVL27:
 309              	.L21:
 108:Drivers/u8glib/src/u8g_pb8v1.c **** }
 310              		.loc 1 108 1 view .LVU89
 311 005c 70BD     		pop	{r4, r5, r6, pc}
 312              		.loc 1 108 1 view .LVU90
 313              		.cfi_endproc
 314              	.LFE3:
 316 005e 00BF     		.section	.text.u8g_pb8v1_Set8PixelOpt2,"ax",%progbits
 317              		.align	1
 318              		.global	u8g_pb8v1_Set8PixelOpt2
 319              		.syntax unified
 320              		.thumb
 321              		.thumb_func
 323              	u8g_pb8v1_Set8PixelOpt2:
 324              	.LVL28:
 325              	.LFB4:
 109:Drivers/u8glib/src/u8g_pb8v1.c **** 
 110:Drivers/u8glib/src/u8g_pb8v1.c **** 
 111:Drivers/u8glib/src/u8g_pb8v1.c **** void u8g_pb8v1_Set8PixelOpt2(u8g_pb_t *b, u8g_dev_arg_pixel_t *arg_pixel)
ARM GAS  C:\Users\Zbigniew\AppData\Local\Temp\cc5D7EaR.s 			page 9


 112:Drivers/u8glib/src/u8g_pb8v1.c **** {
 326              		.loc 1 112 1 is_stmt 1 view -0
 327              		.cfi_startproc
 328              		@ args = 0, pretend = 0, frame = 0
 329              		@ frame_needed = 0, uses_anonymous_args = 0
 330              		.loc 1 112 1 is_stmt 0 view .LVU92
 331 0000 2DE9F041 		push	{r4, r5, r6, r7, r8, lr}
 332              	.LCFI6:
 333              		.cfi_def_cfa_offset 24
 334              		.cfi_offset 4, -24
 335              		.cfi_offset 5, -20
 336              		.cfi_offset 6, -16
 337              		.cfi_offset 7, -12
 338              		.cfi_offset 8, -8
 339              		.cfi_offset 14, -4
 340 0004 8046     		mov	r8, r0
 341 0006 0D46     		mov	r5, r1
 113:Drivers/u8glib/src/u8g_pb8v1.c ****   register uint8_t pixel = arg_pixel->pixel;
 342              		.loc 1 113 3 is_stmt 1 view .LVU93
 343              		.loc 1 113 20 is_stmt 0 view .LVU94
 344 0008 8C78     		ldrb	r4, [r1, #2]	@ zero_extendqisi2
 345              	.LVL29:
 114:Drivers/u8glib/src/u8g_pb8v1.c ****   u8g_uint_t dx = 0;
 346              		.loc 1 114 3 is_stmt 1 view .LVU95
 115:Drivers/u8glib/src/u8g_pb8v1.c ****   u8g_uint_t dy = 0;
 347              		.loc 1 115 3 view .LVU96
 116:Drivers/u8glib/src/u8g_pb8v1.c ****   
 117:Drivers/u8glib/src/u8g_pb8v1.c ****   switch( arg_pixel->dir )
 348              		.loc 1 117 3 view .LVU97
 349              		.loc 1 117 20 is_stmt 0 view .LVU98
 350 000a CE78     		ldrb	r6, [r1, #3]	@ zero_extendqisi2
 351              		.loc 1 117 3 view .LVU99
 352 000c 032E     		cmp	r6, #3
 353 000e 03D8     		bhi	.L24
 354 0010 DFE806F0 		tbb	[pc, r6]
 355              	.L26:
 356 0014 0D       		.byte	(.L32-.L26)/2
 357 0015 05       		.byte	(.L28-.L26)/2
 358 0016 07       		.byte	(.L27-.L26)/2
 359 0017 0A       		.byte	(.L25-.L26)/2
 360              		.p2align 1
 361              	.L24:
 362 0018 0026     		movs	r6, #0
 363 001a 3746     		mov	r7, r6
 364 001c 13E0     		b	.L31
 365              	.L28:
 118:Drivers/u8glib/src/u8g_pb8v1.c ****   {
 119:Drivers/u8glib/src/u8g_pb8v1.c ****     case 0: dx++; break;
 120:Drivers/u8glib/src/u8g_pb8v1.c ****     case 1: dy++; break;
 366              		.loc 1 120 13 is_stmt 1 view .LVU100
 367              	.LVL30:
 368              		.loc 1 120 19 view .LVU101
 114:Drivers/u8glib/src/u8g_pb8v1.c ****   u8g_uint_t dy = 0;
 369              		.loc 1 114 14 is_stmt 0 view .LVU102
 370 001e 0027     		movs	r7, #0
 371              		.loc 1 120 5 view .LVU103
 372 0020 11E0     		b	.L31
ARM GAS  C:\Users\Zbigniew\AppData\Local\Temp\cc5D7EaR.s 			page 10


 373              	.LVL31:
 374              	.L27:
 121:Drivers/u8glib/src/u8g_pb8v1.c ****     case 2: dx--; break;
 375              		.loc 1 121 13 is_stmt 1 view .LVU104
 376              		.loc 1 121 19 view .LVU105
 115:Drivers/u8glib/src/u8g_pb8v1.c ****   
 377              		.loc 1 115 14 is_stmt 0 view .LVU106
 378 0022 0026     		movs	r6, #0
 379              		.loc 1 121 15 view .LVU107
 380 0024 FF27     		movs	r7, #255
 381              		.loc 1 121 5 view .LVU108
 382 0026 0EE0     		b	.L31
 383              	.LVL32:
 384              	.L25:
 122:Drivers/u8glib/src/u8g_pb8v1.c ****     case 3: dy--; break;
 385              		.loc 1 122 13 is_stmt 1 view .LVU109
 386              		.loc 1 122 19 view .LVU110
 387              		.loc 1 122 15 is_stmt 0 view .LVU111
 388 0028 FF26     		movs	r6, #255
 114:Drivers/u8glib/src/u8g_pb8v1.c ****   u8g_uint_t dy = 0;
 389              		.loc 1 114 14 view .LVU112
 390 002a 0027     		movs	r7, #0
 391              		.loc 1 122 5 view .LVU113
 392 002c 0BE0     		b	.L31
 393              	.LVL33:
 394              	.L32:
 119:Drivers/u8glib/src/u8g_pb8v1.c ****     case 1: dy++; break;
 395              		.loc 1 119 15 view .LVU114
 396 002e 0127     		movs	r7, #1
 397              	.LVL34:
 119:Drivers/u8glib/src/u8g_pb8v1.c ****     case 1: dy++; break;
 398              		.loc 1 119 15 view .LVU115
 399 0030 09E0     		b	.L31
 400              	.LVL35:
 401              	.L30:
 123:Drivers/u8glib/src/u8g_pb8v1.c ****   }
 124:Drivers/u8glib/src/u8g_pb8v1.c ****   
 125:Drivers/u8glib/src/u8g_pb8v1.c ****   do
 126:Drivers/u8glib/src/u8g_pb8v1.c ****   {
 127:Drivers/u8glib/src/u8g_pb8v1.c ****     if ( pixel & 128 )
 128:Drivers/u8glib/src/u8g_pb8v1.c ****       u8g_pb8v1_SetPixel(b, arg_pixel);
 129:Drivers/u8glib/src/u8g_pb8v1.c ****     arg_pixel->x += dx;
 402              		.loc 1 129 5 is_stmt 1 view .LVU116
 403              		.loc 1 129 18 is_stmt 0 view .LVU117
 404 0032 2B78     		ldrb	r3, [r5]	@ zero_extendqisi2
 405 0034 3B44     		add	r3, r3, r7
 406 0036 2B70     		strb	r3, [r5]
 130:Drivers/u8glib/src/u8g_pb8v1.c ****     arg_pixel->y += dy;
 407              		.loc 1 130 5 is_stmt 1 view .LVU118
 408              		.loc 1 130 18 is_stmt 0 view .LVU119
 409 0038 6B78     		ldrb	r3, [r5, #1]	@ zero_extendqisi2
 410 003a 3344     		add	r3, r3, r6
 411 003c 6B70     		strb	r3, [r5, #1]
 131:Drivers/u8glib/src/u8g_pb8v1.c ****     pixel <<= 1;
 412              		.loc 1 131 5 is_stmt 1 view .LVU120
 413              		.loc 1 131 11 is_stmt 0 view .LVU121
 414 003e 6400     		lsls	r4, r4, #1
ARM GAS  C:\Users\Zbigniew\AppData\Local\Temp\cc5D7EaR.s 			page 11


 415              	.LVL36:
 132:Drivers/u8glib/src/u8g_pb8v1.c ****   } while( pixel != 0  );
 416              		.loc 1 132 10 is_stmt 1 view .LVU122
 417              		.loc 1 132 3 is_stmt 0 view .LVU123
 418 0040 14F0FF04 		ands	r4, r4, #255
 419              	.LVL37:
 420              		.loc 1 132 3 view .LVU124
 421 0044 07D0     		beq	.L34
 422              	.LVL38:
 423              	.L31:
 125:Drivers/u8glib/src/u8g_pb8v1.c ****   {
 424              		.loc 1 125 3 is_stmt 1 view .LVU125
 127:Drivers/u8glib/src/u8g_pb8v1.c ****       u8g_pb8v1_SetPixel(b, arg_pixel);
 425              		.loc 1 127 5 view .LVU126
 127:Drivers/u8glib/src/u8g_pb8v1.c ****       u8g_pb8v1_SetPixel(b, arg_pixel);
 426              		.loc 1 127 8 is_stmt 0 view .LVU127
 427 0046 14F0800F 		tst	r4, #128
 428 004a F2D0     		beq	.L30
 128:Drivers/u8glib/src/u8g_pb8v1.c ****     arg_pixel->x += dx;
 429              		.loc 1 128 7 is_stmt 1 view .LVU128
 430 004c 2946     		mov	r1, r5
 431 004e 4046     		mov	r0, r8
 432 0050 FFF7FEFF 		bl	u8g_pb8v1_SetPixel
 433              	.LVL39:
 434 0054 EDE7     		b	.L30
 435              	.LVL40:
 436              	.L34:
 133:Drivers/u8glib/src/u8g_pb8v1.c ****   
 134:Drivers/u8glib/src/u8g_pb8v1.c **** }
 437              		.loc 1 134 1 is_stmt 0 view .LVU129
 438 0056 BDE8F081 		pop	{r4, r5, r6, r7, r8, pc}
 439              		.loc 1 134 1 view .LVU130
 440              		.cfi_endproc
 441              	.LFE4:
 443              		.section	.text.u8g_dev_pb8v1_base_fn,"ax",%progbits
 444              		.align	1
 445              		.global	u8g_dev_pb8v1_base_fn
 446              		.syntax unified
 447              		.thumb
 448              		.thumb_func
 450              	u8g_dev_pb8v1_base_fn:
 451              	.LVL41:
 452              	.LFB5:
 135:Drivers/u8glib/src/u8g_pb8v1.c **** 
 136:Drivers/u8glib/src/u8g_pb8v1.c **** uint8_t u8g_dev_pb8v1_base_fn(u8g_t *u8g, u8g_dev_t *dev, uint8_t msg, void *arg)
 137:Drivers/u8glib/src/u8g_pb8v1.c **** {
 453              		.loc 1 137 1 is_stmt 1 view -0
 454              		.cfi_startproc
 455              		@ args = 0, pretend = 0, frame = 0
 456              		@ frame_needed = 0, uses_anonymous_args = 0
 457              		.loc 1 137 1 is_stmt 0 view .LVU132
 458 0000 38B5     		push	{r3, r4, r5, lr}
 459              	.LCFI7:
 460              		.cfi_def_cfa_offset 16
 461              		.cfi_offset 3, -16
 462              		.cfi_offset 4, -12
 463              		.cfi_offset 5, -8
ARM GAS  C:\Users\Zbigniew\AppData\Local\Temp\cc5D7EaR.s 			page 12


 464              		.cfi_offset 14, -4
 465 0002 1C46     		mov	r4, r3
 138:Drivers/u8glib/src/u8g_pb8v1.c ****   u8g_pb_t *pb = (u8g_pb_t *)(dev->dev_mem);
 466              		.loc 1 138 3 is_stmt 1 view .LVU133
 467              		.loc 1 138 13 is_stmt 0 view .LVU134
 468 0004 4D68     		ldr	r5, [r1, #4]
 469              	.LVL42:
 139:Drivers/u8glib/src/u8g_pb8v1.c ****   switch(msg)
 470              		.loc 1 139 3 is_stmt 1 view .LVU135
 471 0006 143A     		subs	r2, r2, #20
 472              	.LVL43:
 473              		.loc 1 139 3 is_stmt 0 view .LVU136
 474 0008 332A     		cmp	r2, #51
 475 000a 4DD8     		bhi	.L45
 476 000c DFE802F0 		tbb	[pc, r2]
 477              	.LVL44:
 478              	.L38:
 479 0010 2D       		.byte	(.L44-.L38)/2
 480 0011 35       		.byte	(.L43-.L38)/2
 481 0012 4C       		.byte	(.L45-.L38)/2
 482 0013 3E       		.byte	(.L42-.L38)/2
 483 0014 4C       		.byte	(.L45-.L38)/2
 484 0015 4C       		.byte	(.L45-.L38)/2
 485 0016 4C       		.byte	(.L45-.L38)/2
 486 0017 4C       		.byte	(.L45-.L38)/2
 487 0018 4C       		.byte	(.L45-.L38)/2
 488 0019 4C       		.byte	(.L45-.L38)/2
 489 001a 4C       		.byte	(.L45-.L38)/2
 490 001b 4C       		.byte	(.L45-.L38)/2
 491 001c 4C       		.byte	(.L45-.L38)/2
 492 001d 4C       		.byte	(.L45-.L38)/2
 493 001e 4C       		.byte	(.L45-.L38)/2
 494 001f 4C       		.byte	(.L45-.L38)/2
 495 0020 4C       		.byte	(.L45-.L38)/2
 496 0021 4C       		.byte	(.L45-.L38)/2
 497 0022 4C       		.byte	(.L45-.L38)/2
 498 0023 4C       		.byte	(.L45-.L38)/2
 499 0024 4C       		.byte	(.L45-.L38)/2
 500 0025 4C       		.byte	(.L45-.L38)/2
 501 0026 4C       		.byte	(.L45-.L38)/2
 502 0027 4C       		.byte	(.L45-.L38)/2
 503 0028 4C       		.byte	(.L45-.L38)/2
 504 0029 4C       		.byte	(.L45-.L38)/2
 505 002a 4C       		.byte	(.L45-.L38)/2
 506 002b 4C       		.byte	(.L45-.L38)/2
 507 002c 4C       		.byte	(.L45-.L38)/2
 508 002d 4C       		.byte	(.L45-.L38)/2
 509 002e 27       		.byte	(.L41-.L38)/2
 510 002f 4C       		.byte	(.L45-.L38)/2
 511 0030 4C       		.byte	(.L45-.L38)/2
 512 0031 4C       		.byte	(.L45-.L38)/2
 513 0032 4C       		.byte	(.L45-.L38)/2
 514 0033 4C       		.byte	(.L45-.L38)/2
 515 0034 4C       		.byte	(.L45-.L38)/2
 516 0035 4C       		.byte	(.L45-.L38)/2
 517 0036 4C       		.byte	(.L45-.L38)/2
 518 0037 1A       		.byte	(.L40-.L38)/2
ARM GAS  C:\Users\Zbigniew\AppData\Local\Temp\cc5D7EaR.s 			page 13


 519 0038 4C       		.byte	(.L45-.L38)/2
 520 0039 4C       		.byte	(.L45-.L38)/2
 521 003a 4C       		.byte	(.L45-.L38)/2
 522 003b 4C       		.byte	(.L45-.L38)/2
 523 003c 4C       		.byte	(.L45-.L38)/2
 524 003d 4C       		.byte	(.L45-.L38)/2
 525 003e 4C       		.byte	(.L45-.L38)/2
 526 003f 4C       		.byte	(.L45-.L38)/2
 527 0040 4C       		.byte	(.L45-.L38)/2
 528 0041 4C       		.byte	(.L45-.L38)/2
 529 0042 44       		.byte	(.L39-.L38)/2
 530 0043 48       		.byte	(.L37-.L38)/2
 531              		.p2align 1
 532              	.L40:
 140:Drivers/u8glib/src/u8g_pb8v1.c ****   {
 141:Drivers/u8glib/src/u8g_pb8v1.c ****     case U8G_DEV_MSG_SET_8PIXEL:
 142:Drivers/u8glib/src/u8g_pb8v1.c ****       if ( u8g_pb_Is8PixelVisible(pb, (u8g_dev_arg_pixel_t *)arg) )
 533              		.loc 1 142 7 is_stmt 1 view .LVU137
 534              		.loc 1 142 12 is_stmt 0 view .LVU138
 535 0044 2146     		mov	r1, r4
 536              	.LVL45:
 537              		.loc 1 142 12 view .LVU139
 538 0046 2846     		mov	r0, r5
 539              	.LVL46:
 540              		.loc 1 142 12 view .LVU140
 541 0048 FFF7FEFF 		bl	u8g_pb_Is8PixelVisible
 542              	.LVL47:
 543              		.loc 1 142 10 view .LVU141
 544 004c 08B9     		cbnz	r0, .L48
 143:Drivers/u8glib/src/u8g_pb8v1.c ****         u8g_pb8v1_Set8PixelOpt2(pb, (u8g_dev_arg_pixel_t *)arg);
 144:Drivers/u8glib/src/u8g_pb8v1.c ****       break;
 145:Drivers/u8glib/src/u8g_pb8v1.c ****     case U8G_DEV_MSG_SET_PIXEL:
 146:Drivers/u8glib/src/u8g_pb8v1.c ****         u8g_pb8v1_SetPixel(pb, (u8g_dev_arg_pixel_t *)arg);
 147:Drivers/u8glib/src/u8g_pb8v1.c ****       break;
 148:Drivers/u8glib/src/u8g_pb8v1.c ****     case U8G_DEV_MSG_INIT:
 149:Drivers/u8glib/src/u8g_pb8v1.c ****       break;
 150:Drivers/u8glib/src/u8g_pb8v1.c ****     case U8G_DEV_MSG_STOP:
 151:Drivers/u8glib/src/u8g_pb8v1.c ****       break;
 152:Drivers/u8glib/src/u8g_pb8v1.c ****     case U8G_DEV_MSG_PAGE_FIRST:
 153:Drivers/u8glib/src/u8g_pb8v1.c ****       u8g_pb_Clear(pb);
 154:Drivers/u8glib/src/u8g_pb8v1.c ****       u8g_page_First(&(pb->p));
 155:Drivers/u8glib/src/u8g_pb8v1.c ****       break;
 156:Drivers/u8glib/src/u8g_pb8v1.c ****     case U8G_DEV_MSG_PAGE_NEXT:
 157:Drivers/u8glib/src/u8g_pb8v1.c ****       if ( u8g_page_Next(&(pb->p)) == 0 )
 158:Drivers/u8glib/src/u8g_pb8v1.c ****         return 0;
 159:Drivers/u8glib/src/u8g_pb8v1.c ****       u8g_pb_Clear(pb);
 160:Drivers/u8glib/src/u8g_pb8v1.c ****       break;
 161:Drivers/u8glib/src/u8g_pb8v1.c **** #ifdef U8G_DEV_MSG_IS_BBX_INTERSECTION
 162:Drivers/u8glib/src/u8g_pb8v1.c ****     case U8G_DEV_MSG_IS_BBX_INTERSECTION:
 163:Drivers/u8glib/src/u8g_pb8v1.c ****       return u8g_pb_IsIntersection(pb, (u8g_dev_arg_bbx_t *)arg);
 164:Drivers/u8glib/src/u8g_pb8v1.c **** #endif
 165:Drivers/u8glib/src/u8g_pb8v1.c ****     case U8G_DEV_MSG_GET_PAGE_BOX:
 166:Drivers/u8glib/src/u8g_pb8v1.c ****       u8g_pb_GetPageBox(pb, (u8g_box_t *)arg);
 167:Drivers/u8glib/src/u8g_pb8v1.c ****       break;
 168:Drivers/u8glib/src/u8g_pb8v1.c ****     case U8G_DEV_MSG_GET_WIDTH:
 169:Drivers/u8glib/src/u8g_pb8v1.c ****       *((u8g_uint_t *)arg) = pb->width;
 170:Drivers/u8glib/src/u8g_pb8v1.c ****       break;
ARM GAS  C:\Users\Zbigniew\AppData\Local\Temp\cc5D7EaR.s 			page 14


 171:Drivers/u8glib/src/u8g_pb8v1.c ****     case U8G_DEV_MSG_GET_HEIGHT:
 172:Drivers/u8glib/src/u8g_pb8v1.c ****       *((u8g_uint_t *)arg) = pb->p.total_height;
 173:Drivers/u8glib/src/u8g_pb8v1.c ****       break;
 174:Drivers/u8glib/src/u8g_pb8v1.c ****     case U8G_DEV_MSG_SET_COLOR_ENTRY:
 175:Drivers/u8glib/src/u8g_pb8v1.c ****       break;
 176:Drivers/u8glib/src/u8g_pb8v1.c ****     case U8G_DEV_MSG_SET_XY_CB:
 177:Drivers/u8glib/src/u8g_pb8v1.c ****       break;
 178:Drivers/u8glib/src/u8g_pb8v1.c ****     case U8G_DEV_MSG_GET_MODE:
 179:Drivers/u8glib/src/u8g_pb8v1.c ****       return U8G_MODE_BW;
 180:Drivers/u8glib/src/u8g_pb8v1.c ****   }
 181:Drivers/u8glib/src/u8g_pb8v1.c ****   return 1;
 545              		.loc 1 181 10 view .LVU142
 546 004e 0120     		movs	r0, #1
 547 0050 2BE0     		b	.L36
 548              	.L48:
 143:Drivers/u8glib/src/u8g_pb8v1.c ****         u8g_pb8v1_Set8PixelOpt2(pb, (u8g_dev_arg_pixel_t *)arg);
 549              		.loc 1 143 9 is_stmt 1 view .LVU143
 550 0052 2146     		mov	r1, r4
 551 0054 2846     		mov	r0, r5
 552 0056 FFF7FEFF 		bl	u8g_pb8v1_Set8PixelOpt2
 553              	.LVL48:
 554              		.loc 1 181 10 is_stmt 0 view .LVU144
 555 005a 0120     		movs	r0, #1
 556 005c 25E0     		b	.L36
 557              	.LVL49:
 558              	.L41:
 146:Drivers/u8glib/src/u8g_pb8v1.c ****       break;
 559              		.loc 1 146 9 is_stmt 1 view .LVU145
 560 005e 2146     		mov	r1, r4
 561              	.LVL50:
 146:Drivers/u8glib/src/u8g_pb8v1.c ****       break;
 562              		.loc 1 146 9 is_stmt 0 view .LVU146
 563 0060 2846     		mov	r0, r5
 564              	.LVL51:
 146:Drivers/u8glib/src/u8g_pb8v1.c ****       break;
 565              		.loc 1 146 9 view .LVU147
 566 0062 FFF7FEFF 		bl	u8g_pb8v1_SetPixel
 567              	.LVL52:
 147:Drivers/u8glib/src/u8g_pb8v1.c ****     case U8G_DEV_MSG_INIT:
 568              		.loc 1 147 7 is_stmt 1 view .LVU148
 569              		.loc 1 181 10 is_stmt 0 view .LVU149
 570 0066 0120     		movs	r0, #1
 147:Drivers/u8glib/src/u8g_pb8v1.c ****     case U8G_DEV_MSG_INIT:
 571              		.loc 1 147 7 view .LVU150
 572 0068 1FE0     		b	.L36
 573              	.LVL53:
 574              	.L44:
 153:Drivers/u8glib/src/u8g_pb8v1.c ****       u8g_page_First(&(pb->p));
 575              		.loc 1 153 7 is_stmt 1 view .LVU151
 576 006a 2846     		mov	r0, r5
 577              	.LVL54:
 153:Drivers/u8glib/src/u8g_pb8v1.c ****       u8g_page_First(&(pb->p));
 578              		.loc 1 153 7 is_stmt 0 view .LVU152
 579 006c FFF7FEFF 		bl	u8g_pb_Clear
 580              	.LVL55:
 154:Drivers/u8glib/src/u8g_pb8v1.c ****       break;
 581              		.loc 1 154 7 is_stmt 1 view .LVU153
ARM GAS  C:\Users\Zbigniew\AppData\Local\Temp\cc5D7EaR.s 			page 15


 582 0070 2846     		mov	r0, r5
 583 0072 FFF7FEFF 		bl	u8g_page_First
 584              	.LVL56:
 155:Drivers/u8glib/src/u8g_pb8v1.c ****     case U8G_DEV_MSG_PAGE_NEXT:
 585              		.loc 1 155 7 view .LVU154
 586              		.loc 1 181 10 is_stmt 0 view .LVU155
 587 0076 0120     		movs	r0, #1
 155:Drivers/u8glib/src/u8g_pb8v1.c ****     case U8G_DEV_MSG_PAGE_NEXT:
 588              		.loc 1 155 7 view .LVU156
 589 0078 17E0     		b	.L36
 590              	.LVL57:
 591              	.L43:
 157:Drivers/u8glib/src/u8g_pb8v1.c ****         return 0;
 592              		.loc 1 157 7 is_stmt 1 view .LVU157
 157:Drivers/u8glib/src/u8g_pb8v1.c ****         return 0;
 593              		.loc 1 157 12 is_stmt 0 view .LVU158
 594 007a 2846     		mov	r0, r5
 595              	.LVL58:
 157:Drivers/u8glib/src/u8g_pb8v1.c ****         return 0;
 596              		.loc 1 157 12 view .LVU159
 597 007c FFF7FEFF 		bl	u8g_page_Next
 598              	.LVL59:
 157:Drivers/u8glib/src/u8g_pb8v1.c ****         return 0;
 599              		.loc 1 157 10 view .LVU160
 600 0080 98B1     		cbz	r0, .L36
 159:Drivers/u8glib/src/u8g_pb8v1.c ****       break;
 601              		.loc 1 159 7 is_stmt 1 view .LVU161
 602 0082 2846     		mov	r0, r5
 603 0084 FFF7FEFF 		bl	u8g_pb_Clear
 604              	.LVL60:
 160:Drivers/u8glib/src/u8g_pb8v1.c **** #ifdef U8G_DEV_MSG_IS_BBX_INTERSECTION
 605              		.loc 1 160 7 view .LVU162
 606              		.loc 1 181 10 is_stmt 0 view .LVU163
 607 0088 0120     		movs	r0, #1
 160:Drivers/u8glib/src/u8g_pb8v1.c **** #ifdef U8G_DEV_MSG_IS_BBX_INTERSECTION
 608              		.loc 1 160 7 view .LVU164
 609 008a 0EE0     		b	.L36
 610              	.LVL61:
 611              	.L42:
 166:Drivers/u8glib/src/u8g_pb8v1.c ****       break;
 612              		.loc 1 166 7 is_stmt 1 view .LVU165
 613 008c 2146     		mov	r1, r4
 614              	.LVL62:
 166:Drivers/u8glib/src/u8g_pb8v1.c ****       break;
 615              		.loc 1 166 7 is_stmt 0 view .LVU166
 616 008e 2846     		mov	r0, r5
 617              	.LVL63:
 166:Drivers/u8glib/src/u8g_pb8v1.c ****       break;
 618              		.loc 1 166 7 view .LVU167
 619 0090 FFF7FEFF 		bl	u8g_pb_GetPageBox
 620              	.LVL64:
 167:Drivers/u8glib/src/u8g_pb8v1.c ****     case U8G_DEV_MSG_GET_WIDTH:
 621              		.loc 1 167 7 is_stmt 1 view .LVU168
 622              		.loc 1 181 10 is_stmt 0 view .LVU169
 623 0094 0120     		movs	r0, #1
 167:Drivers/u8glib/src/u8g_pb8v1.c ****     case U8G_DEV_MSG_GET_WIDTH:
 624              		.loc 1 167 7 view .LVU170
ARM GAS  C:\Users\Zbigniew\AppData\Local\Temp\cc5D7EaR.s 			page 16


 625 0096 08E0     		b	.L36
 626              	.LVL65:
 627              	.L39:
 169:Drivers/u8glib/src/u8g_pb8v1.c ****       break;
 628              		.loc 1 169 7 is_stmt 1 view .LVU171
 169:Drivers/u8glib/src/u8g_pb8v1.c ****       break;
 629              		.loc 1 169 32 is_stmt 0 view .LVU172
 630 0098 6B79     		ldrb	r3, [r5, #5]	@ zero_extendqisi2
 169:Drivers/u8glib/src/u8g_pb8v1.c ****       break;
 631              		.loc 1 169 28 view .LVU173
 632 009a 2370     		strb	r3, [r4]
 170:Drivers/u8glib/src/u8g_pb8v1.c ****     case U8G_DEV_MSG_GET_HEIGHT:
 633              		.loc 1 170 7 is_stmt 1 view .LVU174
 634              		.loc 1 181 10 is_stmt 0 view .LVU175
 635 009c 0120     		movs	r0, #1
 636              	.LVL66:
 170:Drivers/u8glib/src/u8g_pb8v1.c ****     case U8G_DEV_MSG_GET_HEIGHT:
 637              		.loc 1 170 7 view .LVU176
 638 009e 04E0     		b	.L36
 639              	.LVL67:
 640              	.L37:
 172:Drivers/u8glib/src/u8g_pb8v1.c ****       break;
 641              		.loc 1 172 7 is_stmt 1 view .LVU177
 172:Drivers/u8glib/src/u8g_pb8v1.c ****       break;
 642              		.loc 1 172 35 is_stmt 0 view .LVU178
 643 00a0 6B78     		ldrb	r3, [r5, #1]	@ zero_extendqisi2
 172:Drivers/u8glib/src/u8g_pb8v1.c ****       break;
 644              		.loc 1 172 28 view .LVU179
 645 00a2 2370     		strb	r3, [r4]
 173:Drivers/u8glib/src/u8g_pb8v1.c ****     case U8G_DEV_MSG_SET_COLOR_ENTRY:
 646              		.loc 1 173 7 is_stmt 1 view .LVU180
 647              		.loc 1 181 10 is_stmt 0 view .LVU181
 648 00a4 0120     		movs	r0, #1
 649              	.LVL68:
 173:Drivers/u8glib/src/u8g_pb8v1.c ****     case U8G_DEV_MSG_SET_COLOR_ENTRY:
 650              		.loc 1 173 7 view .LVU182
 651 00a6 00E0     		b	.L36
 652              	.LVL69:
 653              	.L45:
 139:Drivers/u8glib/src/u8g_pb8v1.c ****   {
 654              		.loc 1 139 3 view .LVU183
 655 00a8 0120     		movs	r0, #1
 656              	.LVL70:
 657              	.L36:
 182:Drivers/u8glib/src/u8g_pb8v1.c **** }
 658              		.loc 1 182 1 view .LVU184
 659 00aa 38BD     		pop	{r3, r4, r5, pc}
 660              		.loc 1 182 1 view .LVU185
 661              		.cfi_endproc
 662              	.LFE5:
 664              		.text
 665              	.Letext0:
 666              		.file 2 "c:\\users\\zbigniew\\appdata\\roaming\\code\\user\\globalstorage\\bmd.stm32-for-vscode\\@
 667              		.file 3 "c:\\users\\zbigniew\\appdata\\roaming\\code\\user\\globalstorage\\bmd.stm32-for-vscode\\@
 668              		.file 4 "Inc/../Drivers/u8glib/inc/u8g.h"
ARM GAS  C:\Users\Zbigniew\AppData\Local\Temp\cc5D7EaR.s 			page 17


DEFINED SYMBOLS
                            *ABS*:0000000000000000 u8g_pb8v1.c
C:\Users\Zbigniew\AppData\Local\Temp\cc5D7EaR.s:18     .text.u8g_pb8v1_Init:0000000000000000 $t
C:\Users\Zbigniew\AppData\Local\Temp\cc5D7EaR.s:24     .text.u8g_pb8v1_Init:0000000000000000 u8g_pb8v1_Init
C:\Users\Zbigniew\AppData\Local\Temp\cc5D7EaR.s:53     .text.u8g_pb8v1_set_pixel:0000000000000000 $t
C:\Users\Zbigniew\AppData\Local\Temp\cc5D7EaR.s:59     .text.u8g_pb8v1_set_pixel:0000000000000000 u8g_pb8v1_set_pixel
C:\Users\Zbigniew\AppData\Local\Temp\cc5D7EaR.s:139    .text.u8g_pb8v1_SetPixel:0000000000000000 $t
C:\Users\Zbigniew\AppData\Local\Temp\cc5D7EaR.s:145    .text.u8g_pb8v1_SetPixel:0000000000000000 u8g_pb8v1_SetPixel
C:\Users\Zbigniew\AppData\Local\Temp\cc5D7EaR.s:199    .text.u8g_pb8v1_Set8PixelStd:0000000000000000 $t
C:\Users\Zbigniew\AppData\Local\Temp\cc5D7EaR.s:205    .text.u8g_pb8v1_Set8PixelStd:0000000000000000 u8g_pb8v1_Set8PixelStd
C:\Users\Zbigniew\AppData\Local\Temp\cc5D7EaR.s:273    .text.u8g_pb8v1_Set8PixelStd:0000000000000034 $d
C:\Users\Zbigniew\AppData\Local\Temp\cc5D7EaR.s:277    .text.u8g_pb8v1_Set8PixelStd:0000000000000044 $t
C:\Users\Zbigniew\AppData\Local\Temp\cc5D7EaR.s:317    .text.u8g_pb8v1_Set8PixelOpt2:0000000000000000 $t
C:\Users\Zbigniew\AppData\Local\Temp\cc5D7EaR.s:323    .text.u8g_pb8v1_Set8PixelOpt2:0000000000000000 u8g_pb8v1_Set8PixelOpt2
C:\Users\Zbigniew\AppData\Local\Temp\cc5D7EaR.s:356    .text.u8g_pb8v1_Set8PixelOpt2:0000000000000014 $d
C:\Users\Zbigniew\AppData\Local\Temp\cc5D7EaR.s:360    .text.u8g_pb8v1_Set8PixelOpt2:0000000000000018 $t
C:\Users\Zbigniew\AppData\Local\Temp\cc5D7EaR.s:444    .text.u8g_dev_pb8v1_base_fn:0000000000000000 $t
C:\Users\Zbigniew\AppData\Local\Temp\cc5D7EaR.s:450    .text.u8g_dev_pb8v1_base_fn:0000000000000000 u8g_dev_pb8v1_base_fn
C:\Users\Zbigniew\AppData\Local\Temp\cc5D7EaR.s:479    .text.u8g_dev_pb8v1_base_fn:0000000000000010 $d
C:\Users\Zbigniew\AppData\Local\Temp\cc5D7EaR.s:531    .text.u8g_dev_pb8v1_base_fn:0000000000000044 $t

UNDEFINED SYMBOLS
u8g_pb_Clear
u8g_pb_Is8PixelVisible
u8g_page_First
u8g_page_Next
u8g_pb_GetPageBox
