ARM GAS  C:\Users\Zbigniew\AppData\Local\Temp\ccYAmAFO.s 			page 1


   1              		.cpu cortex-m3
   2              		.arch armv7-m
   3              		.fpu softvfp
   4              		.eabi_attribute 20, 1
   5              		.eabi_attribute 21, 1
   6              		.eabi_attribute 23, 3
   7              		.eabi_attribute 24, 1
   8              		.eabi_attribute 25, 1
   9              		.eabi_attribute 26, 1
  10              		.eabi_attribute 30, 1
  11              		.eabi_attribute 34, 1
  12              		.eabi_attribute 18, 4
  13              		.file	"u8g_pb16v1.c"
  14              		.text
  15              	.Ltext0:
  16              		.cfi_sections	.debug_frame
  17              		.section	.text.u8g_pb16v1_Clear,"ax",%progbits
  18              		.align	1
  19              		.global	u8g_pb16v1_Clear
  20              		.syntax unified
  21              		.thumb
  22              		.thumb_func
  24              	u8g_pb16v1_Clear:
  25              	.LVL0:
  26              	.LFB0:
  27              		.file 1 "Drivers/u8glib/src/u8g_pb16v1.c"
   1:Drivers/u8glib/src/u8g_pb16v1.c **** /*
   2:Drivers/u8glib/src/u8g_pb16v1.c **** 
   3:Drivers/u8glib/src/u8g_pb16v1.c ****   u8g_pb16v1.c
   4:Drivers/u8glib/src/u8g_pb16v1.c ****   
   5:Drivers/u8glib/src/u8g_pb16v1.c ****   16bit height monochrom (1 bit) page buffer
   6:Drivers/u8glib/src/u8g_pb16v1.c ****   byte has vertical orientation
   7:Drivers/u8glib/src/u8g_pb16v1.c **** 
   8:Drivers/u8glib/src/u8g_pb16v1.c ****   Universal 8bit Graphics Library
   9:Drivers/u8glib/src/u8g_pb16v1.c ****   
  10:Drivers/u8glib/src/u8g_pb16v1.c ****   Copyright (c) 2011, olikraus@gmail.com
  11:Drivers/u8glib/src/u8g_pb16v1.c ****   All rights reserved.
  12:Drivers/u8glib/src/u8g_pb16v1.c **** 
  13:Drivers/u8glib/src/u8g_pb16v1.c ****   Redistribution and use in source and binary forms, with or without modification, 
  14:Drivers/u8glib/src/u8g_pb16v1.c ****   are permitted provided that the following conditions are met:
  15:Drivers/u8glib/src/u8g_pb16v1.c **** 
  16:Drivers/u8glib/src/u8g_pb16v1.c ****   * Redistributions of source code must retain the above copyright notice, this list 
  17:Drivers/u8glib/src/u8g_pb16v1.c ****     of conditions and the following disclaimer.
  18:Drivers/u8glib/src/u8g_pb16v1.c ****     
  19:Drivers/u8glib/src/u8g_pb16v1.c ****   * Redistributions in binary form must reproduce the above copyright notice, this 
  20:Drivers/u8glib/src/u8g_pb16v1.c ****     list of conditions and the following disclaimer in the documentation and/or other 
  21:Drivers/u8glib/src/u8g_pb16v1.c ****     materials provided with the distribution.
  22:Drivers/u8glib/src/u8g_pb16v1.c **** 
  23:Drivers/u8glib/src/u8g_pb16v1.c ****   THIS SOFTWARE IS PROVIDED BY THE COPYRIGHT HOLDERS AND 
  24:Drivers/u8glib/src/u8g_pb16v1.c ****   CONTRIBUTORS "AS IS" AND ANY EXPRESS OR IMPLIED WARRANTIES, 
  25:Drivers/u8glib/src/u8g_pb16v1.c ****   INCLUDING, BUT NOT LIMITED TO, THE IMPLIED WARRANTIES OF 
  26:Drivers/u8glib/src/u8g_pb16v1.c ****   MERCHANTABILITY AND FITNESS FOR A PARTICULAR PURPOSE ARE 
  27:Drivers/u8glib/src/u8g_pb16v1.c ****   DISCLAIMED. IN NO EVENT SHALL THE COPYRIGHT HOLDER OR 
  28:Drivers/u8glib/src/u8g_pb16v1.c ****   CONTRIBUTORS BE LIABLE FOR ANY DIRECT, INDIRECT, INCIDENTAL, 
  29:Drivers/u8glib/src/u8g_pb16v1.c ****   SPECIAL, EXEMPLARY, OR CONSEQUENTIAL DAMAGES (INCLUDING, BUT 
  30:Drivers/u8glib/src/u8g_pb16v1.c ****   NOT LIMITED TO, PROCUREMENT OF SUBSTITUTE GOODS OR SERVICES; 
  31:Drivers/u8glib/src/u8g_pb16v1.c ****   LOSS OF USE, DATA, OR PROFITS; OR BUSINESS INTERRUPTION) HOWEVER 
ARM GAS  C:\Users\Zbigniew\AppData\Local\Temp\ccYAmAFO.s 			page 2


  32:Drivers/u8glib/src/u8g_pb16v1.c ****   CAUSED AND ON ANY THEORY OF LIABILITY, WHETHER IN CONTRACT, 
  33:Drivers/u8glib/src/u8g_pb16v1.c ****   STRICT LIABILITY, OR TORT (INCLUDING NEGLIGENCE OR OTHERWISE) 
  34:Drivers/u8glib/src/u8g_pb16v1.c ****   ARISING IN ANY WAY OUT OF THE USE OF THIS SOFTWARE, EVEN IF 
  35:Drivers/u8glib/src/u8g_pb16v1.c ****   ADVISED OF THE POSSIBILITY OF SUCH DAMAGE.  
  36:Drivers/u8glib/src/u8g_pb16v1.c ****   
  37:Drivers/u8glib/src/u8g_pb16v1.c **** 
  38:Drivers/u8glib/src/u8g_pb16v1.c **** */
  39:Drivers/u8glib/src/u8g_pb16v1.c **** 
  40:Drivers/u8glib/src/u8g_pb16v1.c **** #include "../Drivers/u8glib/inc/u8g.h"
  41:Drivers/u8glib/src/u8g_pb16v1.c **** #include <string.h>
  42:Drivers/u8glib/src/u8g_pb16v1.c **** 
  43:Drivers/u8glib/src/u8g_pb16v1.c **** 
  44:Drivers/u8glib/src/u8g_pb16v1.c **** void u8g_pb16v1_Init(u8g_pb_t *b, void *buf, u8g_uint_t width) U8G_NOINLINE;
  45:Drivers/u8glib/src/u8g_pb16v1.c **** void u8g_pb16v1_set_pixel(u8g_pb_t *b, u8g_uint_t x, u8g_uint_t y, uint8_t color_index) U8G_NOINLIN
  46:Drivers/u8glib/src/u8g_pb16v1.c **** void u8g_pb16v1_SetPixel(u8g_pb_t *b, const u8g_dev_arg_pixel_t * const arg_pixel) U8G_NOINLINE ;
  47:Drivers/u8glib/src/u8g_pb16v1.c **** void u8g_pb16v1_Set8PixelStd(u8g_pb_t *b, u8g_dev_arg_pixel_t *arg_pixel) U8G_NOINLINE;
  48:Drivers/u8glib/src/u8g_pb16v1.c **** 
  49:Drivers/u8glib/src/u8g_pb16v1.c **** 
  50:Drivers/u8glib/src/u8g_pb16v1.c **** void u8g_pb16v1_Clear(u8g_pb_t *b)
  51:Drivers/u8glib/src/u8g_pb16v1.c **** {
  28              		.loc 1 51 1 view -0
  29              		.cfi_startproc
  30              		@ args = 0, pretend = 0, frame = 0
  31              		@ frame_needed = 0, uses_anonymous_args = 0
  32              		@ link register save eliminated.
  52:Drivers/u8glib/src/u8g_pb16v1.c ****   uint8_t *ptr = (uint8_t *)b->buf;
  33              		.loc 1 52 3 view .LVU1
  34              		.loc 1 52 12 is_stmt 0 view .LVU2
  35 0000 8368     		ldr	r3, [r0, #8]
  36              	.LVL1:
  53:Drivers/u8glib/src/u8g_pb16v1.c ****   uint8_t *end_ptr = ptr;
  37              		.loc 1 53 3 is_stmt 1 view .LVU3
  54:Drivers/u8glib/src/u8g_pb16v1.c ****   end_ptr += b->width*2;
  38              		.loc 1 54 3 view .LVU4
  39              		.loc 1 54 15 is_stmt 0 view .LVU5
  40 0002 4079     		ldrb	r0, [r0, #5]	@ zero_extendqisi2
  41              	.LVL2:
  42              		.loc 1 54 11 view .LVU6
  43 0004 03EB4000 		add	r0, r3, r0, lsl #1
  44              	.LVL3:
  45              	.L2:
  55:Drivers/u8glib/src/u8g_pb16v1.c ****   do
  46              		.loc 1 55 3 is_stmt 1 discriminator 1 view .LVU7
  56:Drivers/u8glib/src/u8g_pb16v1.c ****   {
  57:Drivers/u8glib/src/u8g_pb16v1.c ****     *ptr++ = 0;
  47              		.loc 1 57 5 discriminator 1 view .LVU8
  48 0008 1A46     		mov	r2, r3
  49              		.loc 1 57 9 is_stmt 0 discriminator 1 view .LVU9
  50 000a 0133     		adds	r3, r3, #1
  51              	.LVL4:
  52              		.loc 1 57 12 discriminator 1 view .LVU10
  53 000c 0021     		movs	r1, #0
  54 000e 1170     		strb	r1, [r2]
  58:Drivers/u8glib/src/u8g_pb16v1.c ****   } while( ptr != end_ptr );
  55              		.loc 1 58 10 is_stmt 1 discriminator 1 view .LVU11
  56              		.loc 1 58 3 is_stmt 0 discriminator 1 view .LVU12
  57 0010 9842     		cmp	r0, r3
ARM GAS  C:\Users\Zbigniew\AppData\Local\Temp\ccYAmAFO.s 			page 3


  58 0012 F9D1     		bne	.L2
  59:Drivers/u8glib/src/u8g_pb16v1.c **** }
  59              		.loc 1 59 1 view .LVU13
  60 0014 7047     		bx	lr
  61              		.cfi_endproc
  62              	.LFE0:
  64              		.section	.text.u8g_pb16v1_Init,"ax",%progbits
  65              		.align	1
  66              		.global	u8g_pb16v1_Init
  67              		.syntax unified
  68              		.thumb
  69              		.thumb_func
  71              	u8g_pb16v1_Init:
  72              	.LVL5:
  73              	.LFB1:
  60:Drivers/u8glib/src/u8g_pb16v1.c **** 
  61:Drivers/u8glib/src/u8g_pb16v1.c **** /* Obsolete, usually set by the init of the structure */
  62:Drivers/u8glib/src/u8g_pb16v1.c **** void u8g_pb16v1_Init(u8g_pb_t *b, void *buf, u8g_uint_t width)
  63:Drivers/u8glib/src/u8g_pb16v1.c **** {
  74              		.loc 1 63 1 is_stmt 1 view -0
  75              		.cfi_startproc
  76              		@ args = 0, pretend = 0, frame = 0
  77              		@ frame_needed = 0, uses_anonymous_args = 0
  78              		.loc 1 63 1 is_stmt 0 view .LVU15
  79 0000 08B5     		push	{r3, lr}
  80              	.LCFI0:
  81              		.cfi_def_cfa_offset 8
  82              		.cfi_offset 3, -8
  83              		.cfi_offset 14, -4
  64:Drivers/u8glib/src/u8g_pb16v1.c ****   b->buf = buf;
  84              		.loc 1 64 3 is_stmt 1 view .LVU16
  85              		.loc 1 64 10 is_stmt 0 view .LVU17
  86 0002 8160     		str	r1, [r0, #8]
  65:Drivers/u8glib/src/u8g_pb16v1.c ****   b->width = width;
  87              		.loc 1 65 3 is_stmt 1 view .LVU18
  88              		.loc 1 65 12 is_stmt 0 view .LVU19
  89 0004 4271     		strb	r2, [r0, #5]
  66:Drivers/u8glib/src/u8g_pb16v1.c ****   u8g_pb16v1_Clear(b);
  90              		.loc 1 66 3 is_stmt 1 view .LVU20
  91 0006 FFF7FEFF 		bl	u8g_pb16v1_Clear
  92              	.LVL6:
  67:Drivers/u8glib/src/u8g_pb16v1.c **** }
  93              		.loc 1 67 1 is_stmt 0 view .LVU21
  94 000a 08BD     		pop	{r3, pc}
  95              		.cfi_endproc
  96              	.LFE1:
  98              		.section	.text.u8g_pb16v1_set_pixel,"ax",%progbits
  99              		.align	1
 100              		.global	u8g_pb16v1_set_pixel
 101              		.syntax unified
 102              		.thumb
 103              		.thumb_func
 105              	u8g_pb16v1_set_pixel:
 106              	.LVL7:
 107              	.LFB2:
  68:Drivers/u8glib/src/u8g_pb16v1.c **** 
  69:Drivers/u8glib/src/u8g_pb16v1.c **** void u8g_pb16v1_set_pixel(u8g_pb_t *b, u8g_uint_t x, u8g_uint_t y, uint8_t color_index)
ARM GAS  C:\Users\Zbigniew\AppData\Local\Temp\ccYAmAFO.s 			page 4


  70:Drivers/u8glib/src/u8g_pb16v1.c **** {
 108              		.loc 1 70 1 is_stmt 1 view -0
 109              		.cfi_startproc
 110              		@ args = 0, pretend = 0, frame = 0
 111              		@ frame_needed = 0, uses_anonymous_args = 0
 112              		@ link register save eliminated.
 113              		.loc 1 70 1 is_stmt 0 view .LVU23
 114 0000 10B4     		push	{r4}
 115              	.LCFI1:
 116              		.cfi_def_cfa_offset 4
 117              		.cfi_offset 4, -4
  71:Drivers/u8glib/src/u8g_pb16v1.c ****   register uint8_t mask;
 118              		.loc 1 71 3 is_stmt 1 view .LVU24
  72:Drivers/u8glib/src/u8g_pb16v1.c ****   uint8_t *ptr = b->buf;
 119              		.loc 1 72 3 view .LVU25
 120              		.loc 1 72 12 is_stmt 0 view .LVU26
 121 0002 8468     		ldr	r4, [r0, #8]
 122              	.LVL8:
  73:Drivers/u8glib/src/u8g_pb16v1.c ****   
  74:Drivers/u8glib/src/u8g_pb16v1.c ****   y -= b->p.page_y0;
 123              		.loc 1 74 3 is_stmt 1 view .LVU27
 124              		.loc 1 74 12 is_stmt 0 view .LVU28
 125 0004 90F802C0 		ldrb	ip, [r0, #2]	@ zero_extendqisi2
 126              		.loc 1 74 5 view .LVU29
 127 0008 A2EB0C02 		sub	r2, r2, ip
 128              	.LVL9:
 129              		.loc 1 74 5 view .LVU30
 130 000c D2B2     		uxtb	r2, r2
 131              	.LVL10:
  75:Drivers/u8glib/src/u8g_pb16v1.c ****   if ( y >= 8 )
 132              		.loc 1 75 3 is_stmt 1 view .LVU31
 133              		.loc 1 75 6 is_stmt 0 view .LVU32
 134 000e 072A     		cmp	r2, #7
 135 0010 03D9     		bls	.L6
  76:Drivers/u8glib/src/u8g_pb16v1.c ****   {
  77:Drivers/u8glib/src/u8g_pb16v1.c ****     ptr += b->width;
 136              		.loc 1 77 5 is_stmt 1 view .LVU33
 137              		.loc 1 77 13 is_stmt 0 view .LVU34
 138 0012 4079     		ldrb	r0, [r0, #5]	@ zero_extendqisi2
 139              	.LVL11:
 140              		.loc 1 77 9 view .LVU35
 141 0014 0444     		add	r4, r4, r0
 142              	.LVL12:
  78:Drivers/u8glib/src/u8g_pb16v1.c ****     y &= 0x07;
 143              		.loc 1 78 5 is_stmt 1 view .LVU36
 144              		.loc 1 78 7 is_stmt 0 view .LVU37
 145 0016 02F00702 		and	r2, r2, #7
 146              	.LVL13:
 147              	.L6:
  79:Drivers/u8glib/src/u8g_pb16v1.c ****   }
  80:Drivers/u8glib/src/u8g_pb16v1.c ****   mask = 1;
 148              		.loc 1 80 3 is_stmt 1 view .LVU38
  81:Drivers/u8glib/src/u8g_pb16v1.c ****   mask <<= y;
 149              		.loc 1 81 3 view .LVU39
 150              		.loc 1 81 8 is_stmt 0 view .LVU40
 151 001a 0120     		movs	r0, #1
 152 001c 00FA02F2 		lsl	r2, r0, r2
ARM GAS  C:\Users\Zbigniew\AppData\Local\Temp\ccYAmAFO.s 			page 5


 153              	.LVL14:
 154              		.loc 1 81 8 view .LVU41
 155 0020 D2B2     		uxtb	r2, r2
 156              	.LVL15:
  82:Drivers/u8glib/src/u8g_pb16v1.c ****   ptr += x;
 157              		.loc 1 82 3 is_stmt 1 view .LVU42
  83:Drivers/u8glib/src/u8g_pb16v1.c ****   if ( color_index )
 158              		.loc 1 83 3 view .LVU43
 159              		.loc 1 83 6 is_stmt 0 view .LVU44
 160 0022 23B1     		cbz	r3, .L7
  84:Drivers/u8glib/src/u8g_pb16v1.c ****   {
  85:Drivers/u8glib/src/u8g_pb16v1.c ****     *ptr |= mask;
 161              		.loc 1 85 5 is_stmt 1 view .LVU45
 162              		.loc 1 85 10 is_stmt 0 view .LVU46
 163 0024 635C     		ldrb	r3, [r4, r1]	@ zero_extendqisi2
 164              	.LVL16:
 165              		.loc 1 85 10 view .LVU47
 166 0026 1A43     		orrs	r2, r2, r3
 167              	.LVL17:
 168              		.loc 1 85 10 view .LVU48
 169 0028 6254     		strb	r2, [r4, r1]
 170              	.L5:
  86:Drivers/u8glib/src/u8g_pb16v1.c ****   }
  87:Drivers/u8glib/src/u8g_pb16v1.c ****   else
  88:Drivers/u8glib/src/u8g_pb16v1.c ****   {
  89:Drivers/u8glib/src/u8g_pb16v1.c ****     mask ^=0xff;
  90:Drivers/u8glib/src/u8g_pb16v1.c ****     *ptr &= mask;
  91:Drivers/u8glib/src/u8g_pb16v1.c ****   }
  92:Drivers/u8glib/src/u8g_pb16v1.c **** }
 171              		.loc 1 92 1 view .LVU49
 172 002a 10BC     		pop	{r4}
 173              	.LCFI2:
 174              		.cfi_remember_state
 175              		.cfi_restore 4
 176              		.cfi_def_cfa_offset 0
 177              	.LVL18:
 178              		.loc 1 92 1 view .LVU50
 179 002c 7047     		bx	lr
 180              	.LVL19:
 181              	.L7:
 182              	.LCFI3:
 183              		.cfi_restore_state
  89:Drivers/u8glib/src/u8g_pb16v1.c ****     *ptr &= mask;
 184              		.loc 1 89 5 is_stmt 1 view .LVU51
  90:Drivers/u8glib/src/u8g_pb16v1.c ****   }
 185              		.loc 1 90 5 view .LVU52
  90:Drivers/u8glib/src/u8g_pb16v1.c ****   }
 186              		.loc 1 90 10 is_stmt 0 view .LVU53
 187 002e 635C     		ldrb	r3, [r4, r1]	@ zero_extendqisi2
 188              	.LVL20:
  90:Drivers/u8glib/src/u8g_pb16v1.c ****   }
 189              		.loc 1 90 10 view .LVU54
 190 0030 23EA0202 		bic	r2, r3, r2
 191              	.LVL21:
  90:Drivers/u8glib/src/u8g_pb16v1.c ****   }
 192              		.loc 1 90 10 view .LVU55
 193 0034 6254     		strb	r2, [r4, r1]
ARM GAS  C:\Users\Zbigniew\AppData\Local\Temp\ccYAmAFO.s 			page 6


 194              		.loc 1 92 1 view .LVU56
 195 0036 F8E7     		b	.L5
 196              		.cfi_endproc
 197              	.LFE2:
 199              		.section	.text.u8g_pb16v1_SetPixel,"ax",%progbits
 200              		.align	1
 201              		.global	u8g_pb16v1_SetPixel
 202              		.syntax unified
 203              		.thumb
 204              		.thumb_func
 206              	u8g_pb16v1_SetPixel:
 207              	.LVL22:
 208              	.LFB3:
  93:Drivers/u8glib/src/u8g_pb16v1.c **** 
  94:Drivers/u8glib/src/u8g_pb16v1.c **** 
  95:Drivers/u8glib/src/u8g_pb16v1.c **** void u8g_pb16v1_SetPixel(u8g_pb_t *b, const u8g_dev_arg_pixel_t * const arg_pixel)
  96:Drivers/u8glib/src/u8g_pb16v1.c **** {
 209              		.loc 1 96 1 is_stmt 1 view -0
 210              		.cfi_startproc
 211              		@ args = 0, pretend = 0, frame = 0
 212              		@ frame_needed = 0, uses_anonymous_args = 0
 213              		.loc 1 96 1 is_stmt 0 view .LVU58
 214 0000 08B5     		push	{r3, lr}
 215              	.LCFI4:
 216              		.cfi_def_cfa_offset 8
 217              		.cfi_offset 3, -8
 218              		.cfi_offset 14, -4
  97:Drivers/u8glib/src/u8g_pb16v1.c ****   if ( arg_pixel->y < b->p.page_y0 )
 219              		.loc 1 97 3 is_stmt 1 view .LVU59
 220              		.loc 1 97 17 is_stmt 0 view .LVU60
 221 0002 4A78     		ldrb	r2, [r1, #1]	@ zero_extendqisi2
 222              		.loc 1 97 27 view .LVU61
 223 0004 8378     		ldrb	r3, [r0, #2]	@ zero_extendqisi2
 224              		.loc 1 97 6 view .LVU62
 225 0006 9A42     		cmp	r2, r3
 226 0008 07D3     		bcc	.L10
  98:Drivers/u8glib/src/u8g_pb16v1.c ****     return;
  99:Drivers/u8glib/src/u8g_pb16v1.c ****   if ( arg_pixel->y > b->p.page_y1 )
 227              		.loc 1 99 3 is_stmt 1 view .LVU63
 228              		.loc 1 99 27 is_stmt 0 view .LVU64
 229 000a C378     		ldrb	r3, [r0, #3]	@ zero_extendqisi2
 230              		.loc 1 99 6 view .LVU65
 231 000c 9A42     		cmp	r2, r3
 232 000e 04D8     		bhi	.L10
 100:Drivers/u8glib/src/u8g_pb16v1.c ****     return;
 101:Drivers/u8glib/src/u8g_pb16v1.c ****   if ( arg_pixel->x >= b->width )
 233              		.loc 1 101 3 is_stmt 1 view .LVU66
 234              		.loc 1 101 17 is_stmt 0 view .LVU67
 235 0010 91F800C0 		ldrb	ip, [r1]	@ zero_extendqisi2
 236              		.loc 1 101 25 view .LVU68
 237 0014 4379     		ldrb	r3, [r0, #5]	@ zero_extendqisi2
 238              		.loc 1 101 6 view .LVU69
 239 0016 9C45     		cmp	ip, r3
 240 0018 00D3     		bcc	.L13
 241              	.LVL23:
 242              	.L10:
 102:Drivers/u8glib/src/u8g_pb16v1.c ****     return;
ARM GAS  C:\Users\Zbigniew\AppData\Local\Temp\ccYAmAFO.s 			page 7


 103:Drivers/u8glib/src/u8g_pb16v1.c ****   u8g_pb16v1_set_pixel(b, arg_pixel->x, arg_pixel->y, arg_pixel->color);
 104:Drivers/u8glib/src/u8g_pb16v1.c **** }
 243              		.loc 1 104 1 view .LVU70
 244 001a 08BD     		pop	{r3, pc}
 245              	.LVL24:
 246              	.L13:
 103:Drivers/u8glib/src/u8g_pb16v1.c **** }
 247              		.loc 1 103 3 is_stmt 1 view .LVU71
 248 001c 0B79     		ldrb	r3, [r1, #4]	@ zero_extendqisi2
 249 001e 6146     		mov	r1, ip
 250              	.LVL25:
 103:Drivers/u8glib/src/u8g_pb16v1.c **** }
 251              		.loc 1 103 3 is_stmt 0 view .LVU72
 252 0020 FFF7FEFF 		bl	u8g_pb16v1_set_pixel
 253              	.LVL26:
 103:Drivers/u8glib/src/u8g_pb16v1.c **** }
 254              		.loc 1 103 3 view .LVU73
 255 0024 F9E7     		b	.L10
 256              		.cfi_endproc
 257              	.LFE3:
 259              		.section	.text.u8g_pb16v1_Set8PixelStd,"ax",%progbits
 260              		.align	1
 261              		.global	u8g_pb16v1_Set8PixelStd
 262              		.syntax unified
 263              		.thumb
 264              		.thumb_func
 266              	u8g_pb16v1_Set8PixelStd:
 267              	.LVL27:
 268              	.LFB4:
 105:Drivers/u8glib/src/u8g_pb16v1.c **** 
 106:Drivers/u8glib/src/u8g_pb16v1.c **** void u8g_pb16v1_Set8PixelStd(u8g_pb_t *b, u8g_dev_arg_pixel_t *arg_pixel)
 107:Drivers/u8glib/src/u8g_pb16v1.c **** {
 269              		.loc 1 107 1 is_stmt 1 view -0
 270              		.cfi_startproc
 271              		@ args = 0, pretend = 0, frame = 0
 272              		@ frame_needed = 0, uses_anonymous_args = 0
 273              		.loc 1 107 1 is_stmt 0 view .LVU75
 274 0000 70B5     		push	{r4, r5, r6, lr}
 275              	.LCFI5:
 276              		.cfi_def_cfa_offset 16
 277              		.cfi_offset 4, -16
 278              		.cfi_offset 5, -12
 279              		.cfi_offset 6, -8
 280              		.cfi_offset 14, -4
 281 0002 0646     		mov	r6, r0
 282 0004 0D46     		mov	r5, r1
 108:Drivers/u8glib/src/u8g_pb16v1.c ****   register uint8_t pixel = arg_pixel->pixel;
 283              		.loc 1 108 3 is_stmt 1 view .LVU76
 284              		.loc 1 108 20 is_stmt 0 view .LVU77
 285 0006 8C78     		ldrb	r4, [r1, #2]	@ zero_extendqisi2
 286              	.LVL28:
 287              		.loc 1 108 20 view .LVU78
 288 0008 0BE0     		b	.L22
 289              	.LVL29:
 290              	.L25:
 109:Drivers/u8glib/src/u8g_pb16v1.c ****   do
 110:Drivers/u8glib/src/u8g_pb16v1.c ****   {
ARM GAS  C:\Users\Zbigniew\AppData\Local\Temp\ccYAmAFO.s 			page 8


 111:Drivers/u8glib/src/u8g_pb16v1.c ****     if ( pixel & 128 )
 112:Drivers/u8glib/src/u8g_pb16v1.c ****     {
 113:Drivers/u8glib/src/u8g_pb16v1.c ****       u8g_pb16v1_SetPixel(b, arg_pixel);
 291              		.loc 1 113 7 is_stmt 1 view .LVU79
 292 000a 2946     		mov	r1, r5
 293 000c 3046     		mov	r0, r6
 294 000e FFF7FEFF 		bl	u8g_pb16v1_SetPixel
 295              	.LVL30:
 296 0012 09E0     		b	.L15
 297              	.L21:
 114:Drivers/u8glib/src/u8g_pb16v1.c ****     }
 115:Drivers/u8glib/src/u8g_pb16v1.c ****     switch( arg_pixel->dir )
 116:Drivers/u8glib/src/u8g_pb16v1.c ****     {
 117:Drivers/u8glib/src/u8g_pb16v1.c ****       case 0: arg_pixel->x++; break;
 298              		.loc 1 117 15 view .LVU80
 299              		.loc 1 117 24 is_stmt 0 view .LVU81
 300 0014 2B78     		ldrb	r3, [r5]	@ zero_extendqisi2
 301              		.loc 1 117 27 view .LVU82
 302 0016 0133     		adds	r3, r3, #1
 303 0018 2B70     		strb	r3, [r5]
 304              		.loc 1 117 31 is_stmt 1 view .LVU83
 305              	.L16:
 118:Drivers/u8glib/src/u8g_pb16v1.c ****       case 1: arg_pixel->y++; break;
 119:Drivers/u8glib/src/u8g_pb16v1.c ****       case 2: arg_pixel->x--; break;
 120:Drivers/u8glib/src/u8g_pb16v1.c ****       case 3: arg_pixel->y--; break;
 121:Drivers/u8glib/src/u8g_pb16v1.c ****     }
 122:Drivers/u8glib/src/u8g_pb16v1.c ****     pixel <<= 1;
 306              		.loc 1 122 5 view .LVU84
 307              		.loc 1 122 11 is_stmt 0 view .LVU85
 308 001a 6400     		lsls	r4, r4, #1
 309              	.LVL31:
 123:Drivers/u8glib/src/u8g_pb16v1.c ****   } while( pixel != 0  );
 310              		.loc 1 123 10 is_stmt 1 view .LVU86
 311              		.loc 1 123 3 is_stmt 0 view .LVU87
 312 001c 14F0FF04 		ands	r4, r4, #255
 313              	.LVL32:
 314              		.loc 1 123 3 view .LVU88
 315 0020 1CD0     		beq	.L24
 316              	.L22:
 317              	.LVL33:
 109:Drivers/u8glib/src/u8g_pb16v1.c ****   {
 318              		.loc 1 109 3 is_stmt 1 view .LVU89
 111:Drivers/u8glib/src/u8g_pb16v1.c ****     {
 319              		.loc 1 111 5 view .LVU90
 111:Drivers/u8glib/src/u8g_pb16v1.c ****     {
 320              		.loc 1 111 8 is_stmt 0 view .LVU91
 321 0022 14F0800F 		tst	r4, #128
 322 0026 F0D1     		bne	.L25
 323              	.L15:
 115:Drivers/u8glib/src/u8g_pb16v1.c ****     {
 324              		.loc 1 115 5 is_stmt 1 view .LVU92
 115:Drivers/u8glib/src/u8g_pb16v1.c ****     {
 325              		.loc 1 115 22 is_stmt 0 view .LVU93
 326 0028 EB78     		ldrb	r3, [r5, #3]	@ zero_extendqisi2
 115:Drivers/u8glib/src/u8g_pb16v1.c ****     {
 327              		.loc 1 115 5 view .LVU94
 328 002a 032B     		cmp	r3, #3
ARM GAS  C:\Users\Zbigniew\AppData\Local\Temp\ccYAmAFO.s 			page 9


 329 002c F5D8     		bhi	.L16
 330 002e 01A2     		adr	r2, .L18
 331 0030 52F823F0 		ldr	pc, [r2, r3, lsl #2]
 332              		.p2align 2
 333              	.L18:
 334 0034 15000000 		.word	.L21+1
 335 0038 45000000 		.word	.L20+1
 336 003c 4D000000 		.word	.L19+1
 337 0040 55000000 		.word	.L17+1
 338              		.p2align 1
 339              	.L20:
 118:Drivers/u8glib/src/u8g_pb16v1.c ****       case 2: arg_pixel->x--; break;
 340              		.loc 1 118 15 is_stmt 1 view .LVU95
 118:Drivers/u8glib/src/u8g_pb16v1.c ****       case 2: arg_pixel->x--; break;
 341              		.loc 1 118 24 is_stmt 0 view .LVU96
 342 0044 6B78     		ldrb	r3, [r5, #1]	@ zero_extendqisi2
 118:Drivers/u8glib/src/u8g_pb16v1.c ****       case 2: arg_pixel->x--; break;
 343              		.loc 1 118 27 view .LVU97
 344 0046 0133     		adds	r3, r3, #1
 345 0048 6B70     		strb	r3, [r5, #1]
 118:Drivers/u8glib/src/u8g_pb16v1.c ****       case 2: arg_pixel->x--; break;
 346              		.loc 1 118 31 is_stmt 1 view .LVU98
 118:Drivers/u8glib/src/u8g_pb16v1.c ****       case 2: arg_pixel->x--; break;
 347              		.loc 1 118 7 is_stmt 0 view .LVU99
 348 004a E6E7     		b	.L16
 349              	.L19:
 119:Drivers/u8glib/src/u8g_pb16v1.c ****       case 3: arg_pixel->y--; break;
 350              		.loc 1 119 15 is_stmt 1 view .LVU100
 119:Drivers/u8glib/src/u8g_pb16v1.c ****       case 3: arg_pixel->y--; break;
 351              		.loc 1 119 24 is_stmt 0 view .LVU101
 352 004c 2B78     		ldrb	r3, [r5]	@ zero_extendqisi2
 119:Drivers/u8glib/src/u8g_pb16v1.c ****       case 3: arg_pixel->y--; break;
 353              		.loc 1 119 27 view .LVU102
 354 004e 013B     		subs	r3, r3, #1
 355 0050 2B70     		strb	r3, [r5]
 119:Drivers/u8glib/src/u8g_pb16v1.c ****       case 3: arg_pixel->y--; break;
 356              		.loc 1 119 31 is_stmt 1 view .LVU103
 119:Drivers/u8glib/src/u8g_pb16v1.c ****       case 3: arg_pixel->y--; break;
 357              		.loc 1 119 7 is_stmt 0 view .LVU104
 358 0052 E2E7     		b	.L16
 359              	.L17:
 120:Drivers/u8glib/src/u8g_pb16v1.c ****     }
 360              		.loc 1 120 15 is_stmt 1 view .LVU105
 120:Drivers/u8glib/src/u8g_pb16v1.c ****     }
 361              		.loc 1 120 24 is_stmt 0 view .LVU106
 362 0054 6B78     		ldrb	r3, [r5, #1]	@ zero_extendqisi2
 120:Drivers/u8glib/src/u8g_pb16v1.c ****     }
 363              		.loc 1 120 27 view .LVU107
 364 0056 013B     		subs	r3, r3, #1
 365 0058 6B70     		strb	r3, [r5, #1]
 120:Drivers/u8glib/src/u8g_pb16v1.c ****     }
 366              		.loc 1 120 31 is_stmt 1 view .LVU108
 120:Drivers/u8glib/src/u8g_pb16v1.c ****     }
 367              		.loc 1 120 7 is_stmt 0 view .LVU109
 368 005a DEE7     		b	.L16
 369              	.LVL34:
 370              	.L24:
ARM GAS  C:\Users\Zbigniew\AppData\Local\Temp\ccYAmAFO.s 			page 10


 124:Drivers/u8glib/src/u8g_pb16v1.c **** }
 371              		.loc 1 124 1 view .LVU110
 372 005c 70BD     		pop	{r4, r5, r6, pc}
 373              		.loc 1 124 1 view .LVU111
 374              		.cfi_endproc
 375              	.LFE4:
 377 005e 00BF     		.section	.text.u8g_pb16v1_Set8PixelOpt2,"ax",%progbits
 378              		.align	1
 379              		.global	u8g_pb16v1_Set8PixelOpt2
 380              		.syntax unified
 381              		.thumb
 382              		.thumb_func
 384              	u8g_pb16v1_Set8PixelOpt2:
 385              	.LVL35:
 386              	.LFB5:
 125:Drivers/u8glib/src/u8g_pb16v1.c **** 
 126:Drivers/u8glib/src/u8g_pb16v1.c **** 
 127:Drivers/u8glib/src/u8g_pb16v1.c **** void u8g_pb16v1_Set8PixelOpt2(u8g_pb_t *b, u8g_dev_arg_pixel_t *arg_pixel)
 128:Drivers/u8glib/src/u8g_pb16v1.c **** {
 387              		.loc 1 128 1 is_stmt 1 view -0
 388              		.cfi_startproc
 389              		@ args = 0, pretend = 0, frame = 0
 390              		@ frame_needed = 0, uses_anonymous_args = 0
 391              		.loc 1 128 1 is_stmt 0 view .LVU113
 392 0000 2DE9F041 		push	{r4, r5, r6, r7, r8, lr}
 393              	.LCFI6:
 394              		.cfi_def_cfa_offset 24
 395              		.cfi_offset 4, -24
 396              		.cfi_offset 5, -20
 397              		.cfi_offset 6, -16
 398              		.cfi_offset 7, -12
 399              		.cfi_offset 8, -8
 400              		.cfi_offset 14, -4
 401 0004 8046     		mov	r8, r0
 402 0006 0D46     		mov	r5, r1
 129:Drivers/u8glib/src/u8g_pb16v1.c ****   register uint8_t pixel = arg_pixel->pixel;
 403              		.loc 1 129 3 is_stmt 1 view .LVU114
 404              		.loc 1 129 20 is_stmt 0 view .LVU115
 405 0008 8C78     		ldrb	r4, [r1, #2]	@ zero_extendqisi2
 406              	.LVL36:
 130:Drivers/u8glib/src/u8g_pb16v1.c ****   u8g_uint_t dx = 0;
 407              		.loc 1 130 3 is_stmt 1 view .LVU116
 131:Drivers/u8glib/src/u8g_pb16v1.c ****   u8g_uint_t dy = 0;
 408              		.loc 1 131 3 view .LVU117
 132:Drivers/u8glib/src/u8g_pb16v1.c ****   
 133:Drivers/u8glib/src/u8g_pb16v1.c ****   switch( arg_pixel->dir )
 409              		.loc 1 133 3 view .LVU118
 410              		.loc 1 133 20 is_stmt 0 view .LVU119
 411 000a CE78     		ldrb	r6, [r1, #3]	@ zero_extendqisi2
 412              		.loc 1 133 3 view .LVU120
 413 000c 032E     		cmp	r6, #3
 414 000e 03D8     		bhi	.L27
 415 0010 DFE806F0 		tbb	[pc, r6]
 416              	.L29:
 417 0014 0D       		.byte	(.L35-.L29)/2
 418 0015 05       		.byte	(.L31-.L29)/2
 419 0016 07       		.byte	(.L30-.L29)/2
ARM GAS  C:\Users\Zbigniew\AppData\Local\Temp\ccYAmAFO.s 			page 11


 420 0017 0A       		.byte	(.L28-.L29)/2
 421              		.p2align 1
 422              	.L27:
 423 0018 0026     		movs	r6, #0
 424 001a 3746     		mov	r7, r6
 425 001c 13E0     		b	.L34
 426              	.L31:
 134:Drivers/u8glib/src/u8g_pb16v1.c ****   {
 135:Drivers/u8glib/src/u8g_pb16v1.c ****     case 0: dx++; break;
 136:Drivers/u8glib/src/u8g_pb16v1.c ****     case 1: dy++; break;
 427              		.loc 1 136 13 is_stmt 1 view .LVU121
 428              	.LVL37:
 429              		.loc 1 136 19 view .LVU122
 130:Drivers/u8glib/src/u8g_pb16v1.c ****   u8g_uint_t dy = 0;
 430              		.loc 1 130 14 is_stmt 0 view .LVU123
 431 001e 0027     		movs	r7, #0
 432              		.loc 1 136 5 view .LVU124
 433 0020 11E0     		b	.L34
 434              	.LVL38:
 435              	.L30:
 137:Drivers/u8glib/src/u8g_pb16v1.c ****     case 2: dx--; break;
 436              		.loc 1 137 13 is_stmt 1 view .LVU125
 437              		.loc 1 137 19 view .LVU126
 131:Drivers/u8glib/src/u8g_pb16v1.c ****   
 438              		.loc 1 131 14 is_stmt 0 view .LVU127
 439 0022 0026     		movs	r6, #0
 440              		.loc 1 137 15 view .LVU128
 441 0024 FF27     		movs	r7, #255
 442              		.loc 1 137 5 view .LVU129
 443 0026 0EE0     		b	.L34
 444              	.LVL39:
 445              	.L28:
 138:Drivers/u8glib/src/u8g_pb16v1.c ****     case 3: dy--; break;
 446              		.loc 1 138 13 is_stmt 1 view .LVU130
 447              		.loc 1 138 19 view .LVU131
 448              		.loc 1 138 15 is_stmt 0 view .LVU132
 449 0028 FF26     		movs	r6, #255
 130:Drivers/u8glib/src/u8g_pb16v1.c ****   u8g_uint_t dy = 0;
 450              		.loc 1 130 14 view .LVU133
 451 002a 0027     		movs	r7, #0
 452              		.loc 1 138 5 view .LVU134
 453 002c 0BE0     		b	.L34
 454              	.LVL40:
 455              	.L35:
 135:Drivers/u8glib/src/u8g_pb16v1.c ****     case 1: dy++; break;
 456              		.loc 1 135 15 view .LVU135
 457 002e 0127     		movs	r7, #1
 458              	.LVL41:
 135:Drivers/u8glib/src/u8g_pb16v1.c ****     case 1: dy++; break;
 459              		.loc 1 135 15 view .LVU136
 460 0030 09E0     		b	.L34
 461              	.LVL42:
 462              	.L33:
 139:Drivers/u8glib/src/u8g_pb16v1.c ****   }
 140:Drivers/u8glib/src/u8g_pb16v1.c ****   
 141:Drivers/u8glib/src/u8g_pb16v1.c ****   do
 142:Drivers/u8glib/src/u8g_pb16v1.c ****   {
ARM GAS  C:\Users\Zbigniew\AppData\Local\Temp\ccYAmAFO.s 			page 12


 143:Drivers/u8glib/src/u8g_pb16v1.c ****     if ( pixel & 128 )
 144:Drivers/u8glib/src/u8g_pb16v1.c ****       u8g_pb16v1_SetPixel(b, arg_pixel);
 145:Drivers/u8glib/src/u8g_pb16v1.c ****     arg_pixel->x += dx;
 463              		.loc 1 145 5 is_stmt 1 view .LVU137
 464              		.loc 1 145 18 is_stmt 0 view .LVU138
 465 0032 2B78     		ldrb	r3, [r5]	@ zero_extendqisi2
 466 0034 3B44     		add	r3, r3, r7
 467 0036 2B70     		strb	r3, [r5]
 146:Drivers/u8glib/src/u8g_pb16v1.c ****     arg_pixel->y += dy;
 468              		.loc 1 146 5 is_stmt 1 view .LVU139
 469              		.loc 1 146 18 is_stmt 0 view .LVU140
 470 0038 6B78     		ldrb	r3, [r5, #1]	@ zero_extendqisi2
 471 003a 3344     		add	r3, r3, r6
 472 003c 6B70     		strb	r3, [r5, #1]
 147:Drivers/u8glib/src/u8g_pb16v1.c ****     pixel <<= 1;
 473              		.loc 1 147 5 is_stmt 1 view .LVU141
 474              		.loc 1 147 11 is_stmt 0 view .LVU142
 475 003e 6400     		lsls	r4, r4, #1
 476              	.LVL43:
 148:Drivers/u8glib/src/u8g_pb16v1.c ****   } while( pixel != 0  );
 477              		.loc 1 148 10 is_stmt 1 view .LVU143
 478              		.loc 1 148 3 is_stmt 0 view .LVU144
 479 0040 14F0FF04 		ands	r4, r4, #255
 480              	.LVL44:
 481              		.loc 1 148 3 view .LVU145
 482 0044 07D0     		beq	.L37
 483              	.LVL45:
 484              	.L34:
 141:Drivers/u8glib/src/u8g_pb16v1.c ****   {
 485              		.loc 1 141 3 is_stmt 1 view .LVU146
 143:Drivers/u8glib/src/u8g_pb16v1.c ****       u8g_pb16v1_SetPixel(b, arg_pixel);
 486              		.loc 1 143 5 view .LVU147
 143:Drivers/u8glib/src/u8g_pb16v1.c ****       u8g_pb16v1_SetPixel(b, arg_pixel);
 487              		.loc 1 143 8 is_stmt 0 view .LVU148
 488 0046 14F0800F 		tst	r4, #128
 489 004a F2D0     		beq	.L33
 144:Drivers/u8glib/src/u8g_pb16v1.c ****     arg_pixel->x += dx;
 490              		.loc 1 144 7 is_stmt 1 view .LVU149
 491 004c 2946     		mov	r1, r5
 492 004e 4046     		mov	r0, r8
 493 0050 FFF7FEFF 		bl	u8g_pb16v1_SetPixel
 494              	.LVL46:
 495 0054 EDE7     		b	.L33
 496              	.LVL47:
 497              	.L37:
 149:Drivers/u8glib/src/u8g_pb16v1.c ****   
 150:Drivers/u8glib/src/u8g_pb16v1.c **** }
 498              		.loc 1 150 1 is_stmt 0 view .LVU150
 499 0056 BDE8F081 		pop	{r4, r5, r6, r7, r8, pc}
 500              		.loc 1 150 1 view .LVU151
 501              		.cfi_endproc
 502              	.LFE5:
 504              		.section	.text.u8g_dev_pb16v1_base_fn,"ax",%progbits
 505              		.align	1
 506              		.global	u8g_dev_pb16v1_base_fn
 507              		.syntax unified
 508              		.thumb
ARM GAS  C:\Users\Zbigniew\AppData\Local\Temp\ccYAmAFO.s 			page 13


 509              		.thumb_func
 511              	u8g_dev_pb16v1_base_fn:
 512              	.LVL48:
 513              	.LFB6:
 151:Drivers/u8glib/src/u8g_pb16v1.c **** 
 152:Drivers/u8glib/src/u8g_pb16v1.c **** uint8_t u8g_dev_pb16v1_base_fn(u8g_t *u8g, u8g_dev_t *dev, uint8_t msg, void *arg)
 153:Drivers/u8glib/src/u8g_pb16v1.c **** {
 514              		.loc 1 153 1 is_stmt 1 view -0
 515              		.cfi_startproc
 516              		@ args = 0, pretend = 0, frame = 0
 517              		@ frame_needed = 0, uses_anonymous_args = 0
 518              		.loc 1 153 1 is_stmt 0 view .LVU153
 519 0000 38B5     		push	{r3, r4, r5, lr}
 520              	.LCFI7:
 521              		.cfi_def_cfa_offset 16
 522              		.cfi_offset 3, -16
 523              		.cfi_offset 4, -12
 524              		.cfi_offset 5, -8
 525              		.cfi_offset 14, -4
 526 0002 1C46     		mov	r4, r3
 154:Drivers/u8glib/src/u8g_pb16v1.c ****   u8g_pb_t *pb = (u8g_pb_t *)(dev->dev_mem);
 527              		.loc 1 154 3 is_stmt 1 view .LVU154
 528              		.loc 1 154 13 is_stmt 0 view .LVU155
 529 0004 4D68     		ldr	r5, [r1, #4]
 530              	.LVL49:
 155:Drivers/u8glib/src/u8g_pb16v1.c ****   switch(msg)
 531              		.loc 1 155 3 is_stmt 1 view .LVU156
 532 0006 143A     		subs	r2, r2, #20
 533              	.LVL50:
 534              		.loc 1 155 3 is_stmt 0 view .LVU157
 535 0008 332A     		cmp	r2, #51
 536 000a 4DD8     		bhi	.L48
 537 000c DFE802F0 		tbb	[pc, r2]
 538              	.LVL51:
 539              	.L41:
 540 0010 2D       		.byte	(.L47-.L41)/2
 541 0011 35       		.byte	(.L46-.L41)/2
 542 0012 4C       		.byte	(.L48-.L41)/2
 543 0013 3E       		.byte	(.L45-.L41)/2
 544 0014 4C       		.byte	(.L48-.L41)/2
 545 0015 4C       		.byte	(.L48-.L41)/2
 546 0016 4C       		.byte	(.L48-.L41)/2
 547 0017 4C       		.byte	(.L48-.L41)/2
 548 0018 4C       		.byte	(.L48-.L41)/2
 549 0019 4C       		.byte	(.L48-.L41)/2
 550 001a 4C       		.byte	(.L48-.L41)/2
 551 001b 4C       		.byte	(.L48-.L41)/2
 552 001c 4C       		.byte	(.L48-.L41)/2
 553 001d 4C       		.byte	(.L48-.L41)/2
 554 001e 4C       		.byte	(.L48-.L41)/2
 555 001f 4C       		.byte	(.L48-.L41)/2
 556 0020 4C       		.byte	(.L48-.L41)/2
 557 0021 4C       		.byte	(.L48-.L41)/2
 558 0022 4C       		.byte	(.L48-.L41)/2
 559 0023 4C       		.byte	(.L48-.L41)/2
 560 0024 4C       		.byte	(.L48-.L41)/2
 561 0025 4C       		.byte	(.L48-.L41)/2
ARM GAS  C:\Users\Zbigniew\AppData\Local\Temp\ccYAmAFO.s 			page 14


 562 0026 4C       		.byte	(.L48-.L41)/2
 563 0027 4C       		.byte	(.L48-.L41)/2
 564 0028 4C       		.byte	(.L48-.L41)/2
 565 0029 4C       		.byte	(.L48-.L41)/2
 566 002a 4C       		.byte	(.L48-.L41)/2
 567 002b 4C       		.byte	(.L48-.L41)/2
 568 002c 4C       		.byte	(.L48-.L41)/2
 569 002d 4C       		.byte	(.L48-.L41)/2
 570 002e 27       		.byte	(.L44-.L41)/2
 571 002f 4C       		.byte	(.L48-.L41)/2
 572 0030 4C       		.byte	(.L48-.L41)/2
 573 0031 4C       		.byte	(.L48-.L41)/2
 574 0032 4C       		.byte	(.L48-.L41)/2
 575 0033 4C       		.byte	(.L48-.L41)/2
 576 0034 4C       		.byte	(.L48-.L41)/2
 577 0035 4C       		.byte	(.L48-.L41)/2
 578 0036 4C       		.byte	(.L48-.L41)/2
 579 0037 1A       		.byte	(.L43-.L41)/2
 580 0038 4C       		.byte	(.L48-.L41)/2
 581 0039 4C       		.byte	(.L48-.L41)/2
 582 003a 4C       		.byte	(.L48-.L41)/2
 583 003b 4C       		.byte	(.L48-.L41)/2
 584 003c 4C       		.byte	(.L48-.L41)/2
 585 003d 4C       		.byte	(.L48-.L41)/2
 586 003e 4C       		.byte	(.L48-.L41)/2
 587 003f 4C       		.byte	(.L48-.L41)/2
 588 0040 4C       		.byte	(.L48-.L41)/2
 589 0041 4C       		.byte	(.L48-.L41)/2
 590 0042 44       		.byte	(.L42-.L41)/2
 591 0043 48       		.byte	(.L40-.L41)/2
 592              		.p2align 1
 593              	.L43:
 156:Drivers/u8glib/src/u8g_pb16v1.c ****   {
 157:Drivers/u8glib/src/u8g_pb16v1.c ****     case U8G_DEV_MSG_SET_8PIXEL:
 158:Drivers/u8glib/src/u8g_pb16v1.c ****       if ( u8g_pb_Is8PixelVisible(pb, (u8g_dev_arg_pixel_t *)arg) )
 594              		.loc 1 158 7 is_stmt 1 view .LVU158
 595              		.loc 1 158 12 is_stmt 0 view .LVU159
 596 0044 2146     		mov	r1, r4
 597              	.LVL52:
 598              		.loc 1 158 12 view .LVU160
 599 0046 2846     		mov	r0, r5
 600              	.LVL53:
 601              		.loc 1 158 12 view .LVU161
 602 0048 FFF7FEFF 		bl	u8g_pb_Is8PixelVisible
 603              	.LVL54:
 604              		.loc 1 158 10 view .LVU162
 605 004c 08B9     		cbnz	r0, .L51
 159:Drivers/u8glib/src/u8g_pb16v1.c ****         u8g_pb16v1_Set8PixelOpt2(pb, (u8g_dev_arg_pixel_t *)arg);
 160:Drivers/u8glib/src/u8g_pb16v1.c ****       break;
 161:Drivers/u8glib/src/u8g_pb16v1.c ****     case U8G_DEV_MSG_SET_PIXEL:
 162:Drivers/u8glib/src/u8g_pb16v1.c ****         u8g_pb16v1_SetPixel(pb, (u8g_dev_arg_pixel_t *)arg);
 163:Drivers/u8glib/src/u8g_pb16v1.c ****       break;
 164:Drivers/u8glib/src/u8g_pb16v1.c ****     case U8G_DEV_MSG_INIT:
 165:Drivers/u8glib/src/u8g_pb16v1.c ****       break;
 166:Drivers/u8glib/src/u8g_pb16v1.c ****     case U8G_DEV_MSG_STOP:
 167:Drivers/u8glib/src/u8g_pb16v1.c ****       break;
 168:Drivers/u8glib/src/u8g_pb16v1.c ****     case U8G_DEV_MSG_PAGE_FIRST:
ARM GAS  C:\Users\Zbigniew\AppData\Local\Temp\ccYAmAFO.s 			page 15


 169:Drivers/u8glib/src/u8g_pb16v1.c ****       u8g_pb16v1_Clear(pb);
 170:Drivers/u8glib/src/u8g_pb16v1.c ****       u8g_page_First(&(pb->p));
 171:Drivers/u8glib/src/u8g_pb16v1.c ****       break;
 172:Drivers/u8glib/src/u8g_pb16v1.c ****     case U8G_DEV_MSG_PAGE_NEXT:
 173:Drivers/u8glib/src/u8g_pb16v1.c ****       if ( u8g_page_Next(&(pb->p)) == 0 )
 174:Drivers/u8glib/src/u8g_pb16v1.c ****         return 0;
 175:Drivers/u8glib/src/u8g_pb16v1.c ****       u8g_pb16v1_Clear(pb);
 176:Drivers/u8glib/src/u8g_pb16v1.c ****       break;
 177:Drivers/u8glib/src/u8g_pb16v1.c **** #ifdef U8G_DEV_MSG_IS_BBX_INTERSECTION
 178:Drivers/u8glib/src/u8g_pb16v1.c ****     case U8G_DEV_MSG_IS_BBX_INTERSECTION:
 179:Drivers/u8glib/src/u8g_pb16v1.c ****       return u8g_pb_IsIntersection(pb, (u8g_dev_arg_bbx_t *)arg);
 180:Drivers/u8glib/src/u8g_pb16v1.c **** #endif
 181:Drivers/u8glib/src/u8g_pb16v1.c ****     case U8G_DEV_MSG_GET_PAGE_BOX:
 182:Drivers/u8glib/src/u8g_pb16v1.c ****       u8g_pb_GetPageBox(pb, (u8g_box_t *)arg);
 183:Drivers/u8glib/src/u8g_pb16v1.c ****       break;
 184:Drivers/u8glib/src/u8g_pb16v1.c ****     case U8G_DEV_MSG_GET_WIDTH:
 185:Drivers/u8glib/src/u8g_pb16v1.c ****       *((u8g_uint_t *)arg) = pb->width;
 186:Drivers/u8glib/src/u8g_pb16v1.c ****       break;
 187:Drivers/u8glib/src/u8g_pb16v1.c ****     case U8G_DEV_MSG_GET_HEIGHT:
 188:Drivers/u8glib/src/u8g_pb16v1.c ****       *((u8g_uint_t *)arg) = pb->p.total_height;
 189:Drivers/u8glib/src/u8g_pb16v1.c ****       break;
 190:Drivers/u8glib/src/u8g_pb16v1.c ****     case U8G_DEV_MSG_SET_COLOR_ENTRY:
 191:Drivers/u8glib/src/u8g_pb16v1.c ****       break;
 192:Drivers/u8glib/src/u8g_pb16v1.c ****     case U8G_DEV_MSG_SET_XY_CB:
 193:Drivers/u8glib/src/u8g_pb16v1.c ****       break;
 194:Drivers/u8glib/src/u8g_pb16v1.c ****     case U8G_DEV_MSG_GET_MODE:
 195:Drivers/u8glib/src/u8g_pb16v1.c ****       return U8G_MODE_BW;
 196:Drivers/u8glib/src/u8g_pb16v1.c ****   }
 197:Drivers/u8glib/src/u8g_pb16v1.c ****   return 1;
 606              		.loc 1 197 10 view .LVU163
 607 004e 0120     		movs	r0, #1
 608 0050 2BE0     		b	.L39
 609              	.L51:
 159:Drivers/u8glib/src/u8g_pb16v1.c ****         u8g_pb16v1_Set8PixelOpt2(pb, (u8g_dev_arg_pixel_t *)arg);
 610              		.loc 1 159 9 is_stmt 1 view .LVU164
 611 0052 2146     		mov	r1, r4
 612 0054 2846     		mov	r0, r5
 613 0056 FFF7FEFF 		bl	u8g_pb16v1_Set8PixelOpt2
 614              	.LVL55:
 615              		.loc 1 197 10 is_stmt 0 view .LVU165
 616 005a 0120     		movs	r0, #1
 617 005c 25E0     		b	.L39
 618              	.LVL56:
 619              	.L44:
 162:Drivers/u8glib/src/u8g_pb16v1.c ****       break;
 620              		.loc 1 162 9 is_stmt 1 view .LVU166
 621 005e 2146     		mov	r1, r4
 622              	.LVL57:
 162:Drivers/u8glib/src/u8g_pb16v1.c ****       break;
 623              		.loc 1 162 9 is_stmt 0 view .LVU167
 624 0060 2846     		mov	r0, r5
 625              	.LVL58:
 162:Drivers/u8glib/src/u8g_pb16v1.c ****       break;
 626              		.loc 1 162 9 view .LVU168
 627 0062 FFF7FEFF 		bl	u8g_pb16v1_SetPixel
 628              	.LVL59:
 163:Drivers/u8glib/src/u8g_pb16v1.c ****     case U8G_DEV_MSG_INIT:
ARM GAS  C:\Users\Zbigniew\AppData\Local\Temp\ccYAmAFO.s 			page 16


 629              		.loc 1 163 7 is_stmt 1 view .LVU169
 630              		.loc 1 197 10 is_stmt 0 view .LVU170
 631 0066 0120     		movs	r0, #1
 163:Drivers/u8glib/src/u8g_pb16v1.c ****     case U8G_DEV_MSG_INIT:
 632              		.loc 1 163 7 view .LVU171
 633 0068 1FE0     		b	.L39
 634              	.LVL60:
 635              	.L47:
 169:Drivers/u8glib/src/u8g_pb16v1.c ****       u8g_page_First(&(pb->p));
 636              		.loc 1 169 7 is_stmt 1 view .LVU172
 637 006a 2846     		mov	r0, r5
 638              	.LVL61:
 169:Drivers/u8glib/src/u8g_pb16v1.c ****       u8g_page_First(&(pb->p));
 639              		.loc 1 169 7 is_stmt 0 view .LVU173
 640 006c FFF7FEFF 		bl	u8g_pb16v1_Clear
 641              	.LVL62:
 170:Drivers/u8glib/src/u8g_pb16v1.c ****       break;
 642              		.loc 1 170 7 is_stmt 1 view .LVU174
 643 0070 2846     		mov	r0, r5
 644 0072 FFF7FEFF 		bl	u8g_page_First
 645              	.LVL63:
 171:Drivers/u8glib/src/u8g_pb16v1.c ****     case U8G_DEV_MSG_PAGE_NEXT:
 646              		.loc 1 171 7 view .LVU175
 647              		.loc 1 197 10 is_stmt 0 view .LVU176
 648 0076 0120     		movs	r0, #1
 171:Drivers/u8glib/src/u8g_pb16v1.c ****     case U8G_DEV_MSG_PAGE_NEXT:
 649              		.loc 1 171 7 view .LVU177
 650 0078 17E0     		b	.L39
 651              	.LVL64:
 652              	.L46:
 173:Drivers/u8glib/src/u8g_pb16v1.c ****         return 0;
 653              		.loc 1 173 7 is_stmt 1 view .LVU178
 173:Drivers/u8glib/src/u8g_pb16v1.c ****         return 0;
 654              		.loc 1 173 12 is_stmt 0 view .LVU179
 655 007a 2846     		mov	r0, r5
 656              	.LVL65:
 173:Drivers/u8glib/src/u8g_pb16v1.c ****         return 0;
 657              		.loc 1 173 12 view .LVU180
 658 007c FFF7FEFF 		bl	u8g_page_Next
 659              	.LVL66:
 173:Drivers/u8glib/src/u8g_pb16v1.c ****         return 0;
 660              		.loc 1 173 10 view .LVU181
 661 0080 98B1     		cbz	r0, .L39
 175:Drivers/u8glib/src/u8g_pb16v1.c ****       break;
 662              		.loc 1 175 7 is_stmt 1 view .LVU182
 663 0082 2846     		mov	r0, r5
 664 0084 FFF7FEFF 		bl	u8g_pb16v1_Clear
 665              	.LVL67:
 176:Drivers/u8glib/src/u8g_pb16v1.c **** #ifdef U8G_DEV_MSG_IS_BBX_INTERSECTION
 666              		.loc 1 176 7 view .LVU183
 667              		.loc 1 197 10 is_stmt 0 view .LVU184
 668 0088 0120     		movs	r0, #1
 176:Drivers/u8glib/src/u8g_pb16v1.c **** #ifdef U8G_DEV_MSG_IS_BBX_INTERSECTION
 669              		.loc 1 176 7 view .LVU185
 670 008a 0EE0     		b	.L39
 671              	.LVL68:
 672              	.L45:
ARM GAS  C:\Users\Zbigniew\AppData\Local\Temp\ccYAmAFO.s 			page 17


 182:Drivers/u8glib/src/u8g_pb16v1.c ****       break;
 673              		.loc 1 182 7 is_stmt 1 view .LVU186
 674 008c 2146     		mov	r1, r4
 675              	.LVL69:
 182:Drivers/u8glib/src/u8g_pb16v1.c ****       break;
 676              		.loc 1 182 7 is_stmt 0 view .LVU187
 677 008e 2846     		mov	r0, r5
 678              	.LVL70:
 182:Drivers/u8glib/src/u8g_pb16v1.c ****       break;
 679              		.loc 1 182 7 view .LVU188
 680 0090 FFF7FEFF 		bl	u8g_pb_GetPageBox
 681              	.LVL71:
 183:Drivers/u8glib/src/u8g_pb16v1.c ****     case U8G_DEV_MSG_GET_WIDTH:
 682              		.loc 1 183 7 is_stmt 1 view .LVU189
 683              		.loc 1 197 10 is_stmt 0 view .LVU190
 684 0094 0120     		movs	r0, #1
 183:Drivers/u8glib/src/u8g_pb16v1.c ****     case U8G_DEV_MSG_GET_WIDTH:
 685              		.loc 1 183 7 view .LVU191
 686 0096 08E0     		b	.L39
 687              	.LVL72:
 688              	.L42:
 185:Drivers/u8glib/src/u8g_pb16v1.c ****       break;
 689              		.loc 1 185 7 is_stmt 1 view .LVU192
 185:Drivers/u8glib/src/u8g_pb16v1.c ****       break;
 690              		.loc 1 185 32 is_stmt 0 view .LVU193
 691 0098 6B79     		ldrb	r3, [r5, #5]	@ zero_extendqisi2
 185:Drivers/u8glib/src/u8g_pb16v1.c ****       break;
 692              		.loc 1 185 28 view .LVU194
 693 009a 2370     		strb	r3, [r4]
 186:Drivers/u8glib/src/u8g_pb16v1.c ****     case U8G_DEV_MSG_GET_HEIGHT:
 694              		.loc 1 186 7 is_stmt 1 view .LVU195
 695              		.loc 1 197 10 is_stmt 0 view .LVU196
 696 009c 0120     		movs	r0, #1
 697              	.LVL73:
 186:Drivers/u8glib/src/u8g_pb16v1.c ****     case U8G_DEV_MSG_GET_HEIGHT:
 698              		.loc 1 186 7 view .LVU197
 699 009e 04E0     		b	.L39
 700              	.LVL74:
 701              	.L40:
 188:Drivers/u8glib/src/u8g_pb16v1.c ****       break;
 702              		.loc 1 188 7 is_stmt 1 view .LVU198
 188:Drivers/u8glib/src/u8g_pb16v1.c ****       break;
 703              		.loc 1 188 35 is_stmt 0 view .LVU199
 704 00a0 6B78     		ldrb	r3, [r5, #1]	@ zero_extendqisi2
 188:Drivers/u8glib/src/u8g_pb16v1.c ****       break;
 705              		.loc 1 188 28 view .LVU200
 706 00a2 2370     		strb	r3, [r4]
 189:Drivers/u8glib/src/u8g_pb16v1.c ****     case U8G_DEV_MSG_SET_COLOR_ENTRY:
 707              		.loc 1 189 7 is_stmt 1 view .LVU201
 708              		.loc 1 197 10 is_stmt 0 view .LVU202
 709 00a4 0120     		movs	r0, #1
 710              	.LVL75:
 189:Drivers/u8glib/src/u8g_pb16v1.c ****     case U8G_DEV_MSG_SET_COLOR_ENTRY:
 711              		.loc 1 189 7 view .LVU203
 712 00a6 00E0     		b	.L39
 713              	.LVL76:
 714              	.L48:
ARM GAS  C:\Users\Zbigniew\AppData\Local\Temp\ccYAmAFO.s 			page 18


 155:Drivers/u8glib/src/u8g_pb16v1.c ****   {
 715              		.loc 1 155 3 view .LVU204
 716 00a8 0120     		movs	r0, #1
 717              	.LVL77:
 718              	.L39:
 198:Drivers/u8glib/src/u8g_pb16v1.c **** }
 719              		.loc 1 198 1 view .LVU205
 720 00aa 38BD     		pop	{r3, r4, r5, pc}
 721              		.loc 1 198 1 view .LVU206
 722              		.cfi_endproc
 723              	.LFE6:
 725              		.text
 726              	.Letext0:
 727              		.file 2 "c:\\users\\zbigniew\\appdata\\roaming\\code\\user\\globalstorage\\bmd.stm32-for-vscode\\@
 728              		.file 3 "c:\\users\\zbigniew\\appdata\\roaming\\code\\user\\globalstorage\\bmd.stm32-for-vscode\\@
 729              		.file 4 "Inc/../Drivers/u8glib/inc/u8g.h"
ARM GAS  C:\Users\Zbigniew\AppData\Local\Temp\ccYAmAFO.s 			page 19


DEFINED SYMBOLS
                            *ABS*:0000000000000000 u8g_pb16v1.c
C:\Users\Zbigniew\AppData\Local\Temp\ccYAmAFO.s:18     .text.u8g_pb16v1_Clear:0000000000000000 $t
C:\Users\Zbigniew\AppData\Local\Temp\ccYAmAFO.s:24     .text.u8g_pb16v1_Clear:0000000000000000 u8g_pb16v1_Clear
C:\Users\Zbigniew\AppData\Local\Temp\ccYAmAFO.s:65     .text.u8g_pb16v1_Init:0000000000000000 $t
C:\Users\Zbigniew\AppData\Local\Temp\ccYAmAFO.s:71     .text.u8g_pb16v1_Init:0000000000000000 u8g_pb16v1_Init
C:\Users\Zbigniew\AppData\Local\Temp\ccYAmAFO.s:99     .text.u8g_pb16v1_set_pixel:0000000000000000 $t
C:\Users\Zbigniew\AppData\Local\Temp\ccYAmAFO.s:105    .text.u8g_pb16v1_set_pixel:0000000000000000 u8g_pb16v1_set_pixel
C:\Users\Zbigniew\AppData\Local\Temp\ccYAmAFO.s:200    .text.u8g_pb16v1_SetPixel:0000000000000000 $t
C:\Users\Zbigniew\AppData\Local\Temp\ccYAmAFO.s:206    .text.u8g_pb16v1_SetPixel:0000000000000000 u8g_pb16v1_SetPixel
C:\Users\Zbigniew\AppData\Local\Temp\ccYAmAFO.s:260    .text.u8g_pb16v1_Set8PixelStd:0000000000000000 $t
C:\Users\Zbigniew\AppData\Local\Temp\ccYAmAFO.s:266    .text.u8g_pb16v1_Set8PixelStd:0000000000000000 u8g_pb16v1_Set8PixelStd
C:\Users\Zbigniew\AppData\Local\Temp\ccYAmAFO.s:334    .text.u8g_pb16v1_Set8PixelStd:0000000000000034 $d
C:\Users\Zbigniew\AppData\Local\Temp\ccYAmAFO.s:338    .text.u8g_pb16v1_Set8PixelStd:0000000000000044 $t
C:\Users\Zbigniew\AppData\Local\Temp\ccYAmAFO.s:378    .text.u8g_pb16v1_Set8PixelOpt2:0000000000000000 $t
C:\Users\Zbigniew\AppData\Local\Temp\ccYAmAFO.s:384    .text.u8g_pb16v1_Set8PixelOpt2:0000000000000000 u8g_pb16v1_Set8PixelOpt2
C:\Users\Zbigniew\AppData\Local\Temp\ccYAmAFO.s:417    .text.u8g_pb16v1_Set8PixelOpt2:0000000000000014 $d
C:\Users\Zbigniew\AppData\Local\Temp\ccYAmAFO.s:421    .text.u8g_pb16v1_Set8PixelOpt2:0000000000000018 $t
C:\Users\Zbigniew\AppData\Local\Temp\ccYAmAFO.s:505    .text.u8g_dev_pb16v1_base_fn:0000000000000000 $t
C:\Users\Zbigniew\AppData\Local\Temp\ccYAmAFO.s:511    .text.u8g_dev_pb16v1_base_fn:0000000000000000 u8g_dev_pb16v1_base_fn
C:\Users\Zbigniew\AppData\Local\Temp\ccYAmAFO.s:540    .text.u8g_dev_pb16v1_base_fn:0000000000000010 $d
C:\Users\Zbigniew\AppData\Local\Temp\ccYAmAFO.s:592    .text.u8g_dev_pb16v1_base_fn:0000000000000044 $t

UNDEFINED SYMBOLS
u8g_pb_Is8PixelVisible
u8g_page_First
u8g_page_Next
u8g_pb_GetPageBox
