ARM GAS  C:\Users\Zbigniew\AppData\Local\Temp\ccTXjJ9F.s 			page 1


   1              		.cpu cortex-m3
   2              		.arch armv7-m
   3              		.fpu softvfp
   4              		.eabi_attribute 20, 1
   5              		.eabi_attribute 21, 1
   6              		.eabi_attribute 23, 3
   7              		.eabi_attribute 24, 1
   8              		.eabi_attribute 25, 1
   9              		.eabi_attribute 26, 1
  10              		.eabi_attribute 30, 1
  11              		.eabi_attribute 34, 1
  12              		.eabi_attribute 18, 4
  13              		.file	"u8g_pb8h8.c"
  14              		.text
  15              	.Ltext0:
  16              		.cfi_sections	.debug_frame
  17              		.section	.text.u8g_pb8h8_set_pixel,"ax",%progbits
  18              		.align	1
  19              		.syntax unified
  20              		.thumb
  21              		.thumb_func
  23              	u8g_pb8h8_set_pixel:
  24              	.LVL0:
  25              	.LFB2:
  26              		.file 1 "Drivers/u8glib/src/u8g_pb8h8.c"
   1:Drivers/u8glib/src/u8g_pb8h8.c **** /*
   2:Drivers/u8glib/src/u8g_pb8h8.c **** 
   3:Drivers/u8glib/src/u8g_pb8h8.c ****   u8g_pb8h8.c
   4:Drivers/u8glib/src/u8g_pb8h8.c ****   
   5:Drivers/u8glib/src/u8g_pb8h8.c ****   8 lines per page, horizontal, 8 bits per pixel
   6:Drivers/u8glib/src/u8g_pb8h8.c ****   (22 May 2013: might also support any number of lines --> needs to be checked)
   7:Drivers/u8glib/src/u8g_pb8h8.c ****   
   8:Drivers/u8glib/src/u8g_pb8h8.c ****   Universal 8bit Graphics Library
   9:Drivers/u8glib/src/u8g_pb8h8.c ****   
  10:Drivers/u8glib/src/u8g_pb8h8.c ****   Copyright (c) 2012, olikraus@gmail.com
  11:Drivers/u8glib/src/u8g_pb8h8.c ****   All rights reserved.
  12:Drivers/u8glib/src/u8g_pb8h8.c **** 
  13:Drivers/u8glib/src/u8g_pb8h8.c ****   Redistribution and use in source and binary forms, with or without modification, 
  14:Drivers/u8glib/src/u8g_pb8h8.c ****   are permitted provided that the following conditions are met:
  15:Drivers/u8glib/src/u8g_pb8h8.c **** 
  16:Drivers/u8glib/src/u8g_pb8h8.c ****   * Redistributions of source code must retain the above copyright notice, this list 
  17:Drivers/u8glib/src/u8g_pb8h8.c ****     of conditions and the following disclaimer.
  18:Drivers/u8glib/src/u8g_pb8h8.c ****     
  19:Drivers/u8glib/src/u8g_pb8h8.c ****   * Redistributions in binary form must reproduce the above copyright notice, this 
  20:Drivers/u8glib/src/u8g_pb8h8.c ****     list of conditions and the following disclaimer in the documentation and/or other 
  21:Drivers/u8glib/src/u8g_pb8h8.c ****     materials provided with the distribution.
  22:Drivers/u8glib/src/u8g_pb8h8.c **** 
  23:Drivers/u8glib/src/u8g_pb8h8.c ****   THIS SOFTWARE IS PROVIDED BY THE COPYRIGHT HOLDERS AND 
  24:Drivers/u8glib/src/u8g_pb8h8.c ****   CONTRIBUTORS "AS IS" AND ANY EXPRESS OR IMPLIED WARRANTIES, 
  25:Drivers/u8glib/src/u8g_pb8h8.c ****   INCLUDING, BUT NOT LIMITED TO, THE IMPLIED WARRANTIES OF 
  26:Drivers/u8glib/src/u8g_pb8h8.c ****   MERCHANTABILITY AND FITNESS FOR A PARTICULAR PURPOSE ARE 
  27:Drivers/u8glib/src/u8g_pb8h8.c ****   DISCLAIMED. IN NO EVENT SHALL THE COPYRIGHT HOLDER OR 
  28:Drivers/u8glib/src/u8g_pb8h8.c ****   CONTRIBUTORS BE LIABLE FOR ANY DIRECT, INDIRECT, INCIDENTAL, 
  29:Drivers/u8glib/src/u8g_pb8h8.c ****   SPECIAL, EXEMPLARY, OR CONSEQUENTIAL DAMAGES (INCLUDING, BUT 
  30:Drivers/u8glib/src/u8g_pb8h8.c ****   NOT LIMITED TO, PROCUREMENT OF SUBSTITUTE GOODS OR SERVICES; 
  31:Drivers/u8glib/src/u8g_pb8h8.c ****   LOSS OF USE, DATA, OR PROFITS; OR BUSINESS INTERRUPTION) HOWEVER 
  32:Drivers/u8glib/src/u8g_pb8h8.c ****   CAUSED AND ON ANY THEORY OF LIABILITY, WHETHER IN CONTRACT, 
ARM GAS  C:\Users\Zbigniew\AppData\Local\Temp\ccTXjJ9F.s 			page 2


  33:Drivers/u8glib/src/u8g_pb8h8.c ****   STRICT LIABILITY, OR TORT (INCLUDING NEGLIGENCE OR OTHERWISE) 
  34:Drivers/u8glib/src/u8g_pb8h8.c ****   ARISING IN ANY WAY OUT OF THE USE OF THIS SOFTWARE, EVEN IF 
  35:Drivers/u8glib/src/u8g_pb8h8.c ****   ADVISED OF THE POSSIBILITY OF SUCH DAMAGE.  
  36:Drivers/u8glib/src/u8g_pb8h8.c **** 
  37:Drivers/u8glib/src/u8g_pb8h8.c **** 
  38:Drivers/u8glib/src/u8g_pb8h8.c **** struct _u8g_pb_t
  39:Drivers/u8glib/src/u8g_pb8h8.c **** {
  40:Drivers/u8glib/src/u8g_pb8h8.c ****   u8g_page_t p;
  41:Drivers/u8glib/src/u8g_pb8h8.c ****   u8g_uint_t width;
  42:Drivers/u8glib/src/u8g_pb8h8.c ****   void *buf;
  43:Drivers/u8glib/src/u8g_pb8h8.c **** };
  44:Drivers/u8glib/src/u8g_pb8h8.c **** typedef struct _u8g_pb_t u8g_pb_t;
  45:Drivers/u8glib/src/u8g_pb8h8.c **** 
  46:Drivers/u8glib/src/u8g_pb8h8.c **** 
  47:Drivers/u8glib/src/u8g_pb8h8.c **** uint8_t u8g_index_color_8h8_buf[WIDTH*PAGE_HEIGHT] U8G_NOCOMMON ; 
  48:Drivers/u8glib/src/u8g_pb8h8.c **** u8g_pb_t u8g_index_color_8h8_pb = { {PAGE_HEIGHT, HEIGHT, 0, 0, 0},  WIDTH, u8g_index_color_8h8_buf
  49:Drivers/u8glib/src/u8g_pb8h8.c **** u8g_dev_t name = { dev_fn, &u8g_index_color_8h8_pb, com_fn }
  50:Drivers/u8glib/src/u8g_pb8h8.c **** 
  51:Drivers/u8glib/src/u8g_pb8h8.c **** */
  52:Drivers/u8glib/src/u8g_pb8h8.c **** 
  53:Drivers/u8glib/src/u8g_pb8h8.c **** #include "../Drivers/u8glib/inc/u8g.h"
  54:Drivers/u8glib/src/u8g_pb8h8.c **** 
  55:Drivers/u8glib/src/u8g_pb8h8.c **** /*
  56:Drivers/u8glib/src/u8g_pb8h8.c **** #define WIDTH_BITS 7
  57:Drivers/u8glib/src/u8g_pb8h8.c **** #define WIDTH (1<<WIDTH_BITS)
  58:Drivers/u8glib/src/u8g_pb8h8.c **** #define PAGE_HEIGHT_BITS 3
  59:Drivers/u8glib/src/u8g_pb8h8.c **** #define PAGE_HEIGHT (1<<PAGE_HEIGHT_BITS)
  60:Drivers/u8glib/src/u8g_pb8h8.c **** */
  61:Drivers/u8glib/src/u8g_pb8h8.c **** 
  62:Drivers/u8glib/src/u8g_pb8h8.c **** void u8g_pb8h8_Clear(u8g_pb_t *b)
  63:Drivers/u8glib/src/u8g_pb8h8.c **** {
  64:Drivers/u8glib/src/u8g_pb8h8.c ****   uint8_t *ptr = (uint8_t *)b->buf;
  65:Drivers/u8glib/src/u8g_pb8h8.c ****   uint8_t *end_ptr = ptr;
  66:Drivers/u8glib/src/u8g_pb8h8.c ****   uint8_t cnt = b->p.page_height;
  67:Drivers/u8glib/src/u8g_pb8h8.c ****   end_ptr += b->width*cnt;
  68:Drivers/u8glib/src/u8g_pb8h8.c ****   /*
  69:Drivers/u8glib/src/u8g_pb8h8.c ****   do
  70:Drivers/u8glib/src/u8g_pb8h8.c ****   {
  71:Drivers/u8glib/src/u8g_pb8h8.c ****     end_ptr += b->width;
  72:Drivers/u8glib/src/u8g_pb8h8.c ****     cnt--;
  73:Drivers/u8glib/src/u8g_pb8h8.c ****   } while( cnt > 0 );
  74:Drivers/u8glib/src/u8g_pb8h8.c ****   */
  75:Drivers/u8glib/src/u8g_pb8h8.c ****   do
  76:Drivers/u8glib/src/u8g_pb8h8.c ****   {
  77:Drivers/u8glib/src/u8g_pb8h8.c ****     *ptr++ = 0;
  78:Drivers/u8glib/src/u8g_pb8h8.c ****   } while( ptr != end_ptr );
  79:Drivers/u8glib/src/u8g_pb8h8.c **** }
  80:Drivers/u8glib/src/u8g_pb8h8.c **** 
  81:Drivers/u8glib/src/u8g_pb8h8.c **** 
  82:Drivers/u8glib/src/u8g_pb8h8.c **** void u8g_pb8h8_Init(u8g_pb_t *b, void *buf, u8g_uint_t width)
  83:Drivers/u8glib/src/u8g_pb8h8.c **** {
  84:Drivers/u8glib/src/u8g_pb8h8.c ****   b->buf = buf;
  85:Drivers/u8glib/src/u8g_pb8h8.c ****   b->width = width;
  86:Drivers/u8glib/src/u8g_pb8h8.c ****   u8g_pb8h8_Clear(b);
  87:Drivers/u8glib/src/u8g_pb8h8.c **** }
  88:Drivers/u8glib/src/u8g_pb8h8.c **** 
  89:Drivers/u8glib/src/u8g_pb8h8.c **** static void u8g_pb8h8_set_pixel(u8g_pb_t *b, u8g_uint_t x, u8g_uint_t y, uint8_t color_index)
ARM GAS  C:\Users\Zbigniew\AppData\Local\Temp\ccTXjJ9F.s 			page 3


  90:Drivers/u8glib/src/u8g_pb8h8.c **** {
  27              		.loc 1 90 1 view -0
  28              		.cfi_startproc
  29              		@ args = 0, pretend = 0, frame = 0
  30              		@ frame_needed = 0, uses_anonymous_args = 0
  31              		@ link register save eliminated.
  32              		.loc 1 90 1 is_stmt 0 view .LVU1
  33 0000 10B4     		push	{r4}
  34              	.LCFI0:
  35              		.cfi_def_cfa_offset 4
  36              		.cfi_offset 4, -4
  91:Drivers/u8glib/src/u8g_pb8h8.c ****   uint16_t tmp;
  37              		.loc 1 91 3 is_stmt 1 view .LVU2
  92:Drivers/u8glib/src/u8g_pb8h8.c ****   uint8_t *ptr = b->buf;
  38              		.loc 1 92 3 view .LVU3
  39              		.loc 1 92 12 is_stmt 0 view .LVU4
  40 0002 8468     		ldr	r4, [r0, #8]
  41              	.LVL1:
  93:Drivers/u8glib/src/u8g_pb8h8.c ****   y -= b->p.page_y0;
  42              		.loc 1 93 3 is_stmt 1 view .LVU5
  43              		.loc 1 93 12 is_stmt 0 view .LVU6
  44 0004 90F802C0 		ldrb	ip, [r0, #2]	@ zero_extendqisi2
  45              		.loc 1 93 5 view .LVU7
  46 0008 A2EB0C02 		sub	r2, r2, ip
  47              	.LVL2:
  94:Drivers/u8glib/src/u8g_pb8h8.c ****   tmp = y;
  48              		.loc 1 94 3 is_stmt 1 view .LVU8
  49              		.loc 1 94 7 is_stmt 0 view .LVU9
  50 000c D2B2     		uxtb	r2, r2
  51              	.LVL3:
  95:Drivers/u8glib/src/u8g_pb8h8.c ****   tmp *= b->width;
  52              		.loc 1 95 3 is_stmt 1 view .LVU10
  53              		.loc 1 95 11 is_stmt 0 view .LVU11
  54 000e 4079     		ldrb	r0, [r0, #5]	@ zero_extendqisi2
  55              	.LVL4:
  96:Drivers/u8glib/src/u8g_pb8h8.c ****   tmp += x;
  56              		.loc 1 96 3 is_stmt 1 view .LVU12
  57              		.loc 1 96 7 is_stmt 0 view .LVU13
  58 0010 02FB0011 		mla	r1, r2, r0, r1
  59              	.LVL5:
  60              		.loc 1 96 7 view .LVU14
  61 0014 89B2     		uxth	r1, r1
  62              	.LVL6:
  97:Drivers/u8glib/src/u8g_pb8h8.c ****   ptr += tmp;
  63              		.loc 1 97 3 is_stmt 1 view .LVU15
  98:Drivers/u8glib/src/u8g_pb8h8.c ****   *ptr = color_index;
  64              		.loc 1 98 3 view .LVU16
  65              		.loc 1 98 8 is_stmt 0 view .LVU17
  66 0016 6354     		strb	r3, [r4, r1]
  99:Drivers/u8glib/src/u8g_pb8h8.c **** }
  67              		.loc 1 99 1 view .LVU18
  68 0018 10BC     		pop	{r4}
  69              	.LCFI1:
  70              		.cfi_restore 4
  71              		.cfi_def_cfa_offset 0
  72              	.LVL7:
  73              		.loc 1 99 1 view .LVU19
ARM GAS  C:\Users\Zbigniew\AppData\Local\Temp\ccTXjJ9F.s 			page 4


  74 001a 7047     		bx	lr
  75              		.cfi_endproc
  76              	.LFE2:
  78              		.section	.text.u8g_pb8h8_Clear,"ax",%progbits
  79              		.align	1
  80              		.global	u8g_pb8h8_Clear
  81              		.syntax unified
  82              		.thumb
  83              		.thumb_func
  85              	u8g_pb8h8_Clear:
  86              	.LVL8:
  87              	.LFB0:
  63:Drivers/u8glib/src/u8g_pb8h8.c ****   uint8_t *ptr = (uint8_t *)b->buf;
  88              		.loc 1 63 1 is_stmt 1 view -0
  89              		.cfi_startproc
  90              		@ args = 0, pretend = 0, frame = 0
  91              		@ frame_needed = 0, uses_anonymous_args = 0
  92              		@ link register save eliminated.
  64:Drivers/u8glib/src/u8g_pb8h8.c ****   uint8_t *end_ptr = ptr;
  93              		.loc 1 64 3 view .LVU21
  64:Drivers/u8glib/src/u8g_pb8h8.c ****   uint8_t *end_ptr = ptr;
  94              		.loc 1 64 12 is_stmt 0 view .LVU22
  95 0000 8368     		ldr	r3, [r0, #8]
  96              	.LVL9:
  65:Drivers/u8glib/src/u8g_pb8h8.c ****   uint8_t cnt = b->p.page_height;
  97              		.loc 1 65 3 is_stmt 1 view .LVU23
  66:Drivers/u8glib/src/u8g_pb8h8.c ****   end_ptr += b->width*cnt;
  98              		.loc 1 66 3 view .LVU24
  66:Drivers/u8glib/src/u8g_pb8h8.c ****   end_ptr += b->width*cnt;
  99              		.loc 1 66 11 is_stmt 0 view .LVU25
 100 0002 0278     		ldrb	r2, [r0]	@ zero_extendqisi2
 101              	.LVL10:
  67:Drivers/u8glib/src/u8g_pb8h8.c ****   /*
 102              		.loc 1 67 3 is_stmt 1 view .LVU26
  67:Drivers/u8glib/src/u8g_pb8h8.c ****   /*
 103              		.loc 1 67 15 is_stmt 0 view .LVU27
 104 0004 4079     		ldrb	r0, [r0, #5]	@ zero_extendqisi2
 105              	.LVL11:
  67:Drivers/u8glib/src/u8g_pb8h8.c ****   /*
 106              		.loc 1 67 11 view .LVU28
 107 0006 00FB0230 		mla	r0, r0, r2, r3
 108              	.LVL12:
 109              	.L4:
  75:Drivers/u8glib/src/u8g_pb8h8.c ****   {
 110              		.loc 1 75 3 is_stmt 1 discriminator 1 view .LVU29
  77:Drivers/u8glib/src/u8g_pb8h8.c ****   } while( ptr != end_ptr );
 111              		.loc 1 77 5 discriminator 1 view .LVU30
 112 000a 1A46     		mov	r2, r3
  77:Drivers/u8glib/src/u8g_pb8h8.c ****   } while( ptr != end_ptr );
 113              		.loc 1 77 9 is_stmt 0 discriminator 1 view .LVU31
 114 000c 0133     		adds	r3, r3, #1
 115              	.LVL13:
  77:Drivers/u8glib/src/u8g_pb8h8.c ****   } while( ptr != end_ptr );
 116              		.loc 1 77 12 discriminator 1 view .LVU32
 117 000e 0021     		movs	r1, #0
 118 0010 1170     		strb	r1, [r2]
  78:Drivers/u8glib/src/u8g_pb8h8.c **** }
ARM GAS  C:\Users\Zbigniew\AppData\Local\Temp\ccTXjJ9F.s 			page 5


 119              		.loc 1 78 10 is_stmt 1 discriminator 1 view .LVU33
  78:Drivers/u8glib/src/u8g_pb8h8.c **** }
 120              		.loc 1 78 3 is_stmt 0 discriminator 1 view .LVU34
 121 0012 9842     		cmp	r0, r3
 122 0014 F9D1     		bne	.L4
  79:Drivers/u8glib/src/u8g_pb8h8.c **** 
 123              		.loc 1 79 1 view .LVU35
 124 0016 7047     		bx	lr
 125              		.cfi_endproc
 126              	.LFE0:
 128              		.section	.text.u8g_pb8h8_Init,"ax",%progbits
 129              		.align	1
 130              		.global	u8g_pb8h8_Init
 131              		.syntax unified
 132              		.thumb
 133              		.thumb_func
 135              	u8g_pb8h8_Init:
 136              	.LVL14:
 137              	.LFB1:
  83:Drivers/u8glib/src/u8g_pb8h8.c ****   b->buf = buf;
 138              		.loc 1 83 1 is_stmt 1 view -0
 139              		.cfi_startproc
 140              		@ args = 0, pretend = 0, frame = 0
 141              		@ frame_needed = 0, uses_anonymous_args = 0
  83:Drivers/u8glib/src/u8g_pb8h8.c ****   b->buf = buf;
 142              		.loc 1 83 1 is_stmt 0 view .LVU37
 143 0000 08B5     		push	{r3, lr}
 144              	.LCFI2:
 145              		.cfi_def_cfa_offset 8
 146              		.cfi_offset 3, -8
 147              		.cfi_offset 14, -4
  84:Drivers/u8glib/src/u8g_pb8h8.c ****   b->width = width;
 148              		.loc 1 84 3 is_stmt 1 view .LVU38
  84:Drivers/u8glib/src/u8g_pb8h8.c ****   b->width = width;
 149              		.loc 1 84 10 is_stmt 0 view .LVU39
 150 0002 8160     		str	r1, [r0, #8]
  85:Drivers/u8glib/src/u8g_pb8h8.c ****   u8g_pb8h8_Clear(b);
 151              		.loc 1 85 3 is_stmt 1 view .LVU40
  85:Drivers/u8glib/src/u8g_pb8h8.c ****   u8g_pb8h8_Clear(b);
 152              		.loc 1 85 12 is_stmt 0 view .LVU41
 153 0004 4271     		strb	r2, [r0, #5]
  86:Drivers/u8glib/src/u8g_pb8h8.c **** }
 154              		.loc 1 86 3 is_stmt 1 view .LVU42
 155 0006 FFF7FEFF 		bl	u8g_pb8h8_Clear
 156              	.LVL15:
  87:Drivers/u8glib/src/u8g_pb8h8.c **** 
 157              		.loc 1 87 1 is_stmt 0 view .LVU43
 158 000a 08BD     		pop	{r3, pc}
 159              		.cfi_endproc
 160              	.LFE1:
 162              		.section	.text.u8g_pb8h8_SetPixel,"ax",%progbits
 163              		.align	1
 164              		.global	u8g_pb8h8_SetPixel
 165              		.syntax unified
 166              		.thumb
 167              		.thumb_func
 169              	u8g_pb8h8_SetPixel:
ARM GAS  C:\Users\Zbigniew\AppData\Local\Temp\ccTXjJ9F.s 			page 6


 170              	.LVL16:
 171              	.LFB3:
 100:Drivers/u8glib/src/u8g_pb8h8.c **** 
 101:Drivers/u8glib/src/u8g_pb8h8.c **** void u8g_pb8h8_SetPixel(u8g_pb_t *b, const u8g_dev_arg_pixel_t * const arg_pixel)
 102:Drivers/u8glib/src/u8g_pb8h8.c **** {
 172              		.loc 1 102 1 is_stmt 1 view -0
 173              		.cfi_startproc
 174              		@ args = 0, pretend = 0, frame = 0
 175              		@ frame_needed = 0, uses_anonymous_args = 0
 176              		.loc 1 102 1 is_stmt 0 view .LVU45
 177 0000 08B5     		push	{r3, lr}
 178              	.LCFI3:
 179              		.cfi_def_cfa_offset 8
 180              		.cfi_offset 3, -8
 181              		.cfi_offset 14, -4
 103:Drivers/u8glib/src/u8g_pb8h8.c ****   if ( arg_pixel->y < b->p.page_y0 )
 182              		.loc 1 103 3 is_stmt 1 view .LVU46
 183              		.loc 1 103 17 is_stmt 0 view .LVU47
 184 0002 4A78     		ldrb	r2, [r1, #1]	@ zero_extendqisi2
 185              		.loc 1 103 27 view .LVU48
 186 0004 8378     		ldrb	r3, [r0, #2]	@ zero_extendqisi2
 187              		.loc 1 103 6 view .LVU49
 188 0006 9A42     		cmp	r2, r3
 189 0008 07D3     		bcc	.L7
 104:Drivers/u8glib/src/u8g_pb8h8.c ****     return;
 105:Drivers/u8glib/src/u8g_pb8h8.c ****   if ( arg_pixel->y > b->p.page_y1 )
 190              		.loc 1 105 3 is_stmt 1 view .LVU50
 191              		.loc 1 105 27 is_stmt 0 view .LVU51
 192 000a C378     		ldrb	r3, [r0, #3]	@ zero_extendqisi2
 193              		.loc 1 105 6 view .LVU52
 194 000c 9A42     		cmp	r2, r3
 195 000e 04D8     		bhi	.L7
 106:Drivers/u8glib/src/u8g_pb8h8.c ****     return;
 107:Drivers/u8glib/src/u8g_pb8h8.c ****   if ( arg_pixel->x >= b->width )
 196              		.loc 1 107 3 is_stmt 1 view .LVU53
 197              		.loc 1 107 17 is_stmt 0 view .LVU54
 198 0010 91F800C0 		ldrb	ip, [r1]	@ zero_extendqisi2
 199              		.loc 1 107 25 view .LVU55
 200 0014 4379     		ldrb	r3, [r0, #5]	@ zero_extendqisi2
 201              		.loc 1 107 6 view .LVU56
 202 0016 9C45     		cmp	ip, r3
 203 0018 00D3     		bcc	.L10
 204              	.LVL17:
 205              	.L7:
 108:Drivers/u8glib/src/u8g_pb8h8.c ****     return;
 109:Drivers/u8glib/src/u8g_pb8h8.c ****   u8g_pb8h8_set_pixel(b, arg_pixel->x, arg_pixel->y, arg_pixel->color);
 110:Drivers/u8glib/src/u8g_pb8h8.c **** }
 206              		.loc 1 110 1 view .LVU57
 207 001a 08BD     		pop	{r3, pc}
 208              	.LVL18:
 209              	.L10:
 109:Drivers/u8glib/src/u8g_pb8h8.c **** }
 210              		.loc 1 109 3 is_stmt 1 view .LVU58
 211 001c 0B79     		ldrb	r3, [r1, #4]	@ zero_extendqisi2
 212 001e 6146     		mov	r1, ip
 213              	.LVL19:
 109:Drivers/u8glib/src/u8g_pb8h8.c **** }
ARM GAS  C:\Users\Zbigniew\AppData\Local\Temp\ccTXjJ9F.s 			page 7


 214              		.loc 1 109 3 is_stmt 0 view .LVU59
 215 0020 FFF7FEFF 		bl	u8g_pb8h8_set_pixel
 216              	.LVL20:
 109:Drivers/u8glib/src/u8g_pb8h8.c **** }
 217              		.loc 1 109 3 view .LVU60
 218 0024 F9E7     		b	.L7
 219              		.cfi_endproc
 220              	.LFE3:
 222              		.section	.text.u8g_pb8h8_Set8Pixel,"ax",%progbits
 223              		.align	1
 224              		.global	u8g_pb8h8_Set8Pixel
 225              		.syntax unified
 226              		.thumb
 227              		.thumb_func
 229              	u8g_pb8h8_Set8Pixel:
 230              	.LVL21:
 231              	.LFB4:
 111:Drivers/u8glib/src/u8g_pb8h8.c **** 
 112:Drivers/u8glib/src/u8g_pb8h8.c **** 
 113:Drivers/u8glib/src/u8g_pb8h8.c **** void u8g_pb8h8_Set8Pixel(u8g_pb_t *b, u8g_dev_arg_pixel_t *arg_pixel)
 114:Drivers/u8glib/src/u8g_pb8h8.c **** {
 232              		.loc 1 114 1 is_stmt 1 view -0
 233              		.cfi_startproc
 234              		@ args = 0, pretend = 0, frame = 0
 235              		@ frame_needed = 0, uses_anonymous_args = 0
 236              		.loc 1 114 1 is_stmt 0 view .LVU62
 237 0000 2DE9F041 		push	{r4, r5, r6, r7, r8, lr}
 238              	.LCFI4:
 239              		.cfi_def_cfa_offset 24
 240              		.cfi_offset 4, -24
 241              		.cfi_offset 5, -20
 242              		.cfi_offset 6, -16
 243              		.cfi_offset 7, -12
 244              		.cfi_offset 8, -8
 245              		.cfi_offset 14, -4
 246 0004 8046     		mov	r8, r0
 247 0006 0D46     		mov	r5, r1
 115:Drivers/u8glib/src/u8g_pb8h8.c ****   register uint8_t pixel = arg_pixel->pixel;
 248              		.loc 1 115 3 is_stmt 1 view .LVU63
 249              		.loc 1 115 20 is_stmt 0 view .LVU64
 250 0008 8C78     		ldrb	r4, [r1, #2]	@ zero_extendqisi2
 251              	.LVL22:
 116:Drivers/u8glib/src/u8g_pb8h8.c ****   u8g_uint_t dx = 0;
 252              		.loc 1 116 3 is_stmt 1 view .LVU65
 117:Drivers/u8glib/src/u8g_pb8h8.c ****   u8g_uint_t dy = 0;
 253              		.loc 1 117 3 view .LVU66
 118:Drivers/u8glib/src/u8g_pb8h8.c ****   
 119:Drivers/u8glib/src/u8g_pb8h8.c ****   switch( arg_pixel->dir )
 254              		.loc 1 119 3 view .LVU67
 255              		.loc 1 119 20 is_stmt 0 view .LVU68
 256 000a CE78     		ldrb	r6, [r1, #3]	@ zero_extendqisi2
 257              		.loc 1 119 3 view .LVU69
 258 000c 032E     		cmp	r6, #3
 259 000e 03D8     		bhi	.L12
 260 0010 DFE806F0 		tbb	[pc, r6]
 261              	.L14:
 262 0014 0D       		.byte	(.L20-.L14)/2
ARM GAS  C:\Users\Zbigniew\AppData\Local\Temp\ccTXjJ9F.s 			page 8


 263 0015 05       		.byte	(.L16-.L14)/2
 264 0016 07       		.byte	(.L15-.L14)/2
 265 0017 0A       		.byte	(.L13-.L14)/2
 266              		.p2align 1
 267              	.L12:
 268 0018 0026     		movs	r6, #0
 269 001a 3746     		mov	r7, r6
 270 001c 13E0     		b	.L19
 271              	.L16:
 120:Drivers/u8glib/src/u8g_pb8h8.c ****   {
 121:Drivers/u8glib/src/u8g_pb8h8.c ****     case 0: dx++; break;
 122:Drivers/u8glib/src/u8g_pb8h8.c ****     case 1: dy++; break;
 272              		.loc 1 122 13 is_stmt 1 view .LVU70
 273              	.LVL23:
 274              		.loc 1 122 19 view .LVU71
 116:Drivers/u8glib/src/u8g_pb8h8.c ****   u8g_uint_t dy = 0;
 275              		.loc 1 116 14 is_stmt 0 view .LVU72
 276 001e 0027     		movs	r7, #0
 277              		.loc 1 122 5 view .LVU73
 278 0020 11E0     		b	.L19
 279              	.LVL24:
 280              	.L15:
 123:Drivers/u8glib/src/u8g_pb8h8.c ****     case 2: dx--; break;
 281              		.loc 1 123 13 is_stmt 1 view .LVU74
 282              		.loc 1 123 19 view .LVU75
 117:Drivers/u8glib/src/u8g_pb8h8.c ****   
 283              		.loc 1 117 14 is_stmt 0 view .LVU76
 284 0022 0026     		movs	r6, #0
 285              		.loc 1 123 15 view .LVU77
 286 0024 FF27     		movs	r7, #255
 287              		.loc 1 123 5 view .LVU78
 288 0026 0EE0     		b	.L19
 289              	.LVL25:
 290              	.L13:
 124:Drivers/u8glib/src/u8g_pb8h8.c ****     case 3: dy--; break;
 291              		.loc 1 124 13 is_stmt 1 view .LVU79
 292              		.loc 1 124 19 view .LVU80
 293              		.loc 1 124 15 is_stmt 0 view .LVU81
 294 0028 FF26     		movs	r6, #255
 116:Drivers/u8glib/src/u8g_pb8h8.c ****   u8g_uint_t dy = 0;
 295              		.loc 1 116 14 view .LVU82
 296 002a 0027     		movs	r7, #0
 297              		.loc 1 124 5 view .LVU83
 298 002c 0BE0     		b	.L19
 299              	.LVL26:
 300              	.L20:
 121:Drivers/u8glib/src/u8g_pb8h8.c ****     case 1: dy++; break;
 301              		.loc 1 121 15 view .LVU84
 302 002e 0127     		movs	r7, #1
 303              	.LVL27:
 121:Drivers/u8glib/src/u8g_pb8h8.c ****     case 1: dy++; break;
 304              		.loc 1 121 15 view .LVU85
 305 0030 09E0     		b	.L19
 306              	.LVL28:
 307              	.L18:
 125:Drivers/u8glib/src/u8g_pb8h8.c ****   }
 126:Drivers/u8glib/src/u8g_pb8h8.c ****   
ARM GAS  C:\Users\Zbigniew\AppData\Local\Temp\ccTXjJ9F.s 			page 9


 127:Drivers/u8glib/src/u8g_pb8h8.c ****   do
 128:Drivers/u8glib/src/u8g_pb8h8.c ****   {
 129:Drivers/u8glib/src/u8g_pb8h8.c ****     if ( pixel & 128 )
 130:Drivers/u8glib/src/u8g_pb8h8.c ****       u8g_pb8h8_SetPixel(b, arg_pixel);
 131:Drivers/u8glib/src/u8g_pb8h8.c ****     arg_pixel->x += dx;
 308              		.loc 1 131 5 is_stmt 1 view .LVU86
 309              		.loc 1 131 18 is_stmt 0 view .LVU87
 310 0032 2B78     		ldrb	r3, [r5]	@ zero_extendqisi2
 311 0034 3B44     		add	r3, r3, r7
 312 0036 2B70     		strb	r3, [r5]
 132:Drivers/u8glib/src/u8g_pb8h8.c ****     arg_pixel->y += dy;
 313              		.loc 1 132 5 is_stmt 1 view .LVU88
 314              		.loc 1 132 18 is_stmt 0 view .LVU89
 315 0038 6B78     		ldrb	r3, [r5, #1]	@ zero_extendqisi2
 316 003a 3344     		add	r3, r3, r6
 317 003c 6B70     		strb	r3, [r5, #1]
 133:Drivers/u8glib/src/u8g_pb8h8.c ****     pixel <<= 1;
 318              		.loc 1 133 5 is_stmt 1 view .LVU90
 319              		.loc 1 133 11 is_stmt 0 view .LVU91
 320 003e 6400     		lsls	r4, r4, #1
 321              	.LVL29:
 134:Drivers/u8glib/src/u8g_pb8h8.c ****   } while( pixel != 0  );  
 322              		.loc 1 134 10 is_stmt 1 view .LVU92
 323              		.loc 1 134 3 is_stmt 0 view .LVU93
 324 0040 14F0FF04 		ands	r4, r4, #255
 325              	.LVL30:
 326              		.loc 1 134 3 view .LVU94
 327 0044 07D0     		beq	.L22
 328              	.LVL31:
 329              	.L19:
 127:Drivers/u8glib/src/u8g_pb8h8.c ****   {
 330              		.loc 1 127 3 is_stmt 1 view .LVU95
 129:Drivers/u8glib/src/u8g_pb8h8.c ****       u8g_pb8h8_SetPixel(b, arg_pixel);
 331              		.loc 1 129 5 view .LVU96
 129:Drivers/u8glib/src/u8g_pb8h8.c ****       u8g_pb8h8_SetPixel(b, arg_pixel);
 332              		.loc 1 129 8 is_stmt 0 view .LVU97
 333 0046 14F0800F 		tst	r4, #128
 334 004a F2D0     		beq	.L18
 130:Drivers/u8glib/src/u8g_pb8h8.c ****     arg_pixel->x += dx;
 335              		.loc 1 130 7 is_stmt 1 view .LVU98
 336 004c 2946     		mov	r1, r5
 337 004e 4046     		mov	r0, r8
 338 0050 FFF7FEFF 		bl	u8g_pb8h8_SetPixel
 339              	.LVL32:
 340 0054 EDE7     		b	.L18
 341              	.LVL33:
 342              	.L22:
 135:Drivers/u8glib/src/u8g_pb8h8.c **** }
 343              		.loc 1 135 1 is_stmt 0 view .LVU99
 344 0056 BDE8F081 		pop	{r4, r5, r6, r7, r8, pc}
 345              		.loc 1 135 1 view .LVU100
 346              		.cfi_endproc
 347              	.LFE4:
 349              		.section	.text.u8g_dev_pb8h8_base_fn,"ax",%progbits
 350              		.align	1
 351              		.global	u8g_dev_pb8h8_base_fn
 352              		.syntax unified
ARM GAS  C:\Users\Zbigniew\AppData\Local\Temp\ccTXjJ9F.s 			page 10


 353              		.thumb
 354              		.thumb_func
 356              	u8g_dev_pb8h8_base_fn:
 357              	.LVL34:
 358              	.LFB5:
 136:Drivers/u8glib/src/u8g_pb8h8.c **** 
 137:Drivers/u8glib/src/u8g_pb8h8.c **** 
 138:Drivers/u8glib/src/u8g_pb8h8.c **** uint8_t u8g_dev_pb8h8_base_fn(u8g_t *u8g, u8g_dev_t *dev, uint8_t msg, void *arg)
 139:Drivers/u8glib/src/u8g_pb8h8.c **** {
 359              		.loc 1 139 1 is_stmt 1 view -0
 360              		.cfi_startproc
 361              		@ args = 0, pretend = 0, frame = 0
 362              		@ frame_needed = 0, uses_anonymous_args = 0
 363              		.loc 1 139 1 is_stmt 0 view .LVU102
 364 0000 38B5     		push	{r3, r4, r5, lr}
 365              	.LCFI5:
 366              		.cfi_def_cfa_offset 16
 367              		.cfi_offset 3, -16
 368              		.cfi_offset 4, -12
 369              		.cfi_offset 5, -8
 370              		.cfi_offset 14, -4
 371 0002 1C46     		mov	r4, r3
 140:Drivers/u8glib/src/u8g_pb8h8.c ****   u8g_pb_t *pb = (u8g_pb_t *)(dev->dev_mem);
 372              		.loc 1 140 3 is_stmt 1 view .LVU103
 373              		.loc 1 140 13 is_stmt 0 view .LVU104
 374 0004 4D68     		ldr	r5, [r1, #4]
 375              	.LVL35:
 141:Drivers/u8glib/src/u8g_pb8h8.c ****   switch(msg)
 376              		.loc 1 141 3 is_stmt 1 view .LVU105
 377 0006 143A     		subs	r2, r2, #20
 378              	.LVL36:
 379              		.loc 1 141 3 is_stmt 0 view .LVU106
 380 0008 342A     		cmp	r2, #52
 381 000a 50D8     		bhi	.L34
 382 000c DFE802F0 		tbb	[pc, r2]
 383              	.LVL37:
 384              	.L26:
 385 0010 30       		.byte	(.L33-.L26)/2
 386 0011 38       		.byte	(.L32-.L26)/2
 387 0012 4F       		.byte	(.L34-.L26)/2
 388 0013 41       		.byte	(.L31-.L26)/2
 389 0014 4F       		.byte	(.L34-.L26)/2
 390 0015 4F       		.byte	(.L34-.L26)/2
 391 0016 4F       		.byte	(.L34-.L26)/2
 392 0017 4F       		.byte	(.L34-.L26)/2
 393 0018 4F       		.byte	(.L34-.L26)/2
 394 0019 4F       		.byte	(.L34-.L26)/2
 395 001a 4F       		.byte	(.L34-.L26)/2
 396 001b 4F       		.byte	(.L34-.L26)/2
 397 001c 4F       		.byte	(.L34-.L26)/2
 398 001d 4F       		.byte	(.L34-.L26)/2
 399 001e 4F       		.byte	(.L34-.L26)/2
 400 001f 4F       		.byte	(.L34-.L26)/2
 401 0020 4F       		.byte	(.L34-.L26)/2
 402 0021 4F       		.byte	(.L34-.L26)/2
 403 0022 4F       		.byte	(.L34-.L26)/2
 404 0023 4F       		.byte	(.L34-.L26)/2
ARM GAS  C:\Users\Zbigniew\AppData\Local\Temp\ccTXjJ9F.s 			page 11


 405 0024 4F       		.byte	(.L34-.L26)/2
 406 0025 4F       		.byte	(.L34-.L26)/2
 407 0026 4F       		.byte	(.L34-.L26)/2
 408 0027 4F       		.byte	(.L34-.L26)/2
 409 0028 4F       		.byte	(.L34-.L26)/2
 410 0029 4F       		.byte	(.L34-.L26)/2
 411 002a 4F       		.byte	(.L34-.L26)/2
 412 002b 4F       		.byte	(.L34-.L26)/2
 413 002c 4F       		.byte	(.L34-.L26)/2
 414 002d 4F       		.byte	(.L34-.L26)/2
 415 002e 2A       		.byte	(.L30-.L26)/2
 416 002f 4F       		.byte	(.L34-.L26)/2
 417 0030 4F       		.byte	(.L34-.L26)/2
 418 0031 4F       		.byte	(.L34-.L26)/2
 419 0032 4F       		.byte	(.L34-.L26)/2
 420 0033 4F       		.byte	(.L34-.L26)/2
 421 0034 4F       		.byte	(.L34-.L26)/2
 422 0035 4F       		.byte	(.L34-.L26)/2
 423 0036 4F       		.byte	(.L34-.L26)/2
 424 0037 1D       		.byte	(.L29-.L26)/2
 425 0038 4F       		.byte	(.L34-.L26)/2
 426 0039 4F       		.byte	(.L34-.L26)/2
 427 003a 4F       		.byte	(.L34-.L26)/2
 428 003b 4F       		.byte	(.L34-.L26)/2
 429 003c 4F       		.byte	(.L34-.L26)/2
 430 003d 4F       		.byte	(.L34-.L26)/2
 431 003e 4F       		.byte	(.L34-.L26)/2
 432 003f 4F       		.byte	(.L34-.L26)/2
 433 0040 4F       		.byte	(.L34-.L26)/2
 434 0041 4F       		.byte	(.L34-.L26)/2
 435 0042 47       		.byte	(.L28-.L26)/2
 436 0043 4B       		.byte	(.L27-.L26)/2
 437 0044 1B       		.byte	(.L25-.L26)/2
 438 0045 00       		.p2align 1
 439              	.L25:
 440              		.loc 1 141 3 view .LVU107
 441 0046 2820     		movs	r0, #40
 442              	.LVL38:
 443              		.loc 1 141 3 view .LVU108
 444 0048 32E0     		b	.L24
 445              	.LVL39:
 446              	.L29:
 142:Drivers/u8glib/src/u8g_pb8h8.c ****   {
 143:Drivers/u8glib/src/u8g_pb8h8.c ****     case U8G_DEV_MSG_SET_8PIXEL:
 144:Drivers/u8glib/src/u8g_pb8h8.c ****       if ( u8g_pb_Is8PixelVisible(pb, (u8g_dev_arg_pixel_t *)arg) )
 447              		.loc 1 144 7 is_stmt 1 view .LVU109
 448              		.loc 1 144 12 is_stmt 0 view .LVU110
 449 004a 2146     		mov	r1, r4
 450              	.LVL40:
 451              		.loc 1 144 12 view .LVU111
 452 004c 2846     		mov	r0, r5
 453              	.LVL41:
 454              		.loc 1 144 12 view .LVU112
 455 004e FFF7FEFF 		bl	u8g_pb_Is8PixelVisible
 456              	.LVL42:
 457              		.loc 1 144 10 view .LVU113
 458 0052 08B9     		cbnz	r0, .L37
ARM GAS  C:\Users\Zbigniew\AppData\Local\Temp\ccTXjJ9F.s 			page 12


 145:Drivers/u8glib/src/u8g_pb8h8.c ****         u8g_pb8h8_Set8Pixel(pb, (u8g_dev_arg_pixel_t *)arg);
 146:Drivers/u8glib/src/u8g_pb8h8.c ****       break;
 147:Drivers/u8glib/src/u8g_pb8h8.c ****     case U8G_DEV_MSG_SET_PIXEL:
 148:Drivers/u8glib/src/u8g_pb8h8.c ****       u8g_pb8h8_SetPixel(pb, (u8g_dev_arg_pixel_t *)arg);
 149:Drivers/u8glib/src/u8g_pb8h8.c ****       break;
 150:Drivers/u8glib/src/u8g_pb8h8.c ****     case U8G_DEV_MSG_INIT:
 151:Drivers/u8glib/src/u8g_pb8h8.c ****       break;
 152:Drivers/u8glib/src/u8g_pb8h8.c ****     case U8G_DEV_MSG_STOP:
 153:Drivers/u8glib/src/u8g_pb8h8.c ****       break;
 154:Drivers/u8glib/src/u8g_pb8h8.c ****     case U8G_DEV_MSG_PAGE_FIRST:
 155:Drivers/u8glib/src/u8g_pb8h8.c ****       u8g_pb8h8_Clear(pb);
 156:Drivers/u8glib/src/u8g_pb8h8.c ****       u8g_page_First(&(pb->p));
 157:Drivers/u8glib/src/u8g_pb8h8.c ****       break;
 158:Drivers/u8glib/src/u8g_pb8h8.c ****     case U8G_DEV_MSG_PAGE_NEXT:
 159:Drivers/u8glib/src/u8g_pb8h8.c ****       if ( u8g_page_Next(&(pb->p)) == 0 )
 160:Drivers/u8glib/src/u8g_pb8h8.c ****         return 0;
 161:Drivers/u8glib/src/u8g_pb8h8.c ****       u8g_pb8h8_Clear(pb);
 162:Drivers/u8glib/src/u8g_pb8h8.c ****       break;
 163:Drivers/u8glib/src/u8g_pb8h8.c **** #ifdef U8G_DEV_MSG_IS_BBX_INTERSECTION
 164:Drivers/u8glib/src/u8g_pb8h8.c ****     case U8G_DEV_MSG_IS_BBX_INTERSECTION:
 165:Drivers/u8glib/src/u8g_pb8h8.c ****       return u8g_pb_IsIntersection(pb, (u8g_dev_arg_bbx_t *)arg);
 166:Drivers/u8glib/src/u8g_pb8h8.c **** #endif
 167:Drivers/u8glib/src/u8g_pb8h8.c ****     case U8G_DEV_MSG_GET_PAGE_BOX:
 168:Drivers/u8glib/src/u8g_pb8h8.c ****       u8g_pb_GetPageBox(pb, (u8g_box_t *)arg);
 169:Drivers/u8glib/src/u8g_pb8h8.c ****       break;
 170:Drivers/u8glib/src/u8g_pb8h8.c ****     case U8G_DEV_MSG_GET_WIDTH:
 171:Drivers/u8glib/src/u8g_pb8h8.c ****       *((u8g_uint_t *)arg) = pb->width;
 172:Drivers/u8glib/src/u8g_pb8h8.c ****       break;
 173:Drivers/u8glib/src/u8g_pb8h8.c ****     case U8G_DEV_MSG_GET_HEIGHT:
 174:Drivers/u8glib/src/u8g_pb8h8.c ****       *((u8g_uint_t *)arg) = pb->p.total_height;
 175:Drivers/u8glib/src/u8g_pb8h8.c ****       break;
 176:Drivers/u8glib/src/u8g_pb8h8.c ****     case U8G_DEV_MSG_SET_COLOR_ENTRY:
 177:Drivers/u8glib/src/u8g_pb8h8.c ****       break;
 178:Drivers/u8glib/src/u8g_pb8h8.c ****     case U8G_DEV_MSG_SET_XY_CB:
 179:Drivers/u8glib/src/u8g_pb8h8.c ****       break;
 180:Drivers/u8glib/src/u8g_pb8h8.c ****     case U8G_DEV_MSG_GET_MODE:
 181:Drivers/u8glib/src/u8g_pb8h8.c ****       return U8G_MODE_R3G3B2;
 182:Drivers/u8glib/src/u8g_pb8h8.c ****   }
 183:Drivers/u8glib/src/u8g_pb8h8.c ****   return 1;
 459              		.loc 1 183 10 view .LVU114
 460 0054 0120     		movs	r0, #1
 461 0056 2BE0     		b	.L24
 462              	.L37:
 145:Drivers/u8glib/src/u8g_pb8h8.c ****         u8g_pb8h8_Set8Pixel(pb, (u8g_dev_arg_pixel_t *)arg);
 463              		.loc 1 145 9 is_stmt 1 view .LVU115
 464 0058 2146     		mov	r1, r4
 465 005a 2846     		mov	r0, r5
 466 005c FFF7FEFF 		bl	u8g_pb8h8_Set8Pixel
 467              	.LVL43:
 468              		.loc 1 183 10 is_stmt 0 view .LVU116
 469 0060 0120     		movs	r0, #1
 470 0062 25E0     		b	.L24
 471              	.LVL44:
 472              	.L30:
 148:Drivers/u8glib/src/u8g_pb8h8.c ****       break;
 473              		.loc 1 148 7 is_stmt 1 view .LVU117
 474 0064 2146     		mov	r1, r4
ARM GAS  C:\Users\Zbigniew\AppData\Local\Temp\ccTXjJ9F.s 			page 13


 475              	.LVL45:
 148:Drivers/u8glib/src/u8g_pb8h8.c ****       break;
 476              		.loc 1 148 7 is_stmt 0 view .LVU118
 477 0066 2846     		mov	r0, r5
 478              	.LVL46:
 148:Drivers/u8glib/src/u8g_pb8h8.c ****       break;
 479              		.loc 1 148 7 view .LVU119
 480 0068 FFF7FEFF 		bl	u8g_pb8h8_SetPixel
 481              	.LVL47:
 149:Drivers/u8glib/src/u8g_pb8h8.c ****     case U8G_DEV_MSG_INIT:
 482              		.loc 1 149 7 is_stmt 1 view .LVU120
 483              		.loc 1 183 10 is_stmt 0 view .LVU121
 484 006c 0120     		movs	r0, #1
 149:Drivers/u8glib/src/u8g_pb8h8.c ****     case U8G_DEV_MSG_INIT:
 485              		.loc 1 149 7 view .LVU122
 486 006e 1FE0     		b	.L24
 487              	.LVL48:
 488              	.L33:
 155:Drivers/u8glib/src/u8g_pb8h8.c ****       u8g_page_First(&(pb->p));
 489              		.loc 1 155 7 is_stmt 1 view .LVU123
 490 0070 2846     		mov	r0, r5
 491              	.LVL49:
 155:Drivers/u8glib/src/u8g_pb8h8.c ****       u8g_page_First(&(pb->p));
 492              		.loc 1 155 7 is_stmt 0 view .LVU124
 493 0072 FFF7FEFF 		bl	u8g_pb8h8_Clear
 494              	.LVL50:
 156:Drivers/u8glib/src/u8g_pb8h8.c ****       break;
 495              		.loc 1 156 7 is_stmt 1 view .LVU125
 496 0076 2846     		mov	r0, r5
 497 0078 FFF7FEFF 		bl	u8g_page_First
 498              	.LVL51:
 157:Drivers/u8glib/src/u8g_pb8h8.c ****     case U8G_DEV_MSG_PAGE_NEXT:
 499              		.loc 1 157 7 view .LVU126
 500              		.loc 1 183 10 is_stmt 0 view .LVU127
 501 007c 0120     		movs	r0, #1
 157:Drivers/u8glib/src/u8g_pb8h8.c ****     case U8G_DEV_MSG_PAGE_NEXT:
 502              		.loc 1 157 7 view .LVU128
 503 007e 17E0     		b	.L24
 504              	.LVL52:
 505              	.L32:
 159:Drivers/u8glib/src/u8g_pb8h8.c ****         return 0;
 506              		.loc 1 159 7 is_stmt 1 view .LVU129
 159:Drivers/u8glib/src/u8g_pb8h8.c ****         return 0;
 507              		.loc 1 159 12 is_stmt 0 view .LVU130
 508 0080 2846     		mov	r0, r5
 509              	.LVL53:
 159:Drivers/u8glib/src/u8g_pb8h8.c ****         return 0;
 510              		.loc 1 159 12 view .LVU131
 511 0082 FFF7FEFF 		bl	u8g_page_Next
 512              	.LVL54:
 159:Drivers/u8glib/src/u8g_pb8h8.c ****         return 0;
 513              		.loc 1 159 10 view .LVU132
 514 0086 98B1     		cbz	r0, .L24
 161:Drivers/u8glib/src/u8g_pb8h8.c ****       break;
 515              		.loc 1 161 7 is_stmt 1 view .LVU133
 516 0088 2846     		mov	r0, r5
 517 008a FFF7FEFF 		bl	u8g_pb8h8_Clear
ARM GAS  C:\Users\Zbigniew\AppData\Local\Temp\ccTXjJ9F.s 			page 14


 518              	.LVL55:
 162:Drivers/u8glib/src/u8g_pb8h8.c **** #ifdef U8G_DEV_MSG_IS_BBX_INTERSECTION
 519              		.loc 1 162 7 view .LVU134
 520              		.loc 1 183 10 is_stmt 0 view .LVU135
 521 008e 0120     		movs	r0, #1
 162:Drivers/u8glib/src/u8g_pb8h8.c **** #ifdef U8G_DEV_MSG_IS_BBX_INTERSECTION
 522              		.loc 1 162 7 view .LVU136
 523 0090 0EE0     		b	.L24
 524              	.LVL56:
 525              	.L31:
 168:Drivers/u8glib/src/u8g_pb8h8.c ****       break;
 526              		.loc 1 168 7 is_stmt 1 view .LVU137
 527 0092 2146     		mov	r1, r4
 528              	.LVL57:
 168:Drivers/u8glib/src/u8g_pb8h8.c ****       break;
 529              		.loc 1 168 7 is_stmt 0 view .LVU138
 530 0094 2846     		mov	r0, r5
 531              	.LVL58:
 168:Drivers/u8glib/src/u8g_pb8h8.c ****       break;
 532              		.loc 1 168 7 view .LVU139
 533 0096 FFF7FEFF 		bl	u8g_pb_GetPageBox
 534              	.LVL59:
 169:Drivers/u8glib/src/u8g_pb8h8.c ****     case U8G_DEV_MSG_GET_WIDTH:
 535              		.loc 1 169 7 is_stmt 1 view .LVU140
 536              		.loc 1 183 10 is_stmt 0 view .LVU141
 537 009a 0120     		movs	r0, #1
 169:Drivers/u8glib/src/u8g_pb8h8.c ****     case U8G_DEV_MSG_GET_WIDTH:
 538              		.loc 1 169 7 view .LVU142
 539 009c 08E0     		b	.L24
 540              	.LVL60:
 541              	.L28:
 171:Drivers/u8glib/src/u8g_pb8h8.c ****       break;
 542              		.loc 1 171 7 is_stmt 1 view .LVU143
 171:Drivers/u8glib/src/u8g_pb8h8.c ****       break;
 543              		.loc 1 171 32 is_stmt 0 view .LVU144
 544 009e 6B79     		ldrb	r3, [r5, #5]	@ zero_extendqisi2
 171:Drivers/u8glib/src/u8g_pb8h8.c ****       break;
 545              		.loc 1 171 28 view .LVU145
 546 00a0 2370     		strb	r3, [r4]
 172:Drivers/u8glib/src/u8g_pb8h8.c ****     case U8G_DEV_MSG_GET_HEIGHT:
 547              		.loc 1 172 7 is_stmt 1 view .LVU146
 548              		.loc 1 183 10 is_stmt 0 view .LVU147
 549 00a2 0120     		movs	r0, #1
 550              	.LVL61:
 172:Drivers/u8glib/src/u8g_pb8h8.c ****     case U8G_DEV_MSG_GET_HEIGHT:
 551              		.loc 1 172 7 view .LVU148
 552 00a4 04E0     		b	.L24
 553              	.LVL62:
 554              	.L27:
 174:Drivers/u8glib/src/u8g_pb8h8.c ****       break;
 555              		.loc 1 174 7 is_stmt 1 view .LVU149
 174:Drivers/u8glib/src/u8g_pb8h8.c ****       break;
 556              		.loc 1 174 35 is_stmt 0 view .LVU150
 557 00a6 6B78     		ldrb	r3, [r5, #1]	@ zero_extendqisi2
 174:Drivers/u8glib/src/u8g_pb8h8.c ****       break;
 558              		.loc 1 174 28 view .LVU151
 559 00a8 2370     		strb	r3, [r4]
ARM GAS  C:\Users\Zbigniew\AppData\Local\Temp\ccTXjJ9F.s 			page 15


 175:Drivers/u8glib/src/u8g_pb8h8.c ****     case U8G_DEV_MSG_SET_COLOR_ENTRY:
 560              		.loc 1 175 7 is_stmt 1 view .LVU152
 561              		.loc 1 183 10 is_stmt 0 view .LVU153
 562 00aa 0120     		movs	r0, #1
 563              	.LVL63:
 175:Drivers/u8glib/src/u8g_pb8h8.c ****     case U8G_DEV_MSG_SET_COLOR_ENTRY:
 564              		.loc 1 175 7 view .LVU154
 565 00ac 00E0     		b	.L24
 566              	.LVL64:
 567              	.L34:
 568              		.loc 1 183 10 view .LVU155
 569 00ae 0120     		movs	r0, #1
 570              	.LVL65:
 571              	.L24:
 184:Drivers/u8glib/src/u8g_pb8h8.c **** }
 572              		.loc 1 184 1 view .LVU156
 573 00b0 38BD     		pop	{r3, r4, r5, pc}
 574              		.loc 1 184 1 view .LVU157
 575              		.cfi_endproc
 576              	.LFE5:
 578              		.text
 579              	.Letext0:
 580              		.file 2 "c:\\users\\zbigniew\\appdata\\roaming\\code\\user\\globalstorage\\bmd.stm32-for-vscode\\@
 581              		.file 3 "c:\\users\\zbigniew\\appdata\\roaming\\code\\user\\globalstorage\\bmd.stm32-for-vscode\\@
 582              		.file 4 "Inc/../Drivers/u8glib/inc/u8g.h"
ARM GAS  C:\Users\Zbigniew\AppData\Local\Temp\ccTXjJ9F.s 			page 16


DEFINED SYMBOLS
                            *ABS*:0000000000000000 u8g_pb8h8.c
C:\Users\Zbigniew\AppData\Local\Temp\ccTXjJ9F.s:18     .text.u8g_pb8h8_set_pixel:0000000000000000 $t
C:\Users\Zbigniew\AppData\Local\Temp\ccTXjJ9F.s:23     .text.u8g_pb8h8_set_pixel:0000000000000000 u8g_pb8h8_set_pixel
C:\Users\Zbigniew\AppData\Local\Temp\ccTXjJ9F.s:79     .text.u8g_pb8h8_Clear:0000000000000000 $t
C:\Users\Zbigniew\AppData\Local\Temp\ccTXjJ9F.s:85     .text.u8g_pb8h8_Clear:0000000000000000 u8g_pb8h8_Clear
C:\Users\Zbigniew\AppData\Local\Temp\ccTXjJ9F.s:129    .text.u8g_pb8h8_Init:0000000000000000 $t
C:\Users\Zbigniew\AppData\Local\Temp\ccTXjJ9F.s:135    .text.u8g_pb8h8_Init:0000000000000000 u8g_pb8h8_Init
C:\Users\Zbigniew\AppData\Local\Temp\ccTXjJ9F.s:163    .text.u8g_pb8h8_SetPixel:0000000000000000 $t
C:\Users\Zbigniew\AppData\Local\Temp\ccTXjJ9F.s:169    .text.u8g_pb8h8_SetPixel:0000000000000000 u8g_pb8h8_SetPixel
C:\Users\Zbigniew\AppData\Local\Temp\ccTXjJ9F.s:223    .text.u8g_pb8h8_Set8Pixel:0000000000000000 $t
C:\Users\Zbigniew\AppData\Local\Temp\ccTXjJ9F.s:229    .text.u8g_pb8h8_Set8Pixel:0000000000000000 u8g_pb8h8_Set8Pixel
C:\Users\Zbigniew\AppData\Local\Temp\ccTXjJ9F.s:262    .text.u8g_pb8h8_Set8Pixel:0000000000000014 $d
C:\Users\Zbigniew\AppData\Local\Temp\ccTXjJ9F.s:266    .text.u8g_pb8h8_Set8Pixel:0000000000000018 $t
C:\Users\Zbigniew\AppData\Local\Temp\ccTXjJ9F.s:350    .text.u8g_dev_pb8h8_base_fn:0000000000000000 $t
C:\Users\Zbigniew\AppData\Local\Temp\ccTXjJ9F.s:356    .text.u8g_dev_pb8h8_base_fn:0000000000000000 u8g_dev_pb8h8_base_fn
C:\Users\Zbigniew\AppData\Local\Temp\ccTXjJ9F.s:385    .text.u8g_dev_pb8h8_base_fn:0000000000000010 $d
C:\Users\Zbigniew\AppData\Local\Temp\ccTXjJ9F.s:438    .text.u8g_dev_pb8h8_base_fn:0000000000000045 $d
C:\Users\Zbigniew\AppData\Local\Temp\ccTXjJ9F.s:438    .text.u8g_dev_pb8h8_base_fn:0000000000000046 $t

UNDEFINED SYMBOLS
u8g_pb_Is8PixelVisible
u8g_page_First
u8g_page_Next
u8g_pb_GetPageBox
