ARM GAS  C:\Users\Zbigniew\AppData\Local\Temp\cc4JdnBC.s 			page 1


   1              		.cpu cortex-m3
   2              		.eabi_attribute 20, 1
   3              		.eabi_attribute 21, 1
   4              		.eabi_attribute 23, 3
   5              		.eabi_attribute 24, 1
   6              		.eabi_attribute 25, 1
   7              		.eabi_attribute 26, 1
   8              		.eabi_attribute 30, 1
   9              		.eabi_attribute 34, 1
  10              		.eabi_attribute 18, 4
  11              		.file	"usart.c"
  12              		.text
  13              	.Ltext0:
  14              		.cfi_sections	.debug_frame
  15              		.section	.text.MX_USART1_UART_Init,"ax",%progbits
  16              		.align	1
  17              		.global	MX_USART1_UART_Init
  18              		.arch armv7-m
  19              		.syntax unified
  20              		.thumb
  21              		.thumb_func
  22              		.fpu softvfp
  24              	MX_USART1_UART_Init:
  25              	.LFB65:
  26              		.file 1 "Src/usart.c"
   1:Src/usart.c   **** /* USER CODE BEGIN Header */
   2:Src/usart.c   **** /**
   3:Src/usart.c   ****   ******************************************************************************
   4:Src/usart.c   ****   * @file    usart.c
   5:Src/usart.c   ****   * @brief   This file provides code for the configuration
   6:Src/usart.c   ****   *          of the USART instances.
   7:Src/usart.c   ****   ******************************************************************************
   8:Src/usart.c   ****   * @attention
   9:Src/usart.c   ****   *
  10:Src/usart.c   ****   * Copyright (c) 2021 STMicroelectronics.
  11:Src/usart.c   ****   * All rights reserved.
  12:Src/usart.c   ****   *
  13:Src/usart.c   ****   * This software is licensed under terms that can be found in the LICENSE file
  14:Src/usart.c   ****   * in the root directory of this software component.
  15:Src/usart.c   ****   * If no LICENSE file comes with this software, it is provided AS-IS.
  16:Src/usart.c   ****   *
  17:Src/usart.c   ****   ******************************************************************************
  18:Src/usart.c   ****   */
  19:Src/usart.c   **** /* USER CODE END Header */
  20:Src/usart.c   **** /* Includes ------------------------------------------------------------------*/
  21:Src/usart.c   **** #include "usart.h"
  22:Src/usart.c   **** 
  23:Src/usart.c   **** /* USER CODE BEGIN 0 */
  24:Src/usart.c   **** 
  25:Src/usart.c   **** /* USER CODE END 0 */
  26:Src/usart.c   **** 
  27:Src/usart.c   **** UART_HandleTypeDef huart1;
  28:Src/usart.c   **** UART_HandleTypeDef huart2;
  29:Src/usart.c   **** 
  30:Src/usart.c   **** /* USART1 init function */
  31:Src/usart.c   **** 
  32:Src/usart.c   **** void MX_USART1_UART_Init(void)
ARM GAS  C:\Users\Zbigniew\AppData\Local\Temp\cc4JdnBC.s 			page 2


  33:Src/usart.c   **** {
  27              		.loc 1 33 1 view -0
  28              		.cfi_startproc
  29              		@ args = 0, pretend = 0, frame = 0
  30              		@ frame_needed = 0, uses_anonymous_args = 0
  31 0000 08B5     		push	{r3, lr}
  32              	.LCFI0:
  33              		.cfi_def_cfa_offset 8
  34              		.cfi_offset 3, -8
  35              		.cfi_offset 14, -4
  34:Src/usart.c   **** 
  35:Src/usart.c   ****   /* USER CODE BEGIN USART1_Init 0 */
  36:Src/usart.c   **** 
  37:Src/usart.c   ****   /* USER CODE END USART1_Init 0 */
  38:Src/usart.c   **** 
  39:Src/usart.c   ****   /* USER CODE BEGIN USART1_Init 1 */
  40:Src/usart.c   **** 
  41:Src/usart.c   ****   /* USER CODE END USART1_Init 1 */
  42:Src/usart.c   ****   huart1.Instance = USART1;
  36              		.loc 1 42 3 view .LVU1
  37              		.loc 1 42 19 is_stmt 0 view .LVU2
  38 0002 0A48     		ldr	r0, .L5
  39 0004 0A4B     		ldr	r3, .L5+4
  40 0006 0360     		str	r3, [r0]
  43:Src/usart.c   ****   huart1.Init.BaudRate = 115200;
  41              		.loc 1 43 3 is_stmt 1 view .LVU3
  42              		.loc 1 43 24 is_stmt 0 view .LVU4
  43 0008 4FF4E133 		mov	r3, #115200
  44 000c 4360     		str	r3, [r0, #4]
  44:Src/usart.c   ****   huart1.Init.WordLength = UART_WORDLENGTH_8B;
  45              		.loc 1 44 3 is_stmt 1 view .LVU5
  46              		.loc 1 44 26 is_stmt 0 view .LVU6
  47 000e 0023     		movs	r3, #0
  48 0010 8360     		str	r3, [r0, #8]
  45:Src/usart.c   ****   huart1.Init.StopBits = UART_STOPBITS_1;
  49              		.loc 1 45 3 is_stmt 1 view .LVU7
  50              		.loc 1 45 24 is_stmt 0 view .LVU8
  51 0012 C360     		str	r3, [r0, #12]
  46:Src/usart.c   ****   huart1.Init.Parity = UART_PARITY_NONE;
  52              		.loc 1 46 3 is_stmt 1 view .LVU9
  53              		.loc 1 46 22 is_stmt 0 view .LVU10
  54 0014 0361     		str	r3, [r0, #16]
  47:Src/usart.c   ****   huart1.Init.Mode = UART_MODE_TX_RX;
  55              		.loc 1 47 3 is_stmt 1 view .LVU11
  56              		.loc 1 47 20 is_stmt 0 view .LVU12
  57 0016 0C22     		movs	r2, #12
  58 0018 4261     		str	r2, [r0, #20]
  48:Src/usart.c   ****   huart1.Init.HwFlowCtl = UART_HWCONTROL_NONE;
  59              		.loc 1 48 3 is_stmt 1 view .LVU13
  60              		.loc 1 48 25 is_stmt 0 view .LVU14
  61 001a 8361     		str	r3, [r0, #24]
  49:Src/usart.c   ****   huart1.Init.OverSampling = UART_OVERSAMPLING_16;
  62              		.loc 1 49 3 is_stmt 1 view .LVU15
  63              		.loc 1 49 28 is_stmt 0 view .LVU16
  64 001c C361     		str	r3, [r0, #28]
  50:Src/usart.c   ****   if (HAL_UART_Init(&huart1) != HAL_OK)
  65              		.loc 1 50 3 is_stmt 1 view .LVU17
ARM GAS  C:\Users\Zbigniew\AppData\Local\Temp\cc4JdnBC.s 			page 3


  66              		.loc 1 50 7 is_stmt 0 view .LVU18
  67 001e FFF7FEFF 		bl	HAL_UART_Init
  68              	.LVL0:
  69              		.loc 1 50 6 view .LVU19
  70 0022 00B9     		cbnz	r0, .L4
  71              	.L1:
  51:Src/usart.c   ****   {
  52:Src/usart.c   ****     Error_Handler();
  53:Src/usart.c   ****   }
  54:Src/usart.c   ****   /* USER CODE BEGIN USART1_Init 2 */
  55:Src/usart.c   **** 
  56:Src/usart.c   ****   /* USER CODE END USART1_Init 2 */
  57:Src/usart.c   **** 
  58:Src/usart.c   **** }
  72              		.loc 1 58 1 view .LVU20
  73 0024 08BD     		pop	{r3, pc}
  74              	.L4:
  52:Src/usart.c   ****   }
  75              		.loc 1 52 5 is_stmt 1 view .LVU21
  76 0026 FFF7FEFF 		bl	Error_Handler
  77              	.LVL1:
  78              		.loc 1 58 1 is_stmt 0 view .LVU22
  79 002a FBE7     		b	.L1
  80              	.L6:
  81              		.align	2
  82              	.L5:
  83 002c 00000000 		.word	.LANCHOR0
  84 0030 00380140 		.word	1073821696
  85              		.cfi_endproc
  86              	.LFE65:
  88              		.section	.text.MX_USART2_UART_Init,"ax",%progbits
  89              		.align	1
  90              		.global	MX_USART2_UART_Init
  91              		.syntax unified
  92              		.thumb
  93              		.thumb_func
  94              		.fpu softvfp
  96              	MX_USART2_UART_Init:
  97              	.LFB66:
  59:Src/usart.c   **** /* USART2 init function */
  60:Src/usart.c   **** 
  61:Src/usart.c   **** void MX_USART2_UART_Init(void)
  62:Src/usart.c   **** {
  98              		.loc 1 62 1 is_stmt 1 view -0
  99              		.cfi_startproc
 100              		@ args = 0, pretend = 0, frame = 0
 101              		@ frame_needed = 0, uses_anonymous_args = 0
 102 0000 08B5     		push	{r3, lr}
 103              	.LCFI1:
 104              		.cfi_def_cfa_offset 8
 105              		.cfi_offset 3, -8
 106              		.cfi_offset 14, -4
  63:Src/usart.c   **** 
  64:Src/usart.c   ****   /* USER CODE BEGIN USART2_Init 0 */
  65:Src/usart.c   **** 
  66:Src/usart.c   ****   /* USER CODE END USART2_Init 0 */
  67:Src/usart.c   **** 
ARM GAS  C:\Users\Zbigniew\AppData\Local\Temp\cc4JdnBC.s 			page 4


  68:Src/usart.c   ****   /* USER CODE BEGIN USART2_Init 1 */
  69:Src/usart.c   **** 
  70:Src/usart.c   ****   /* USER CODE END USART2_Init 1 */
  71:Src/usart.c   ****   huart2.Instance = USART2;
 107              		.loc 1 71 3 view .LVU24
 108              		.loc 1 71 19 is_stmt 0 view .LVU25
 109 0002 0A48     		ldr	r0, .L11
 110 0004 0A4B     		ldr	r3, .L11+4
 111 0006 0360     		str	r3, [r0]
  72:Src/usart.c   ****   huart2.Init.BaudRate = 9600;
 112              		.loc 1 72 3 is_stmt 1 view .LVU26
 113              		.loc 1 72 24 is_stmt 0 view .LVU27
 114 0008 4FF41653 		mov	r3, #9600
 115 000c 4360     		str	r3, [r0, #4]
  73:Src/usart.c   ****   huart2.Init.WordLength = UART_WORDLENGTH_8B;
 116              		.loc 1 73 3 is_stmt 1 view .LVU28
 117              		.loc 1 73 26 is_stmt 0 view .LVU29
 118 000e 0023     		movs	r3, #0
 119 0010 8360     		str	r3, [r0, #8]
  74:Src/usart.c   ****   huart2.Init.StopBits = UART_STOPBITS_1;
 120              		.loc 1 74 3 is_stmt 1 view .LVU30
 121              		.loc 1 74 24 is_stmt 0 view .LVU31
 122 0012 C360     		str	r3, [r0, #12]
  75:Src/usart.c   ****   huart2.Init.Parity = UART_PARITY_NONE;
 123              		.loc 1 75 3 is_stmt 1 view .LVU32
 124              		.loc 1 75 22 is_stmt 0 view .LVU33
 125 0014 0361     		str	r3, [r0, #16]
  76:Src/usart.c   ****   huart2.Init.Mode = UART_MODE_TX_RX;
 126              		.loc 1 76 3 is_stmt 1 view .LVU34
 127              		.loc 1 76 20 is_stmt 0 view .LVU35
 128 0016 0C22     		movs	r2, #12
 129 0018 4261     		str	r2, [r0, #20]
  77:Src/usart.c   ****   huart2.Init.HwFlowCtl = UART_HWCONTROL_NONE;
 130              		.loc 1 77 3 is_stmt 1 view .LVU36
 131              		.loc 1 77 25 is_stmt 0 view .LVU37
 132 001a 8361     		str	r3, [r0, #24]
  78:Src/usart.c   ****   huart2.Init.OverSampling = UART_OVERSAMPLING_16;
 133              		.loc 1 78 3 is_stmt 1 view .LVU38
 134              		.loc 1 78 28 is_stmt 0 view .LVU39
 135 001c C361     		str	r3, [r0, #28]
  79:Src/usart.c   ****   if (HAL_UART_Init(&huart2) != HAL_OK)
 136              		.loc 1 79 3 is_stmt 1 view .LVU40
 137              		.loc 1 79 7 is_stmt 0 view .LVU41
 138 001e FFF7FEFF 		bl	HAL_UART_Init
 139              	.LVL2:
 140              		.loc 1 79 6 view .LVU42
 141 0022 00B9     		cbnz	r0, .L10
 142              	.L7:
  80:Src/usart.c   ****   {
  81:Src/usart.c   ****     Error_Handler();
  82:Src/usart.c   ****   }
  83:Src/usart.c   ****   /* USER CODE BEGIN USART2_Init 2 */
  84:Src/usart.c   **** 
  85:Src/usart.c   ****   /* USER CODE END USART2_Init 2 */
  86:Src/usart.c   **** 
  87:Src/usart.c   **** }
 143              		.loc 1 87 1 view .LVU43
ARM GAS  C:\Users\Zbigniew\AppData\Local\Temp\cc4JdnBC.s 			page 5


 144 0024 08BD     		pop	{r3, pc}
 145              	.L10:
  81:Src/usart.c   ****   }
 146              		.loc 1 81 5 is_stmt 1 view .LVU44
 147 0026 FFF7FEFF 		bl	Error_Handler
 148              	.LVL3:
 149              		.loc 1 87 1 is_stmt 0 view .LVU45
 150 002a FBE7     		b	.L7
 151              	.L12:
 152              		.align	2
 153              	.L11:
 154 002c 00000000 		.word	.LANCHOR1
 155 0030 00440040 		.word	1073759232
 156              		.cfi_endproc
 157              	.LFE66:
 159              		.section	.text.HAL_UART_MspInit,"ax",%progbits
 160              		.align	1
 161              		.global	HAL_UART_MspInit
 162              		.syntax unified
 163              		.thumb
 164              		.thumb_func
 165              		.fpu softvfp
 167              	HAL_UART_MspInit:
 168              	.LVL4:
 169              	.LFB67:
  88:Src/usart.c   **** 
  89:Src/usart.c   **** void HAL_UART_MspInit(UART_HandleTypeDef* uartHandle)
  90:Src/usart.c   **** {
 170              		.loc 1 90 1 is_stmt 1 view -0
 171              		.cfi_startproc
 172              		@ args = 0, pretend = 0, frame = 32
 173              		@ frame_needed = 0, uses_anonymous_args = 0
 174              		.loc 1 90 1 is_stmt 0 view .LVU47
 175 0000 10B5     		push	{r4, lr}
 176              	.LCFI2:
 177              		.cfi_def_cfa_offset 8
 178              		.cfi_offset 4, -8
 179              		.cfi_offset 14, -4
 180 0002 88B0     		sub	sp, sp, #32
 181              	.LCFI3:
 182              		.cfi_def_cfa_offset 40
  91:Src/usart.c   **** 
  92:Src/usart.c   ****   GPIO_InitTypeDef GPIO_InitStruct = {0};
 183              		.loc 1 92 3 is_stmt 1 view .LVU48
 184              		.loc 1 92 20 is_stmt 0 view .LVU49
 185 0004 0023     		movs	r3, #0
 186 0006 0493     		str	r3, [sp, #16]
 187 0008 0593     		str	r3, [sp, #20]
 188 000a 0693     		str	r3, [sp, #24]
 189 000c 0793     		str	r3, [sp, #28]
  93:Src/usart.c   ****   if(uartHandle->Instance==USART1)
 190              		.loc 1 93 3 is_stmt 1 view .LVU50
 191              		.loc 1 93 16 is_stmt 0 view .LVU51
 192 000e 0368     		ldr	r3, [r0]
 193              		.loc 1 93 5 view .LVU52
 194 0010 2C4A     		ldr	r2, .L19
 195 0012 9342     		cmp	r3, r2
ARM GAS  C:\Users\Zbigniew\AppData\Local\Temp\cc4JdnBC.s 			page 6


 196 0014 04D0     		beq	.L17
  94:Src/usart.c   ****   {
  95:Src/usart.c   ****   /* USER CODE BEGIN USART1_MspInit 0 */
  96:Src/usart.c   **** 
  97:Src/usart.c   ****   /* USER CODE END USART1_MspInit 0 */
  98:Src/usart.c   ****     /* USART1 clock enable */
  99:Src/usart.c   ****     __HAL_RCC_USART1_CLK_ENABLE();
 100:Src/usart.c   **** 
 101:Src/usart.c   ****     __HAL_RCC_GPIOA_CLK_ENABLE();
 102:Src/usart.c   ****     /**USART1 GPIO Configuration
 103:Src/usart.c   ****     PA9     ------> USART1_TX
 104:Src/usart.c   ****     PA10     ------> USART1_RX
 105:Src/usart.c   ****     */
 106:Src/usart.c   ****     GPIO_InitStruct.Pin = GPIO_PIN_9;
 107:Src/usart.c   ****     GPIO_InitStruct.Mode = GPIO_MODE_AF_PP;
 108:Src/usart.c   ****     GPIO_InitStruct.Speed = GPIO_SPEED_FREQ_HIGH;
 109:Src/usart.c   ****     HAL_GPIO_Init(GPIOA, &GPIO_InitStruct);
 110:Src/usart.c   **** 
 111:Src/usart.c   ****     GPIO_InitStruct.Pin = GPIO_PIN_10;
 112:Src/usart.c   ****     GPIO_InitStruct.Mode = GPIO_MODE_INPUT;
 113:Src/usart.c   ****     GPIO_InitStruct.Pull = GPIO_NOPULL;
 114:Src/usart.c   ****     HAL_GPIO_Init(GPIOA, &GPIO_InitStruct);
 115:Src/usart.c   **** 
 116:Src/usart.c   ****   /* USER CODE BEGIN USART1_MspInit 1 */
 117:Src/usart.c   **** 
 118:Src/usart.c   ****   /* USER CODE END USART1_MspInit 1 */
 119:Src/usart.c   ****   }
 120:Src/usart.c   ****   else if(uartHandle->Instance==USART2)
 197              		.loc 1 120 8 is_stmt 1 view .LVU53
 198              		.loc 1 120 10 is_stmt 0 view .LVU54
 199 0016 2C4A     		ldr	r2, .L19+4
 200 0018 9342     		cmp	r3, r2
 201 001a 2BD0     		beq	.L18
 202              	.LVL5:
 203              	.L13:
 121:Src/usart.c   ****   {
 122:Src/usart.c   ****   /* USER CODE BEGIN USART2_MspInit 0 */
 123:Src/usart.c   **** 
 124:Src/usart.c   ****   /* USER CODE END USART2_MspInit 0 */
 125:Src/usart.c   ****     /* USART2 clock enable */
 126:Src/usart.c   ****     __HAL_RCC_USART2_CLK_ENABLE();
 127:Src/usart.c   **** 
 128:Src/usart.c   ****     __HAL_RCC_GPIOA_CLK_ENABLE();
 129:Src/usart.c   ****     /**USART2 GPIO Configuration
 130:Src/usart.c   ****     PA2     ------> USART2_TX
 131:Src/usart.c   ****     PA3     ------> USART2_RX
 132:Src/usart.c   ****     */
 133:Src/usart.c   ****     GPIO_InitStruct.Pin = GPIO_PIN_2;
 134:Src/usart.c   ****     GPIO_InitStruct.Mode = GPIO_MODE_AF_PP;
 135:Src/usart.c   ****     GPIO_InitStruct.Speed = GPIO_SPEED_FREQ_HIGH;
 136:Src/usart.c   ****     HAL_GPIO_Init(GPIOA, &GPIO_InitStruct);
 137:Src/usart.c   **** 
 138:Src/usart.c   ****     GPIO_InitStruct.Pin = GPIO_PIN_3;
 139:Src/usart.c   ****     GPIO_InitStruct.Mode = GPIO_MODE_INPUT;
 140:Src/usart.c   ****     GPIO_InitStruct.Pull = GPIO_NOPULL;
 141:Src/usart.c   ****     HAL_GPIO_Init(GPIOA, &GPIO_InitStruct);
 142:Src/usart.c   **** 
ARM GAS  C:\Users\Zbigniew\AppData\Local\Temp\cc4JdnBC.s 			page 7


 143:Src/usart.c   ****   /* USER CODE BEGIN USART2_MspInit 1 */
 144:Src/usart.c   **** 
 145:Src/usart.c   ****   /* USER CODE END USART2_MspInit 1 */
 146:Src/usart.c   ****   }
 147:Src/usart.c   **** }
 204              		.loc 1 147 1 view .LVU55
 205 001c 08B0     		add	sp, sp, #32
 206              	.LCFI4:
 207              		.cfi_remember_state
 208              		.cfi_def_cfa_offset 8
 209              		@ sp needed
 210 001e 10BD     		pop	{r4, pc}
 211              	.LVL6:
 212              	.L17:
 213              	.LCFI5:
 214              		.cfi_restore_state
  99:Src/usart.c   **** 
 215              		.loc 1 99 5 is_stmt 1 view .LVU56
 216              	.LBB2:
  99:Src/usart.c   **** 
 217              		.loc 1 99 5 view .LVU57
  99:Src/usart.c   **** 
 218              		.loc 1 99 5 view .LVU58
 219 0020 2A4B     		ldr	r3, .L19+8
 220 0022 9A69     		ldr	r2, [r3, #24]
 221 0024 42F48042 		orr	r2, r2, #16384
 222 0028 9A61     		str	r2, [r3, #24]
  99:Src/usart.c   **** 
 223              		.loc 1 99 5 view .LVU59
 224 002a 9A69     		ldr	r2, [r3, #24]
 225 002c 02F48042 		and	r2, r2, #16384
 226 0030 0092     		str	r2, [sp]
  99:Src/usart.c   **** 
 227              		.loc 1 99 5 view .LVU60
 228 0032 009A     		ldr	r2, [sp]
 229              	.LBE2:
  99:Src/usart.c   **** 
 230              		.loc 1 99 5 view .LVU61
 101:Src/usart.c   ****     /**USART1 GPIO Configuration
 231              		.loc 1 101 5 view .LVU62
 232              	.LBB3:
 101:Src/usart.c   ****     /**USART1 GPIO Configuration
 233              		.loc 1 101 5 view .LVU63
 101:Src/usart.c   ****     /**USART1 GPIO Configuration
 234              		.loc 1 101 5 view .LVU64
 235 0034 9A69     		ldr	r2, [r3, #24]
 236 0036 42F00402 		orr	r2, r2, #4
 237 003a 9A61     		str	r2, [r3, #24]
 101:Src/usart.c   ****     /**USART1 GPIO Configuration
 238              		.loc 1 101 5 view .LVU65
 239 003c 9B69     		ldr	r3, [r3, #24]
 240 003e 03F00403 		and	r3, r3, #4
 241 0042 0193     		str	r3, [sp, #4]
 101:Src/usart.c   ****     /**USART1 GPIO Configuration
 242              		.loc 1 101 5 view .LVU66
 243 0044 019B     		ldr	r3, [sp, #4]
 244              	.LBE3:
ARM GAS  C:\Users\Zbigniew\AppData\Local\Temp\cc4JdnBC.s 			page 8


 101:Src/usart.c   ****     /**USART1 GPIO Configuration
 245              		.loc 1 101 5 view .LVU67
 106:Src/usart.c   ****     GPIO_InitStruct.Mode = GPIO_MODE_AF_PP;
 246              		.loc 1 106 5 view .LVU68
 106:Src/usart.c   ****     GPIO_InitStruct.Mode = GPIO_MODE_AF_PP;
 247              		.loc 1 106 25 is_stmt 0 view .LVU69
 248 0046 4FF40073 		mov	r3, #512
 249 004a 0493     		str	r3, [sp, #16]
 107:Src/usart.c   ****     GPIO_InitStruct.Speed = GPIO_SPEED_FREQ_HIGH;
 250              		.loc 1 107 5 is_stmt 1 view .LVU70
 107:Src/usart.c   ****     GPIO_InitStruct.Speed = GPIO_SPEED_FREQ_HIGH;
 251              		.loc 1 107 26 is_stmt 0 view .LVU71
 252 004c 0223     		movs	r3, #2
 253 004e 0593     		str	r3, [sp, #20]
 108:Src/usart.c   ****     HAL_GPIO_Init(GPIOA, &GPIO_InitStruct);
 254              		.loc 1 108 5 is_stmt 1 view .LVU72
 108:Src/usart.c   ****     HAL_GPIO_Init(GPIOA, &GPIO_InitStruct);
 255              		.loc 1 108 27 is_stmt 0 view .LVU73
 256 0050 0323     		movs	r3, #3
 257 0052 0793     		str	r3, [sp, #28]
 109:Src/usart.c   **** 
 258              		.loc 1 109 5 is_stmt 1 view .LVU74
 259 0054 1E4C     		ldr	r4, .L19+12
 260 0056 04A9     		add	r1, sp, #16
 261 0058 2046     		mov	r0, r4
 262              	.LVL7:
 109:Src/usart.c   **** 
 263              		.loc 1 109 5 is_stmt 0 view .LVU75
 264 005a FFF7FEFF 		bl	HAL_GPIO_Init
 265              	.LVL8:
 111:Src/usart.c   ****     GPIO_InitStruct.Mode = GPIO_MODE_INPUT;
 266              		.loc 1 111 5 is_stmt 1 view .LVU76
 111:Src/usart.c   ****     GPIO_InitStruct.Mode = GPIO_MODE_INPUT;
 267              		.loc 1 111 25 is_stmt 0 view .LVU77
 268 005e 4FF48063 		mov	r3, #1024
 269 0062 0493     		str	r3, [sp, #16]
 112:Src/usart.c   ****     GPIO_InitStruct.Pull = GPIO_NOPULL;
 270              		.loc 1 112 5 is_stmt 1 view .LVU78
 112:Src/usart.c   ****     GPIO_InitStruct.Pull = GPIO_NOPULL;
 271              		.loc 1 112 26 is_stmt 0 view .LVU79
 272 0064 0023     		movs	r3, #0
 273 0066 0593     		str	r3, [sp, #20]
 113:Src/usart.c   ****     HAL_GPIO_Init(GPIOA, &GPIO_InitStruct);
 274              		.loc 1 113 5 is_stmt 1 view .LVU80
 113:Src/usart.c   ****     HAL_GPIO_Init(GPIOA, &GPIO_InitStruct);
 275              		.loc 1 113 26 is_stmt 0 view .LVU81
 276 0068 0693     		str	r3, [sp, #24]
 114:Src/usart.c   **** 
 277              		.loc 1 114 5 is_stmt 1 view .LVU82
 278 006a 04A9     		add	r1, sp, #16
 279 006c 2046     		mov	r0, r4
 280 006e FFF7FEFF 		bl	HAL_GPIO_Init
 281              	.LVL9:
 282 0072 D3E7     		b	.L13
 283              	.LVL10:
 284              	.L18:
 126:Src/usart.c   **** 
ARM GAS  C:\Users\Zbigniew\AppData\Local\Temp\cc4JdnBC.s 			page 9


 285              		.loc 1 126 5 view .LVU83
 286              	.LBB4:
 126:Src/usart.c   **** 
 287              		.loc 1 126 5 view .LVU84
 126:Src/usart.c   **** 
 288              		.loc 1 126 5 view .LVU85
 289 0074 154B     		ldr	r3, .L19+8
 290 0076 DA69     		ldr	r2, [r3, #28]
 291 0078 42F40032 		orr	r2, r2, #131072
 292 007c DA61     		str	r2, [r3, #28]
 126:Src/usart.c   **** 
 293              		.loc 1 126 5 view .LVU86
 294 007e DA69     		ldr	r2, [r3, #28]
 295 0080 02F40032 		and	r2, r2, #131072
 296 0084 0292     		str	r2, [sp, #8]
 126:Src/usart.c   **** 
 297              		.loc 1 126 5 view .LVU87
 298 0086 029A     		ldr	r2, [sp, #8]
 299              	.LBE4:
 126:Src/usart.c   **** 
 300              		.loc 1 126 5 view .LVU88
 128:Src/usart.c   ****     /**USART2 GPIO Configuration
 301              		.loc 1 128 5 view .LVU89
 302              	.LBB5:
 128:Src/usart.c   ****     /**USART2 GPIO Configuration
 303              		.loc 1 128 5 view .LVU90
 128:Src/usart.c   ****     /**USART2 GPIO Configuration
 304              		.loc 1 128 5 view .LVU91
 305 0088 9A69     		ldr	r2, [r3, #24]
 306 008a 42F00402 		orr	r2, r2, #4
 307 008e 9A61     		str	r2, [r3, #24]
 128:Src/usart.c   ****     /**USART2 GPIO Configuration
 308              		.loc 1 128 5 view .LVU92
 309 0090 9B69     		ldr	r3, [r3, #24]
 310 0092 03F00403 		and	r3, r3, #4
 311 0096 0393     		str	r3, [sp, #12]
 128:Src/usart.c   ****     /**USART2 GPIO Configuration
 312              		.loc 1 128 5 view .LVU93
 313 0098 039B     		ldr	r3, [sp, #12]
 314              	.LBE5:
 128:Src/usart.c   ****     /**USART2 GPIO Configuration
 315              		.loc 1 128 5 view .LVU94
 133:Src/usart.c   ****     GPIO_InitStruct.Mode = GPIO_MODE_AF_PP;
 316              		.loc 1 133 5 view .LVU95
 133:Src/usart.c   ****     GPIO_InitStruct.Mode = GPIO_MODE_AF_PP;
 317              		.loc 1 133 25 is_stmt 0 view .LVU96
 318 009a 0423     		movs	r3, #4
 319 009c 0493     		str	r3, [sp, #16]
 134:Src/usart.c   ****     GPIO_InitStruct.Speed = GPIO_SPEED_FREQ_HIGH;
 320              		.loc 1 134 5 is_stmt 1 view .LVU97
 134:Src/usart.c   ****     GPIO_InitStruct.Speed = GPIO_SPEED_FREQ_HIGH;
 321              		.loc 1 134 26 is_stmt 0 view .LVU98
 322 009e 0223     		movs	r3, #2
 323 00a0 0593     		str	r3, [sp, #20]
 135:Src/usart.c   ****     HAL_GPIO_Init(GPIOA, &GPIO_InitStruct);
 324              		.loc 1 135 5 is_stmt 1 view .LVU99
 135:Src/usart.c   ****     HAL_GPIO_Init(GPIOA, &GPIO_InitStruct);
ARM GAS  C:\Users\Zbigniew\AppData\Local\Temp\cc4JdnBC.s 			page 10


 325              		.loc 1 135 27 is_stmt 0 view .LVU100
 326 00a2 0323     		movs	r3, #3
 327 00a4 0793     		str	r3, [sp, #28]
 136:Src/usart.c   **** 
 328              		.loc 1 136 5 is_stmt 1 view .LVU101
 329 00a6 0A4C     		ldr	r4, .L19+12
 330 00a8 04A9     		add	r1, sp, #16
 331 00aa 2046     		mov	r0, r4
 332              	.LVL11:
 136:Src/usart.c   **** 
 333              		.loc 1 136 5 is_stmt 0 view .LVU102
 334 00ac FFF7FEFF 		bl	HAL_GPIO_Init
 335              	.LVL12:
 138:Src/usart.c   ****     GPIO_InitStruct.Mode = GPIO_MODE_INPUT;
 336              		.loc 1 138 5 is_stmt 1 view .LVU103
 138:Src/usart.c   ****     GPIO_InitStruct.Mode = GPIO_MODE_INPUT;
 337              		.loc 1 138 25 is_stmt 0 view .LVU104
 338 00b0 0823     		movs	r3, #8
 339 00b2 0493     		str	r3, [sp, #16]
 139:Src/usart.c   ****     GPIO_InitStruct.Pull = GPIO_NOPULL;
 340              		.loc 1 139 5 is_stmt 1 view .LVU105
 139:Src/usart.c   ****     GPIO_InitStruct.Pull = GPIO_NOPULL;
 341              		.loc 1 139 26 is_stmt 0 view .LVU106
 342 00b4 0023     		movs	r3, #0
 343 00b6 0593     		str	r3, [sp, #20]
 140:Src/usart.c   ****     HAL_GPIO_Init(GPIOA, &GPIO_InitStruct);
 344              		.loc 1 140 5 is_stmt 1 view .LVU107
 140:Src/usart.c   ****     HAL_GPIO_Init(GPIOA, &GPIO_InitStruct);
 345              		.loc 1 140 26 is_stmt 0 view .LVU108
 346 00b8 0693     		str	r3, [sp, #24]
 141:Src/usart.c   **** 
 347              		.loc 1 141 5 is_stmt 1 view .LVU109
 348 00ba 04A9     		add	r1, sp, #16
 349 00bc 2046     		mov	r0, r4
 350 00be FFF7FEFF 		bl	HAL_GPIO_Init
 351              	.LVL13:
 352              		.loc 1 147 1 is_stmt 0 view .LVU110
 353 00c2 ABE7     		b	.L13
 354              	.L20:
 355              		.align	2
 356              	.L19:
 357 00c4 00380140 		.word	1073821696
 358 00c8 00440040 		.word	1073759232
 359 00cc 00100240 		.word	1073876992
 360 00d0 00080140 		.word	1073809408
 361              		.cfi_endproc
 362              	.LFE67:
 364              		.section	.text.HAL_UART_MspDeInit,"ax",%progbits
 365              		.align	1
 366              		.global	HAL_UART_MspDeInit
 367              		.syntax unified
 368              		.thumb
 369              		.thumb_func
 370              		.fpu softvfp
 372              	HAL_UART_MspDeInit:
 373              	.LVL14:
 374              	.LFB68:
ARM GAS  C:\Users\Zbigniew\AppData\Local\Temp\cc4JdnBC.s 			page 11


 148:Src/usart.c   **** 
 149:Src/usart.c   **** void HAL_UART_MspDeInit(UART_HandleTypeDef* uartHandle)
 150:Src/usart.c   **** {
 375              		.loc 1 150 1 is_stmt 1 view -0
 376              		.cfi_startproc
 377              		@ args = 0, pretend = 0, frame = 0
 378              		@ frame_needed = 0, uses_anonymous_args = 0
 379              		.loc 1 150 1 is_stmt 0 view .LVU112
 380 0000 08B5     		push	{r3, lr}
 381              	.LCFI6:
 382              		.cfi_def_cfa_offset 8
 383              		.cfi_offset 3, -8
 384              		.cfi_offset 14, -4
 151:Src/usart.c   **** 
 152:Src/usart.c   ****   if(uartHandle->Instance==USART1)
 385              		.loc 1 152 3 is_stmt 1 view .LVU113
 386              		.loc 1 152 16 is_stmt 0 view .LVU114
 387 0002 0368     		ldr	r3, [r0]
 388              		.loc 1 152 5 view .LVU115
 389 0004 0E4A     		ldr	r2, .L27
 390 0006 9342     		cmp	r3, r2
 391 0008 03D0     		beq	.L25
 153:Src/usart.c   ****   {
 154:Src/usart.c   ****   /* USER CODE BEGIN USART1_MspDeInit 0 */
 155:Src/usart.c   **** 
 156:Src/usart.c   ****   /* USER CODE END USART1_MspDeInit 0 */
 157:Src/usart.c   ****     /* Peripheral clock disable */
 158:Src/usart.c   ****     __HAL_RCC_USART1_CLK_DISABLE();
 159:Src/usart.c   **** 
 160:Src/usart.c   ****     /**USART1 GPIO Configuration
 161:Src/usart.c   ****     PA9     ------> USART1_TX
 162:Src/usart.c   ****     PA10     ------> USART1_RX
 163:Src/usart.c   ****     */
 164:Src/usart.c   ****     HAL_GPIO_DeInit(GPIOA, GPIO_PIN_9|GPIO_PIN_10);
 165:Src/usart.c   **** 
 166:Src/usart.c   ****   /* USER CODE BEGIN USART1_MspDeInit 1 */
 167:Src/usart.c   **** 
 168:Src/usart.c   ****   /* USER CODE END USART1_MspDeInit 1 */
 169:Src/usart.c   ****   }
 170:Src/usart.c   ****   else if(uartHandle->Instance==USART2)
 392              		.loc 1 170 8 is_stmt 1 view .LVU116
 393              		.loc 1 170 10 is_stmt 0 view .LVU117
 394 000a 0E4A     		ldr	r2, .L27+4
 395 000c 9342     		cmp	r3, r2
 396 000e 0CD0     		beq	.L26
 397              	.LVL15:
 398              	.L21:
 171:Src/usart.c   ****   {
 172:Src/usart.c   ****   /* USER CODE BEGIN USART2_MspDeInit 0 */
 173:Src/usart.c   **** 
 174:Src/usart.c   ****   /* USER CODE END USART2_MspDeInit 0 */
 175:Src/usart.c   ****     /* Peripheral clock disable */
 176:Src/usart.c   ****     __HAL_RCC_USART2_CLK_DISABLE();
 177:Src/usart.c   **** 
 178:Src/usart.c   ****     /**USART2 GPIO Configuration
 179:Src/usart.c   ****     PA2     ------> USART2_TX
 180:Src/usart.c   ****     PA3     ------> USART2_RX
ARM GAS  C:\Users\Zbigniew\AppData\Local\Temp\cc4JdnBC.s 			page 12


 181:Src/usart.c   ****     */
 182:Src/usart.c   ****     HAL_GPIO_DeInit(GPIOA, GPIO_PIN_2|GPIO_PIN_3);
 183:Src/usart.c   **** 
 184:Src/usart.c   ****   /* USER CODE BEGIN USART2_MspDeInit 1 */
 185:Src/usart.c   **** 
 186:Src/usart.c   ****   /* USER CODE END USART2_MspDeInit 1 */
 187:Src/usart.c   ****   }
 188:Src/usart.c   **** }
 399              		.loc 1 188 1 view .LVU118
 400 0010 08BD     		pop	{r3, pc}
 401              	.LVL16:
 402              	.L25:
 158:Src/usart.c   **** 
 403              		.loc 1 158 5 is_stmt 1 view .LVU119
 404 0012 02F55842 		add	r2, r2, #55296
 405 0016 9369     		ldr	r3, [r2, #24]
 406 0018 23F48043 		bic	r3, r3, #16384
 407 001c 9361     		str	r3, [r2, #24]
 164:Src/usart.c   **** 
 408              		.loc 1 164 5 view .LVU120
 409 001e 4FF4C061 		mov	r1, #1536
 410 0022 0948     		ldr	r0, .L27+8
 411              	.LVL17:
 164:Src/usart.c   **** 
 412              		.loc 1 164 5 is_stmt 0 view .LVU121
 413 0024 FFF7FEFF 		bl	HAL_GPIO_DeInit
 414              	.LVL18:
 415 0028 F2E7     		b	.L21
 416              	.LVL19:
 417              	.L26:
 176:Src/usart.c   **** 
 418              		.loc 1 176 5 is_stmt 1 view .LVU122
 419 002a 02F5E632 		add	r2, r2, #117760
 420 002e D369     		ldr	r3, [r2, #28]
 421 0030 23F40033 		bic	r3, r3, #131072
 422 0034 D361     		str	r3, [r2, #28]
 182:Src/usart.c   **** 
 423              		.loc 1 182 5 view .LVU123
 424 0036 0C21     		movs	r1, #12
 425 0038 0348     		ldr	r0, .L27+8
 426              	.LVL20:
 182:Src/usart.c   **** 
 427              		.loc 1 182 5 is_stmt 0 view .LVU124
 428 003a FFF7FEFF 		bl	HAL_GPIO_DeInit
 429              	.LVL21:
 430              		.loc 1 188 1 view .LVU125
 431 003e E7E7     		b	.L21
 432              	.L28:
 433              		.align	2
 434              	.L27:
 435 0040 00380140 		.word	1073821696
 436 0044 00440040 		.word	1073759232
 437 0048 00080140 		.word	1073809408
 438              		.cfi_endproc
 439              	.LFE68:
 441              		.global	huart2
 442              		.global	huart1
ARM GAS  C:\Users\Zbigniew\AppData\Local\Temp\cc4JdnBC.s 			page 13


 443              		.section	.bss.huart1,"aw",%nobits
 444              		.align	2
 445              		.set	.LANCHOR0,. + 0
 448              	huart1:
 449 0000 00000000 		.space	68
 449      00000000 
 449      00000000 
 449      00000000 
 449      00000000 
 450              		.section	.bss.huart2,"aw",%nobits
 451              		.align	2
 452              		.set	.LANCHOR1,. + 0
 455              	huart2:
 456 0000 00000000 		.space	68
 456      00000000 
 456      00000000 
 456      00000000 
 456      00000000 
 457              		.text
 458              	.Letext0:
 459              		.file 2 "g:\\msys\\mingw64\\arm-none-eabi\\include\\machine\\_default_types.h"
 460              		.file 3 "g:\\msys\\mingw64\\arm-none-eabi\\include\\sys\\_stdint.h"
 461              		.file 4 "Drivers/CMSIS/Device/ST/STM32F1xx/Include/stm32f103xe.h"
 462              		.file 5 "Drivers/STM32F1xx_HAL_Driver/Inc/stm32f1xx_hal_def.h"
 463              		.file 6 "Drivers/STM32F1xx_HAL_Driver/Inc/stm32f1xx_hal_gpio.h"
 464              		.file 7 "Drivers/STM32F1xx_HAL_Driver/Inc/stm32f1xx_hal_dma.h"
 465              		.file 8 "Drivers/STM32F1xx_HAL_Driver/Inc/stm32f1xx_hal_uart.h"
 466              		.file 9 "Inc/usart.h"
 467              		.file 10 "Inc/main.h"
ARM GAS  C:\Users\Zbigniew\AppData\Local\Temp\cc4JdnBC.s 			page 14


DEFINED SYMBOLS
                            *ABS*:0000000000000000 usart.c
C:\Users\Zbigniew\AppData\Local\Temp\cc4JdnBC.s:16     .text.MX_USART1_UART_Init:0000000000000000 $t
C:\Users\Zbigniew\AppData\Local\Temp\cc4JdnBC.s:24     .text.MX_USART1_UART_Init:0000000000000000 MX_USART1_UART_Init
C:\Users\Zbigniew\AppData\Local\Temp\cc4JdnBC.s:83     .text.MX_USART1_UART_Init:000000000000002c $d
C:\Users\Zbigniew\AppData\Local\Temp\cc4JdnBC.s:89     .text.MX_USART2_UART_Init:0000000000000000 $t
C:\Users\Zbigniew\AppData\Local\Temp\cc4JdnBC.s:96     .text.MX_USART2_UART_Init:0000000000000000 MX_USART2_UART_Init
C:\Users\Zbigniew\AppData\Local\Temp\cc4JdnBC.s:154    .text.MX_USART2_UART_Init:000000000000002c $d
C:\Users\Zbigniew\AppData\Local\Temp\cc4JdnBC.s:160    .text.HAL_UART_MspInit:0000000000000000 $t
C:\Users\Zbigniew\AppData\Local\Temp\cc4JdnBC.s:167    .text.HAL_UART_MspInit:0000000000000000 HAL_UART_MspInit
C:\Users\Zbigniew\AppData\Local\Temp\cc4JdnBC.s:357    .text.HAL_UART_MspInit:00000000000000c4 $d
C:\Users\Zbigniew\AppData\Local\Temp\cc4JdnBC.s:365    .text.HAL_UART_MspDeInit:0000000000000000 $t
C:\Users\Zbigniew\AppData\Local\Temp\cc4JdnBC.s:372    .text.HAL_UART_MspDeInit:0000000000000000 HAL_UART_MspDeInit
C:\Users\Zbigniew\AppData\Local\Temp\cc4JdnBC.s:435    .text.HAL_UART_MspDeInit:0000000000000040 $d
C:\Users\Zbigniew\AppData\Local\Temp\cc4JdnBC.s:455    .bss.huart2:0000000000000000 huart2
C:\Users\Zbigniew\AppData\Local\Temp\cc4JdnBC.s:448    .bss.huart1:0000000000000000 huart1
C:\Users\Zbigniew\AppData\Local\Temp\cc4JdnBC.s:444    .bss.huart1:0000000000000000 $d
C:\Users\Zbigniew\AppData\Local\Temp\cc4JdnBC.s:451    .bss.huart2:0000000000000000 $d

UNDEFINED SYMBOLS
HAL_UART_Init
Error_Handler
HAL_GPIO_Init
HAL_GPIO_DeInit
