ARM GAS  C:\Users\Zbigniew\AppData\Local\Temp\ccf4ahXr.s 			page 1


   1              		.cpu cortex-m3
   2              		.arch armv7-m
   3              		.fpu softvfp
   4              		.eabi_attribute 20, 1
   5              		.eabi_attribute 21, 1
   6              		.eabi_attribute 23, 3
   7              		.eabi_attribute 24, 1
   8              		.eabi_attribute 25, 1
   9              		.eabi_attribute 26, 1
  10              		.eabi_attribute 30, 1
  11              		.eabi_attribute 34, 1
  12              		.eabi_attribute 18, 4
  13              		.file	"ws_leds.c"
  14              		.text
  15              	.Ltext0:
  16              		.cfi_sections	.debug_frame
  17              		.section	.text.ws_senddata,"ax",%progbits
  18              		.align	1
  19              		.global	ws_senddata
  20              		.syntax unified
  21              		.thumb
  22              		.thumb_func
  24              	ws_senddata:
  25              	.LFB65:
  26              		.file 1 "GUI/Src/ws_leds.c"
   1:GUI/Src/ws_leds.c **** /*
   2:GUI/Src/ws_leds.c ****  * ws_leds.c
   3:GUI/Src/ws_leds.c ****  *
   4:GUI/Src/ws_leds.c ****  *  Created on: 16.02.2019
   5:GUI/Src/ws_leds.c ****  *      Author: user
   6:GUI/Src/ws_leds.c ****  */
   7:GUI/Src/ws_leds.c **** 
   8:GUI/Src/ws_leds.c **** #include "../GUI/Inc/ws_leds.h"
   9:GUI/Src/ws_leds.c **** #include "stm32f1xx_hal.h"
  10:GUI/Src/ws_leds.c **** #include <math.h>
  11:GUI/Src/ws_leds.c **** #include "usart.h"
  12:GUI/Src/ws_leds.c **** 
  13:GUI/Src/ws_leds.c **** /*Private variables*/
  14:GUI/Src/ws_leds.c **** uint8_t ws_spd = 0;
  15:GUI/Src/ws_leds.c **** uint8_t ws_spd_lim = 0;
  16:GUI/Src/ws_leds.c **** uint8_t ws_bat = 0;
  17:GUI/Src/ws_leds.c **** uint8_t ws_powr = 0;
  18:GUI/Src/ws_leds.c **** uint8_t ws_powr_mod =0;
  19:GUI/Src/ws_leds.c **** uint8_t ws_leds1 =0;
  20:GUI/Src/ws_leds.c **** uint8_t ws_leds2 =0;
  21:GUI/Src/ws_leds.c **** uint8_t ws_led_bright =0;
  22:GUI/Src/ws_leds.c **** uint8_t ws_mod=0;
  23:GUI/Src/ws_leds.c **** 
  24:GUI/Src/ws_leds.c **** 
  25:GUI/Src/ws_leds.c **** void ws_senddata(void)
  26:GUI/Src/ws_leds.c **** {
  27              		.loc 1 26 1 view -0
  28              		.cfi_startproc
  29              		@ args = 0, pretend = 0, frame = 16
  30              		@ frame_needed = 0, uses_anonymous_args = 0
  31 0000 00B5     		push	{lr}
  32              	.LCFI0:
ARM GAS  C:\Users\Zbigniew\AppData\Local\Temp\ccf4ahXr.s 			page 2


  33              		.cfi_def_cfa_offset 4
  34              		.cfi_offset 14, -4
  35 0002 85B0     		sub	sp, sp, #20
  36              	.LCFI1:
  37              		.cfi_def_cfa_offset 24
  27:GUI/Src/ws_leds.c **** 	char uart_buffer[9] = {ws_spd,ws_spd_lim,ws_bat,ws_powr,ws_powr_mod,ws_leds1,ws_leds2,ws_led_brigh
  38              		.loc 1 27 2 view .LVU1
  39              		.loc 1 27 7 is_stmt 0 view .LVU2
  40 0004 164B     		ldr	r3, .L3
  41 0006 1B78     		ldrb	r3, [r3]	@ zero_extendqisi2
  42 0008 8DF80430 		strb	r3, [sp, #4]
  43 000c 154B     		ldr	r3, .L3+4
  44 000e 1B78     		ldrb	r3, [r3]	@ zero_extendqisi2
  45 0010 8DF80530 		strb	r3, [sp, #5]
  46 0014 144B     		ldr	r3, .L3+8
  47 0016 1B78     		ldrb	r3, [r3]	@ zero_extendqisi2
  48 0018 8DF80630 		strb	r3, [sp, #6]
  49 001c 134B     		ldr	r3, .L3+12
  50 001e 1B78     		ldrb	r3, [r3]	@ zero_extendqisi2
  51 0020 8DF80730 		strb	r3, [sp, #7]
  52 0024 124B     		ldr	r3, .L3+16
  53 0026 1B78     		ldrb	r3, [r3]	@ zero_extendqisi2
  54 0028 8DF80830 		strb	r3, [sp, #8]
  55 002c 114B     		ldr	r3, .L3+20
  56 002e 1B78     		ldrb	r3, [r3]	@ zero_extendqisi2
  57 0030 8DF80930 		strb	r3, [sp, #9]
  58 0034 104B     		ldr	r3, .L3+24
  59 0036 1B78     		ldrb	r3, [r3]	@ zero_extendqisi2
  60 0038 8DF80A30 		strb	r3, [sp, #10]
  61 003c 0F4B     		ldr	r3, .L3+28
  62 003e 1B78     		ldrb	r3, [r3]	@ zero_extendqisi2
  63 0040 8DF80B30 		strb	r3, [sp, #11]
  64 0044 0E4B     		ldr	r3, .L3+32
  65 0046 1B78     		ldrb	r3, [r3]	@ zero_extendqisi2
  66 0048 8DF80C30 		strb	r3, [sp, #12]
  28:GUI/Src/ws_leds.c **** 	HAL_UART_Transmit(&huart1, (uint8_t*)uart_buffer,9, 100);
  67              		.loc 1 28 2 is_stmt 1 view .LVU3
  68 004c 6423     		movs	r3, #100
  69 004e 0922     		movs	r2, #9
  70 0050 01A9     		add	r1, sp, #4
  71 0052 0C48     		ldr	r0, .L3+36
  72 0054 FFF7FEFF 		bl	HAL_UART_Transmit
  73              	.LVL0:
  29:GUI/Src/ws_leds.c **** }
  74              		.loc 1 29 1 is_stmt 0 view .LVU4
  75 0058 05B0     		add	sp, sp, #20
  76              	.LCFI2:
  77              		.cfi_def_cfa_offset 4
  78              		@ sp needed
  79 005a 5DF804FB 		ldr	pc, [sp], #4
  80              	.L4:
  81 005e 00BF     		.align	2
  82              	.L3:
  83 0060 00000000 		.word	.LANCHOR0
  84 0064 00000000 		.word	.LANCHOR1
  85 0068 00000000 		.word	.LANCHOR2
  86 006c 00000000 		.word	.LANCHOR3
ARM GAS  C:\Users\Zbigniew\AppData\Local\Temp\ccf4ahXr.s 			page 3


  87 0070 00000000 		.word	.LANCHOR4
  88 0074 00000000 		.word	.LANCHOR5
  89 0078 00000000 		.word	.LANCHOR6
  90 007c 00000000 		.word	.LANCHOR7
  91 0080 00000000 		.word	.LANCHOR8
  92 0084 00000000 		.word	huart1
  93              		.cfi_endproc
  94              	.LFE65:
  96              		.section	.text.ws_set_leds,"ax",%progbits
  97              		.align	1
  98              		.global	ws_set_leds
  99              		.syntax unified
 100              		.thumb
 101              		.thumb_func
 103              	ws_set_leds:
 104              	.LVL1:
 105              	.LFB66:
  30:GUI/Src/ws_leds.c **** 
  31:GUI/Src/ws_leds.c **** void ws_set_leds(uint8_t byte1,uint8_t byte2)
  32:GUI/Src/ws_leds.c **** {
 106              		.loc 1 32 1 is_stmt 1 view -0
 107              		.cfi_startproc
 108              		@ args = 0, pretend = 0, frame = 0
 109              		@ frame_needed = 0, uses_anonymous_args = 0
 110              		@ link register save eliminated.
  33:GUI/Src/ws_leds.c **** 	ws_leds1 = byte1;
 111              		.loc 1 33 2 view .LVU6
 112              		.loc 1 33 11 is_stmt 0 view .LVU7
 113 0000 024B     		ldr	r3, .L6
 114 0002 1870     		strb	r0, [r3]
  34:GUI/Src/ws_leds.c **** 	ws_leds2 = byte2;
 115              		.loc 1 34 2 is_stmt 1 view .LVU8
 116              		.loc 1 34 11 is_stmt 0 view .LVU9
 117 0004 024B     		ldr	r3, .L6+4
 118 0006 1970     		strb	r1, [r3]
  35:GUI/Src/ws_leds.c **** }
 119              		.loc 1 35 1 view .LVU10
 120 0008 7047     		bx	lr
 121              	.L7:
 122 000a 00BF     		.align	2
 123              	.L6:
 124 000c 00000000 		.word	.LANCHOR5
 125 0010 00000000 		.word	.LANCHOR6
 126              		.cfi_endproc
 127              	.LFE66:
 129              		.global	__aeabi_i2d
 130              		.global	__aeabi_ddiv
 131              		.global	__aeabi_d2uiz
 132              		.section	.text.ws_set_speed,"ax",%progbits
 133              		.align	1
 134              		.global	ws_set_speed
 135              		.syntax unified
 136              		.thumb
 137              		.thumb_func
 139              	ws_set_speed:
 140              	.LVL2:
 141              	.LFB67:
ARM GAS  C:\Users\Zbigniew\AppData\Local\Temp\ccf4ahXr.s 			page 4


  36:GUI/Src/ws_leds.c **** 
  37:GUI/Src/ws_leds.c **** void ws_set_speed(uint8_t x)
  38:GUI/Src/ws_leds.c **** {
 142              		.loc 1 38 1 is_stmt 1 view -0
 143              		.cfi_startproc
 144              		@ args = 0, pretend = 0, frame = 0
 145              		@ frame_needed = 0, uses_anonymous_args = 0
 146              		.loc 1 38 1 is_stmt 0 view .LVU12
 147 0000 08B5     		push	{r3, lr}
 148              	.LCFI3:
 149              		.cfi_def_cfa_offset 8
 150              		.cfi_offset 3, -8
 151              		.cfi_offset 14, -4
  39:GUI/Src/ws_leds.c **** 	uint8_t buf = floor(x/2.5);
 152              		.loc 1 39 2 is_stmt 1 view .LVU13
 153              		.loc 1 39 16 is_stmt 0 view .LVU14
 154 0002 FFF7FEFF 		bl	__aeabi_i2d
 155              	.LVL3:
 156              		.loc 1 39 16 view .LVU15
 157 0006 0022     		movs	r2, #0
 158 0008 064B     		ldr	r3, .L12
 159 000a FFF7FEFF 		bl	__aeabi_ddiv
 160              	.LVL4:
 161 000e FFF7FEFF 		bl	floor
 162              	.LVL5:
 163              		.loc 1 39 10 view .LVU16
 164 0012 FFF7FEFF 		bl	__aeabi_d2uiz
 165              	.LVL6:
 166 0016 C0B2     		uxtb	r0, r0
 167              	.LVL7:
  40:GUI/Src/ws_leds.c **** 	if(buf > 56)
 168              		.loc 1 40 2 is_stmt 1 view .LVU17
 169              		.loc 1 40 4 is_stmt 0 view .LVU18
 170 0018 3828     		cmp	r0, #56
 171 001a 00D9     		bls	.L9
  41:GUI/Src/ws_leds.c **** 	{
  42:GUI/Src/ws_leds.c **** 		buf = 56;
 172              		.loc 1 42 7 view .LVU19
 173 001c 3820     		movs	r0, #56
 174              	.LVL8:
 175              	.L9:
  43:GUI/Src/ws_leds.c **** 	}
  44:GUI/Src/ws_leds.c **** 	ws_spd = buf;
 176              		.loc 1 44 2 is_stmt 1 view .LVU20
 177              		.loc 1 44 9 is_stmt 0 view .LVU21
 178 001e 024B     		ldr	r3, .L12+4
 179 0020 1870     		strb	r0, [r3]
  45:GUI/Src/ws_leds.c **** 
  46:GUI/Src/ws_leds.c **** }
 180              		.loc 1 46 1 view .LVU22
 181 0022 08BD     		pop	{r3, pc}
 182              	.L13:
 183              		.align	2
 184              	.L12:
 185 0024 00000440 		.word	1074003968
 186 0028 00000000 		.word	.LANCHOR0
 187              		.cfi_endproc
ARM GAS  C:\Users\Zbigniew\AppData\Local\Temp\ccf4ahXr.s 			page 5


 188              	.LFE67:
 190              		.section	.text.ws_set_power,"ax",%progbits
 191              		.align	1
 192              		.global	ws_set_power
 193              		.syntax unified
 194              		.thumb
 195              		.thumb_func
 197              	ws_set_power:
 198              	.LVL9:
 199              	.LFB68:
  47:GUI/Src/ws_leds.c **** void ws_set_power(double x, uint8_t charging)
  48:GUI/Src/ws_leds.c **** {
 200              		.loc 1 48 1 is_stmt 1 view -0
 201              		.cfi_startproc
 202              		@ args = 0, pretend = 0, frame = 0
 203              		@ frame_needed = 0, uses_anonymous_args = 0
 204              		.loc 1 48 1 is_stmt 0 view .LVU24
 205 0000 70B5     		push	{r4, r5, r6, lr}
 206              	.LCFI4:
 207              		.cfi_def_cfa_offset 16
 208              		.cfi_offset 4, -16
 209              		.cfi_offset 5, -12
 210              		.cfi_offset 6, -8
 211              		.cfi_offset 14, -4
 212 0002 0446     		mov	r4, r0
 213 0004 0D46     		mov	r5, r1
  49:GUI/Src/ws_leds.c **** 
  50:GUI/Src/ws_leds.c **** 	if(charging == 0)
 214              		.loc 1 50 2 is_stmt 1 view .LVU25
 215              		.loc 1 50 4 is_stmt 0 view .LVU26
 216 0006 1646     		mov	r6, r2
 217 0008 82B9     		cbnz	r2, .L15
 218              	.LBB2:
  51:GUI/Src/ws_leds.c **** 	{
  52:GUI/Src/ws_leds.c **** 		uint8_t buf = floor(x/0.75);
 219              		.loc 1 52 3 is_stmt 1 view .LVU27
 220              		.loc 1 52 17 is_stmt 0 view .LVU28
 221 000a 0022     		movs	r2, #0
 222              	.LVL10:
 223              		.loc 1 52 17 view .LVU29
 224 000c 114B     		ldr	r3, .L23
 225 000e FFF7FEFF 		bl	__aeabi_ddiv
 226              	.LVL11:
 227              		.loc 1 52 17 view .LVU30
 228 0012 FFF7FEFF 		bl	floor
 229              	.LVL12:
 230              		.loc 1 52 11 view .LVU31
 231 0016 FFF7FEFF 		bl	__aeabi_d2uiz
 232              	.LVL13:
 233 001a C0B2     		uxtb	r0, r0
 234              	.LVL14:
  53:GUI/Src/ws_leds.c **** 		if(buf > 16)
 235              		.loc 1 53 3 is_stmt 1 view .LVU32
 236              		.loc 1 53 5 is_stmt 0 view .LVU33
 237 001c 1028     		cmp	r0, #16
 238 001e 00D9     		bls	.L16
  54:GUI/Src/ws_leds.c **** 		{
ARM GAS  C:\Users\Zbigniew\AppData\Local\Temp\ccf4ahXr.s 			page 6


  55:GUI/Src/ws_leds.c **** 			buf = 16;
 239              		.loc 1 55 8 view .LVU34
 240 0020 1020     		movs	r0, #16
 241              	.LVL15:
 242              	.L16:
  56:GUI/Src/ws_leds.c **** 		}
  57:GUI/Src/ws_leds.c **** 		ws_powr = buf;
 243              		.loc 1 57 3 is_stmt 1 view .LVU35
 244              		.loc 1 57 11 is_stmt 0 view .LVU36
 245 0022 0D4B     		ldr	r3, .L23+4
 246 0024 1870     		strb	r0, [r3]
  58:GUI/Src/ws_leds.c **** 
  59:GUI/Src/ws_leds.c **** 		ws_powr_mod = 0;
 247              		.loc 1 59 3 is_stmt 1 view .LVU37
 248              		.loc 1 59 15 is_stmt 0 view .LVU38
 249 0026 0D4B     		ldr	r3, .L23+8
 250 0028 0022     		movs	r2, #0
 251 002a 1A70     		strb	r2, [r3]
 252              	.LVL16:
 253              	.L15:
 254              		.loc 1 59 15 view .LVU39
 255              	.LBE2:
  60:GUI/Src/ws_leds.c **** 	}
  61:GUI/Src/ws_leds.c **** 	if(charging == 1)
 256              		.loc 1 61 2 is_stmt 1 view .LVU40
 257              		.loc 1 61 4 is_stmt 0 view .LVU41
 258 002c 012E     		cmp	r6, #1
 259 002e 00D0     		beq	.L22
 260              	.L14:
  62:GUI/Src/ws_leds.c **** 	{
  63:GUI/Src/ws_leds.c **** 		uint8_t buf = floor(x);
  64:GUI/Src/ws_leds.c **** 		if(buf > 3)
  65:GUI/Src/ws_leds.c **** 		{
  66:GUI/Src/ws_leds.c **** 			buf = 3;
  67:GUI/Src/ws_leds.c **** 		}
  68:GUI/Src/ws_leds.c **** 		ws_powr = buf;
  69:GUI/Src/ws_leds.c **** 
  70:GUI/Src/ws_leds.c **** 		ws_powr_mod = 1;
  71:GUI/Src/ws_leds.c **** 	}
  72:GUI/Src/ws_leds.c **** 
  73:GUI/Src/ws_leds.c **** }
 261              		.loc 1 73 1 view .LVU42
 262 0030 70BD     		pop	{r4, r5, r6, pc}
 263              	.L22:
 264              	.LBB3:
  63:GUI/Src/ws_leds.c **** 		if(buf > 3)
 265              		.loc 1 63 3 is_stmt 1 view .LVU43
  63:GUI/Src/ws_leds.c **** 		if(buf > 3)
 266              		.loc 1 63 17 is_stmt 0 view .LVU44
 267 0032 2046     		mov	r0, r4
 268 0034 2946     		mov	r1, r5
 269 0036 FFF7FEFF 		bl	floor
 270              	.LVL17:
  63:GUI/Src/ws_leds.c **** 		if(buf > 3)
 271              		.loc 1 63 11 view .LVU45
 272 003a FFF7FEFF 		bl	__aeabi_d2uiz
 273              	.LVL18:
ARM GAS  C:\Users\Zbigniew\AppData\Local\Temp\ccf4ahXr.s 			page 7


 274 003e C0B2     		uxtb	r0, r0
 275              	.LVL19:
  64:GUI/Src/ws_leds.c **** 		{
 276              		.loc 1 64 3 is_stmt 1 view .LVU46
  64:GUI/Src/ws_leds.c **** 		{
 277              		.loc 1 64 5 is_stmt 0 view .LVU47
 278 0040 0328     		cmp	r0, #3
 279 0042 00D9     		bls	.L18
  66:GUI/Src/ws_leds.c **** 		}
 280              		.loc 1 66 8 view .LVU48
 281 0044 0320     		movs	r0, #3
 282              	.LVL20:
 283              	.L18:
  68:GUI/Src/ws_leds.c **** 
 284              		.loc 1 68 3 is_stmt 1 view .LVU49
  68:GUI/Src/ws_leds.c **** 
 285              		.loc 1 68 11 is_stmt 0 view .LVU50
 286 0046 044B     		ldr	r3, .L23+4
 287 0048 1870     		strb	r0, [r3]
  70:GUI/Src/ws_leds.c **** 	}
 288              		.loc 1 70 3 is_stmt 1 view .LVU51
  70:GUI/Src/ws_leds.c **** 	}
 289              		.loc 1 70 15 is_stmt 0 view .LVU52
 290 004a 044B     		ldr	r3, .L23+8
 291 004c 0122     		movs	r2, #1
 292 004e 1A70     		strb	r2, [r3]
 293              	.LBE3:
 294              		.loc 1 73 1 view .LVU53
 295 0050 EEE7     		b	.L14
 296              	.L24:
 297 0052 00BF     		.align	2
 298              	.L23:
 299 0054 0000E83F 		.word	1072168960
 300 0058 00000000 		.word	.LANCHOR3
 301 005c 00000000 		.word	.LANCHOR4
 302              		.cfi_endproc
 303              	.LFE68:
 305              		.global	__aeabi_dcmple
 306              		.global	__aeabi_dcmpgt
 307              		.section	.text.ws_set_battery,"ax",%progbits
 308              		.align	1
 309              		.global	ws_set_battery
 310              		.syntax unified
 311              		.thumb
 312              		.thumb_func
 314              	ws_set_battery:
 315              	.LVL21:
 316              	.LFB69:
  74:GUI/Src/ws_leds.c **** void ws_set_battery(double x)
  75:GUI/Src/ws_leds.c **** {
 317              		.loc 1 75 1 is_stmt 1 view -0
 318              		.cfi_startproc
 319              		@ args = 0, pretend = 0, frame = 0
 320              		@ frame_needed = 0, uses_anonymous_args = 0
 321              		.loc 1 75 1 is_stmt 0 view .LVU55
 322 0000 70B5     		push	{r4, r5, r6, lr}
 323              	.LCFI5:
ARM GAS  C:\Users\Zbigniew\AppData\Local\Temp\ccf4ahXr.s 			page 8


 324              		.cfi_def_cfa_offset 16
 325              		.cfi_offset 4, -16
 326              		.cfi_offset 5, -12
 327              		.cfi_offset 6, -8
 328              		.cfi_offset 14, -4
 329 0002 0446     		mov	r4, r0
 330 0004 0D46     		mov	r5, r1
  76:GUI/Src/ws_leds.c **** 
  77:GUI/Src/ws_leds.c **** 	uint8_t buf = 0;
 331              		.loc 1 77 2 is_stmt 1 view .LVU56
 332              	.LVL22:
  78:GUI/Src/ws_leds.c **** 
  79:GUI/Src/ws_leds.c **** 	if(x == 0)
 333              		.loc 1 79 2 view .LVU57
  80:GUI/Src/ws_leds.c **** 	{
  81:GUI/Src/ws_leds.c **** 		buf = 0;
  82:GUI/Src/ws_leds.c **** 	}
  83:GUI/Src/ws_leds.c **** 
  84:GUI/Src/ws_leds.c **** 	if((x <= 6.66)&&(x > 0))
 334              		.loc 1 84 2 view .LVU58
 335              		.loc 1 84 4 is_stmt 0 view .LVU59
 336 0006 26A3     		adr	r3, .L47
 337 0008 D3E90023 		ldrd	r2, [r3]
 338 000c FFF7FEFF 		bl	__aeabi_dcmple
 339              	.LVL23:
 340              		.loc 1 84 4 view .LVU60
 341 0010 50B1     		cbz	r0, .L44
 342              		.loc 1 84 16 discriminator 1 view .LVU61
 343 0012 0022     		movs	r2, #0
 344 0014 0023     		movs	r3, #0
 345 0016 2046     		mov	r0, r4
 346 0018 2946     		mov	r1, r5
 347 001a FFF7FEFF 		bl	__aeabi_dcmpgt
 348              	.LVL24:
 349 001e 08B1     		cbz	r0, .L46
  85:GUI/Src/ws_leds.c **** 	{
  86:GUI/Src/ws_leds.c **** 		buf = 1;
 350              		.loc 1 86 7 view .LVU62
 351 0020 0126     		movs	r6, #1
 352 0022 02E0     		b	.L26
 353              	.L46:
  84:GUI/Src/ws_leds.c **** 	{
 354              		.loc 1 84 16 view .LVU63
 355 0024 0026     		movs	r6, #0
 356 0026 00E0     		b	.L26
 357              	.L44:
 358 0028 0026     		movs	r6, #0
 359              	.L26:
 360              	.LVL25:
  87:GUI/Src/ws_leds.c **** 	}
  88:GUI/Src/ws_leds.c **** 
  89:GUI/Src/ws_leds.c **** 	if((x > 6.66)&&(x <= 13.33))
 361              		.loc 1 89 2 is_stmt 1 view .LVU64
 362              		.loc 1 89 4 is_stmt 0 view .LVU65
 363 002a 1DA3     		adr	r3, .L47
 364 002c D3E90023 		ldrd	r2, [r3]
 365 0030 2046     		mov	r0, r4
ARM GAS  C:\Users\Zbigniew\AppData\Local\Temp\ccf4ahXr.s 			page 9


 366 0032 2946     		mov	r1, r5
 367 0034 FFF7FEFF 		bl	__aeabi_dcmpgt
 368              	.LVL26:
 369 0038 40B1     		cbz	r0, .L28
 370              		.loc 1 89 15 discriminator 1 view .LVU66
 371 003a 1BA3     		adr	r3, .L47+8
 372 003c D3E90023 		ldrd	r2, [r3]
 373 0040 2046     		mov	r0, r4
 374 0042 2946     		mov	r1, r5
 375 0044 FFF7FEFF 		bl	__aeabi_dcmple
 376              	.LVL27:
 377 0048 00B1     		cbz	r0, .L28
  90:GUI/Src/ws_leds.c **** 	{
  91:GUI/Src/ws_leds.c **** 		buf = 2;
 378              		.loc 1 91 7 view .LVU67
 379 004a 0226     		movs	r6, #2
 380              	.LVL28:
 381              	.L28:
  92:GUI/Src/ws_leds.c **** 	}
  93:GUI/Src/ws_leds.c **** 
  94:GUI/Src/ws_leds.c **** 	if((x > 13.33)&&(x <= 20))
 382              		.loc 1 94 2 is_stmt 1 view .LVU68
 383              		.loc 1 94 4 is_stmt 0 view .LVU69
 384 004c 16A3     		adr	r3, .L47+8
 385 004e D3E90023 		ldrd	r2, [r3]
 386 0052 2046     		mov	r0, r4
 387 0054 2946     		mov	r1, r5
 388 0056 FFF7FEFF 		bl	__aeabi_dcmpgt
 389              	.LVL29:
 390 005a 38B1     		cbz	r0, .L30
 391              		.loc 1 94 16 discriminator 1 view .LVU70
 392 005c 0022     		movs	r2, #0
 393 005e 144B     		ldr	r3, .L47+16
 394 0060 2046     		mov	r0, r4
 395 0062 2946     		mov	r1, r5
 396 0064 FFF7FEFF 		bl	__aeabi_dcmple
 397              	.LVL30:
 398 0068 00B1     		cbz	r0, .L30
  95:GUI/Src/ws_leds.c **** 	{
  96:GUI/Src/ws_leds.c **** 		buf = 3;
 399              		.loc 1 96 7 view .LVU71
 400 006a 0326     		movs	r6, #3
 401              	.LVL31:
 402              	.L30:
  97:GUI/Src/ws_leds.c **** 	}
  98:GUI/Src/ws_leds.c **** 
  99:GUI/Src/ws_leds.c **** 	if(x > 20)
 403              		.loc 1 99 2 is_stmt 1 view .LVU72
 404              		.loc 1 99 4 is_stmt 0 view .LVU73
 405 006c 0022     		movs	r2, #0
 406 006e 104B     		ldr	r3, .L47+16
 407 0070 2046     		mov	r0, r4
 408 0072 2946     		mov	r1, r5
 409 0074 FFF7FEFF 		bl	__aeabi_dcmpgt
 410              	.LVL32:
 411 0078 50B1     		cbz	r0, .L32
 100:GUI/Src/ws_leds.c **** 	{
ARM GAS  C:\Users\Zbigniew\AppData\Local\Temp\ccf4ahXr.s 			page 10


 101:GUI/Src/ws_leds.c **** 		buf = floor(x/5.25);
 412              		.loc 1 101 3 is_stmt 1 view .LVU74
 413              		.loc 1 101 9 is_stmt 0 view .LVU75
 414 007a 0022     		movs	r2, #0
 415 007c 0D4B     		ldr	r3, .L47+20
 416 007e 2046     		mov	r0, r4
 417 0080 2946     		mov	r1, r5
 418 0082 FFF7FEFF 		bl	__aeabi_ddiv
 419              	.LVL33:
 420 0086 FFF7FEFF 		bl	floor
 421              	.LVL34:
 422              		.loc 1 101 7 view .LVU76
 423 008a FFF7FEFF 		bl	__aeabi_d2uiz
 424              	.LVL35:
 425 008e C6B2     		uxtb	r6, r0
 426              	.LVL36:
 427              	.L32:
 102:GUI/Src/ws_leds.c **** 	}
 103:GUI/Src/ws_leds.c **** 
 104:GUI/Src/ws_leds.c **** 
 105:GUI/Src/ws_leds.c **** 	if(buf > 19)
 428              		.loc 1 105 2 is_stmt 1 view .LVU77
 429              		.loc 1 105 4 is_stmt 0 view .LVU78
 430 0090 132E     		cmp	r6, #19
 431 0092 00D9     		bls	.L34
 106:GUI/Src/ws_leds.c **** 	{
 107:GUI/Src/ws_leds.c **** 		buf = 19;
 432              		.loc 1 107 7 view .LVU79
 433 0094 1326     		movs	r6, #19
 434              	.LVL37:
 435              	.L34:
 108:GUI/Src/ws_leds.c **** 	}
 109:GUI/Src/ws_leds.c **** 	ws_bat = buf;
 436              		.loc 1 109 2 is_stmt 1 view .LVU80
 437              		.loc 1 109 9 is_stmt 0 view .LVU81
 438 0096 084B     		ldr	r3, .L47+24
 439 0098 1E70     		strb	r6, [r3]
 110:GUI/Src/ws_leds.c **** }
 440              		.loc 1 110 1 view .LVU82
 441 009a 70BD     		pop	{r4, r5, r6, pc}
 442              	.LVL38:
 443              	.L48:
 444              		.loc 1 110 1 view .LVU83
 445 009c AFF30080 		.align	3
 446              	.L47:
 447 00a0 A4703D0A 		.word	171798692
 448 00a4 D7A31A40 		.word	1075487703
 449 00a8 295C8FC2 		.word	-1030792151
 450 00ac F5A82A40 		.word	1076537589
 451 00b0 00003440 		.word	1077149696
 452 00b4 00001540 		.word	1075118080
 453 00b8 00000000 		.word	.LANCHOR2
 454              		.cfi_endproc
 455              	.LFE69:
 457              		.section	.text.ws_set_brightness,"ax",%progbits
 458              		.align	1
 459              		.global	ws_set_brightness
ARM GAS  C:\Users\Zbigniew\AppData\Local\Temp\ccf4ahXr.s 			page 11


 460              		.syntax unified
 461              		.thumb
 462              		.thumb_func
 464              	ws_set_brightness:
 465              	.LVL39:
 466              	.LFB70:
 111:GUI/Src/ws_leds.c **** 
 112:GUI/Src/ws_leds.c **** void ws_set_brightness(uint8_t y)
 113:GUI/Src/ws_leds.c **** {
 467              		.loc 1 113 1 is_stmt 1 view -0
 468              		.cfi_startproc
 469              		@ args = 0, pretend = 0, frame = 0
 470              		@ frame_needed = 0, uses_anonymous_args = 0
 471              		@ link register save eliminated.
 114:GUI/Src/ws_leds.c **** 	ws_led_bright = y;
 472              		.loc 1 114 2 view .LVU85
 473              		.loc 1 114 16 is_stmt 0 view .LVU86
 474 0000 014B     		ldr	r3, .L50
 475 0002 1870     		strb	r0, [r3]
 115:GUI/Src/ws_leds.c **** 
 116:GUI/Src/ws_leds.c **** }
 476              		.loc 1 116 1 view .LVU87
 477 0004 7047     		bx	lr
 478              	.L51:
 479 0006 00BF     		.align	2
 480              	.L50:
 481 0008 00000000 		.word	.LANCHOR7
 482              		.cfi_endproc
 483              	.LFE70:
 485              		.global	ws_mod
 486              		.global	ws_led_bright
 487              		.global	ws_leds2
 488              		.global	ws_leds1
 489              		.global	ws_powr_mod
 490              		.global	ws_powr
 491              		.global	ws_bat
 492              		.global	ws_spd_lim
 493              		.global	ws_spd
 494              		.section	.bss.ws_bat,"aw",%nobits
 495              		.set	.LANCHOR2,. + 0
 498              	ws_bat:
 499 0000 00       		.space	1
 500              		.section	.bss.ws_led_bright,"aw",%nobits
 501              		.set	.LANCHOR7,. + 0
 504              	ws_led_bright:
 505 0000 00       		.space	1
 506              		.section	.bss.ws_leds1,"aw",%nobits
 507              		.set	.LANCHOR5,. + 0
 510              	ws_leds1:
 511 0000 00       		.space	1
 512              		.section	.bss.ws_leds2,"aw",%nobits
 513              		.set	.LANCHOR6,. + 0
 516              	ws_leds2:
 517 0000 00       		.space	1
 518              		.section	.bss.ws_mod,"aw",%nobits
 519              		.set	.LANCHOR8,. + 0
 522              	ws_mod:
ARM GAS  C:\Users\Zbigniew\AppData\Local\Temp\ccf4ahXr.s 			page 12


 523 0000 00       		.space	1
 524              		.section	.bss.ws_powr,"aw",%nobits
 525              		.set	.LANCHOR3,. + 0
 528              	ws_powr:
 529 0000 00       		.space	1
 530              		.section	.bss.ws_powr_mod,"aw",%nobits
 531              		.set	.LANCHOR4,. + 0
 534              	ws_powr_mod:
 535 0000 00       		.space	1
 536              		.section	.bss.ws_spd,"aw",%nobits
 537              		.set	.LANCHOR0,. + 0
 540              	ws_spd:
 541 0000 00       		.space	1
 542              		.section	.bss.ws_spd_lim,"aw",%nobits
 543              		.set	.LANCHOR1,. + 0
 546              	ws_spd_lim:
 547 0000 00       		.space	1
 548              		.text
 549              	.Letext0:
 550              		.file 2 "c:\\users\\zbigniew\\appdata\\roaming\\code\\user\\globalstorage\\bmd.stm32-for-vscode\\@
 551              		.file 3 "c:\\users\\zbigniew\\appdata\\roaming\\code\\user\\globalstorage\\bmd.stm32-for-vscode\\@
 552              		.file 4 "Drivers/CMSIS/Device/ST/STM32F1xx/Include/stm32f103xe.h"
 553              		.file 5 "Drivers/STM32F1xx_HAL_Driver/Inc/stm32f1xx_hal_def.h"
 554              		.file 6 "Drivers/STM32F1xx_HAL_Driver/Inc/stm32f1xx_hal_dma.h"
 555              		.file 7 "Drivers/STM32F1xx_HAL_Driver/Inc/stm32f1xx_hal_uart.h"
 556              		.file 8 "Inc/../GUI/Inc/ws_leds.h"
 557              		.file 9 "Inc/usart.h"
 558              		.file 10 "c:\\users\\zbigniew\\appdata\\roaming\\code\\user\\globalstorage\\bmd.stm32-for-vscode\\
ARM GAS  C:\Users\Zbigniew\AppData\Local\Temp\ccf4ahXr.s 			page 13


DEFINED SYMBOLS
                            *ABS*:0000000000000000 ws_leds.c
C:\Users\Zbigniew\AppData\Local\Temp\ccf4ahXr.s:18     .text.ws_senddata:0000000000000000 $t
C:\Users\Zbigniew\AppData\Local\Temp\ccf4ahXr.s:24     .text.ws_senddata:0000000000000000 ws_senddata
C:\Users\Zbigniew\AppData\Local\Temp\ccf4ahXr.s:83     .text.ws_senddata:0000000000000060 $d
C:\Users\Zbigniew\AppData\Local\Temp\ccf4ahXr.s:97     .text.ws_set_leds:0000000000000000 $t
C:\Users\Zbigniew\AppData\Local\Temp\ccf4ahXr.s:103    .text.ws_set_leds:0000000000000000 ws_set_leds
C:\Users\Zbigniew\AppData\Local\Temp\ccf4ahXr.s:124    .text.ws_set_leds:000000000000000c $d
C:\Users\Zbigniew\AppData\Local\Temp\ccf4ahXr.s:133    .text.ws_set_speed:0000000000000000 $t
C:\Users\Zbigniew\AppData\Local\Temp\ccf4ahXr.s:139    .text.ws_set_speed:0000000000000000 ws_set_speed
C:\Users\Zbigniew\AppData\Local\Temp\ccf4ahXr.s:185    .text.ws_set_speed:0000000000000024 $d
C:\Users\Zbigniew\AppData\Local\Temp\ccf4ahXr.s:191    .text.ws_set_power:0000000000000000 $t
C:\Users\Zbigniew\AppData\Local\Temp\ccf4ahXr.s:197    .text.ws_set_power:0000000000000000 ws_set_power
C:\Users\Zbigniew\AppData\Local\Temp\ccf4ahXr.s:299    .text.ws_set_power:0000000000000054 $d
C:\Users\Zbigniew\AppData\Local\Temp\ccf4ahXr.s:308    .text.ws_set_battery:0000000000000000 $t
C:\Users\Zbigniew\AppData\Local\Temp\ccf4ahXr.s:314    .text.ws_set_battery:0000000000000000 ws_set_battery
C:\Users\Zbigniew\AppData\Local\Temp\ccf4ahXr.s:447    .text.ws_set_battery:00000000000000a0 $d
C:\Users\Zbigniew\AppData\Local\Temp\ccf4ahXr.s:458    .text.ws_set_brightness:0000000000000000 $t
C:\Users\Zbigniew\AppData\Local\Temp\ccf4ahXr.s:464    .text.ws_set_brightness:0000000000000000 ws_set_brightness
C:\Users\Zbigniew\AppData\Local\Temp\ccf4ahXr.s:481    .text.ws_set_brightness:0000000000000008 $d
C:\Users\Zbigniew\AppData\Local\Temp\ccf4ahXr.s:522    .bss.ws_mod:0000000000000000 ws_mod
C:\Users\Zbigniew\AppData\Local\Temp\ccf4ahXr.s:504    .bss.ws_led_bright:0000000000000000 ws_led_bright
C:\Users\Zbigniew\AppData\Local\Temp\ccf4ahXr.s:516    .bss.ws_leds2:0000000000000000 ws_leds2
C:\Users\Zbigniew\AppData\Local\Temp\ccf4ahXr.s:510    .bss.ws_leds1:0000000000000000 ws_leds1
C:\Users\Zbigniew\AppData\Local\Temp\ccf4ahXr.s:534    .bss.ws_powr_mod:0000000000000000 ws_powr_mod
C:\Users\Zbigniew\AppData\Local\Temp\ccf4ahXr.s:528    .bss.ws_powr:0000000000000000 ws_powr
C:\Users\Zbigniew\AppData\Local\Temp\ccf4ahXr.s:498    .bss.ws_bat:0000000000000000 ws_bat
C:\Users\Zbigniew\AppData\Local\Temp\ccf4ahXr.s:546    .bss.ws_spd_lim:0000000000000000 ws_spd_lim
C:\Users\Zbigniew\AppData\Local\Temp\ccf4ahXr.s:540    .bss.ws_spd:0000000000000000 ws_spd
C:\Users\Zbigniew\AppData\Local\Temp\ccf4ahXr.s:499    .bss.ws_bat:0000000000000000 $d
C:\Users\Zbigniew\AppData\Local\Temp\ccf4ahXr.s:505    .bss.ws_led_bright:0000000000000000 $d
C:\Users\Zbigniew\AppData\Local\Temp\ccf4ahXr.s:511    .bss.ws_leds1:0000000000000000 $d
C:\Users\Zbigniew\AppData\Local\Temp\ccf4ahXr.s:517    .bss.ws_leds2:0000000000000000 $d
C:\Users\Zbigniew\AppData\Local\Temp\ccf4ahXr.s:523    .bss.ws_mod:0000000000000000 $d
C:\Users\Zbigniew\AppData\Local\Temp\ccf4ahXr.s:529    .bss.ws_powr:0000000000000000 $d
C:\Users\Zbigniew\AppData\Local\Temp\ccf4ahXr.s:535    .bss.ws_powr_mod:0000000000000000 $d
C:\Users\Zbigniew\AppData\Local\Temp\ccf4ahXr.s:541    .bss.ws_spd:0000000000000000 $d
C:\Users\Zbigniew\AppData\Local\Temp\ccf4ahXr.s:547    .bss.ws_spd_lim:0000000000000000 $d

UNDEFINED SYMBOLS
HAL_UART_Transmit
huart1
__aeabi_i2d
__aeabi_ddiv
__aeabi_d2uiz
floor
__aeabi_dcmple
__aeabi_dcmpgt
